[2025-12-13T20:22:37.075+0000] {local_task_job_runner.py:120} INFO - ::group::Pre task execution logs
[2025-12-13T20:22:37.093+0000] {taskinstance.py:2076} INFO - Dependencies all met for dep_context=non-requeueable deps ti=<TaskInstance: caspian_full_pipeline.dbt_build_and_snapshot manual__2025-12-13T20:22:36+00:00 [queued]>
[2025-12-13T20:22:37.097+0000] {taskinstance.py:2076} INFO - Dependencies all met for dep_context=requeueable deps ti=<TaskInstance: caspian_full_pipeline.dbt_build_and_snapshot manual__2025-12-13T20:22:36+00:00 [queued]>
[2025-12-13T20:22:37.097+0000] {taskinstance.py:2306} INFO - Starting attempt 1 of 1
[2025-12-13T20:22:37.108+0000] {taskinstance.py:2330} INFO - Executing <Task(BashOperator): dbt_build_and_snapshot> on 2025-12-13 20:22:36+00:00
[2025-12-13T20:22:37.114+0000] {warnings.py:112} WARNING - /home/***/.local/lib/python3.12/site-packages/***/task/task_runner/standard_task_runner.py:62: DeprecationWarning: This process (pid=48) is multi-threaded, use of fork() may lead to deadlocks in the child.
  pid = os.fork()

[2025-12-13T20:22:37.115+0000] {standard_task_runner.py:64} INFO - Started process 49 to run task
[2025-12-13T20:22:37.115+0000] {standard_task_runner.py:90} INFO - Running: ['***', 'tasks', 'run', 'caspian_full_pipeline', 'dbt_build_and_snapshot', 'manual__2025-12-13T20:22:36+00:00', '--job-id', '50', '--raw', '--subdir', 'DAGS_FOLDER/caspian_full_pipeline.py', '--cfg-path', '/tmp/tmpd44lmvq1']
[2025-12-13T20:22:37.115+0000] {standard_task_runner.py:91} INFO - Job 50: Subtask dbt_build_and_snapshot
[2025-12-13T20:22:37.146+0000] {task_command.py:426} INFO - Running <TaskInstance: caspian_full_pipeline.dbt_build_and_snapshot manual__2025-12-13T20:22:36+00:00 [running]> on host 3c0ddfc4fe5e
[2025-12-13T20:22:37.210+0000] {taskinstance.py:2648} INFO - Exporting env vars: AIRFLOW_CTX_DAG_OWNER='***' AIRFLOW_CTX_DAG_ID='caspian_full_pipeline' AIRFLOW_CTX_TASK_ID='dbt_build_and_snapshot' AIRFLOW_CTX_EXECUTION_DATE='2025-12-13T20:22:36+00:00' AIRFLOW_CTX_TRY_NUMBER='1' AIRFLOW_CTX_DAG_RUN_ID='manual__2025-12-13T20:22:36+00:00'
[2025-12-13T20:22:37.211+0000] {taskinstance.py:430} INFO - ::endgroup::
[2025-12-13T20:22:37.220+0000] {subprocess.py:63} INFO - Tmp dir root location: /tmp
[2025-12-13T20:22:37.221+0000] {subprocess.py:75} INFO - Running command: ['/usr/bin/bash', '-c', '\n        set -euo pipefail\n\n        export DBT_PROFILES_DIR=/opt/project/caspian_vault/dbt_profiles\n        export DBT_LOG_PATH=/opt/***/logs/dbt\n        export DBT_TARGET_PATH=/opt/***/dbt_target\n\n        mkdir -p "$DBT_LOG_PATH" "$DBT_TARGET_PATH"\n\n        cd /opt/project/caspian_vault\n\n        /home/***/.local/bin/dbt deps --profile caspian_vault --target dev\n        /home/***/.local/bin/dbt build --profile caspian_vault --target dev\n        /home/***/.local/bin/dbt snapshot --profile caspian_vault --target dev\n        ']
[2025-12-13T20:22:37.231+0000] {subprocess.py:86} INFO - Output:
[2025-12-13T20:22:38.599+0000] {subprocess.py:93} INFO - [0m20:22:38  Running with dbt=1.10.15
[2025-12-13T20:22:38.606+0000] {subprocess.py:93} INFO - [0m20:22:38  [[33mWARNING[0m]: Deprecated functionality
[2025-12-13T20:22:38.606+0000] {subprocess.py:93} INFO - The `log-path` config in `dbt_project.yml` has been deprecated, and will no
[2025-12-13T20:22:38.606+0000] {subprocess.py:93} INFO - longer be supported in a future version of dbt-core. If you wish to write dbt
[2025-12-13T20:22:38.606+0000] {subprocess.py:93} INFO - logs to a custom directory, please use the --log-path CLI flag or DBT_LOG_PATH
[2025-12-13T20:22:38.606+0000] {subprocess.py:93} INFO - env var instead.
[2025-12-13T20:22:38.606+0000] {subprocess.py:93} INFO - [0m20:22:38  [[33mWARNING[0m]: Deprecated functionality
[2025-12-13T20:22:38.606+0000] {subprocess.py:93} INFO - The `target-path` config in `dbt_project.yml` has been deprecated, and will no
[2025-12-13T20:22:38.607+0000] {subprocess.py:93} INFO - longer be supported in a future version of dbt-core. If you wish to write dbt
[2025-12-13T20:22:38.607+0000] {subprocess.py:93} INFO - artifacts to a custom directory, please use the --target-path CLI flag or
[2025-12-13T20:22:38.607+0000] {subprocess.py:93} INFO - DBT_TARGET_PATH env var instead.
[2025-12-13T20:22:38.989+0000] {subprocess.py:93} INFO - [0m20:22:38  Installing dbt-labs/dbt_utils
[2025-12-13T20:22:39.212+0000] {subprocess.py:93} INFO - [0m20:22:39  Installed from version 1.3.0
[2025-12-13T20:22:39.212+0000] {subprocess.py:93} INFO - [0m20:22:39  Updated version available: 1.3.3
[2025-12-13T20:22:39.213+0000] {subprocess.py:93} INFO - [0m20:22:39
[2025-12-13T20:22:39.213+0000] {subprocess.py:93} INFO - [0m20:22:39  Updates available for packages: ['dbt-labs/dbt_utils']
[2025-12-13T20:22:39.213+0000] {subprocess.py:93} INFO - Update your versions in packages.yml, then run dbt deps
[2025-12-13T20:22:39.214+0000] {subprocess.py:93} INFO - [0m20:22:39  [[33mWARNING[0m][DeprecationsSummary]: Deprecated functionality
[2025-12-13T20:22:39.214+0000] {subprocess.py:93} INFO - Summary of encountered deprecations:
[2025-12-13T20:22:39.214+0000] {subprocess.py:93} INFO - - ConfigLogPathDeprecation: 1 occurrence
[2025-12-13T20:22:39.214+0000] {subprocess.py:93} INFO - - ConfigTargetPathDeprecation: 1 occurrence
[2025-12-13T20:22:39.214+0000] {subprocess.py:93} INFO - To see all deprecation instances instead of just the first occurrence of each,
[2025-12-13T20:22:39.214+0000] {subprocess.py:93} INFO - run command again with the `--show-all-deprecations` flag. You may also need to
[2025-12-13T20:22:39.214+0000] {subprocess.py:93} INFO - run with `--no-partial-parse` as some deprecations are only encountered during
[2025-12-13T20:22:39.214+0000] {subprocess.py:93} INFO - parsing.
[2025-12-13T20:22:41.206+0000] {subprocess.py:93} INFO - [0m20:22:41  Running with dbt=1.10.15
[2025-12-13T20:22:41.251+0000] {subprocess.py:93} INFO - [0m20:22:41  [[33mWARNING[0m]: Deprecated functionality
[2025-12-13T20:22:41.251+0000] {subprocess.py:93} INFO - The `log-path` config in `dbt_project.yml` has been deprecated, and will no
[2025-12-13T20:22:41.251+0000] {subprocess.py:93} INFO - longer be supported in a future version of dbt-core. If you wish to write dbt
[2025-12-13T20:22:41.251+0000] {subprocess.py:93} INFO - logs to a custom directory, please use the --log-path CLI flag or DBT_LOG_PATH
[2025-12-13T20:22:41.252+0000] {subprocess.py:93} INFO - env var instead.
[2025-12-13T20:22:41.252+0000] {subprocess.py:93} INFO - [0m20:22:41  [[33mWARNING[0m]: Deprecated functionality
[2025-12-13T20:22:41.252+0000] {subprocess.py:93} INFO - The `target-path` config in `dbt_project.yml` has been deprecated, and will no
[2025-12-13T20:22:41.252+0000] {subprocess.py:93} INFO - longer be supported in a future version of dbt-core. If you wish to write dbt
[2025-12-13T20:22:41.252+0000] {subprocess.py:93} INFO - artifacts to a custom directory, please use the --target-path CLI flag or
[2025-12-13T20:22:41.252+0000] {subprocess.py:93} INFO - DBT_TARGET_PATH env var instead.
[2025-12-13T20:22:41.429+0000] {subprocess.py:93} INFO - [0m20:22:41  Registered adapter: postgres=1.9.0
[2025-12-13T20:22:41.673+0000] {subprocess.py:93} INFO - [0m20:22:41  [[33mWARNING[0m]: Configuration paths exist in your dbt_project.yml file which do not apply to any resources.
[2025-12-13T20:22:41.673+0000] {subprocess.py:93} INFO - There are 1 unused configuration paths:
[2025-12-13T20:22:41.673+0000] {subprocess.py:93} INFO - - models.caspian_vault.example
[2025-12-13T20:22:41.853+0000] {subprocess.py:93} INFO - [0m20:22:41  Found 16 models, 1 snapshot, 19 data tests, 3 sources, 578 macros
[2025-12-13T20:22:41.856+0000] {subprocess.py:93} INFO - [0m20:22:41
[2025-12-13T20:22:41.856+0000] {subprocess.py:93} INFO - [0m20:22:41  Concurrency: 4 threads (target='dev')
[2025-12-13T20:22:41.857+0000] {subprocess.py:93} INFO - [0m20:22:41
[2025-12-13T20:22:41.972+0000] {subprocess.py:93} INFO - [0m20:22:41  1 of 36 START sql view model public.raw_recovered_1 ............................ [RUN]
[2025-12-13T20:22:41.973+0000] {subprocess.py:93} INFO - [0m20:22:41  2 of 36 START sql view model public.raw_recovered_2 ............................ [RUN]
[2025-12-13T20:22:41.973+0000] {subprocess.py:93} INFO - [0m20:22:41  3 of 36 START sql view model public.raw_sgx_all ................................ [RUN]
[2025-12-13T20:22:42.142+0000] {subprocess.py:93} INFO - [0m20:22:42  1 of 36 OK created sql view model public.raw_recovered_1 ....................... [[32mCREATE VIEW[0m in 0.17s]
[2025-12-13T20:22:42.143+0000] {subprocess.py:93} INFO - [0m20:22:42  2 of 36 OK created sql view model public.raw_recovered_2 ....................... [[32mCREATE VIEW[0m in 0.17s]
[2025-12-13T20:22:42.143+0000] {subprocess.py:93} INFO - [0m20:22:42  3 of 36 OK created sql view model public.raw_sgx_all ........................... [[32mCREATE VIEW[0m in 0.17s]
[2025-12-13T20:22:42.146+0000] {subprocess.py:93} INFO - [0m20:22:42  4 of 36 START sql table model public.stg_readings .............................. [RUN]
[2025-12-13T20:22:42.202+0000] {subprocess.py:93} INFO - [0m20:22:42  4 of 36 OK created sql table model public.stg_readings ......................... [[32mSELECT 0[0m in 0.06s]
[2025-12-13T20:22:42.204+0000] {subprocess.py:93} INFO - [0m20:22:42  5 of 36 START test dbt_utils_expression_is_true_stg_readings_survey_type_id_is_not_null  [RUN]
[2025-12-13T20:22:42.204+0000] {subprocess.py:93} INFO - [0m20:22:42  6 of 36 START test dbt_utils_expression_is_true_stg_readings_well_id_is_not_null  [RUN]
[2025-12-13T20:22:42.249+0000] {subprocess.py:93} INFO - [0m20:22:42  5 of 36 PASS dbt_utils_expression_is_true_stg_readings_survey_type_id_is_not_null  [[32mPASS[0m in 0.04s]
[2025-12-13T20:22:42.249+0000] {subprocess.py:93} INFO - [0m20:22:42  6 of 36 PASS dbt_utils_expression_is_true_stg_readings_well_id_is_not_null ..... [[32mPASS[0m in 0.04s]
[2025-12-13T20:22:42.252+0000] {subprocess.py:93} INFO - [0m20:22:42  7 of 36 START sql table model public.dv_hub_survey_type ........................ [RUN]
[2025-12-13T20:22:42.253+0000] {subprocess.py:93} INFO - [0m20:22:42  8 of 36 START sql table model public.dv_hub_well ............................... [RUN]
[2025-12-13T20:22:42.253+0000] {subprocess.py:93} INFO - [0m20:22:42  9 of 36 START sql table model public.dv_link_well_survey ....................... [RUN]
[2025-12-13T20:22:42.254+0000] {subprocess.py:93} INFO - [0m20:22:42  10 of 36 START sql table model public.dv_sat_readings .......................... [RUN]
[2025-12-13T20:22:42.344+0000] {subprocess.py:93} INFO - [0m20:22:42  7 of 36 OK created sql table model public.dv_hub_survey_type ................... [[32mSELECT 0[0m in 0.09s]
[2025-12-13T20:22:42.347+0000] {subprocess.py:93} INFO - [0m20:22:42  11 of 36 START test not_null_dv_hub_survey_type_hk_survey_type ................. [RUN]
[2025-12-13T20:22:42.351+0000] {subprocess.py:93} INFO - [0m20:22:42  10 of 36 OK created sql table model public.dv_sat_readings ..................... [[32mSELECT 0[0m in 0.09s]
[2025-12-13T20:22:42.358+0000] {subprocess.py:93} INFO - [0m20:22:42  9 of 36 OK created sql table model public.dv_link_well_survey .................. [[32mSELECT 0[0m in 0.10s]
[2025-12-13T20:22:42.359+0000] {subprocess.py:93} INFO - [0m20:22:42  8 of 36 OK created sql table model public.dv_hub_well .......................... [[32mSELECT 0[0m in 0.10s]
[2025-12-13T20:22:42.360+0000] {subprocess.py:93} INFO - [0m20:22:42  12 of 36 START test not_null_dv_hub_survey_type_survey_type_bk ................. [RUN]
[2025-12-13T20:22:42.364+0000] {subprocess.py:93} INFO - [0m20:22:42  13 of 36 START test unique_dv_hub_survey_type_hk_survey_type ................... [RUN]
[2025-12-13T20:22:42.365+0000] {subprocess.py:93} INFO - [0m20:22:42  14 of 36 START test not_null_dv_sat_readings_hk_well_survey .................... [RUN]
[2025-12-13T20:22:42.391+0000] {subprocess.py:93} INFO - [0m20:22:42  11 of 36 PASS not_null_dv_hub_survey_type_hk_survey_type ....................... [[32mPASS[0m in 0.04s]
[2025-12-13T20:22:42.396+0000] {subprocess.py:93} INFO - [0m20:22:42  15 of 36 START test not_null_dv_sat_readings_load_ts ........................... [RUN]
[2025-12-13T20:22:42.405+0000] {subprocess.py:93} INFO - [0m20:22:42  12 of 36 PASS not_null_dv_hub_survey_type_survey_type_bk ....................... [[32mPASS[0m in 0.04s]
[2025-12-13T20:22:42.407+0000] {subprocess.py:93} INFO - [0m20:22:42  14 of 36 PASS not_null_dv_sat_readings_hk_well_survey .......................... [[32mPASS[0m in 0.04s]
[2025-12-13T20:22:42.409+0000] {subprocess.py:93} INFO - [0m20:22:42  13 of 36 PASS unique_dv_hub_survey_type_hk_survey_type ......................... [[32mPASS[0m in 0.04s]
[2025-12-13T20:22:42.411+0000] {subprocess.py:93} INFO - [0m20:22:42  16 of 36 START test not_null_dv_sat_readings_row_checksum ...................... [RUN]
[2025-12-13T20:22:42.414+0000] {subprocess.py:93} INFO - [0m20:22:42  17 of 36 START test test_counts_match .......................................... [RUN]
[2025-12-13T20:22:42.415+0000] {subprocess.py:93} INFO - [0m20:22:42  18 of 36 START test not_null_dv_link_well_survey_hk_survey_type ................ [RUN]
[2025-12-13T20:22:42.438+0000] {subprocess.py:93} INFO - [0m20:22:42  15 of 36 PASS not_null_dv_sat_readings_load_ts ................................. [[32mPASS[0m in 0.04s]
[2025-12-13T20:22:42.440+0000] {subprocess.py:93} INFO - [0m20:22:42  19 of 36 START test not_null_dv_link_well_survey_hk_well ....................... [RUN]
[2025-12-13T20:22:42.451+0000] {subprocess.py:93} INFO - [0m20:22:42  16 of 36 PASS not_null_dv_sat_readings_row_checksum ............................ [[32mPASS[0m in 0.04s]
[2025-12-13T20:22:42.456+0000] {subprocess.py:93} INFO - [0m20:22:42  18 of 36 PASS not_null_dv_link_well_survey_hk_survey_type ...................... [[32mPASS[0m in 0.04s]
[2025-12-13T20:22:42.457+0000] {subprocess.py:93} INFO - [0m20:22:42  17 of 36 PASS test_counts_match ................................................ [[32mPASS[0m in 0.04s]
[2025-12-13T20:22:42.457+0000] {subprocess.py:93} INFO - [0m20:22:42  20 of 36 START test not_null_dv_link_well_survey_hk_well_survey ................ [RUN]
[2025-12-13T20:22:42.460+0000] {subprocess.py:93} INFO - [0m20:22:42  21 of 36 START test relationships_dv_link_well_survey_hk_survey_type__hk_survey_type__ref_dv_hub_survey_type_  [RUN]
[2025-12-13T20:22:42.461+0000] {subprocess.py:93} INFO - [0m20:22:42  22 of 36 START test relationships_dv_sat_readings_hk_well_survey__hk_well_survey__ref_dv_link_well_survey_  [RUN]
[2025-12-13T20:22:42.488+0000] {subprocess.py:93} INFO - [0m20:22:42  19 of 36 PASS not_null_dv_link_well_survey_hk_well ............................. [[32mPASS[0m in 0.05s]
[2025-12-13T20:22:42.491+0000] {subprocess.py:93} INFO - [0m20:22:42  23 of 36 START test unique_dv_link_well_survey_hk_well_survey .................. [RUN]
[2025-12-13T20:22:42.501+0000] {subprocess.py:93} INFO - [0m20:22:42  20 of 36 PASS not_null_dv_link_well_survey_hk_well_survey ...................... [[32mPASS[0m in 0.04s]
[2025-12-13T20:22:42.505+0000] {subprocess.py:93} INFO - [0m20:22:42  24 of 36 START test not_null_dv_hub_well_hk_well ............................... [RUN]
[2025-12-13T20:22:42.509+0000] {subprocess.py:93} INFO - [0m20:22:42  22 of 36 PASS relationships_dv_sat_readings_hk_well_survey__hk_well_survey__ref_dv_link_well_survey_  [[32mPASS[0m in 0.04s]
[2025-12-13T20:22:42.513+0000] {subprocess.py:93} INFO - [0m20:22:42  21 of 36 PASS relationships_dv_link_well_survey_hk_survey_type__hk_survey_type__ref_dv_hub_survey_type_  [[32mPASS[0m in 0.05s]
[2025-12-13T20:22:42.516+0000] {subprocess.py:93} INFO - [0m20:22:42  25 of 36 START test not_null_dv_hub_well_well_id_bk ............................ [RUN]
[2025-12-13T20:22:42.520+0000] {subprocess.py:93} INFO - [0m20:22:42  26 of 36 START test relationships_dv_link_well_survey_hk_well__hk_well__ref_dv_hub_well_  [RUN]
[2025-12-13T20:22:42.532+0000] {subprocess.py:93} INFO - [0m20:22:42  23 of 36 PASS unique_dv_link_well_survey_hk_well_survey ........................ [[32mPASS[0m in 0.04s]
[2025-12-13T20:22:42.539+0000] {subprocess.py:93} INFO - [0m20:22:42  27 of 36 START test unique_dv_hub_well_hk_well ................................. [RUN]
[2025-12-13T20:22:42.550+0000] {subprocess.py:93} INFO - [0m20:22:42  24 of 36 PASS not_null_dv_hub_well_hk_well ..................................... [[32mPASS[0m in 0.04s]
[2025-12-13T20:22:42.556+0000] {subprocess.py:93} INFO - [0m20:22:42  28 of 36 START sql table model public.dim_survey_type .......................... [RUN]
[2025-12-13T20:22:42.558+0000] {subprocess.py:93} INFO - [0m20:22:42  25 of 36 PASS not_null_dv_hub_well_well_id_bk .................................. [[32mPASS[0m in 0.04s]
[2025-12-13T20:22:42.558+0000] {subprocess.py:93} INFO - [0m20:22:42  26 of 36 PASS relationships_dv_link_well_survey_hk_well__hk_well__ref_dv_hub_well_  [[32mPASS[0m in 0.04s]
[2025-12-13T20:22:42.563+0000] {subprocess.py:93} INFO - [0m20:22:42  29 of 36 START sql table model public.dim_source_format ........................ [RUN]
[2025-12-13T20:22:42.564+0000] {subprocess.py:93} INFO - [0m20:22:42  30 of 36 START sql table model public.dim_time ................................. [RUN]
[2025-12-13T20:22:42.581+0000] {subprocess.py:93} INFO - [0m20:22:42  27 of 36 PASS unique_dv_hub_well_hk_well ....................................... [[32mPASS[0m in 0.04s]
[2025-12-13T20:22:42.587+0000] {subprocess.py:93} INFO - [0m20:22:42  31 of 36 START sql table model public.fct_readings ............................. [RUN]
[2025-12-13T20:22:42.644+0000] {subprocess.py:93} INFO - [0m20:22:42  28 of 36 OK created sql table model public.dim_survey_type ..................... [[32mSELECT 0[0m in 0.08s]
[2025-12-13T20:22:42.644+0000] {subprocess.py:93} INFO - [0m20:22:42  29 of 36 OK created sql table model public.dim_source_format ................... [[32mSELECT 0[0m in 0.08s]
[2025-12-13T20:22:42.649+0000] {subprocess.py:93} INFO - [0m20:22:42  32 of 36 START sql table model public.dim_well ................................. [RUN]
[2025-12-13T20:22:42.650+0000] {subprocess.py:93} INFO - [0m20:22:42  30 of 36 OK created sql table model public.dim_time ............................ [[32mSELECT 0[0m in 0.08s]
[2025-12-13T20:22:42.663+0000] {subprocess.py:93} INFO - [0m20:22:42  31 of 36 OK created sql table model public.fct_readings ........................ [[32mSELECT 0[0m in 0.07s]
[2025-12-13T20:22:42.666+0000] {subprocess.py:93} INFO - [0m20:22:42  33 of 36 START sql table model public.mart_sensor_analysis ..................... [RUN]
[2025-12-13T20:22:42.666+0000] {subprocess.py:93} INFO - [0m20:22:42  34 of 36 START sql table model public.mart_survey_summary ...................... [RUN]
[2025-12-13T20:22:42.667+0000] {subprocess.py:93} INFO - [0m20:22:42  35 of 36 START sql table model public.mart_well_performance .................... [RUN]
[2025-12-13T20:22:42.726+0000] {subprocess.py:93} INFO - [0m20:22:42  32 of 36 OK created sql table model public.dim_well ............................ [[32mSELECT 0[0m in 0.07s]
[2025-12-13T20:22:42.750+0000] {subprocess.py:93} INFO - [0m20:22:42  33 of 36 OK created sql table model public.mart_sensor_analysis ................ [[32mSELECT 0[0m in 0.08s]
[2025-12-13T20:22:42.750+0000] {subprocess.py:93} INFO - [0m20:22:42  35 of 36 OK created sql table model public.mart_well_performance ............... [[32mSELECT 0[0m in 0.08s]
[2025-12-13T20:22:42.752+0000] {subprocess.py:93} INFO - [0m20:22:42  34 of 36 OK created sql table model public.mart_survey_summary ................. [[32mSELECT 0[0m in 0.08s]
[2025-12-13T20:22:42.754+0000] {subprocess.py:93} INFO - [0m20:22:42  36 of 36 START snapshot snapshots.snap_mart_well_performance ................... [RUN]
[2025-12-13T20:22:42.890+0000] {subprocess.py:93} INFO - [0m20:22:42  36 of 36 OK snapshotted snapshots.snap_mart_well_performance ................... [[32mINSERT 0 0[0m in 0.13s]
[2025-12-13T20:22:42.900+0000] {subprocess.py:93} INFO - [0m20:22:42
[2025-12-13T20:22:42.900+0000] {subprocess.py:93} INFO - [0m20:22:42  Finished running 1 snapshot, 13 table models, 19 data tests, 3 view models in 0 hours 0 minutes and 1.04 seconds (1.04s).
[2025-12-13T20:22:42.937+0000] {subprocess.py:93} INFO - [0m20:22:42
[2025-12-13T20:22:42.938+0000] {subprocess.py:93} INFO - [0m20:22:42  [32mCompleted successfully[0m
[2025-12-13T20:22:42.938+0000] {subprocess.py:93} INFO - [0m20:22:42
[2025-12-13T20:22:42.938+0000] {subprocess.py:93} INFO - [0m20:22:42  Done. PASS=36 WARN=0 ERROR=0 SKIP=0 NO-OP=0 TOTAL=36
[2025-12-13T20:22:42.939+0000] {subprocess.py:93} INFO - [0m20:22:42  [[33mWARNING[0m][DeprecationsSummary]: Deprecated functionality
[2025-12-13T20:22:42.939+0000] {subprocess.py:93} INFO - Summary of encountered deprecations:
[2025-12-13T20:22:42.939+0000] {subprocess.py:93} INFO - - ConfigLogPathDeprecation: 1 occurrence
[2025-12-13T20:22:42.939+0000] {subprocess.py:93} INFO - - ConfigTargetPathDeprecation: 1 occurrence
[2025-12-13T20:22:42.939+0000] {subprocess.py:93} INFO - To see all deprecation instances instead of just the first occurrence of each,
[2025-12-13T20:22:42.939+0000] {subprocess.py:93} INFO - run command again with the `--show-all-deprecations` flag. You may also need to
[2025-12-13T20:22:42.939+0000] {subprocess.py:93} INFO - run with `--no-partial-parse` as some deprecations are only encountered during
[2025-12-13T20:22:42.940+0000] {subprocess.py:93} INFO - parsing.
[2025-12-13T20:22:45.030+0000] {subprocess.py:93} INFO - [0m20:22:45  Running with dbt=1.10.15
[2025-12-13T20:22:45.074+0000] {subprocess.py:93} INFO - [0m20:22:45  [[33mWARNING[0m]: Deprecated functionality
[2025-12-13T20:22:45.075+0000] {subprocess.py:93} INFO - The `log-path` config in `dbt_project.yml` has been deprecated, and will no
[2025-12-13T20:22:45.075+0000] {subprocess.py:93} INFO - longer be supported in a future version of dbt-core. If you wish to write dbt
[2025-12-13T20:22:45.075+0000] {subprocess.py:93} INFO - logs to a custom directory, please use the --log-path CLI flag or DBT_LOG_PATH
[2025-12-13T20:22:45.075+0000] {subprocess.py:93} INFO - env var instead.
[2025-12-13T20:22:45.075+0000] {subprocess.py:93} INFO - [0m20:22:45  [[33mWARNING[0m]: Deprecated functionality
[2025-12-13T20:22:45.075+0000] {subprocess.py:93} INFO - The `target-path` config in `dbt_project.yml` has been deprecated, and will no
[2025-12-13T20:22:45.075+0000] {subprocess.py:93} INFO - longer be supported in a future version of dbt-core. If you wish to write dbt
[2025-12-13T20:22:45.075+0000] {subprocess.py:93} INFO - artifacts to a custom directory, please use the --target-path CLI flag or
[2025-12-13T20:22:45.076+0000] {subprocess.py:93} INFO - DBT_TARGET_PATH env var instead.
[2025-12-13T20:22:45.254+0000] {subprocess.py:93} INFO - [0m20:22:45  Registered adapter: postgres=1.9.0
[2025-12-13T20:22:45.496+0000] {subprocess.py:93} INFO - [0m20:22:45  [[33mWARNING[0m]: Configuration paths exist in your dbt_project.yml file which do not apply to any resources.
[2025-12-13T20:22:45.497+0000] {subprocess.py:93} INFO - There are 1 unused configuration paths:
[2025-12-13T20:22:45.497+0000] {subprocess.py:93} INFO - - models.caspian_vault.example
[2025-12-13T20:22:45.664+0000] {subprocess.py:93} INFO - [0m20:22:45  Found 16 models, 1 snapshot, 19 data tests, 3 sources, 578 macros
[2025-12-13T20:22:45.666+0000] {subprocess.py:93} INFO - [0m20:22:45
[2025-12-13T20:22:45.667+0000] {subprocess.py:93} INFO - [0m20:22:45  Concurrency: 4 threads (target='dev')
[2025-12-13T20:22:45.667+0000] {subprocess.py:93} INFO - [0m20:22:45
[2025-12-13T20:22:45.776+0000] {subprocess.py:93} INFO - [0m20:22:45  1 of 1 START snapshot snapshots.snap_mart_well_performance ..................... [RUN]
[2025-12-13T20:22:45.937+0000] {subprocess.py:93} INFO - [0m20:22:45  1 of 1 OK snapshotted snapshots.snap_mart_well_performance ..................... [[32mINSERT 0 0[0m in 0.16s]
[2025-12-13T20:22:45.946+0000] {subprocess.py:93} INFO - [0m20:22:45
[2025-12-13T20:22:45.947+0000] {subprocess.py:93} INFO - [0m20:22:45  Finished running 1 snapshot in 0 hours 0 minutes and 0.28 seconds (0.28s).
[2025-12-13T20:22:46.032+0000] {subprocess.py:93} INFO - [0m20:22:46
[2025-12-13T20:22:46.032+0000] {subprocess.py:93} INFO - [0m20:22:46  [32mCompleted successfully[0m
[2025-12-13T20:22:46.033+0000] {subprocess.py:93} INFO - [0m20:22:46
[2025-12-13T20:22:46.033+0000] {subprocess.py:93} INFO - [0m20:22:46  Done. PASS=1 WARN=0 ERROR=0 SKIP=0 NO-OP=0 TOTAL=1
[2025-12-13T20:22:46.034+0000] {subprocess.py:93} INFO - [0m20:22:46  [[33mWARNING[0m][DeprecationsSummary]: Deprecated functionality
[2025-12-13T20:22:46.034+0000] {subprocess.py:93} INFO - Summary of encountered deprecations:
[2025-12-13T20:22:46.034+0000] {subprocess.py:93} INFO - - ConfigLogPathDeprecation: 1 occurrence
[2025-12-13T20:22:46.034+0000] {subprocess.py:93} INFO - - ConfigTargetPathDeprecation: 1 occurrence
[2025-12-13T20:22:46.034+0000] {subprocess.py:93} INFO - To see all deprecation instances instead of just the first occurrence of each,
[2025-12-13T20:22:46.034+0000] {subprocess.py:93} INFO - run command again with the `--show-all-deprecations` flag. You may also need to
[2025-12-13T20:22:46.034+0000] {subprocess.py:93} INFO - run with `--no-partial-parse` as some deprecations are only encountered during
[2025-12-13T20:22:46.034+0000] {subprocess.py:93} INFO - parsing.
[2025-12-13T20:22:46.633+0000] {subprocess.py:97} INFO - Command exited with return code 0
[2025-12-13T20:22:46.634+0000] {taskinstance.py:441} INFO - ::group::Post task execution logs
[2025-12-13T20:22:46.656+0000] {taskinstance.py:1206} INFO - Marking task as SUCCESS. dag_id=caspian_full_pipeline, task_id=dbt_build_and_snapshot, run_id=manual__2025-12-13T20:22:36+00:00, execution_date=20251213T202236, start_date=20251213T202237, end_date=20251213T202246
[2025-12-13T20:22:46.702+0000] {local_task_job_runner.py:243} INFO - Task exited with return code 0
[2025-12-13T20:22:46.714+0000] {taskinstance.py:3503} INFO - 0 downstream tasks scheduled from follow-on schedule check
[2025-12-13T20:22:46.716+0000] {local_task_job_runner.py:222} INFO - ::endgroup::
