[2025-12-14T06:11:21.208+0000] {local_task_job_runner.py:120} INFO - ::group::Pre task execution logs
[2025-12-14T06:11:21.226+0000] {taskinstance.py:2076} INFO - Dependencies all met for dep_context=non-requeueable deps ti=<TaskInstance: caspian_full_pipeline.dbt_build_marts manual__2025-12-14T06:11:08.981138+00:00 [queued]>
[2025-12-14T06:11:21.232+0000] {taskinstance.py:2076} INFO - Dependencies all met for dep_context=requeueable deps ti=<TaskInstance: caspian_full_pipeline.dbt_build_marts manual__2025-12-14T06:11:08.981138+00:00 [queued]>
[2025-12-14T06:11:21.232+0000] {taskinstance.py:2306} INFO - Starting attempt 1 of 1
[2025-12-14T06:11:21.242+0000] {taskinstance.py:2330} INFO - Executing <Task(BashOperator): dbt_build_marts> on 2025-12-14 06:11:08.981138+00:00
[2025-12-14T06:11:21.248+0000] {warnings.py:112} WARNING - /home/***/.local/lib/python3.12/site-packages/***/task/task_runner/standard_task_runner.py:62: DeprecationWarning: This process (pid=177) is multi-threaded, use of fork() may lead to deadlocks in the child.
  pid = os.fork()

[2025-12-14T06:11:21.250+0000] {standard_task_runner.py:64} INFO - Started process 178 to run task
[2025-12-14T06:11:21.249+0000] {standard_task_runner.py:90} INFO - Running: ['***', 'tasks', 'run', 'caspian_full_pipeline', 'dbt_build_marts', 'manual__2025-12-14T06:11:08.981138+00:00', '--job-id', '132', '--raw', '--subdir', 'DAGS_FOLDER/caspian_full_pipeline.py', '--cfg-path', '/tmp/tmp4wp22yy0']
[2025-12-14T06:11:21.250+0000] {standard_task_runner.py:91} INFO - Job 132: Subtask dbt_build_marts
[2025-12-14T06:11:21.282+0000] {task_command.py:426} INFO - Running <TaskInstance: caspian_full_pipeline.dbt_build_marts manual__2025-12-14T06:11:08.981138+00:00 [running]> on host 9c3aef9eb0ca
[2025-12-14T06:11:21.350+0000] {taskinstance.py:2648} INFO - Exporting env vars: AIRFLOW_CTX_DAG_OWNER='***' AIRFLOW_CTX_DAG_ID='caspian_full_pipeline' AIRFLOW_CTX_TASK_ID='dbt_build_marts' AIRFLOW_CTX_EXECUTION_DATE='2025-12-14T06:11:08.981138+00:00' AIRFLOW_CTX_TRY_NUMBER='1' AIRFLOW_CTX_DAG_RUN_ID='manual__2025-12-14T06:11:08.981138+00:00'
[2025-12-14T06:11:21.351+0000] {taskinstance.py:430} INFO - ::endgroup::
[2025-12-14T06:11:21.361+0000] {subprocess.py:63} INFO - Tmp dir root location: /tmp
[2025-12-14T06:11:21.361+0000] {subprocess.py:75} INFO - Running command: ['/usr/bin/bash', '-c', '\nset -euo pipefail\nexport DBT_PROFILES_DIR=/opt/project/caspian_vault/dbt_profiles\nexport DBT_LOG_PATH=/opt/***/logs/dbt\nexport DBT_TARGET_PATH=/opt/***/dbt_target\nexport DBT_STATE_PATH=/opt/***/dbt_state\nexport DBT_PACKAGES_INSTALL_PATH=/opt/***/dbt_packages\n\nmkdir -p "$DBT_LOG_PATH" "$DBT_TARGET_PATH" "$DBT_PACKAGES_INSTALL_PATH"\ncd /opt/project/caspian_vault\n\n/home/***/.local/bin/dbt build --profile caspian_vault --target dev  --select "marts"']
[2025-12-14T06:11:21.371+0000] {subprocess.py:86} INFO - Output:
[2025-12-14T06:11:22.714+0000] {subprocess.py:93} INFO - [0m06:11:22  Running with dbt=1.10.15
[2025-12-14T06:11:22.759+0000] {subprocess.py:93} INFO - [0m06:11:22  [[33mWARNING[0m]: Deprecated functionality
[2025-12-14T06:11:22.760+0000] {subprocess.py:93} INFO - The `log-path` config in `dbt_project.yml` has been deprecated, and will no
[2025-12-14T06:11:22.760+0000] {subprocess.py:93} INFO - longer be supported in a future version of dbt-core. If you wish to write dbt
[2025-12-14T06:11:22.760+0000] {subprocess.py:93} INFO - logs to a custom directory, please use the --log-path CLI flag or DBT_LOG_PATH
[2025-12-14T06:11:22.760+0000] {subprocess.py:93} INFO - env var instead.
[2025-12-14T06:11:22.760+0000] {subprocess.py:93} INFO - [0m06:11:22  [[33mWARNING[0m]: Deprecated functionality
[2025-12-14T06:11:22.760+0000] {subprocess.py:93} INFO - The `target-path` config in `dbt_project.yml` has been deprecated, and will no
[2025-12-14T06:11:22.760+0000] {subprocess.py:93} INFO - longer be supported in a future version of dbt-core. If you wish to write dbt
[2025-12-14T06:11:22.760+0000] {subprocess.py:93} INFO - artifacts to a custom directory, please use the --target-path CLI flag or
[2025-12-14T06:11:22.761+0000] {subprocess.py:93} INFO - DBT_TARGET_PATH env var instead.
[2025-12-14T06:11:22.940+0000] {subprocess.py:93} INFO - [0m06:11:22  Registered adapter: postgres=1.9.0
[2025-12-14T06:11:23.188+0000] {subprocess.py:93} INFO - [0m06:11:23  [[33mWARNING[0m]: Configuration paths exist in your dbt_project.yml file which do not apply to any resources.
[2025-12-14T06:11:23.188+0000] {subprocess.py:93} INFO - There are 1 unused configuration paths:
[2025-12-14T06:11:23.188+0000] {subprocess.py:93} INFO - - models.caspian_vault.example
[2025-12-14T06:11:23.367+0000] {subprocess.py:93} INFO - [0m06:11:23  Found 13 models, 1 snapshot, 19 data tests, 3 sources, 578 macros
[2025-12-14T06:11:23.370+0000] {subprocess.py:93} INFO - [0m06:11:23
[2025-12-14T06:11:23.370+0000] {subprocess.py:93} INFO - [0m06:11:23  Concurrency: 4 threads (target='dev')
[2025-12-14T06:11:23.370+0000] {subprocess.py:93} INFO - [0m06:11:23
[2025-12-14T06:11:23.461+0000] {subprocess.py:93} INFO - [0m06:11:23  1 of 8 START sql table model public.dim_source_format .......................... [RUN]
[2025-12-14T06:11:23.462+0000] {subprocess.py:93} INFO - [0m06:11:23  2 of 8 START sql table model public.dim_survey_type ............................ [RUN]
[2025-12-14T06:11:23.462+0000] {subprocess.py:93} INFO - [0m06:11:23  3 of 8 START sql table model public.dim_time ................................... [RUN]
[2025-12-14T06:11:23.463+0000] {subprocess.py:93} INFO - [0m06:11:23  4 of 8 START sql table model public.dim_well ................................... [RUN]
[2025-12-14T06:11:23.673+0000] {subprocess.py:93} INFO - [0m06:11:23  2 of 8 OK created sql table model public.dim_survey_type ....................... [[32mSELECT 3[0m in 0.20s]
[2025-12-14T06:11:23.674+0000] {subprocess.py:93} INFO - [0m06:11:23  3 of 8 OK created sql table model public.dim_time .............................. [[32mSELECT 1[0m in 0.21s]
[2025-12-14T06:11:23.675+0000] {subprocess.py:93} INFO - [0m06:11:23  4 of 8 OK created sql table model public.dim_well .............................. [[32mSELECT 20[0m in 0.21s]
[2025-12-14T06:11:23.676+0000] {subprocess.py:93} INFO - [0m06:11:23  1 of 8 OK created sql table model public.dim_source_format ..................... [[32mSELECT 2[0m in 0.21s]
[2025-12-14T06:11:23.678+0000] {subprocess.py:93} INFO - [0m06:11:23  5 of 8 START sql table model public.fct_readings ............................... [RUN]
[2025-12-14T06:11:23.731+0000] {subprocess.py:93} INFO - [0m06:11:23  5 of 8 OK created sql table model public.fct_readings .......................... [[32mSELECT 9980[0m in 0.05s]
[2025-12-14T06:11:23.733+0000] {subprocess.py:93} INFO - [0m06:11:23  6 of 8 START sql table model public.mart_sensor_analysis ....................... [RUN]
[2025-12-14T06:11:23.733+0000] {subprocess.py:93} INFO - [0m06:11:23  7 of 8 START sql table model public.mart_survey_summary ........................ [RUN]
[2025-12-14T06:11:23.734+0000] {subprocess.py:93} INFO - [0m06:11:23  8 of 8 START sql table model public.mart_well_performance ...................... [RUN]
[2025-12-14T06:11:23.810+0000] {subprocess.py:93} INFO - [0m06:11:23  6 of 8 OK created sql table model public.mart_sensor_analysis .................. [[32mSELECT 3[0m in 0.07s]
[2025-12-14T06:11:23.812+0000] {subprocess.py:93} INFO - [0m06:11:23  7 of 8 OK created sql table model public.mart_survey_summary ................... [[32mSELECT 6[0m in 0.08s]
[2025-12-14T06:11:23.812+0000] {subprocess.py:93} INFO - [0m06:11:23  8 of 8 OK created sql table model public.mart_well_performance ................. [[32mSELECT 21[0m in 0.08s]
[2025-12-14T06:11:23.823+0000] {subprocess.py:93} INFO - [0m06:11:23
[2025-12-14T06:11:23.823+0000] {subprocess.py:93} INFO - [0m06:11:23  Finished running 8 table models in 0 hours 0 minutes and 0.45 seconds (0.45s).
[2025-12-14T06:11:23.856+0000] {subprocess.py:93} INFO - [0m06:11:23
[2025-12-14T06:11:23.856+0000] {subprocess.py:93} INFO - [0m06:11:23  [32mCompleted successfully[0m
[2025-12-14T06:11:23.857+0000] {subprocess.py:93} INFO - [0m06:11:23
[2025-12-14T06:11:23.857+0000] {subprocess.py:93} INFO - [0m06:11:23  Done. PASS=8 WARN=0 ERROR=0 SKIP=0 NO-OP=0 TOTAL=8
[2025-12-14T06:11:23.858+0000] {subprocess.py:93} INFO - [0m06:11:23  [[33mWARNING[0m][DeprecationsSummary]: Deprecated functionality
[2025-12-14T06:11:23.858+0000] {subprocess.py:93} INFO - Summary of encountered deprecations:
[2025-12-14T06:11:23.858+0000] {subprocess.py:93} INFO - - ConfigLogPathDeprecation: 1 occurrence
[2025-12-14T06:11:23.858+0000] {subprocess.py:93} INFO - - ConfigTargetPathDeprecation: 1 occurrence
[2025-12-14T06:11:23.858+0000] {subprocess.py:93} INFO - To see all deprecation instances instead of just the first occurrence of each,
[2025-12-14T06:11:23.858+0000] {subprocess.py:93} INFO - run command again with the `--show-all-deprecations` flag. You may also need to
[2025-12-14T06:11:23.858+0000] {subprocess.py:93} INFO - run with `--no-partial-parse` as some deprecations are only encountered during
[2025-12-14T06:11:23.858+0000] {subprocess.py:93} INFO - parsing.
[2025-12-14T06:11:24.557+0000] {subprocess.py:97} INFO - Command exited with return code 0
[2025-12-14T06:11:24.558+0000] {taskinstance.py:441} INFO - ::group::Post task execution logs
[2025-12-14T06:11:24.580+0000] {taskinstance.py:1206} INFO - Marking task as SUCCESS. dag_id=caspian_full_pipeline, task_id=dbt_build_marts, run_id=manual__2025-12-14T06:11:08.981138+00:00, execution_date=20251214T061108, start_date=20251214T061121, end_date=20251214T061124
[2025-12-14T06:11:24.631+0000] {local_task_job_runner.py:243} INFO - Task exited with return code 0
[2025-12-14T06:11:24.651+0000] {taskinstance.py:3503} INFO - 1 downstream tasks scheduled from follow-on schedule check
[2025-12-14T06:11:24.653+0000] {local_task_job_runner.py:222} INFO - ::endgroup::
