[2025-12-14T06:59:18.327+0000] {local_task_job_runner.py:120} INFO - ::group::Pre task execution logs
[2025-12-14T06:59:18.345+0000] {taskinstance.py:2076} INFO - Dependencies all met for dep_context=non-requeueable deps ti=<TaskInstance: caspian_full_pipeline.dbt_build_vault manual__2025-12-14T06:59:08+00:00 [queued]>
[2025-12-14T06:59:18.351+0000] {taskinstance.py:2076} INFO - Dependencies all met for dep_context=requeueable deps ti=<TaskInstance: caspian_full_pipeline.dbt_build_vault manual__2025-12-14T06:59:08+00:00 [queued]>
[2025-12-14T06:59:18.351+0000] {taskinstance.py:2306} INFO - Starting attempt 1 of 1
[2025-12-14T06:59:18.360+0000] {taskinstance.py:2330} INFO - Executing <Task(BashOperator): dbt_build_vault> on 2025-12-14 06:59:08+00:00
[2025-12-14T06:59:18.366+0000] {warnings.py:112} WARNING - /home/***/.local/lib/python3.12/site-packages/***/task/task_runner/standard_task_runner.py:62: DeprecationWarning: This process (pid=100) is multi-threaded, use of fork() may lead to deadlocks in the child.
  pid = os.fork()

[2025-12-14T06:59:18.367+0000] {standard_task_runner.py:64} INFO - Started process 101 to run task
[2025-12-14T06:59:18.367+0000] {standard_task_runner.py:90} INFO - Running: ['***', 'tasks', 'run', 'caspian_full_pipeline', 'dbt_build_vault', 'manual__2025-12-14T06:59:08+00:00', '--job-id', '159', '--raw', '--subdir', 'DAGS_FOLDER/caspian_full_pipeline.py', '--cfg-path', '/tmp/tmp4hzl9hem']
[2025-12-14T06:59:18.368+0000] {standard_task_runner.py:91} INFO - Job 159: Subtask dbt_build_vault
[2025-12-14T06:59:18.399+0000] {task_command.py:426} INFO - Running <TaskInstance: caspian_full_pipeline.dbt_build_vault manual__2025-12-14T06:59:08+00:00 [running]> on host fd267655e679
[2025-12-14T06:59:18.464+0000] {taskinstance.py:2648} INFO - Exporting env vars: AIRFLOW_CTX_DAG_OWNER='***' AIRFLOW_CTX_DAG_ID='caspian_full_pipeline' AIRFLOW_CTX_TASK_ID='dbt_build_vault' AIRFLOW_CTX_EXECUTION_DATE='2025-12-14T06:59:08+00:00' AIRFLOW_CTX_TRY_NUMBER='1' AIRFLOW_CTX_DAG_RUN_ID='manual__2025-12-14T06:59:08+00:00'
[2025-12-14T06:59:18.464+0000] {taskinstance.py:430} INFO - ::endgroup::
[2025-12-14T06:59:18.475+0000] {subprocess.py:63} INFO - Tmp dir root location: /tmp
[2025-12-14T06:59:18.475+0000] {subprocess.py:75} INFO - Running command: ['/usr/bin/bash', '-c', '\nset -euo pipefail\nexport DBT_PROFILES_DIR=/opt/project/caspian_vault/dbt_profiles\nexport DBT_LOG_PATH=/opt/***/logs/dbt\nexport DBT_TARGET_PATH=/opt/***/dbt_target\nexport DBT_STATE_PATH=/opt/***/dbt_state\nexport DBT_PACKAGES_INSTALL_PATH=/opt/***/dbt_packages\n\nmkdir -p "$DBT_LOG_PATH" "$DBT_TARGET_PATH" "$DBT_PACKAGES_INSTALL_PATH"\ncd /opt/project/caspian_vault\n\n/home/***/.local/bin/dbt build --profile caspian_vault --target dev  --select "vault"']
[2025-12-14T06:59:18.485+0000] {subprocess.py:86} INFO - Output:
[2025-12-14T06:59:19.839+0000] {subprocess.py:93} INFO - [0m06:59:19  Running with dbt=1.10.15
[2025-12-14T06:59:19.883+0000] {subprocess.py:93} INFO - [0m06:59:19  [[33mWARNING[0m]: Deprecated functionality
[2025-12-14T06:59:19.884+0000] {subprocess.py:93} INFO - The `log-path` config in `dbt_project.yml` has been deprecated, and will no
[2025-12-14T06:59:19.884+0000] {subprocess.py:93} INFO - longer be supported in a future version of dbt-core. If you wish to write dbt
[2025-12-14T06:59:19.884+0000] {subprocess.py:93} INFO - logs to a custom directory, please use the --log-path CLI flag or DBT_LOG_PATH
[2025-12-14T06:59:19.884+0000] {subprocess.py:93} INFO - env var instead.
[2025-12-14T06:59:19.884+0000] {subprocess.py:93} INFO - [0m06:59:19  [[33mWARNING[0m]: Deprecated functionality
[2025-12-14T06:59:19.884+0000] {subprocess.py:93} INFO - The `target-path` config in `dbt_project.yml` has been deprecated, and will no
[2025-12-14T06:59:19.884+0000] {subprocess.py:93} INFO - longer be supported in a future version of dbt-core. If you wish to write dbt
[2025-12-14T06:59:19.884+0000] {subprocess.py:93} INFO - artifacts to a custom directory, please use the --target-path CLI flag or
[2025-12-14T06:59:19.885+0000] {subprocess.py:93} INFO - DBT_TARGET_PATH env var instead.
[2025-12-14T06:59:20.062+0000] {subprocess.py:93} INFO - [0m06:59:20  Registered adapter: postgres=1.9.0
[2025-12-14T06:59:20.304+0000] {subprocess.py:93} INFO - [0m06:59:20  [[33mWARNING[0m]: Configuration paths exist in your dbt_project.yml file which do not apply to any resources.
[2025-12-14T06:59:20.304+0000] {subprocess.py:93} INFO - There are 1 unused configuration paths:
[2025-12-14T06:59:20.304+0000] {subprocess.py:93} INFO - - models.caspian_vault.example
[2025-12-14T06:59:20.482+0000] {subprocess.py:93} INFO - [0m06:59:20  Found 13 models, 1 snapshot, 19 data tests, 3 sources, 578 macros
[2025-12-14T06:59:20.484+0000] {subprocess.py:93} INFO - [0m06:59:20
[2025-12-14T06:59:20.485+0000] {subprocess.py:93} INFO - [0m06:59:20  Concurrency: 4 threads (target='dev')
[2025-12-14T06:59:20.485+0000] {subprocess.py:93} INFO - [0m06:59:20
[2025-12-14T06:59:20.575+0000] {subprocess.py:93} INFO - [0m06:59:20  1 of 23 START test dbt_utils_expression_is_true_stg_readings_survey_type_id_is_not_null  [RUN]
[2025-12-14T06:59:20.575+0000] {subprocess.py:93} INFO - [0m06:59:20  2 of 23 START test dbt_utils_expression_is_true_stg_readings_well_id_is_not_null  [RUN]
[2025-12-14T06:59:20.625+0000] {subprocess.py:93} INFO - [0m06:59:20  2 of 23 PASS dbt_utils_expression_is_true_stg_readings_well_id_is_not_null ..... [[32mPASS[0m in 0.05s]
[2025-12-14T06:59:20.625+0000] {subprocess.py:93} INFO - [0m06:59:20  1 of 23 PASS dbt_utils_expression_is_true_stg_readings_survey_type_id_is_not_null  [[32mPASS[0m in 0.05s]
[2025-12-14T06:59:20.628+0000] {subprocess.py:93} INFO - [0m06:59:20  3 of 23 START sql table model public.dv_hub_survey_type ........................ [RUN]
[2025-12-14T06:59:20.629+0000] {subprocess.py:93} INFO - [0m06:59:20  4 of 23 START sql table model public.dv_hub_well ............................... [RUN]
[2025-12-14T06:59:20.629+0000] {subprocess.py:93} INFO - [0m06:59:20  5 of 23 START sql table model public.dv_link_well_survey ....................... [RUN]
[2025-12-14T06:59:20.630+0000] {subprocess.py:93} INFO - [0m06:59:20  6 of 23 START sql table model public.dv_sat_readings ........................... [RUN]
[2025-12-14T06:59:20.903+0000] {subprocess.py:93} INFO - [0m06:59:20  4 of 23 OK created sql table model public.dv_hub_well .......................... [[32mSELECT 20[0m in 0.27s]
[2025-12-14T06:59:20.905+0000] {subprocess.py:93} INFO - [0m06:59:20  6 of 23 OK created sql table model public.dv_sat_readings ...................... [[32mSELECT 9980[0m in 0.27s]
[2025-12-14T06:59:20.906+0000] {subprocess.py:93} INFO - [0m06:59:20  5 of 23 OK created sql table model public.dv_link_well_survey .................. [[32mSELECT 50[0m in 0.27s]
[2025-12-14T06:59:20.906+0000] {subprocess.py:93} INFO - [0m06:59:20  3 of 23 OK created sql table model public.dv_hub_survey_type ................... [[32mSELECT 3[0m in 0.27s]
[2025-12-14T06:59:20.910+0000] {subprocess.py:93} INFO - [0m06:59:20  7 of 23 START test not_null_dv_hub_well_hk_well ................................ [RUN]
[2025-12-14T06:59:20.911+0000] {subprocess.py:93} INFO - [0m06:59:20  8 of 23 START test not_null_dv_hub_well_well_id_bk ............................. [RUN]
[2025-12-14T06:59:20.911+0000] {subprocess.py:93} INFO - [0m06:59:20  9 of 23 START test unique_dv_hub_well_hk_well .................................. [RUN]
[2025-12-14T06:59:20.912+0000] {subprocess.py:93} INFO - [0m06:59:20  10 of 23 START test not_null_dv_sat_readings_hk_well_survey .................... [RUN]
[2025-12-14T06:59:20.958+0000] {subprocess.py:93} INFO - [0m06:59:20  7 of 23 PASS not_null_dv_hub_well_hk_well ...................................... [[32mPASS[0m in 0.05s]
[2025-12-14T06:59:20.959+0000] {subprocess.py:93} INFO - [0m06:59:20  8 of 23 PASS not_null_dv_hub_well_well_id_bk ................................... [[32mPASS[0m in 0.05s]
[2025-12-14T06:59:20.959+0000] {subprocess.py:93} INFO - [0m06:59:20  9 of 23 PASS unique_dv_hub_well_hk_well ........................................ [[32mPASS[0m in 0.05s]
[2025-12-14T06:59:20.961+0000] {subprocess.py:93} INFO - [0m06:59:20  10 of 23 PASS not_null_dv_sat_readings_hk_well_survey .......................... [[32mPASS[0m in 0.05s]
[2025-12-14T06:59:20.964+0000] {subprocess.py:93} INFO - [0m06:59:20  11 of 23 START test not_null_dv_sat_readings_load_ts ........................... [RUN]
[2025-12-14T06:59:20.964+0000] {subprocess.py:93} INFO - [0m06:59:20  12 of 23 START test not_null_dv_sat_readings_row_checksum ...................... [RUN]
[2025-12-14T06:59:20.965+0000] {subprocess.py:93} INFO - [0m06:59:20  13 of 23 START test test_counts_match .......................................... [RUN]
[2025-12-14T06:59:20.965+0000] {subprocess.py:93} INFO - [0m06:59:20  14 of 23 START test not_null_dv_link_well_survey_hk_survey_type ................ [RUN]
[2025-12-14T06:59:21.004+0000] {subprocess.py:93} INFO - [0m06:59:21  11 of 23 PASS not_null_dv_sat_readings_load_ts ................................. [[32mPASS[0m in 0.04s]
[2025-12-14T06:59:21.005+0000] {subprocess.py:93} INFO - [0m06:59:21  12 of 23 PASS not_null_dv_sat_readings_row_checksum ............................ [[32mPASS[0m in 0.04s]
[2025-12-14T06:59:21.009+0000] {subprocess.py:93} INFO - [0m06:59:21  15 of 23 START test not_null_dv_link_well_survey_hk_well ....................... [RUN]
[2025-12-14T06:59:21.011+0000] {subprocess.py:93} INFO - [0m06:59:21  16 of 23 START test not_null_dv_link_well_survey_hk_well_survey ................ [RUN]
[2025-12-14T06:59:21.011+0000] {subprocess.py:93} INFO - [0m06:59:21  14 of 23 PASS not_null_dv_link_well_survey_hk_survey_type ...................... [[32mPASS[0m in 0.04s]
[2025-12-14T06:59:21.012+0000] {subprocess.py:93} INFO - [0m06:59:21  13 of 23 PASS test_counts_match ................................................ [[32mPASS[0m in 0.05s]
[2025-12-14T06:59:21.021+0000] {subprocess.py:93} INFO - [0m06:59:21  17 of 23 START test relationships_dv_link_well_survey_hk_well__hk_well__ref_dv_hub_well_  [RUN]
[2025-12-14T06:59:21.022+0000] {subprocess.py:93} INFO - [0m06:59:21  18 of 23 START test relationships_dv_sat_readings_hk_well_survey__hk_well_survey__ref_dv_link_well_survey_  [RUN]
[2025-12-14T06:59:21.052+0000] {subprocess.py:93} INFO - [0m06:59:21  15 of 23 PASS not_null_dv_link_well_survey_hk_well ............................. [[32mPASS[0m in 0.04s]
[2025-12-14T06:59:21.057+0000] {subprocess.py:93} INFO - [0m06:59:21  19 of 23 START test unique_dv_link_well_survey_hk_well_survey .................. [RUN]
[2025-12-14T06:59:21.058+0000] {subprocess.py:93} INFO - [0m06:59:21  16 of 23 PASS not_null_dv_link_well_survey_hk_well_survey ...................... [[32mPASS[0m in 0.05s]
[2025-12-14T06:59:21.066+0000] {subprocess.py:93} INFO - [0m06:59:21  20 of 23 START test not_null_dv_hub_survey_type_hk_survey_type ................. [RUN]
[2025-12-14T06:59:21.067+0000] {subprocess.py:93} INFO - [0m06:59:21  17 of 23 PASS relationships_dv_link_well_survey_hk_well__hk_well__ref_dv_hub_well_  [[32mPASS[0m in 0.04s]
[2025-12-14T06:59:21.071+0000] {subprocess.py:93} INFO - [0m06:59:21  18 of 23 PASS relationships_dv_sat_readings_hk_well_survey__hk_well_survey__ref_dv_link_well_survey_  [[32mPASS[0m in 0.05s]
[2025-12-14T06:59:21.075+0000] {subprocess.py:93} INFO - [0m06:59:21  21 of 23 START test not_null_dv_hub_survey_type_survey_type_bk ................. [RUN]
[2025-12-14T06:59:21.080+0000] {subprocess.py:93} INFO - [0m06:59:21  22 of 23 START test relationships_dv_link_well_survey_hk_survey_type__hk_survey_type__ref_dv_hub_survey_type_  [RUN]
[2025-12-14T06:59:21.101+0000] {subprocess.py:93} INFO - [0m06:59:21  19 of 23 PASS unique_dv_link_well_survey_hk_well_survey ........................ [[32mPASS[0m in 0.04s]
[2025-12-14T06:59:21.104+0000] {subprocess.py:93} INFO - [0m06:59:21  23 of 23 START test unique_dv_hub_survey_type_hk_survey_type ................... [RUN]
[2025-12-14T06:59:21.107+0000] {subprocess.py:93} INFO - [0m06:59:21  20 of 23 PASS not_null_dv_hub_survey_type_hk_survey_type ....................... [[32mPASS[0m in 0.04s]
[2025-12-14T06:59:21.117+0000] {subprocess.py:93} INFO - [0m06:59:21  21 of 23 PASS not_null_dv_hub_survey_type_survey_type_bk ....................... [[32mPASS[0m in 0.04s]
[2025-12-14T06:59:21.118+0000] {subprocess.py:93} INFO - [0m06:59:21  22 of 23 PASS relationships_dv_link_well_survey_hk_survey_type__hk_survey_type__ref_dv_hub_survey_type_  [[32mPASS[0m in 0.04s]
[2025-12-14T06:59:21.128+0000] {subprocess.py:93} INFO - [0m06:59:21  23 of 23 PASS unique_dv_hub_survey_type_hk_survey_type ......................... [[32mPASS[0m in 0.02s]
[2025-12-14T06:59:21.137+0000] {subprocess.py:93} INFO - [0m06:59:21
[2025-12-14T06:59:21.137+0000] {subprocess.py:93} INFO - [0m06:59:21  Finished running 4 table models, 19 data tests in 0 hours 0 minutes and 0.65 seconds (0.65s).
[2025-12-14T06:59:21.173+0000] {subprocess.py:93} INFO - [0m06:59:21
[2025-12-14T06:59:21.173+0000] {subprocess.py:93} INFO - [0m06:59:21  [32mCompleted successfully[0m
[2025-12-14T06:59:21.174+0000] {subprocess.py:93} INFO - [0m06:59:21
[2025-12-14T06:59:21.174+0000] {subprocess.py:93} INFO - [0m06:59:21  Done. PASS=23 WARN=0 ERROR=0 SKIP=0 NO-OP=0 TOTAL=23
[2025-12-14T06:59:21.175+0000] {subprocess.py:93} INFO - [0m06:59:21  [[33mWARNING[0m][DeprecationsSummary]: Deprecated functionality
[2025-12-14T06:59:21.175+0000] {subprocess.py:93} INFO - Summary of encountered deprecations:
[2025-12-14T06:59:21.175+0000] {subprocess.py:93} INFO - - ConfigLogPathDeprecation: 1 occurrence
[2025-12-14T06:59:21.175+0000] {subprocess.py:93} INFO - - ConfigTargetPathDeprecation: 1 occurrence
[2025-12-14T06:59:21.175+0000] {subprocess.py:93} INFO - To see all deprecation instances instead of just the first occurrence of each,
[2025-12-14T06:59:21.175+0000] {subprocess.py:93} INFO - run command again with the `--show-all-deprecations` flag. You may also need to
[2025-12-14T06:59:21.175+0000] {subprocess.py:93} INFO - run with `--no-partial-parse` as some deprecations are only encountered during
[2025-12-14T06:59:21.175+0000] {subprocess.py:93} INFO - parsing.
[2025-12-14T06:59:21.904+0000] {subprocess.py:97} INFO - Command exited with return code 0
[2025-12-14T06:59:21.904+0000] {taskinstance.py:441} INFO - ::group::Post task execution logs
[2025-12-14T06:59:21.926+0000] {taskinstance.py:1206} INFO - Marking task as SUCCESS. dag_id=caspian_full_pipeline, task_id=dbt_build_vault, run_id=manual__2025-12-14T06:59:08+00:00, execution_date=20251214T065908, start_date=20251214T065918, end_date=20251214T065921
[2025-12-14T06:59:21.949+0000] {local_task_job_runner.py:243} INFO - Task exited with return code 0
[2025-12-14T06:59:21.969+0000] {taskinstance.py:3503} INFO - 1 downstream tasks scheduled from follow-on schedule check
[2025-12-14T06:59:21.971+0000] {local_task_job_runner.py:222} INFO - ::endgroup::
