[2025-12-14T06:11:13.189+0000] {local_task_job_runner.py:120} INFO - ::group::Pre task execution logs
[2025-12-14T06:11:13.207+0000] {taskinstance.py:2076} INFO - Dependencies all met for dep_context=non-requeueable deps ti=<TaskInstance: caspian_full_pipeline.dbt_build_staging manual__2025-12-14T06:11:08.981138+00:00 [queued]>
[2025-12-14T06:11:13.212+0000] {taskinstance.py:2076} INFO - Dependencies all met for dep_context=requeueable deps ti=<TaskInstance: caspian_full_pipeline.dbt_build_staging manual__2025-12-14T06:11:08.981138+00:00 [queued]>
[2025-12-14T06:11:13.212+0000] {taskinstance.py:2306} INFO - Starting attempt 1 of 1
[2025-12-14T06:11:13.222+0000] {taskinstance.py:2330} INFO - Executing <Task(BashOperator): dbt_build_staging> on 2025-12-14 06:11:08.981138+00:00
[2025-12-14T06:11:13.228+0000] {warnings.py:112} WARNING - /home/***/.local/lib/python3.12/site-packages/***/task/task_runner/standard_task_runner.py:62: DeprecationWarning: This process (pid=145) is multi-threaded, use of fork() may lead to deadlocks in the child.
  pid = os.fork()

[2025-12-14T06:11:13.228+0000] {standard_task_runner.py:64} INFO - Started process 146 to run task
[2025-12-14T06:11:13.229+0000] {standard_task_runner.py:90} INFO - Running: ['***', 'tasks', 'run', 'caspian_full_pipeline', 'dbt_build_staging', 'manual__2025-12-14T06:11:08.981138+00:00', '--job-id', '130', '--raw', '--subdir', 'DAGS_FOLDER/caspian_full_pipeline.py', '--cfg-path', '/tmp/tmp5o8qhndt']
[2025-12-14T06:11:13.229+0000] {standard_task_runner.py:91} INFO - Job 130: Subtask dbt_build_staging
[2025-12-14T06:11:13.263+0000] {task_command.py:426} INFO - Running <TaskInstance: caspian_full_pipeline.dbt_build_staging manual__2025-12-14T06:11:08.981138+00:00 [running]> on host 9c3aef9eb0ca
[2025-12-14T06:11:13.330+0000] {taskinstance.py:2648} INFO - Exporting env vars: AIRFLOW_CTX_DAG_OWNER='***' AIRFLOW_CTX_DAG_ID='caspian_full_pipeline' AIRFLOW_CTX_TASK_ID='dbt_build_staging' AIRFLOW_CTX_EXECUTION_DATE='2025-12-14T06:11:08.981138+00:00' AIRFLOW_CTX_TRY_NUMBER='1' AIRFLOW_CTX_DAG_RUN_ID='manual__2025-12-14T06:11:08.981138+00:00'
[2025-12-14T06:11:13.330+0000] {taskinstance.py:430} INFO - ::endgroup::
[2025-12-14T06:11:13.340+0000] {subprocess.py:63} INFO - Tmp dir root location: /tmp
[2025-12-14T06:11:13.341+0000] {subprocess.py:75} INFO - Running command: ['/usr/bin/bash', '-c', '\nset -euo pipefail\nexport DBT_PROFILES_DIR=/opt/project/caspian_vault/dbt_profiles\nexport DBT_LOG_PATH=/opt/***/logs/dbt\nexport DBT_TARGET_PATH=/opt/***/dbt_target\nexport DBT_STATE_PATH=/opt/***/dbt_state\nexport DBT_PACKAGES_INSTALL_PATH=/opt/***/dbt_packages\n\nmkdir -p "$DBT_LOG_PATH" "$DBT_TARGET_PATH" "$DBT_PACKAGES_INSTALL_PATH"\ncd /opt/project/caspian_vault\n\n/home/***/.local/bin/dbt build --profile caspian_vault --target dev  --select "staging"']
[2025-12-14T06:11:13.351+0000] {subprocess.py:86} INFO - Output:
[2025-12-14T06:11:14.704+0000] {subprocess.py:93} INFO - [0m06:11:14  Running with dbt=1.10.15
[2025-12-14T06:11:14.749+0000] {subprocess.py:93} INFO - [0m06:11:14  [[33mWARNING[0m]: Deprecated functionality
[2025-12-14T06:11:14.750+0000] {subprocess.py:93} INFO - The `log-path` config in `dbt_project.yml` has been deprecated, and will no
[2025-12-14T06:11:14.750+0000] {subprocess.py:93} INFO - longer be supported in a future version of dbt-core. If you wish to write dbt
[2025-12-14T06:11:14.750+0000] {subprocess.py:93} INFO - logs to a custom directory, please use the --log-path CLI flag or DBT_LOG_PATH
[2025-12-14T06:11:14.750+0000] {subprocess.py:93} INFO - env var instead.
[2025-12-14T06:11:14.750+0000] {subprocess.py:93} INFO - [0m06:11:14  [[33mWARNING[0m]: Deprecated functionality
[2025-12-14T06:11:14.750+0000] {subprocess.py:93} INFO - The `target-path` config in `dbt_project.yml` has been deprecated, and will no
[2025-12-14T06:11:14.750+0000] {subprocess.py:93} INFO - longer be supported in a future version of dbt-core. If you wish to write dbt
[2025-12-14T06:11:14.750+0000] {subprocess.py:93} INFO - artifacts to a custom directory, please use the --target-path CLI flag or
[2025-12-14T06:11:14.751+0000] {subprocess.py:93} INFO - DBT_TARGET_PATH env var instead.
[2025-12-14T06:11:14.928+0000] {subprocess.py:93} INFO - [0m06:11:14  Registered adapter: postgres=1.9.0
[2025-12-14T06:11:15.171+0000] {subprocess.py:93} INFO - [0m06:11:15  [[33mWARNING[0m]: Configuration paths exist in your dbt_project.yml file which do not apply to any resources.
[2025-12-14T06:11:15.172+0000] {subprocess.py:93} INFO - There are 1 unused configuration paths:
[2025-12-14T06:11:15.172+0000] {subprocess.py:93} INFO - - models.caspian_vault.example
[2025-12-14T06:11:15.350+0000] {subprocess.py:93} INFO - [0m06:11:15  Found 13 models, 1 snapshot, 19 data tests, 3 sources, 578 macros
[2025-12-14T06:11:15.352+0000] {subprocess.py:93} INFO - [0m06:11:15
[2025-12-14T06:11:15.352+0000] {subprocess.py:93} INFO - [0m06:11:15  Concurrency: 4 threads (target='dev')
[2025-12-14T06:11:15.352+0000] {subprocess.py:93} INFO - [0m06:11:15
[2025-12-14T06:11:15.442+0000] {subprocess.py:93} INFO - [0m06:11:15  1 of 4 START sql table model public.stg_readings ............................... [RUN]
[2025-12-14T06:11:15.580+0000] {subprocess.py:93} INFO - [0m06:11:15  1 of 4 OK created sql table model public.stg_readings .......................... [[32mSELECT 9980[0m in 0.14s]
[2025-12-14T06:11:15.582+0000] {subprocess.py:93} INFO - [0m06:11:15  2 of 4 START test dbt_utils_expression_is_true_stg_readings_survey_type_id_is_not_null  [RUN]
[2025-12-14T06:11:15.583+0000] {subprocess.py:93} INFO - [0m06:11:15  3 of 4 START test dbt_utils_expression_is_true_stg_readings_well_id_is_not_null  [RUN]
[2025-12-14T06:11:15.629+0000] {subprocess.py:93} INFO - [0m06:11:15  2 of 4 PASS dbt_utils_expression_is_true_stg_readings_survey_type_id_is_not_null  [[32mPASS[0m in 0.05s]
[2025-12-14T06:11:15.629+0000] {subprocess.py:93} INFO - [0m06:11:15  3 of 4 PASS dbt_utils_expression_is_true_stg_readings_well_id_is_not_null ...... [[32mPASS[0m in 0.05s]
[2025-12-14T06:11:15.631+0000] {subprocess.py:93} INFO - [0m06:11:15  4 of 4 START test test_counts_match ............................................ [RUN]
[2025-12-14T06:11:15.696+0000] {subprocess.py:93} INFO - [0m06:11:15  4 of 4 PASS test_counts_match .................................................. [[32mPASS[0m in 0.06s]
[2025-12-14T06:11:15.706+0000] {subprocess.py:93} INFO - [0m06:11:15
[2025-12-14T06:11:15.706+0000] {subprocess.py:93} INFO - [0m06:11:15  Finished running 1 table model, 3 data tests in 0 hours 0 minutes and 0.35 seconds (0.35s).
[2025-12-14T06:11:15.738+0000] {subprocess.py:93} INFO - [0m06:11:15
[2025-12-14T06:11:15.739+0000] {subprocess.py:93} INFO - [0m06:11:15  [32mCompleted successfully[0m
[2025-12-14T06:11:15.739+0000] {subprocess.py:93} INFO - [0m06:11:15
[2025-12-14T06:11:15.739+0000] {subprocess.py:93} INFO - [0m06:11:15  Done. PASS=4 WARN=0 ERROR=0 SKIP=0 NO-OP=0 TOTAL=4
[2025-12-14T06:11:15.740+0000] {subprocess.py:93} INFO - [0m06:11:15  [[33mWARNING[0m][DeprecationsSummary]: Deprecated functionality
[2025-12-14T06:11:15.740+0000] {subprocess.py:93} INFO - Summary of encountered deprecations:
[2025-12-14T06:11:15.740+0000] {subprocess.py:93} INFO - - ConfigLogPathDeprecation: 1 occurrence
[2025-12-14T06:11:15.740+0000] {subprocess.py:93} INFO - - ConfigTargetPathDeprecation: 1 occurrence
[2025-12-14T06:11:15.740+0000] {subprocess.py:93} INFO - To see all deprecation instances instead of just the first occurrence of each,
[2025-12-14T06:11:15.740+0000] {subprocess.py:93} INFO - run command again with the `--show-all-deprecations` flag. You may also need to
[2025-12-14T06:11:15.740+0000] {subprocess.py:93} INFO - run with `--no-partial-parse` as some deprecations are only encountered during
[2025-12-14T06:11:15.741+0000] {subprocess.py:93} INFO - parsing.
[2025-12-14T06:11:16.337+0000] {subprocess.py:97} INFO - Command exited with return code 0
[2025-12-14T06:11:16.337+0000] {taskinstance.py:441} INFO - ::group::Post task execution logs
[2025-12-14T06:11:16.364+0000] {taskinstance.py:1206} INFO - Marking task as SUCCESS. dag_id=caspian_full_pipeline, task_id=dbt_build_staging, run_id=manual__2025-12-14T06:11:08.981138+00:00, execution_date=20251214T061108, start_date=20251214T061113, end_date=20251214T061116
[2025-12-14T06:11:16.410+0000] {local_task_job_runner.py:243} INFO - Task exited with return code 0
[2025-12-14T06:11:16.430+0000] {taskinstance.py:3503} INFO - 1 downstream tasks scheduled from follow-on schedule check
[2025-12-14T06:11:16.432+0000] {local_task_job_runner.py:222} INFO - ::endgroup::
