[2025-12-13T19:20:02.793+0000] {local_task_job_runner.py:120} INFO - ::group::Pre task execution logs
[2025-12-13T19:20:02.810+0000] {taskinstance.py:2076} INFO - Dependencies all met for dep_context=non-requeueable deps ti=<TaskInstance: caspian_full_pipeline.dbt_build_and_snapshot manual__2025-12-13T19:20:02.251240+00:00 [queued]>
[2025-12-13T19:20:02.815+0000] {taskinstance.py:2076} INFO - Dependencies all met for dep_context=requeueable deps ti=<TaskInstance: caspian_full_pipeline.dbt_build_and_snapshot manual__2025-12-13T19:20:02.251240+00:00 [queued]>
[2025-12-13T19:20:02.815+0000] {taskinstance.py:2306} INFO - Starting attempt 1 of 1
[2025-12-13T19:20:02.826+0000] {taskinstance.py:2330} INFO - Executing <Task(BashOperator): dbt_build_and_snapshot> on 2025-12-13 19:20:02.251240+00:00
[2025-12-13T19:20:02.832+0000] {warnings.py:112} WARNING - /home/***/.local/lib/python3.12/site-packages/***/task/task_runner/standard_task_runner.py:62: DeprecationWarning: This process (pid=76) is multi-threaded, use of fork() may lead to deadlocks in the child.
  pid = os.fork()

[2025-12-13T19:20:02.833+0000] {standard_task_runner.py:64} INFO - Started process 77 to run task
[2025-12-13T19:20:02.833+0000] {standard_task_runner.py:90} INFO - Running: ['***', 'tasks', 'run', 'caspian_full_pipeline', 'dbt_build_and_snapshot', 'manual__2025-12-13T19:20:02.251240+00:00', '--job-id', '38', '--raw', '--subdir', 'DAGS_FOLDER/caspian_full_pipeline.py', '--cfg-path', '/tmp/tmp9kfsvuor']
[2025-12-13T19:20:02.834+0000] {standard_task_runner.py:91} INFO - Job 38: Subtask dbt_build_and_snapshot
[2025-12-13T19:20:02.864+0000] {task_command.py:426} INFO - Running <TaskInstance: caspian_full_pipeline.dbt_build_and_snapshot manual__2025-12-13T19:20:02.251240+00:00 [running]> on host 3c0ddfc4fe5e
[2025-12-13T19:20:02.939+0000] {taskinstance.py:2648} INFO - Exporting env vars: AIRFLOW_CTX_DAG_OWNER='***' AIRFLOW_CTX_DAG_ID='caspian_full_pipeline' AIRFLOW_CTX_TASK_ID='dbt_build_and_snapshot' AIRFLOW_CTX_EXECUTION_DATE='2025-12-13T19:20:02.251240+00:00' AIRFLOW_CTX_TRY_NUMBER='1' AIRFLOW_CTX_DAG_RUN_ID='manual__2025-12-13T19:20:02.251240+00:00'
[2025-12-13T19:20:02.939+0000] {taskinstance.py:430} INFO - ::endgroup::
[2025-12-13T19:20:02.949+0000] {subprocess.py:63} INFO - Tmp dir root location: /tmp
[2025-12-13T19:20:02.949+0000] {subprocess.py:75} INFO - Running command: ['/usr/bin/bash', '-c', '\n        set -euo pipefail\n\n        export DBT_PROFILES_DIR=/home/***/.dbt\n        export DBT_LOG_PATH=/opt/***/logs/dbt\n        export DBT_TARGET_PATH=/opt/***/dbt_target\n\n        mkdir -p "$DBT_LOG_PATH" "$DBT_TARGET_PATH"\n\n        cd /opt/project/caspian_vault\n\n        /home/***/.local/bin/dbt deps --profile caspian_vault --target dev\n        /home/***/.local/bin/dbt build --profile caspian_vault --target dev\n        /home/***/.local/bin/dbt snapshot --profile caspian_vault --target dev\n        ']
[2025-12-13T19:20:02.959+0000] {subprocess.py:86} INFO - Output:
[2025-12-13T19:20:04.305+0000] {subprocess.py:93} INFO - [0m19:20:04  Running with dbt=1.10.15
[2025-12-13T19:20:04.311+0000] {subprocess.py:93} INFO - [0m19:20:04  [[33mWARNING[0m]: Deprecated functionality
[2025-12-13T19:20:04.312+0000] {subprocess.py:93} INFO - The `log-path` config in `dbt_project.yml` has been deprecated, and will no
[2025-12-13T19:20:04.312+0000] {subprocess.py:93} INFO - longer be supported in a future version of dbt-core. If you wish to write dbt
[2025-12-13T19:20:04.312+0000] {subprocess.py:93} INFO - logs to a custom directory, please use the --log-path CLI flag or DBT_LOG_PATH
[2025-12-13T19:20:04.312+0000] {subprocess.py:93} INFO - env var instead.
[2025-12-13T19:20:04.312+0000] {subprocess.py:93} INFO - [0m19:20:04  [[33mWARNING[0m]: Deprecated functionality
[2025-12-13T19:20:04.312+0000] {subprocess.py:93} INFO - The `target-path` config in `dbt_project.yml` has been deprecated, and will no
[2025-12-13T19:20:04.312+0000] {subprocess.py:93} INFO - longer be supported in a future version of dbt-core. If you wish to write dbt
[2025-12-13T19:20:04.312+0000] {subprocess.py:93} INFO - artifacts to a custom directory, please use the --target-path CLI flag or
[2025-12-13T19:20:04.313+0000] {subprocess.py:93} INFO - DBT_TARGET_PATH env var instead.
[2025-12-13T19:20:04.614+0000] {subprocess.py:93} INFO - [0m19:20:04  Installing dbt-labs/dbt_utils
[2025-12-13T19:20:04.855+0000] {subprocess.py:93} INFO - [0m19:20:04  Installed from version 1.3.0
[2025-12-13T19:20:04.855+0000] {subprocess.py:93} INFO - [0m19:20:04  Updated version available: 1.3.3
[2025-12-13T19:20:04.856+0000] {subprocess.py:93} INFO - [0m19:20:04
[2025-12-13T19:20:04.856+0000] {subprocess.py:93} INFO - [0m19:20:04  Updates available for packages: ['dbt-labs/dbt_utils']
[2025-12-13T19:20:04.856+0000] {subprocess.py:93} INFO - Update your versions in packages.yml, then run dbt deps
[2025-12-13T19:20:04.857+0000] {subprocess.py:93} INFO - [0m19:20:04  [[33mWARNING[0m][DeprecationsSummary]: Deprecated functionality
[2025-12-13T19:20:04.857+0000] {subprocess.py:93} INFO - Summary of encountered deprecations:
[2025-12-13T19:20:04.857+0000] {subprocess.py:93} INFO - - ConfigLogPathDeprecation: 1 occurrence
[2025-12-13T19:20:04.857+0000] {subprocess.py:93} INFO - - ConfigTargetPathDeprecation: 1 occurrence
[2025-12-13T19:20:04.857+0000] {subprocess.py:93} INFO - To see all deprecation instances instead of just the first occurrence of each,
[2025-12-13T19:20:04.857+0000] {subprocess.py:93} INFO - run command again with the `--show-all-deprecations` flag. You may also need to
[2025-12-13T19:20:04.858+0000] {subprocess.py:93} INFO - run with `--no-partial-parse` as some deprecations are only encountered during
[2025-12-13T19:20:04.858+0000] {subprocess.py:93} INFO - parsing.
[2025-12-13T19:20:06.777+0000] {subprocess.py:93} INFO - [0m19:20:06  Running with dbt=1.10.15
[2025-12-13T19:20:06.821+0000] {subprocess.py:93} INFO - [0m19:20:06  [[33mWARNING[0m]: Deprecated functionality
[2025-12-13T19:20:06.821+0000] {subprocess.py:93} INFO - The `log-path` config in `dbt_project.yml` has been deprecated, and will no
[2025-12-13T19:20:06.821+0000] {subprocess.py:93} INFO - longer be supported in a future version of dbt-core. If you wish to write dbt
[2025-12-13T19:20:06.822+0000] {subprocess.py:93} INFO - logs to a custom directory, please use the --log-path CLI flag or DBT_LOG_PATH
[2025-12-13T19:20:06.822+0000] {subprocess.py:93} INFO - env var instead.
[2025-12-13T19:20:06.822+0000] {subprocess.py:93} INFO - [0m19:20:06  [[33mWARNING[0m]: Deprecated functionality
[2025-12-13T19:20:06.822+0000] {subprocess.py:93} INFO - The `target-path` config in `dbt_project.yml` has been deprecated, and will no
[2025-12-13T19:20:06.822+0000] {subprocess.py:93} INFO - longer be supported in a future version of dbt-core. If you wish to write dbt
[2025-12-13T19:20:06.822+0000] {subprocess.py:93} INFO - artifacts to a custom directory, please use the --target-path CLI flag or
[2025-12-13T19:20:06.822+0000] {subprocess.py:93} INFO - DBT_TARGET_PATH env var instead.
[2025-12-13T19:20:06.999+0000] {subprocess.py:93} INFO - [0m19:20:06  Registered adapter: postgres=1.9.0
[2025-12-13T19:20:07.243+0000] {subprocess.py:93} INFO - [0m19:20:07  [[33mWARNING[0m]: Configuration paths exist in your dbt_project.yml file which do not apply to any resources.
[2025-12-13T19:20:07.243+0000] {subprocess.py:93} INFO - There are 1 unused configuration paths:
[2025-12-13T19:20:07.243+0000] {subprocess.py:93} INFO - - models.caspian_vault.example
[2025-12-13T19:20:07.421+0000] {subprocess.py:93} INFO - [0m19:20:07  Found 16 models, 1 snapshot, 19 data tests, 3 sources, 578 macros
[2025-12-13T19:20:07.424+0000] {subprocess.py:93} INFO - [0m19:20:07
[2025-12-13T19:20:07.425+0000] {subprocess.py:93} INFO - [0m19:20:07  Concurrency: 4 threads (target='dev')
[2025-12-13T19:20:07.425+0000] {subprocess.py:93} INFO - [0m19:20:07
[2025-12-13T19:20:07.538+0000] {subprocess.py:93} INFO - [0m19:20:07  1 of 36 START sql view model public.raw_recovered_1 ............................ [RUN]
[2025-12-13T19:20:07.538+0000] {subprocess.py:93} INFO - [0m19:20:07  2 of 36 START sql view model public.raw_recovered_2 ............................ [RUN]
[2025-12-13T19:20:07.539+0000] {subprocess.py:93} INFO - [0m19:20:07  3 of 36 START sql view model public.raw_sgx_all ................................ [RUN]
[2025-12-13T19:20:07.613+0000] {subprocess.py:93} INFO - [0m19:20:07  2 of 36 ERROR creating sql view model public.raw_recovered_2 ................... [[31mERROR[0m in 0.07s]
[2025-12-13T19:20:07.613+0000] {subprocess.py:93} INFO - [0m19:20:07  1 of 36 ERROR creating sql view model public.raw_recovered_1 ................... [[31mERROR[0m in 0.07s]
[2025-12-13T19:20:07.614+0000] {subprocess.py:93} INFO - [0m19:20:07  3 of 36 ERROR creating sql view model public.raw_sgx_all ....................... [[31mERROR[0m in 0.07s]
[2025-12-13T19:20:07.618+0000] {subprocess.py:93} INFO - [0m19:20:07  4 of 36 SKIP relation public.stg_readings ...................................... [[33mSKIP[0m]
[2025-12-13T19:20:07.620+0000] {subprocess.py:93} INFO - [0m19:20:07  5 of 36 SKIP test dbt_utils_expression_is_true_stg_readings_survey_type_id_is_not_null  [[33mSKIP[0m]
[2025-12-13T19:20:07.620+0000] {subprocess.py:93} INFO - [0m19:20:07  6 of 36 SKIP test dbt_utils_expression_is_true_stg_readings_well_id_is_not_null  [[33mSKIP[0m]
[2025-12-13T19:20:07.623+0000] {subprocess.py:93} INFO - [0m19:20:07  7 of 36 SKIP relation public.dv_hub_survey_type ................................ [[33mSKIP[0m]
[2025-12-13T19:20:07.624+0000] {subprocess.py:93} INFO - [0m19:20:07  8 of 36 SKIP relation public.dv_hub_well ....................................... [[33mSKIP[0m]
[2025-12-13T19:20:07.624+0000] {subprocess.py:93} INFO - [0m19:20:07  9 of 36 SKIP relation public.dv_link_well_survey ............................... [[33mSKIP[0m]
[2025-12-13T19:20:07.625+0000] {subprocess.py:93} INFO - [0m19:20:07  10 of 36 SKIP relation public.dv_sat_readings .................................. [[33mSKIP[0m]
[2025-12-13T19:20:07.629+0000] {subprocess.py:93} INFO - [0m19:20:07  11 of 36 SKIP test not_null_dv_hub_survey_type_hk_survey_type .................. [[33mSKIP[0m]
[2025-12-13T19:20:07.630+0000] {subprocess.py:93} INFO - [0m19:20:07  12 of 36 SKIP test not_null_dv_hub_survey_type_survey_type_bk .................. [[33mSKIP[0m]
[2025-12-13T19:20:07.630+0000] {subprocess.py:93} INFO - [0m19:20:07  13 of 36 SKIP test unique_dv_hub_survey_type_hk_survey_type .................... [[33mSKIP[0m]
[2025-12-13T19:20:07.631+0000] {subprocess.py:93} INFO - [0m19:20:07  14 of 36 SKIP test not_null_dv_hub_well_hk_well ................................ [[33mSKIP[0m]
[2025-12-13T19:20:07.634+0000] {subprocess.py:93} INFO - [0m19:20:07  15 of 36 SKIP test not_null_dv_hub_well_well_id_bk ............................. [[33mSKIP[0m]
[2025-12-13T19:20:07.634+0000] {subprocess.py:93} INFO - [0m19:20:07  16 of 36 SKIP test unique_dv_hub_well_hk_well .................................. [[33mSKIP[0m]
[2025-12-13T19:20:07.635+0000] {subprocess.py:93} INFO - [0m19:20:07  17 of 36 SKIP test not_null_dv_link_well_survey_hk_survey_type ................. [[33mSKIP[0m]
[2025-12-13T19:20:07.635+0000] {subprocess.py:93} INFO - [0m19:20:07  18 of 36 SKIP test not_null_dv_link_well_survey_hk_well ........................ [[33mSKIP[0m]
[2025-12-13T19:20:07.639+0000] {subprocess.py:93} INFO - [0m19:20:07  19 of 36 SKIP test not_null_dv_link_well_survey_hk_well_survey ................. [[33mSKIP[0m]
[2025-12-13T19:20:07.639+0000] {subprocess.py:93} INFO - [0m19:20:07  20 of 36 SKIP test relationships_dv_link_well_survey_hk_survey_type__hk_survey_type__ref_dv_hub_survey_type_  [[33mSKIP[0m]
[2025-12-13T19:20:07.640+0000] {subprocess.py:93} INFO - [0m19:20:07  21 of 36 SKIP test relationships_dv_link_well_survey_hk_well__hk_well__ref_dv_hub_well_  [[33mSKIP[0m]
[2025-12-13T19:20:07.640+0000] {subprocess.py:93} INFO - [0m19:20:07  22 of 36 SKIP test unique_dv_link_well_survey_hk_well_survey ................... [[33mSKIP[0m]
[2025-12-13T19:20:07.644+0000] {subprocess.py:93} INFO - [0m19:20:07  23 of 36 SKIP test not_null_dv_sat_readings_hk_well_survey ..................... [[33mSKIP[0m]
[2025-12-13T19:20:07.644+0000] {subprocess.py:93} INFO - [0m19:20:07  24 of 36 SKIP test not_null_dv_sat_readings_load_ts ............................ [[33mSKIP[0m]
[2025-12-13T19:20:07.645+0000] {subprocess.py:93} INFO - [0m19:20:07  25 of 36 SKIP test not_null_dv_sat_readings_row_checksum ....................... [[33mSKIP[0m]
[2025-12-13T19:20:07.645+0000] {subprocess.py:93} INFO - [0m19:20:07  26 of 36 SKIP test relationships_dv_sat_readings_hk_well_survey__hk_well_survey__ref_dv_link_well_survey_  [[33mSKIP[0m]
[2025-12-13T19:20:07.649+0000] {subprocess.py:93} INFO - [0m19:20:07  27 of 36 SKIP test test_counts_match ........................................... [[33mSKIP[0m]
[2025-12-13T19:20:07.649+0000] {subprocess.py:93} INFO - [0m19:20:07  28 of 36 SKIP relation public.dim_survey_type .................................. [[33mSKIP[0m]
[2025-12-13T19:20:07.650+0000] {subprocess.py:93} INFO - [0m19:20:07  29 of 36 SKIP relation public.dim_well ......................................... [[33mSKIP[0m]
[2025-12-13T19:20:07.654+0000] {subprocess.py:93} INFO - [0m19:20:07  30 of 36 SKIP relation public.dim_source_format ................................ [[33mSKIP[0m]
[2025-12-13T19:20:07.655+0000] {subprocess.py:93} INFO - [0m19:20:07  31 of 36 SKIP relation public.dim_time ......................................... [[33mSKIP[0m]
[2025-12-13T19:20:07.655+0000] {subprocess.py:93} INFO - [0m19:20:07  32 of 36 SKIP relation public.fct_readings ..................................... [[33mSKIP[0m]
[2025-12-13T19:20:07.658+0000] {subprocess.py:93} INFO - [0m19:20:07  33 of 36 SKIP relation public.mart_sensor_analysis ............................. [[33mSKIP[0m]
[2025-12-13T19:20:07.659+0000] {subprocess.py:93} INFO - [0m19:20:07  34 of 36 SKIP relation public.mart_survey_summary .............................. [[33mSKIP[0m]
[2025-12-13T19:20:07.660+0000] {subprocess.py:93} INFO - [0m19:20:07  35 of 36 SKIP relation public.mart_well_performance ............................ [[33mSKIP[0m]
[2025-12-13T19:20:07.662+0000] {subprocess.py:93} INFO - [0m19:20:07  36 of 36 SKIP relation snapshots.snap_mart_well_performance .................... [[33mSKIP[0m]
[2025-12-13T19:20:07.672+0000] {subprocess.py:93} INFO - [0m19:20:07
[2025-12-13T19:20:07.672+0000] {subprocess.py:93} INFO - [0m19:20:07  Finished running 1 snapshot, 13 table models, 19 data tests, 3 view models in 0 hours 0 minutes and 0.25 seconds (0.25s).
[2025-12-13T19:20:07.755+0000] {subprocess.py:93} INFO - [0m19:20:07
[2025-12-13T19:20:07.756+0000] {subprocess.py:93} INFO - [0m19:20:07  [31mCompleted with 3 errors, 0 partial successes, and 0 warnings:[0m
[2025-12-13T19:20:07.756+0000] {subprocess.py:93} INFO - [0m19:20:07
[2025-12-13T19:20:07.756+0000] {subprocess.py:93} INFO - [0m19:20:07  [31mFailure in model raw_recovered_2 (models/raw/raw_recovered_2.sql)[0m
[2025-12-13T19:20:07.757+0000] {subprocess.py:93} INFO - [0m19:20:07    Database Error in model raw_recovered_2 (models/raw/raw_recovered_2.sql)
[2025-12-13T19:20:07.757+0000] {subprocess.py:93} INFO -   relation "public.raw_recovered_2" does not exist
[2025-12-13T19:20:07.757+0000] {subprocess.py:93} INFO -   LINE 7:     select * from public.raw_recovered_2
[2025-12-13T19:20:07.757+0000] {subprocess.py:93} INFO -                             ^
[2025-12-13T19:20:07.757+0000] {subprocess.py:93} INFO -   compiled code at /opt/***/dbt_target/run/caspian_vault/models/raw/raw_recovered_2.sql
[2025-12-13T19:20:07.757+0000] {subprocess.py:93} INFO - [0m19:20:07
[2025-12-13T19:20:07.757+0000] {subprocess.py:93} INFO - [0m19:20:07    compiled code at /opt/***/dbt_target/compiled/caspian_vault/models/raw/raw_recovered_2.sql
[2025-12-13T19:20:07.757+0000] {subprocess.py:93} INFO - [0m19:20:07
[2025-12-13T19:20:07.758+0000] {subprocess.py:93} INFO - [0m19:20:07  [31mFailure in model raw_recovered_1 (models/raw/raw_recovered_1.sql)[0m
[2025-12-13T19:20:07.758+0000] {subprocess.py:93} INFO - [0m19:20:07    Database Error in model raw_recovered_1 (models/raw/raw_recovered_1.sql)
[2025-12-13T19:20:07.758+0000] {subprocess.py:93} INFO -   relation "public.raw_recovered_1" does not exist
[2025-12-13T19:20:07.758+0000] {subprocess.py:93} INFO -   LINE 7:     select * from public.raw_recovered_1
[2025-12-13T19:20:07.758+0000] {subprocess.py:93} INFO -                             ^
[2025-12-13T19:20:07.758+0000] {subprocess.py:93} INFO -   compiled code at /opt/***/dbt_target/run/caspian_vault/models/raw/raw_recovered_1.sql
[2025-12-13T19:20:07.758+0000] {subprocess.py:93} INFO - [0m19:20:07
[2025-12-13T19:20:07.759+0000] {subprocess.py:93} INFO - [0m19:20:07    compiled code at /opt/***/dbt_target/compiled/caspian_vault/models/raw/raw_recovered_1.sql
[2025-12-13T19:20:07.759+0000] {subprocess.py:93} INFO - [0m19:20:07
[2025-12-13T19:20:07.759+0000] {subprocess.py:93} INFO - [0m19:20:07  [31mFailure in model raw_sgx_all (models/raw/raw_sgx_all.sql)[0m
[2025-12-13T19:20:07.759+0000] {subprocess.py:93} INFO - [0m19:20:07    Database Error in model raw_sgx_all (models/raw/raw_sgx_all.sql)
[2025-12-13T19:20:07.760+0000] {subprocess.py:93} INFO -   relation "public.raw_sgx_all" does not exist
[2025-12-13T19:20:07.760+0000] {subprocess.py:93} INFO -   LINE 7:     select * from public.raw_sgx_all
[2025-12-13T19:20:07.760+0000] {subprocess.py:93} INFO -                             ^
[2025-12-13T19:20:07.760+0000] {subprocess.py:93} INFO -   compiled code at /opt/***/dbt_target/run/caspian_vault/models/raw/raw_sgx_all.sql
[2025-12-13T19:20:07.760+0000] {subprocess.py:93} INFO - [0m19:20:07
[2025-12-13T19:20:07.760+0000] {subprocess.py:93} INFO - [0m19:20:07    compiled code at /opt/***/dbt_target/compiled/caspian_vault/models/raw/raw_sgx_all.sql
[2025-12-13T19:20:07.760+0000] {subprocess.py:93} INFO - [0m19:20:07
[2025-12-13T19:20:07.761+0000] {subprocess.py:93} INFO - [0m19:20:07  Done. PASS=0 WARN=0 ERROR=3 SKIP=33 NO-OP=0 TOTAL=36
[2025-12-13T19:20:07.761+0000] {subprocess.py:93} INFO - [0m19:20:07  [[33mWARNING[0m][DeprecationsSummary]: Deprecated functionality
[2025-12-13T19:20:07.761+0000] {subprocess.py:93} INFO - Summary of encountered deprecations:
[2025-12-13T19:20:07.761+0000] {subprocess.py:93} INFO - - ConfigLogPathDeprecation: 1 occurrence
[2025-12-13T19:20:07.761+0000] {subprocess.py:93} INFO - - ConfigTargetPathDeprecation: 1 occurrence
[2025-12-13T19:20:07.761+0000] {subprocess.py:93} INFO - To see all deprecation instances instead of just the first occurrence of each,
[2025-12-13T19:20:07.762+0000] {subprocess.py:93} INFO - run command again with the `--show-all-deprecations` flag. You may also need to
[2025-12-13T19:20:07.762+0000] {subprocess.py:93} INFO - run with `--no-partial-parse` as some deprecations are only encountered during
[2025-12-13T19:20:07.762+0000] {subprocess.py:93} INFO - parsing.
[2025-12-13T19:20:08.361+0000] {subprocess.py:97} INFO - Command exited with return code 1
[2025-12-13T19:20:08.361+0000] {taskinstance.py:441} INFO - ::group::Post task execution logs
[2025-12-13T19:20:08.372+0000] {taskinstance.py:2905} ERROR - Task failed with exception
Traceback (most recent call last):
  File "/home/airflow/.local/lib/python3.12/site-packages/airflow/models/taskinstance.py", line 465, in _execute_task
    result = _execute_callable(context=context, **execute_callable_kwargs)
             ^^^^^^^^^^^^^^^^^^^^^^^^^^^^^^^^^^^^^^^^^^^^^^^^^^^^^^^^^^^^^
  File "/home/airflow/.local/lib/python3.12/site-packages/airflow/models/taskinstance.py", line 432, in _execute_callable
    return execute_callable(context=context, **execute_callable_kwargs)
           ^^^^^^^^^^^^^^^^^^^^^^^^^^^^^^^^^^^^^^^^^^^^^^^^^^^^^^^^^^^^
  File "/home/airflow/.local/lib/python3.12/site-packages/airflow/models/baseoperator.py", line 401, in wrapper
    return func(self, *args, **kwargs)
           ^^^^^^^^^^^^^^^^^^^^^^^^^^^
  File "/home/airflow/.local/lib/python3.12/site-packages/airflow/operators/bash.py", line 243, in execute
    raise AirflowException(
airflow.exceptions.AirflowException: Bash command failed. The command returned a non-zero exit code 1.
[2025-12-13T19:20:08.374+0000] {taskinstance.py:1206} INFO - Marking task as FAILED. dag_id=caspian_full_pipeline, task_id=dbt_build_and_snapshot, run_id=manual__2025-12-13T19:20:02.251240+00:00, execution_date=20251213T192002, start_date=20251213T192002, end_date=20251213T192008
[2025-12-13T19:20:08.385+0000] {standard_task_runner.py:110} ERROR - Failed to execute job 38 for task dbt_build_and_snapshot (Bash command failed. The command returned a non-zero exit code 1.; 77)
[2025-12-13T19:20:08.414+0000] {local_task_job_runner.py:243} INFO - Task exited with return code 1
[2025-12-13T19:20:08.426+0000] {taskinstance.py:3503} INFO - 0 downstream tasks scheduled from follow-on schedule check
[2025-12-13T19:20:08.428+0000] {local_task_job_runner.py:222} INFO - ::endgroup::
