[2025-12-14T06:00:00.659+0000] {local_task_job_runner.py:120} INFO - ::group::Pre task execution logs
[2025-12-14T06:00:00.677+0000] {taskinstance.py:2076} INFO - Dependencies all met for dep_context=non-requeueable deps ti=<TaskInstance: caspian_full_pipeline.dbt_deps scheduled__2025-12-14T05:00:00+00:00 [queued]>
[2025-12-14T06:00:00.682+0000] {taskinstance.py:2076} INFO - Dependencies all met for dep_context=requeueable deps ti=<TaskInstance: caspian_full_pipeline.dbt_deps scheduled__2025-12-14T05:00:00+00:00 [queued]>
[2025-12-14T06:00:00.682+0000] {taskinstance.py:2306} INFO - Starting attempt 1 of 1
[2025-12-14T06:00:00.692+0000] {taskinstance.py:2330} INFO - Executing <Task(BashOperator): dbt_deps> on 2025-12-14 05:00:00+00:00
[2025-12-14T06:00:00.699+0000] {warnings.py:112} WARNING - /home/***/.local/lib/python3.12/site-packages/***/task/task_runner/standard_task_runner.py:62: DeprecationWarning: This process (pid=82) is multi-threaded, use of fork() may lead to deadlocks in the child.
  pid = os.fork()

[2025-12-14T06:00:00.701+0000] {standard_task_runner.py:64} INFO - Started process 83 to run task
[2025-12-14T06:00:00.700+0000] {standard_task_runner.py:90} INFO - Running: ['***', 'tasks', 'run', 'caspian_full_pipeline', 'dbt_deps', 'scheduled__2025-12-14T05:00:00+00:00', '--job-id', '104', '--raw', '--subdir', 'DAGS_FOLDER/caspian_full_pipeline.py', '--cfg-path', '/tmp/tmp_mk5cl6b']
[2025-12-14T06:00:00.701+0000] {standard_task_runner.py:91} INFO - Job 104: Subtask dbt_deps
[2025-12-14T06:00:00.733+0000] {task_command.py:426} INFO - Running <TaskInstance: caspian_full_pipeline.dbt_deps scheduled__2025-12-14T05:00:00+00:00 [running]> on host 028ae9881a4e
[2025-12-14T06:00:00.797+0000] {taskinstance.py:2648} INFO - Exporting env vars: AIRFLOW_CTX_DAG_OWNER='***' AIRFLOW_CTX_DAG_ID='caspian_full_pipeline' AIRFLOW_CTX_TASK_ID='dbt_deps' AIRFLOW_CTX_EXECUTION_DATE='2025-12-14T05:00:00+00:00' AIRFLOW_CTX_TRY_NUMBER='1' AIRFLOW_CTX_DAG_RUN_ID='scheduled__2025-12-14T05:00:00+00:00'
[2025-12-14T06:00:00.798+0000] {taskinstance.py:430} INFO - ::endgroup::
[2025-12-14T06:00:00.820+0000] {subprocess.py:63} INFO - Tmp dir root location: /tmp
[2025-12-14T06:00:00.821+0000] {subprocess.py:75} INFO - Running command: ['/usr/bin/bash', '-c', '\nset -euo pipefail\nexport DBT_PROFILES_DIR=/opt/project/caspian_vault/dbt_profiles\nexport DBT_LOG_PATH=/opt/***/logs/dbt\nexport DBT_TARGET_PATH=/opt/***/dbt_target\nexport DBT_STATE_PATH=/opt/***/dbt_state\nexport DBT_PACKAGES_INSTALL_PATH=/opt/***/dbt_packages\n\nmkdir -p "$DBT_LOG_PATH" "$DBT_TARGET_PATH" "$DBT_PACKAGES_INSTALL_PATH"\ncd /opt/project/caspian_vault\n\n/home/***/.local/bin/dbt deps --profile caspian_vault --target dev']
[2025-12-14T06:00:00.831+0000] {subprocess.py:86} INFO - Output:
[2025-12-14T06:00:02.210+0000] {subprocess.py:93} INFO - [0m06:00:02  Running with dbt=1.10.15
[2025-12-14T06:00:02.217+0000] {subprocess.py:93} INFO - [0m06:00:02  [[33mWARNING[0m]: Deprecated functionality
[2025-12-14T06:00:02.217+0000] {subprocess.py:93} INFO - The `log-path` config in `dbt_project.yml` has been deprecated, and will no
[2025-12-14T06:00:02.217+0000] {subprocess.py:93} INFO - longer be supported in a future version of dbt-core. If you wish to write dbt
[2025-12-14T06:00:02.217+0000] {subprocess.py:93} INFO - logs to a custom directory, please use the --log-path CLI flag or DBT_LOG_PATH
[2025-12-14T06:00:02.217+0000] {subprocess.py:93} INFO - env var instead.
[2025-12-14T06:00:02.218+0000] {subprocess.py:93} INFO - [0m06:00:02  [[33mWARNING[0m]: Deprecated functionality
[2025-12-14T06:00:02.218+0000] {subprocess.py:93} INFO - The `target-path` config in `dbt_project.yml` has been deprecated, and will no
[2025-12-14T06:00:02.218+0000] {subprocess.py:93} INFO - longer be supported in a future version of dbt-core. If you wish to write dbt
[2025-12-14T06:00:02.218+0000] {subprocess.py:93} INFO - artifacts to a custom directory, please use the --target-path CLI flag or
[2025-12-14T06:00:02.218+0000] {subprocess.py:93} INFO - DBT_TARGET_PATH env var instead.
[2025-12-14T06:00:02.469+0000] {subprocess.py:93} INFO - [0m06:00:02  Installing dbt-labs/dbt_utils
[2025-12-14T06:00:03.052+0000] {subprocess.py:93} INFO - [0m06:00:03  Installed from version 1.3.0
[2025-12-14T06:00:03.052+0000] {subprocess.py:93} INFO - [0m06:00:03  Updated version available: 1.3.3
[2025-12-14T06:00:03.053+0000] {subprocess.py:93} INFO - [0m06:00:03
[2025-12-14T06:00:03.053+0000] {subprocess.py:93} INFO - [0m06:00:03  Updates available for packages: ['dbt-labs/dbt_utils']
[2025-12-14T06:00:03.054+0000] {subprocess.py:93} INFO - Update your versions in packages.yml, then run dbt deps
[2025-12-14T06:00:03.054+0000] {subprocess.py:93} INFO - [0m06:00:03  [[33mWARNING[0m][DeprecationsSummary]: Deprecated functionality
[2025-12-14T06:00:03.054+0000] {subprocess.py:93} INFO - Summary of encountered deprecations:
[2025-12-14T06:00:03.054+0000] {subprocess.py:93} INFO - - ConfigLogPathDeprecation: 1 occurrence
[2025-12-14T06:00:03.054+0000] {subprocess.py:93} INFO - - ConfigTargetPathDeprecation: 1 occurrence
[2025-12-14T06:00:03.054+0000] {subprocess.py:93} INFO - To see all deprecation instances instead of just the first occurrence of each,
[2025-12-14T06:00:03.055+0000] {subprocess.py:93} INFO - run command again with the `--show-all-deprecations` flag. You may also need to
[2025-12-14T06:00:03.055+0000] {subprocess.py:93} INFO - run with `--no-partial-parse` as some deprecations are only encountered during
[2025-12-14T06:00:03.055+0000] {subprocess.py:93} INFO - parsing.
[2025-12-14T06:00:03.676+0000] {subprocess.py:97} INFO - Command exited with return code 0
[2025-12-14T06:00:03.676+0000] {taskinstance.py:441} INFO - ::group::Post task execution logs
[2025-12-14T06:00:03.698+0000] {taskinstance.py:1206} INFO - Marking task as SUCCESS. dag_id=caspian_full_pipeline, task_id=dbt_deps, run_id=scheduled__2025-12-14T05:00:00+00:00, execution_date=20251214T050000, start_date=20251214T060000, end_date=20251214T060003
[2025-12-14T06:00:03.721+0000] {local_task_job_runner.py:243} INFO - Task exited with return code 0
[2025-12-14T06:00:03.741+0000] {taskinstance.py:3503} INFO - 1 downstream tasks scheduled from follow-on schedule check
[2025-12-14T06:00:03.743+0000] {local_task_job_runner.py:222} INFO - ::endgroup::
