[2025-12-13T20:10:26.256+0000] {local_task_job_runner.py:120} INFO - ::group::Pre task execution logs
[2025-12-13T20:10:26.273+0000] {taskinstance.py:2076} INFO - Dependencies all met for dep_context=non-requeueable deps ti=<TaskInstance: caspian_full_pipeline.dbt_build_and_snapshot manual__2025-12-13T20:10:25.652777+00:00 [queued]>
[2025-12-13T20:10:26.278+0000] {taskinstance.py:2076} INFO - Dependencies all met for dep_context=requeueable deps ti=<TaskInstance: caspian_full_pipeline.dbt_build_and_snapshot manual__2025-12-13T20:10:25.652777+00:00 [queued]>
[2025-12-13T20:10:26.278+0000] {taskinstance.py:2306} INFO - Starting attempt 1 of 1
[2025-12-13T20:10:26.289+0000] {taskinstance.py:2330} INFO - Executing <Task(BashOperator): dbt_build_and_snapshot> on 2025-12-13 20:10:25.652777+00:00
[2025-12-13T20:10:26.295+0000] {warnings.py:112} WARNING - /home/***/.local/lib/python3.12/site-packages/***/task/task_runner/standard_task_runner.py:62: DeprecationWarning: This process (pid=480) is multi-threaded, use of fork() may lead to deadlocks in the child.
  pid = os.fork()

[2025-12-13T20:10:26.296+0000] {standard_task_runner.py:64} INFO - Started process 481 to run task
[2025-12-13T20:10:26.296+0000] {standard_task_runner.py:90} INFO - Running: ['***', 'tasks', 'run', 'caspian_full_pipeline', 'dbt_build_and_snapshot', 'manual__2025-12-13T20:10:25.652777+00:00', '--job-id', '43', '--raw', '--subdir', 'DAGS_FOLDER/caspian_full_pipeline.py', '--cfg-path', '/tmp/tmpwqc_lda2']
[2025-12-13T20:10:26.297+0000] {standard_task_runner.py:91} INFO - Job 43: Subtask dbt_build_and_snapshot
[2025-12-13T20:10:26.327+0000] {task_command.py:426} INFO - Running <TaskInstance: caspian_full_pipeline.dbt_build_and_snapshot manual__2025-12-13T20:10:25.652777+00:00 [running]> on host 3c0ddfc4fe5e
[2025-12-13T20:10:26.391+0000] {taskinstance.py:2648} INFO - Exporting env vars: AIRFLOW_CTX_DAG_OWNER='***' AIRFLOW_CTX_DAG_ID='caspian_full_pipeline' AIRFLOW_CTX_TASK_ID='dbt_build_and_snapshot' AIRFLOW_CTX_EXECUTION_DATE='2025-12-13T20:10:25.652777+00:00' AIRFLOW_CTX_TRY_NUMBER='1' AIRFLOW_CTX_DAG_RUN_ID='manual__2025-12-13T20:10:25.652777+00:00'
[2025-12-13T20:10:26.392+0000] {taskinstance.py:430} INFO - ::endgroup::
[2025-12-13T20:10:26.401+0000] {subprocess.py:63} INFO - Tmp dir root location: /tmp
[2025-12-13T20:10:26.402+0000] {subprocess.py:75} INFO - Running command: ['/usr/bin/bash', '-c', '\n        set -euo pipefail\n\n        export DBT_PROFILES_DIR=/home/***/.dbt\n        export DBT_LOG_PATH=/opt/***/logs/dbt\n        export DBT_TARGET_PATH=/opt/***/dbt_target\n\n        mkdir -p "$DBT_LOG_PATH" "$DBT_TARGET_PATH"\n\n        cd /opt/project/caspian_vault\n\n        /home/***/.local/bin/dbt deps --profile caspian_vault --target dev\n        /home/***/.local/bin/dbt build --profile caspian_vault --target dev\n        /home/***/.local/bin/dbt snapshot --profile caspian_vault --target dev\n        ']
[2025-12-13T20:10:26.411+0000] {subprocess.py:86} INFO - Output:
[2025-12-13T20:10:27.751+0000] {subprocess.py:93} INFO - [0m20:10:27  Running with dbt=1.10.15
[2025-12-13T20:10:27.758+0000] {subprocess.py:93} INFO - [0m20:10:27  [[33mWARNING[0m]: Deprecated functionality
[2025-12-13T20:10:27.758+0000] {subprocess.py:93} INFO - The `log-path` config in `dbt_project.yml` has been deprecated, and will no
[2025-12-13T20:10:27.758+0000] {subprocess.py:93} INFO - longer be supported in a future version of dbt-core. If you wish to write dbt
[2025-12-13T20:10:27.758+0000] {subprocess.py:93} INFO - logs to a custom directory, please use the --log-path CLI flag or DBT_LOG_PATH
[2025-12-13T20:10:27.758+0000] {subprocess.py:93} INFO - env var instead.
[2025-12-13T20:10:27.759+0000] {subprocess.py:93} INFO - [0m20:10:27  [[33mWARNING[0m]: Deprecated functionality
[2025-12-13T20:10:27.759+0000] {subprocess.py:93} INFO - The `target-path` config in `dbt_project.yml` has been deprecated, and will no
[2025-12-13T20:10:27.759+0000] {subprocess.py:93} INFO - longer be supported in a future version of dbt-core. If you wish to write dbt
[2025-12-13T20:10:27.759+0000] {subprocess.py:93} INFO - artifacts to a custom directory, please use the --target-path CLI flag or
[2025-12-13T20:10:27.759+0000] {subprocess.py:93} INFO - DBT_TARGET_PATH env var instead.
[2025-12-13T20:10:28.162+0000] {subprocess.py:93} INFO - [0m20:10:28  Installing dbt-labs/dbt_utils
[2025-12-13T20:10:28.405+0000] {subprocess.py:93} INFO - [0m20:10:28  Installed from version 1.3.0
[2025-12-13T20:10:28.405+0000] {subprocess.py:93} INFO - [0m20:10:28  Updated version available: 1.3.3
[2025-12-13T20:10:28.406+0000] {subprocess.py:93} INFO - [0m20:10:28
[2025-12-13T20:10:28.406+0000] {subprocess.py:93} INFO - [0m20:10:28  Updates available for packages: ['dbt-labs/dbt_utils']
[2025-12-13T20:10:28.406+0000] {subprocess.py:93} INFO - Update your versions in packages.yml, then run dbt deps
[2025-12-13T20:10:28.407+0000] {subprocess.py:93} INFO - [0m20:10:28  [[33mWARNING[0m][DeprecationsSummary]: Deprecated functionality
[2025-12-13T20:10:28.407+0000] {subprocess.py:93} INFO - Summary of encountered deprecations:
[2025-12-13T20:10:28.407+0000] {subprocess.py:93} INFO - - ConfigLogPathDeprecation: 1 occurrence
[2025-12-13T20:10:28.407+0000] {subprocess.py:93} INFO - - ConfigTargetPathDeprecation: 1 occurrence
[2025-12-13T20:10:28.407+0000] {subprocess.py:93} INFO - To see all deprecation instances instead of just the first occurrence of each,
[2025-12-13T20:10:28.407+0000] {subprocess.py:93} INFO - run command again with the `--show-all-deprecations` flag. You may also need to
[2025-12-13T20:10:28.407+0000] {subprocess.py:93} INFO - run with `--no-partial-parse` as some deprecations are only encountered during
[2025-12-13T20:10:28.407+0000] {subprocess.py:93} INFO - parsing.
[2025-12-13T20:10:30.399+0000] {subprocess.py:93} INFO - [0m20:10:30  Running with dbt=1.10.15
[2025-12-13T20:10:30.444+0000] {subprocess.py:93} INFO - [0m20:10:30  [[33mWARNING[0m]: Deprecated functionality
[2025-12-13T20:10:30.444+0000] {subprocess.py:93} INFO - The `log-path` config in `dbt_project.yml` has been deprecated, and will no
[2025-12-13T20:10:30.444+0000] {subprocess.py:93} INFO - longer be supported in a future version of dbt-core. If you wish to write dbt
[2025-12-13T20:10:30.444+0000] {subprocess.py:93} INFO - logs to a custom directory, please use the --log-path CLI flag or DBT_LOG_PATH
[2025-12-13T20:10:30.444+0000] {subprocess.py:93} INFO - env var instead.
[2025-12-13T20:10:30.445+0000] {subprocess.py:93} INFO - [0m20:10:30  [[33mWARNING[0m]: Deprecated functionality
[2025-12-13T20:10:30.445+0000] {subprocess.py:93} INFO - The `target-path` config in `dbt_project.yml` has been deprecated, and will no
[2025-12-13T20:10:30.445+0000] {subprocess.py:93} INFO - longer be supported in a future version of dbt-core. If you wish to write dbt
[2025-12-13T20:10:30.445+0000] {subprocess.py:93} INFO - artifacts to a custom directory, please use the --target-path CLI flag or
[2025-12-13T20:10:30.445+0000] {subprocess.py:93} INFO - DBT_TARGET_PATH env var instead.
[2025-12-13T20:10:30.622+0000] {subprocess.py:93} INFO - [0m20:10:30  Registered adapter: postgres=1.9.0
[2025-12-13T20:10:30.864+0000] {subprocess.py:93} INFO - [0m20:10:30  [[33mWARNING[0m]: Configuration paths exist in your dbt_project.yml file which do not apply to any resources.
[2025-12-13T20:10:30.865+0000] {subprocess.py:93} INFO - There are 1 unused configuration paths:
[2025-12-13T20:10:30.865+0000] {subprocess.py:93} INFO - - models.caspian_vault.example
[2025-12-13T20:10:31.044+0000] {subprocess.py:93} INFO - [0m20:10:31  Found 16 models, 1 snapshot, 19 data tests, 3 sources, 578 macros
[2025-12-13T20:10:31.048+0000] {subprocess.py:93} INFO - [0m20:10:31
[2025-12-13T20:10:31.048+0000] {subprocess.py:93} INFO - [0m20:10:31  Concurrency: 4 threads (target='dev')
[2025-12-13T20:10:31.048+0000] {subprocess.py:93} INFO - [0m20:10:31
[2025-12-13T20:10:31.163+0000] {subprocess.py:93} INFO - [0m20:10:31  1 of 36 START sql view model public.raw_recovered_1 ............................ [RUN]
[2025-12-13T20:10:31.163+0000] {subprocess.py:93} INFO - [0m20:10:31  2 of 36 START sql view model public.raw_recovered_2 ............................ [RUN]
[2025-12-13T20:10:31.164+0000] {subprocess.py:93} INFO - [0m20:10:31  3 of 36 START sql view model public.raw_sgx_all ................................ [RUN]
[2025-12-13T20:10:31.342+0000] {subprocess.py:93} INFO - [0m20:10:31  1 of 36 OK created sql view model public.raw_recovered_1 ....................... [[32mCREATE VIEW[0m in 0.17s]
[2025-12-13T20:10:31.343+0000] {subprocess.py:93} INFO - [0m20:10:31  3 of 36 OK created sql view model public.raw_sgx_all ........................... [[32mCREATE VIEW[0m in 0.18s]
[2025-12-13T20:10:31.343+0000] {subprocess.py:93} INFO - [0m20:10:31  2 of 36 OK created sql view model public.raw_recovered_2 ....................... [[32mCREATE VIEW[0m in 0.18s]
[2025-12-13T20:10:31.346+0000] {subprocess.py:93} INFO - [0m20:10:31  4 of 36 START sql table model public.stg_readings .............................. [RUN]
[2025-12-13T20:10:31.406+0000] {subprocess.py:93} INFO - [0m20:10:31  4 of 36 OK created sql table model public.stg_readings ......................... [[32mSELECT 0[0m in 0.06s]
[2025-12-13T20:10:31.408+0000] {subprocess.py:93} INFO - [0m20:10:31  5 of 36 START test dbt_utils_expression_is_true_stg_readings_survey_type_id_is_not_null  [RUN]
[2025-12-13T20:10:31.408+0000] {subprocess.py:93} INFO - [0m20:10:31  6 of 36 START test dbt_utils_expression_is_true_stg_readings_well_id_is_not_null  [RUN]
[2025-12-13T20:10:31.453+0000] {subprocess.py:93} INFO - [0m20:10:31  5 of 36 PASS dbt_utils_expression_is_true_stg_readings_survey_type_id_is_not_null  [[32mPASS[0m in 0.04s]
[2025-12-13T20:10:31.454+0000] {subprocess.py:93} INFO - [0m20:10:31  6 of 36 PASS dbt_utils_expression_is_true_stg_readings_well_id_is_not_null ..... [[32mPASS[0m in 0.04s]
[2025-12-13T20:10:31.457+0000] {subprocess.py:93} INFO - [0m20:10:31  7 of 36 START sql table model public.dv_hub_survey_type ........................ [RUN]
[2025-12-13T20:10:31.458+0000] {subprocess.py:93} INFO - [0m20:10:31  8 of 36 START sql table model public.dv_hub_well ............................... [RUN]
[2025-12-13T20:10:31.458+0000] {subprocess.py:93} INFO - [0m20:10:31  9 of 36 START sql table model public.dv_link_well_survey ....................... [RUN]
[2025-12-13T20:10:31.458+0000] {subprocess.py:93} INFO - [0m20:10:31  10 of 36 START sql table model public.dv_sat_readings .......................... [RUN]
[2025-12-13T20:10:31.537+0000] {subprocess.py:93} INFO - [0m20:10:31  7 of 36 OK created sql table model public.dv_hub_survey_type ................... [[32mSELECT 0[0m in 0.08s]
[2025-12-13T20:10:31.548+0000] {subprocess.py:93} INFO - [0m20:10:31  11 of 36 START test not_null_dv_hub_survey_type_hk_survey_type ................. [RUN]
[2025-12-13T20:10:31.562+0000] {subprocess.py:93} INFO - [0m20:10:31  9 of 36 OK created sql table model public.dv_link_well_survey .................. [[32mSELECT 0[0m in 0.10s]
[2025-12-13T20:10:31.562+0000] {subprocess.py:93} INFO - [0m20:10:31  8 of 36 OK created sql table model public.dv_hub_well .......................... [[32mSELECT 0[0m in 0.10s]
[2025-12-13T20:10:31.563+0000] {subprocess.py:93} INFO - [0m20:10:31  10 of 36 OK created sql table model public.dv_sat_readings ..................... [[32mSELECT 0[0m in 0.10s]
[2025-12-13T20:10:31.567+0000] {subprocess.py:93} INFO - [0m20:10:31  12 of 36 START test not_null_dv_hub_survey_type_survey_type_bk ................. [RUN]
[2025-12-13T20:10:31.567+0000] {subprocess.py:93} INFO - [0m20:10:31  13 of 36 START test unique_dv_hub_survey_type_hk_survey_type ................... [RUN]
[2025-12-13T20:10:31.568+0000] {subprocess.py:93} INFO - [0m20:10:31  14 of 36 START test not_null_dv_link_well_survey_hk_survey_type ................ [RUN]
[2025-12-13T20:10:31.593+0000] {subprocess.py:93} INFO - [0m20:10:31  11 of 36 PASS not_null_dv_hub_survey_type_hk_survey_type ....................... [[32mPASS[0m in 0.04s]
[2025-12-13T20:10:31.595+0000] {subprocess.py:93} INFO - [0m20:10:31  15 of 36 START test not_null_dv_link_well_survey_hk_well ....................... [RUN]
[2025-12-13T20:10:31.611+0000] {subprocess.py:93} INFO - [0m20:10:31  14 of 36 PASS not_null_dv_link_well_survey_hk_survey_type ...................... [[32mPASS[0m in 0.04s]
[2025-12-13T20:10:31.612+0000] {subprocess.py:93} INFO - [0m20:10:31  12 of 36 PASS not_null_dv_hub_survey_type_survey_type_bk ....................... [[32mPASS[0m in 0.04s]
[2025-12-13T20:10:31.613+0000] {subprocess.py:93} INFO - [0m20:10:31  13 of 36 PASS unique_dv_hub_survey_type_hk_survey_type ......................... [[32mPASS[0m in 0.04s]
[2025-12-13T20:10:31.616+0000] {subprocess.py:93} INFO - [0m20:10:31  16 of 36 START test not_null_dv_link_well_survey_hk_well_survey ................ [RUN]
[2025-12-13T20:10:31.617+0000] {subprocess.py:93} INFO - [0m20:10:31  17 of 36 START test relationships_dv_link_well_survey_hk_survey_type__hk_survey_type__ref_dv_hub_survey_type_  [RUN]
[2025-12-13T20:10:31.617+0000] {subprocess.py:93} INFO - [0m20:10:31  18 of 36 START test unique_dv_link_well_survey_hk_well_survey .................. [RUN]
[2025-12-13T20:10:31.638+0000] {subprocess.py:93} INFO - [0m20:10:31  15 of 36 PASS not_null_dv_link_well_survey_hk_well ............................. [[32mPASS[0m in 0.04s]
[2025-12-13T20:10:31.644+0000] {subprocess.py:93} INFO - [0m20:10:31  19 of 36 START test not_null_dv_hub_well_hk_well ............................... [RUN]
[2025-12-13T20:10:31.661+0000] {subprocess.py:93} INFO - [0m20:10:31  16 of 36 PASS not_null_dv_link_well_survey_hk_well_survey ...................... [[32mPASS[0m in 0.04s]
[2025-12-13T20:10:31.661+0000] {subprocess.py:93} INFO - [0m20:10:31  18 of 36 PASS unique_dv_link_well_survey_hk_well_survey ........................ [[32mPASS[0m in 0.04s]
[2025-12-13T20:10:31.662+0000] {subprocess.py:93} INFO - [0m20:10:31  17 of 36 PASS relationships_dv_link_well_survey_hk_survey_type__hk_survey_type__ref_dv_hub_survey_type_  [[32mPASS[0m in 0.04s]
[2025-12-13T20:10:31.665+0000] {subprocess.py:93} INFO - [0m20:10:31  20 of 36 START test not_null_dv_hub_well_well_id_bk ............................ [RUN]
[2025-12-13T20:10:31.666+0000] {subprocess.py:93} INFO - [0m20:10:31  21 of 36 START test relationships_dv_link_well_survey_hk_well__hk_well__ref_dv_hub_well_  [RUN]
[2025-12-13T20:10:31.667+0000] {subprocess.py:93} INFO - [0m20:10:31  22 of 36 START test unique_dv_hub_well_hk_well ................................. [RUN]
[2025-12-13T20:10:31.686+0000] {subprocess.py:93} INFO - [0m20:10:31  19 of 36 PASS not_null_dv_hub_well_hk_well ..................................... [[32mPASS[0m in 0.04s]
[2025-12-13T20:10:31.692+0000] {subprocess.py:93} INFO - [0m20:10:31  23 of 36 START test not_null_dv_sat_readings_hk_well_survey .................... [RUN]
[2025-12-13T20:10:31.708+0000] {subprocess.py:93} INFO - [0m20:10:31  20 of 36 PASS not_null_dv_hub_well_well_id_bk .................................. [[32mPASS[0m in 0.04s]
[2025-12-13T20:10:31.709+0000] {subprocess.py:93} INFO - [0m20:10:31  21 of 36 PASS relationships_dv_link_well_survey_hk_well__hk_well__ref_dv_hub_well_  [[32mPASS[0m in 0.04s]
[2025-12-13T20:10:31.710+0000] {subprocess.py:93} INFO - [0m20:10:31  22 of 36 PASS unique_dv_hub_well_hk_well ....................................... [[32mPASS[0m in 0.04s]
[2025-12-13T20:10:31.712+0000] {subprocess.py:93} INFO - [0m20:10:31  24 of 36 START test not_null_dv_sat_readings_load_ts ........................... [RUN]
[2025-12-13T20:10:31.714+0000] {subprocess.py:93} INFO - [0m20:10:31  25 of 36 START test not_null_dv_sat_readings_row_checksum ...................... [RUN]
[2025-12-13T20:10:31.714+0000] {subprocess.py:93} INFO - [0m20:10:31  26 of 36 START test relationships_dv_sat_readings_hk_well_survey__hk_well_survey__ref_dv_link_well_survey_  [RUN]
[2025-12-13T20:10:31.734+0000] {subprocess.py:93} INFO - [0m20:10:31  23 of 36 PASS not_null_dv_sat_readings_hk_well_survey .......................... [[32mPASS[0m in 0.04s]
[2025-12-13T20:10:31.739+0000] {subprocess.py:93} INFO - [0m20:10:31  27 of 36 START test test_counts_match .......................................... [RUN]
[2025-12-13T20:10:31.756+0000] {subprocess.py:93} INFO - [0m20:10:31  24 of 36 PASS not_null_dv_sat_readings_load_ts ................................. [[32mPASS[0m in 0.04s]
[2025-12-13T20:10:31.757+0000] {subprocess.py:93} INFO - [0m20:10:31  25 of 36 PASS not_null_dv_sat_readings_row_checksum ............................ [[32mPASS[0m in 0.04s]
[2025-12-13T20:10:31.759+0000] {subprocess.py:93} INFO - [0m20:10:31  26 of 36 PASS relationships_dv_sat_readings_hk_well_survey__hk_well_survey__ref_dv_link_well_survey_  [[32mPASS[0m in 0.04s]
[2025-12-13T20:10:31.761+0000] {subprocess.py:93} INFO - [0m20:10:31  28 of 36 START sql table model public.dim_survey_type .......................... [RUN]
[2025-12-13T20:10:31.761+0000] {subprocess.py:93} INFO - [0m20:10:31  29 of 36 START sql table model public.dim_well ................................. [RUN]
[2025-12-13T20:10:31.770+0000] {subprocess.py:93} INFO - [0m20:10:31  27 of 36 PASS test_counts_match ................................................ [[32mPASS[0m in 0.03s]
[2025-12-13T20:10:31.779+0000] {subprocess.py:93} INFO - [0m20:10:31  30 of 36 START sql table model public.dim_source_format ........................ [RUN]
[2025-12-13T20:10:31.779+0000] {subprocess.py:93} INFO - [0m20:10:31  31 of 36 START sql table model public.dim_time ................................. [RUN]
[2025-12-13T20:10:31.843+0000] {subprocess.py:93} INFO - [0m20:10:31  28 of 36 OK created sql table model public.dim_survey_type ..................... [[32mSELECT 0[0m in 0.08s]
[2025-12-13T20:10:31.846+0000] {subprocess.py:93} INFO - [0m20:10:31  32 of 36 START sql table model public.fct_readings ............................. [RUN]
[2025-12-13T20:10:31.856+0000] {subprocess.py:93} INFO - [0m20:10:31  29 of 36 OK created sql table model public.dim_well ............................ [[32mSELECT 0[0m in 0.09s]
[2025-12-13T20:10:31.863+0000] {subprocess.py:93} INFO - [0m20:10:31  30 of 36 OK created sql table model public.dim_source_format ................... [[32mSELECT 0[0m in 0.08s]
[2025-12-13T20:10:31.865+0000] {subprocess.py:93} INFO - [0m20:10:31  31 of 36 OK created sql table model public.dim_time ............................ [[32mSELECT 0[0m in 0.08s]
[2025-12-13T20:10:31.891+0000] {subprocess.py:93} INFO - [0m20:10:31  32 of 36 OK created sql table model public.fct_readings ........................ [[32mSELECT 0[0m in 0.04s]
[2025-12-13T20:10:31.892+0000] {subprocess.py:93} INFO - [0m20:10:31  33 of 36 START sql table model public.mart_sensor_analysis ..................... [RUN]
[2025-12-13T20:10:31.893+0000] {subprocess.py:93} INFO - [0m20:10:31  34 of 36 START sql table model public.mart_survey_summary ...................... [RUN]
[2025-12-13T20:10:31.894+0000] {subprocess.py:93} INFO - [0m20:10:31  35 of 36 START sql table model public.mart_well_performance .................... [RUN]
[2025-12-13T20:10:31.958+0000] {subprocess.py:93} INFO - [0m20:10:31  33 of 36 OK created sql table model public.mart_sensor_analysis ................ [[32mSELECT 0[0m in 0.06s]
[2025-12-13T20:10:31.967+0000] {subprocess.py:93} INFO - [0m20:10:31  34 of 36 OK created sql table model public.mart_survey_summary ................. [[32mSELECT 0[0m in 0.07s]
[2025-12-13T20:10:31.969+0000] {subprocess.py:93} INFO - [0m20:10:31  35 of 36 OK created sql table model public.mart_well_performance ............... [[32mSELECT 0[0m in 0.07s]
[2025-12-13T20:10:31.970+0000] {subprocess.py:93} INFO - [0m20:10:31  36 of 36 START snapshot snapshots.snap_mart_well_performance ................... [RUN]
[2025-12-13T20:10:32.105+0000] {subprocess.py:93} INFO - [0m20:10:32  36 of 36 OK snapshotted snapshots.snap_mart_well_performance ................... [[32mINSERT 0 0[0m in 0.13s]
[2025-12-13T20:10:32.115+0000] {subprocess.py:93} INFO - [0m20:10:32
[2025-12-13T20:10:32.115+0000] {subprocess.py:93} INFO - [0m20:10:32  Finished running 1 snapshot, 13 table models, 19 data tests, 3 view models in 0 hours 0 minutes and 1.07 seconds (1.07s).
[2025-12-13T20:10:32.153+0000] {subprocess.py:93} INFO - [0m20:10:32
[2025-12-13T20:10:32.154+0000] {subprocess.py:93} INFO - [0m20:10:32  [32mCompleted successfully[0m
[2025-12-13T20:10:32.154+0000] {subprocess.py:93} INFO - [0m20:10:32
[2025-12-13T20:10:32.154+0000] {subprocess.py:93} INFO - [0m20:10:32  Done. PASS=36 WARN=0 ERROR=0 SKIP=0 NO-OP=0 TOTAL=36
[2025-12-13T20:10:32.155+0000] {subprocess.py:93} INFO - [0m20:10:32  [[33mWARNING[0m][DeprecationsSummary]: Deprecated functionality
[2025-12-13T20:10:32.155+0000] {subprocess.py:93} INFO - Summary of encountered deprecations:
[2025-12-13T20:10:32.155+0000] {subprocess.py:93} INFO - - ConfigLogPathDeprecation: 1 occurrence
[2025-12-13T20:10:32.155+0000] {subprocess.py:93} INFO - - ConfigTargetPathDeprecation: 1 occurrence
[2025-12-13T20:10:32.155+0000] {subprocess.py:93} INFO - To see all deprecation instances instead of just the first occurrence of each,
[2025-12-13T20:10:32.155+0000] {subprocess.py:93} INFO - run command again with the `--show-all-deprecations` flag. You may also need to
[2025-12-13T20:10:32.156+0000] {subprocess.py:93} INFO - run with `--no-partial-parse` as some deprecations are only encountered during
[2025-12-13T20:10:32.156+0000] {subprocess.py:93} INFO - parsing.
[2025-12-13T20:10:34.229+0000] {subprocess.py:93} INFO - [0m20:10:34  Running with dbt=1.10.15
[2025-12-13T20:10:34.274+0000] {subprocess.py:93} INFO - [0m20:10:34  [[33mWARNING[0m]: Deprecated functionality
[2025-12-13T20:10:34.274+0000] {subprocess.py:93} INFO - The `log-path` config in `dbt_project.yml` has been deprecated, and will no
[2025-12-13T20:10:34.274+0000] {subprocess.py:93} INFO - longer be supported in a future version of dbt-core. If you wish to write dbt
[2025-12-13T20:10:34.274+0000] {subprocess.py:93} INFO - logs to a custom directory, please use the --log-path CLI flag or DBT_LOG_PATH
[2025-12-13T20:10:34.274+0000] {subprocess.py:93} INFO - env var instead.
[2025-12-13T20:10:34.275+0000] {subprocess.py:93} INFO - [0m20:10:34  [[33mWARNING[0m]: Deprecated functionality
[2025-12-13T20:10:34.275+0000] {subprocess.py:93} INFO - The `target-path` config in `dbt_project.yml` has been deprecated, and will no
[2025-12-13T20:10:34.275+0000] {subprocess.py:93} INFO - longer be supported in a future version of dbt-core. If you wish to write dbt
[2025-12-13T20:10:34.275+0000] {subprocess.py:93} INFO - artifacts to a custom directory, please use the --target-path CLI flag or
[2025-12-13T20:10:34.275+0000] {subprocess.py:93} INFO - DBT_TARGET_PATH env var instead.
[2025-12-13T20:10:34.451+0000] {subprocess.py:93} INFO - [0m20:10:34  Registered adapter: postgres=1.9.0
[2025-12-13T20:10:34.696+0000] {subprocess.py:93} INFO - [0m20:10:34  [[33mWARNING[0m]: Configuration paths exist in your dbt_project.yml file which do not apply to any resources.
[2025-12-13T20:10:34.696+0000] {subprocess.py:93} INFO - There are 1 unused configuration paths:
[2025-12-13T20:10:34.696+0000] {subprocess.py:93} INFO - - models.caspian_vault.example
[2025-12-13T20:10:34.865+0000] {subprocess.py:93} INFO - [0m20:10:34  Found 16 models, 1 snapshot, 19 data tests, 3 sources, 578 macros
[2025-12-13T20:10:34.867+0000] {subprocess.py:93} INFO - [0m20:10:34
[2025-12-13T20:10:34.867+0000] {subprocess.py:93} INFO - [0m20:10:34  Concurrency: 4 threads (target='dev')
[2025-12-13T20:10:34.868+0000] {subprocess.py:93} INFO - [0m20:10:34
[2025-12-13T20:10:34.976+0000] {subprocess.py:93} INFO - [0m20:10:34  1 of 1 START snapshot snapshots.snap_mart_well_performance ..................... [RUN]
[2025-12-13T20:10:35.136+0000] {subprocess.py:93} INFO - [0m20:10:35  1 of 1 OK snapshotted snapshots.snap_mart_well_performance ..................... [[32mINSERT 0 0[0m in 0.16s]
[2025-12-13T20:10:35.145+0000] {subprocess.py:93} INFO - [0m20:10:35
[2025-12-13T20:10:35.145+0000] {subprocess.py:93} INFO - [0m20:10:35  Finished running 1 snapshot in 0 hours 0 minutes and 0.28 seconds (0.28s).
[2025-12-13T20:10:35.226+0000] {subprocess.py:93} INFO - [0m20:10:35
[2025-12-13T20:10:35.226+0000] {subprocess.py:93} INFO - [0m20:10:35  [32mCompleted successfully[0m
[2025-12-13T20:10:35.227+0000] {subprocess.py:93} INFO - [0m20:10:35
[2025-12-13T20:10:35.227+0000] {subprocess.py:93} INFO - [0m20:10:35  Done. PASS=1 WARN=0 ERROR=0 SKIP=0 NO-OP=0 TOTAL=1
[2025-12-13T20:10:35.228+0000] {subprocess.py:93} INFO - [0m20:10:35  [[33mWARNING[0m][DeprecationsSummary]: Deprecated functionality
[2025-12-13T20:10:35.228+0000] {subprocess.py:93} INFO - Summary of encountered deprecations:
[2025-12-13T20:10:35.228+0000] {subprocess.py:93} INFO - - ConfigLogPathDeprecation: 1 occurrence
[2025-12-13T20:10:35.228+0000] {subprocess.py:93} INFO - - ConfigTargetPathDeprecation: 1 occurrence
[2025-12-13T20:10:35.228+0000] {subprocess.py:93} INFO - To see all deprecation instances instead of just the first occurrence of each,
[2025-12-13T20:10:35.228+0000] {subprocess.py:93} INFO - run command again with the `--show-all-deprecations` flag. You may also need to
[2025-12-13T20:10:35.228+0000] {subprocess.py:93} INFO - run with `--no-partial-parse` as some deprecations are only encountered during
[2025-12-13T20:10:35.228+0000] {subprocess.py:93} INFO - parsing.
[2025-12-13T20:10:35.822+0000] {subprocess.py:97} INFO - Command exited with return code 0
[2025-12-13T20:10:35.823+0000] {taskinstance.py:441} INFO - ::group::Post task execution logs
[2025-12-13T20:10:35.844+0000] {taskinstance.py:1206} INFO - Marking task as SUCCESS. dag_id=caspian_full_pipeline, task_id=dbt_build_and_snapshot, run_id=manual__2025-12-13T20:10:25.652777+00:00, execution_date=20251213T201025, start_date=20251213T201026, end_date=20251213T201035
[2025-12-13T20:10:35.886+0000] {local_task_job_runner.py:243} INFO - Task exited with return code 0
[2025-12-13T20:10:35.898+0000] {taskinstance.py:3503} INFO - 0 downstream tasks scheduled from follow-on schedule check
[2025-12-13T20:10:35.900+0000] {local_task_job_runner.py:222} INFO - ::endgroup::
