[2025-12-13T16:00:00.586+0000] {local_task_job_runner.py:120} INFO - ::group::Pre task execution logs
[2025-12-13T16:00:00.605+0000] {taskinstance.py:2076} INFO - Dependencies all met for dep_context=non-requeueable deps ti=<TaskInstance: caspian_full_pipeline.dbt_build_and_snapshot scheduled__2025-12-13T15:00:00+00:00 [queued]>
[2025-12-13T16:00:00.611+0000] {taskinstance.py:2076} INFO - Dependencies all met for dep_context=requeueable deps ti=<TaskInstance: caspian_full_pipeline.dbt_build_and_snapshot scheduled__2025-12-13T15:00:00+00:00 [queued]>
[2025-12-13T16:00:00.611+0000] {taskinstance.py:2306} INFO - Starting attempt 1 of 1
[2025-12-13T16:00:00.622+0000] {taskinstance.py:2330} INFO - Executing <Task(BashOperator): dbt_build_and_snapshot> on 2025-12-13 15:00:00+00:00
[2025-12-13T16:00:00.628+0000] {warnings.py:112} WARNING - /home/***/.local/lib/python3.12/site-packages/***/task/task_runner/standard_task_runner.py:62: DeprecationWarning: This process (pid=65) is multi-threaded, use of fork() may lead to deadlocks in the child.
  pid = os.fork()

[2025-12-13T16:00:00.629+0000] {standard_task_runner.py:64} INFO - Started process 66 to run task
[2025-12-13T16:00:00.628+0000] {standard_task_runner.py:90} INFO - Running: ['***', 'tasks', 'run', 'caspian_full_pipeline', 'dbt_build_and_snapshot', 'scheduled__2025-12-13T15:00:00+00:00', '--job-id', '4', '--raw', '--subdir', 'DAGS_FOLDER/caspian_full_pipeline.py', '--cfg-path', '/tmp/tmp311j9y3x']
[2025-12-13T16:00:00.629+0000] {standard_task_runner.py:91} INFO - Job 4: Subtask dbt_build_and_snapshot
[2025-12-13T16:00:00.670+0000] {task_command.py:426} INFO - Running <TaskInstance: caspian_full_pipeline.dbt_build_and_snapshot scheduled__2025-12-13T15:00:00+00:00 [running]> on host 86cdeb5294d9
[2025-12-13T16:00:00.742+0000] {taskinstance.py:2648} INFO - Exporting env vars: AIRFLOW_CTX_DAG_OWNER='***' AIRFLOW_CTX_DAG_ID='caspian_full_pipeline' AIRFLOW_CTX_TASK_ID='dbt_build_and_snapshot' AIRFLOW_CTX_EXECUTION_DATE='2025-12-13T15:00:00+00:00' AIRFLOW_CTX_TRY_NUMBER='1' AIRFLOW_CTX_DAG_RUN_ID='scheduled__2025-12-13T15:00:00+00:00'
[2025-12-13T16:00:00.742+0000] {taskinstance.py:430} INFO - ::endgroup::
[2025-12-13T16:00:00.753+0000] {subprocess.py:63} INFO - Tmp dir root location: /tmp
[2025-12-13T16:00:00.753+0000] {subprocess.py:75} INFO - Running command: ['/usr/bin/bash', '-c', '\n        cd /opt/project/caspian_vault &&\n        dbt deps &&\n        dbt build &&\n        dbt snapshot\n        ']
[2025-12-13T16:00:00.764+0000] {subprocess.py:86} INFO - Output:
[2025-12-13T16:00:02.484+0000] {subprocess.py:93} INFO - [0m16:00:02  Running with dbt=1.10.15
[2025-12-13T16:00:02.491+0000] {subprocess.py:93} INFO - [0m16:00:02  [[33mWARNING[0m]: Deprecated functionality
[2025-12-13T16:00:02.491+0000] {subprocess.py:93} INFO - The `log-path` config in `dbt_project.yml` has been deprecated, and will no
[2025-12-13T16:00:02.492+0000] {subprocess.py:93} INFO - longer be supported in a future version of dbt-core. If you wish to write dbt
[2025-12-13T16:00:02.492+0000] {subprocess.py:93} INFO - logs to a custom directory, please use the --log-path CLI flag or DBT_LOG_PATH
[2025-12-13T16:00:02.492+0000] {subprocess.py:93} INFO - env var instead.
[2025-12-13T16:00:02.492+0000] {subprocess.py:93} INFO - [0m16:00:02  [[33mWARNING[0m]: Deprecated functionality
[2025-12-13T16:00:02.492+0000] {subprocess.py:93} INFO - The `target-path` config in `dbt_project.yml` has been deprecated, and will no
[2025-12-13T16:00:02.492+0000] {subprocess.py:93} INFO - longer be supported in a future version of dbt-core. If you wish to write dbt
[2025-12-13T16:00:02.492+0000] {subprocess.py:93} INFO - artifacts to a custom directory, please use the --target-path CLI flag or
[2025-12-13T16:00:02.492+0000] {subprocess.py:93} INFO - DBT_TARGET_PATH env var instead.
[2025-12-13T16:00:02.964+0000] {subprocess.py:93} INFO - [0m16:00:02  Installing dbt-labs/dbt_utils
[2025-12-13T16:00:03.206+0000] {subprocess.py:93} INFO - [0m16:00:03  Installed from version 1.3.0
[2025-12-13T16:00:03.207+0000] {subprocess.py:93} INFO - [0m16:00:03  Updated version available: 1.3.3
[2025-12-13T16:00:03.207+0000] {subprocess.py:93} INFO - [0m16:00:03
[2025-12-13T16:00:03.208+0000] {subprocess.py:93} INFO - [0m16:00:03  Updates available for packages: ['dbt-labs/dbt_utils']
[2025-12-13T16:00:03.208+0000] {subprocess.py:93} INFO - Update your versions in packages.yml, then run dbt deps
[2025-12-13T16:00:03.208+0000] {subprocess.py:93} INFO - [0m16:00:03  [[33mWARNING[0m][DeprecationsSummary]: Deprecated functionality
[2025-12-13T16:00:03.208+0000] {subprocess.py:93} INFO - Summary of encountered deprecations:
[2025-12-13T16:00:03.209+0000] {subprocess.py:93} INFO - - ConfigLogPathDeprecation: 1 occurrence
[2025-12-13T16:00:03.209+0000] {subprocess.py:93} INFO - - ConfigTargetPathDeprecation: 1 occurrence
[2025-12-13T16:00:03.209+0000] {subprocess.py:93} INFO - To see all deprecation instances instead of just the first occurrence of each,
[2025-12-13T16:00:03.209+0000] {subprocess.py:93} INFO - run command again with the `--show-all-deprecations` flag. You may also need to
[2025-12-13T16:00:03.209+0000] {subprocess.py:93} INFO - run with `--no-partial-parse` as some deprecations are only encountered during
[2025-12-13T16:00:03.209+0000] {subprocess.py:93} INFO - parsing.
[2025-12-13T16:00:05.526+0000] {subprocess.py:93} INFO - [0m16:00:05  Running with dbt=1.10.15
[2025-12-13T16:00:05.571+0000] {subprocess.py:93} INFO - [0m16:00:05  [[33mWARNING[0m]: Deprecated functionality
[2025-12-13T16:00:05.571+0000] {subprocess.py:93} INFO - The `log-path` config in `dbt_project.yml` has been deprecated, and will no
[2025-12-13T16:00:05.572+0000] {subprocess.py:93} INFO - longer be supported in a future version of dbt-core. If you wish to write dbt
[2025-12-13T16:00:05.572+0000] {subprocess.py:93} INFO - logs to a custom directory, please use the --log-path CLI flag or DBT_LOG_PATH
[2025-12-13T16:00:05.572+0000] {subprocess.py:93} INFO - env var instead.
[2025-12-13T16:00:05.572+0000] {subprocess.py:93} INFO - [0m16:00:05  [[33mWARNING[0m]: Deprecated functionality
[2025-12-13T16:00:05.572+0000] {subprocess.py:93} INFO - The `target-path` config in `dbt_project.yml` has been deprecated, and will no
[2025-12-13T16:00:05.572+0000] {subprocess.py:93} INFO - longer be supported in a future version of dbt-core. If you wish to write dbt
[2025-12-13T16:00:05.572+0000] {subprocess.py:93} INFO - artifacts to a custom directory, please use the --target-path CLI flag or
[2025-12-13T16:00:05.572+0000] {subprocess.py:93} INFO - DBT_TARGET_PATH env var instead.
[2025-12-13T16:00:05.749+0000] {subprocess.py:93} INFO - [0m16:00:05  Registered adapter: postgres=1.9.0
[2025-12-13T16:00:05.864+0000] {subprocess.py:93} INFO - [0m16:00:05  Unable to do partial parsing because saved manifest not found. Starting full parse.
[2025-12-13T16:00:07.258+0000] {subprocess.py:93} INFO - [0m16:00:07  [[33mWARNING[0m][MissingArgumentsPropertyInGenericTestDeprecation]: Deprecated
[2025-12-13T16:00:07.259+0000] {subprocess.py:93} INFO - functionality
[2025-12-13T16:00:07.259+0000] {subprocess.py:93} INFO - Found top-level arguments to test `dbt_utils.expression_is_true`. Arguments to
[2025-12-13T16:00:07.259+0000] {subprocess.py:93} INFO - generic tests should be nested under the `arguments` property.`
[2025-12-13T16:00:07.465+0000] {subprocess.py:93} INFO - [0m16:00:07  [[33mWARNING[0m]: Configuration paths exist in your dbt_project.yml file which do not apply to any resources.
[2025-12-13T16:00:07.466+0000] {subprocess.py:93} INFO - There are 1 unused configuration paths:
[2025-12-13T16:00:07.466+0000] {subprocess.py:93} INFO - - models.caspian_vault.example
[2025-12-13T16:00:07.667+0000] {subprocess.py:93} INFO - [0m16:00:07  Found 16 models, 1 snapshot, 19 data tests, 3 sources, 578 macros
[2025-12-13T16:00:07.671+0000] {subprocess.py:93} INFO - [0m16:00:07
[2025-12-13T16:00:07.671+0000] {subprocess.py:93} INFO - [0m16:00:07  Concurrency: 4 threads (target='dev')
[2025-12-13T16:00:07.672+0000] {subprocess.py:93} INFO - [0m16:00:07
[2025-12-13T16:00:07.777+0000] {subprocess.py:93} INFO - [0m16:00:07  1 of 36 START sql view model public.raw_recovered_1 ............................ [RUN]
[2025-12-13T16:00:07.777+0000] {subprocess.py:93} INFO - [0m16:00:07  2 of 36 START sql view model public.raw_recovered_2 ............................ [RUN]
[2025-12-13T16:00:07.778+0000] {subprocess.py:93} INFO - [0m16:00:07  3 of 36 START sql view model public.raw_sgx_all ................................ [RUN]
[2025-12-13T16:00:07.859+0000] {subprocess.py:93} INFO - [0m16:00:07  2 of 36 ERROR creating sql view model public.raw_recovered_2 ................... [[31mERROR[0m in 0.08s]
[2025-12-13T16:00:07.859+0000] {subprocess.py:93} INFO - [0m16:00:07  3 of 36 ERROR creating sql view model public.raw_sgx_all ....................... [[31mERROR[0m in 0.08s]
[2025-12-13T16:00:07.860+0000] {subprocess.py:93} INFO - [0m16:00:07  1 of 36 ERROR creating sql view model public.raw_recovered_1 ................... [[31mERROR[0m in 0.08s]
[2025-12-13T16:00:07.864+0000] {subprocess.py:93} INFO - [0m16:00:07  4 of 36 SKIP relation public.stg_readings ...................................... [[33mSKIP[0m]
[2025-12-13T16:00:07.866+0000] {subprocess.py:93} INFO - [0m16:00:07  5 of 36 SKIP test dbt_utils_expression_is_true_stg_readings_survey_type_id_is_not_null  [[33mSKIP[0m]
[2025-12-13T16:00:07.867+0000] {subprocess.py:93} INFO - [0m16:00:07  6 of 36 SKIP test dbt_utils_expression_is_true_stg_readings_well_id_is_not_null  [[33mSKIP[0m]
[2025-12-13T16:00:07.870+0000] {subprocess.py:93} INFO - [0m16:00:07  7 of 36 SKIP relation public.dv_hub_survey_type ................................ [[33mSKIP[0m]
[2025-12-13T16:00:07.870+0000] {subprocess.py:93} INFO - [0m16:00:07  8 of 36 SKIP relation public.dv_hub_well ....................................... [[33mSKIP[0m]
[2025-12-13T16:00:07.871+0000] {subprocess.py:93} INFO - [0m16:00:07  9 of 36 SKIP relation public.dv_link_well_survey ............................... [[33mSKIP[0m]
[2025-12-13T16:00:07.871+0000] {subprocess.py:93} INFO - [0m16:00:07  10 of 36 SKIP relation public.dv_sat_readings .................................. [[33mSKIP[0m]
[2025-12-13T16:00:07.875+0000] {subprocess.py:93} INFO - [0m16:00:07  11 of 36 SKIP test not_null_dv_hub_survey_type_hk_survey_type .................. [[33mSKIP[0m]
[2025-12-13T16:00:07.875+0000] {subprocess.py:93} INFO - [0m16:00:07  12 of 36 SKIP test not_null_dv_hub_survey_type_survey_type_bk .................. [[33mSKIP[0m]
[2025-12-13T16:00:07.876+0000] {subprocess.py:93} INFO - [0m16:00:07  13 of 36 SKIP test unique_dv_hub_survey_type_hk_survey_type .................... [[33mSKIP[0m]
[2025-12-13T16:00:07.878+0000] {subprocess.py:93} INFO - [0m16:00:07  14 of 36 SKIP test not_null_dv_hub_well_hk_well ................................ [[33mSKIP[0m]
[2025-12-13T16:00:07.880+0000] {subprocess.py:93} INFO - [0m16:00:07  15 of 36 SKIP test not_null_dv_hub_well_well_id_bk ............................. [[33mSKIP[0m]
[2025-12-13T16:00:07.881+0000] {subprocess.py:93} INFO - [0m16:00:07  16 of 36 SKIP test unique_dv_hub_well_hk_well .................................. [[33mSKIP[0m]
[2025-12-13T16:00:07.882+0000] {subprocess.py:93} INFO - [0m16:00:07  17 of 36 SKIP test not_null_dv_link_well_survey_hk_survey_type ................. [[33mSKIP[0m]
[2025-12-13T16:00:07.884+0000] {subprocess.py:93} INFO - [0m16:00:07  18 of 36 SKIP test not_null_dv_link_well_survey_hk_well ........................ [[33mSKIP[0m]
[2025-12-13T16:00:07.886+0000] {subprocess.py:93} INFO - [0m16:00:07  19 of 36 SKIP test not_null_dv_link_well_survey_hk_well_survey ................. [[33mSKIP[0m]
[2025-12-13T16:00:07.887+0000] {subprocess.py:93} INFO - [0m16:00:07  20 of 36 SKIP test relationships_dv_link_well_survey_hk_survey_type__hk_survey_type__ref_dv_hub_survey_type_  [[33mSKIP[0m]
[2025-12-13T16:00:07.887+0000] {subprocess.py:93} INFO - [0m16:00:07  21 of 36 SKIP test relationships_dv_link_well_survey_hk_well__hk_well__ref_dv_hub_well_  [[33mSKIP[0m]
[2025-12-13T16:00:07.889+0000] {subprocess.py:93} INFO - [0m16:00:07  22 of 36 SKIP test unique_dv_link_well_survey_hk_well_survey ................... [[33mSKIP[0m]
[2025-12-13T16:00:07.891+0000] {subprocess.py:93} INFO - [0m16:00:07  23 of 36 SKIP test not_null_dv_sat_readings_hk_well_survey ..................... [[33mSKIP[0m]
[2025-12-13T16:00:07.892+0000] {subprocess.py:93} INFO - [0m16:00:07  24 of 36 SKIP test not_null_dv_sat_readings_load_ts ............................ [[33mSKIP[0m]
[2025-12-13T16:00:07.892+0000] {subprocess.py:93} INFO - [0m16:00:07  25 of 36 SKIP test not_null_dv_sat_readings_row_checksum ....................... [[33mSKIP[0m]
[2025-12-13T16:00:07.894+0000] {subprocess.py:93} INFO - [0m16:00:07  26 of 36 SKIP test relationships_dv_sat_readings_hk_well_survey__hk_well_survey__ref_dv_link_well_survey_  [[33mSKIP[0m]
[2025-12-13T16:00:07.896+0000] {subprocess.py:93} INFO - [0m16:00:07  27 of 36 SKIP test test_counts_match ........................................... [[33mSKIP[0m]
[2025-12-13T16:00:07.897+0000] {subprocess.py:93} INFO - [0m16:00:07  28 of 36 SKIP relation public.dim_survey_type .................................. [[33mSKIP[0m]
[2025-12-13T16:00:07.897+0000] {subprocess.py:93} INFO - [0m16:00:07  29 of 36 SKIP relation public.dim_well ......................................... [[33mSKIP[0m]
[2025-12-13T16:00:07.902+0000] {subprocess.py:93} INFO - [0m16:00:07  30 of 36 SKIP relation public.dim_source_format ................................ [[33mSKIP[0m]
[2025-12-13T16:00:07.903+0000] {subprocess.py:93} INFO - [0m16:00:07  31 of 36 SKIP relation public.dim_time ......................................... [[33mSKIP[0m]
[2025-12-13T16:00:07.903+0000] {subprocess.py:93} INFO - [0m16:00:07  32 of 36 SKIP relation public.fct_readings ..................................... [[33mSKIP[0m]
[2025-12-13T16:00:07.906+0000] {subprocess.py:93} INFO - [0m16:00:07  33 of 36 SKIP relation public.mart_sensor_analysis ............................. [[33mSKIP[0m]
[2025-12-13T16:00:07.906+0000] {subprocess.py:93} INFO - [0m16:00:07  34 of 36 SKIP relation public.mart_survey_summary .............................. [[33mSKIP[0m]
[2025-12-13T16:00:07.908+0000] {subprocess.py:93} INFO - [0m16:00:07  35 of 36 SKIP relation public.mart_well_performance ............................ [[33mSKIP[0m]
[2025-12-13T16:00:07.910+0000] {subprocess.py:93} INFO - [0m16:00:07  36 of 36 SKIP relation snapshots.snap_mart_well_performance .................... [[33mSKIP[0m]
[2025-12-13T16:00:07.920+0000] {subprocess.py:93} INFO - [0m16:00:07
[2025-12-13T16:00:07.920+0000] {subprocess.py:93} INFO - [0m16:00:07  Finished running 1 snapshot, 13 table models, 19 data tests, 3 view models in 0 hours 0 minutes and 0.25 seconds (0.25s).
[2025-12-13T16:00:07.955+0000] {subprocess.py:93} INFO - [0m16:00:07
[2025-12-13T16:00:07.955+0000] {subprocess.py:93} INFO - [0m16:00:07  [31mCompleted with 3 errors, 0 partial successes, and 0 warnings:[0m
[2025-12-13T16:00:07.955+0000] {subprocess.py:93} INFO - [0m16:00:07
[2025-12-13T16:00:07.955+0000] {subprocess.py:93} INFO - [0m16:00:07  [31mFailure in model raw_recovered_2 (models/raw/raw_recovered_2.sql)[0m
[2025-12-13T16:00:07.956+0000] {subprocess.py:93} INFO - [0m16:00:07    Database Error in model raw_recovered_2 (models/raw/raw_recovered_2.sql)
[2025-12-13T16:00:07.956+0000] {subprocess.py:93} INFO -   function read_parquet(unknown) does not exist
[2025-12-13T16:00:07.956+0000] {subprocess.py:93} INFO -   LINE 9: from read_parquet('/home/hackathon/processed_data/archive_ba...
[2025-12-13T16:00:07.956+0000] {subprocess.py:93} INFO -                ^
[2025-12-13T16:00:07.956+0000] {subprocess.py:93} INFO -   HINT:  No function matches the given name and argument types. You might need to add explicit type casts.
[2025-12-13T16:00:07.956+0000] {subprocess.py:93} INFO -   compiled code at /opt/***/dbt_target/run/caspian_vault/models/raw/raw_recovered_2.sql
[2025-12-13T16:00:07.956+0000] {subprocess.py:93} INFO - [0m16:00:07
[2025-12-13T16:00:07.956+0000] {subprocess.py:93} INFO - [0m16:00:07    compiled code at /opt/***/dbt_target/compiled/caspian_vault/models/raw/raw_recovered_2.sql
[2025-12-13T16:00:07.957+0000] {subprocess.py:93} INFO - [0m16:00:07
[2025-12-13T16:00:07.957+0000] {subprocess.py:93} INFO - [0m16:00:07  [31mFailure in model raw_sgx_all (models/raw/raw_sgx_all.sql)[0m
[2025-12-13T16:00:07.957+0000] {subprocess.py:93} INFO - [0m16:00:07    Database Error in model raw_sgx_all (models/raw/raw_sgx_all.sql)
[2025-12-13T16:00:07.957+0000] {subprocess.py:93} INFO -   function read_parquet(unknown) does not exist
[2025-12-13T16:00:07.957+0000] {subprocess.py:93} INFO -   LINE 9: from read_parquet('/home/hackathon/processed_data/legacy_sur...
[2025-12-13T16:00:07.958+0000] {subprocess.py:93} INFO -                ^
[2025-12-13T16:00:07.958+0000] {subprocess.py:93} INFO -   HINT:  No function matches the given name and argument types. You might need to add explicit type casts.
[2025-12-13T16:00:07.958+0000] {subprocess.py:93} INFO -   compiled code at /opt/***/dbt_target/run/caspian_vault/models/raw/raw_sgx_all.sql
[2025-12-13T16:00:07.958+0000] {subprocess.py:93} INFO - [0m16:00:07
[2025-12-13T16:00:07.958+0000] {subprocess.py:93} INFO - [0m16:00:07    compiled code at /opt/***/dbt_target/compiled/caspian_vault/models/raw/raw_sgx_all.sql
[2025-12-13T16:00:07.958+0000] {subprocess.py:93} INFO - [0m16:00:07
[2025-12-13T16:00:07.958+0000] {subprocess.py:93} INFO - [0m16:00:07  [31mFailure in model raw_recovered_1 (models/raw/raw_recovered_1.sql)[0m
[2025-12-13T16:00:07.959+0000] {subprocess.py:93} INFO - [0m16:00:07    Database Error in model raw_recovered_1 (models/raw/raw_recovered_1.sql)
[2025-12-13T16:00:07.959+0000] {subprocess.py:93} INFO -   function read_parquet(unknown) does not exist
[2025-12-13T16:00:07.959+0000] {subprocess.py:93} INFO -   LINE 9: from read_parquet('/home/hackathon/processed_data/archive_ba...
[2025-12-13T16:00:07.959+0000] {subprocess.py:93} INFO -                ^
[2025-12-13T16:00:07.959+0000] {subprocess.py:93} INFO -   HINT:  No function matches the given name and argument types. You might need to add explicit type casts.
[2025-12-13T16:00:07.959+0000] {subprocess.py:93} INFO -   compiled code at /opt/***/dbt_target/run/caspian_vault/models/raw/raw_recovered_1.sql
[2025-12-13T16:00:07.959+0000] {subprocess.py:93} INFO - [0m16:00:07
[2025-12-13T16:00:07.959+0000] {subprocess.py:93} INFO - [0m16:00:07    compiled code at /opt/***/dbt_target/compiled/caspian_vault/models/raw/raw_recovered_1.sql
[2025-12-13T16:00:07.960+0000] {subprocess.py:93} INFO - [0m16:00:07
[2025-12-13T16:00:07.960+0000] {subprocess.py:93} INFO - [0m16:00:07  Done. PASS=0 WARN=0 ERROR=3 SKIP=33 NO-OP=0 TOTAL=36
[2025-12-13T16:00:07.961+0000] {subprocess.py:93} INFO - [0m16:00:07  [[33mWARNING[0m][DeprecationsSummary]: Deprecated functionality
[2025-12-13T16:00:07.961+0000] {subprocess.py:93} INFO - Summary of encountered deprecations:
[2025-12-13T16:00:07.961+0000] {subprocess.py:93} INFO - - ConfigLogPathDeprecation: 1 occurrence
[2025-12-13T16:00:07.961+0000] {subprocess.py:93} INFO - - ConfigTargetPathDeprecation: 1 occurrence
[2025-12-13T16:00:07.961+0000] {subprocess.py:93} INFO - - MissingArgumentsPropertyInGenericTestDeprecation: 5 occurrences
[2025-12-13T16:00:07.961+0000] {subprocess.py:93} INFO - To see all deprecation instances instead of just the first occurrence of each,
[2025-12-13T16:00:07.961+0000] {subprocess.py:93} INFO - run command again with the `--show-all-deprecations` flag. You may also need to
[2025-12-13T16:00:07.961+0000] {subprocess.py:93} INFO - run with `--no-partial-parse` as some deprecations are only encountered during
[2025-12-13T16:00:07.961+0000] {subprocess.py:93} INFO - parsing.
[2025-12-13T16:00:08.711+0000] {subprocess.py:97} INFO - Command exited with return code 1
[2025-12-13T16:00:08.712+0000] {taskinstance.py:441} INFO - ::group::Post task execution logs
[2025-12-13T16:00:08.722+0000] {taskinstance.py:2905} ERROR - Task failed with exception
Traceback (most recent call last):
  File "/home/airflow/.local/lib/python3.12/site-packages/airflow/models/taskinstance.py", line 465, in _execute_task
    result = _execute_callable(context=context, **execute_callable_kwargs)
             ^^^^^^^^^^^^^^^^^^^^^^^^^^^^^^^^^^^^^^^^^^^^^^^^^^^^^^^^^^^^^
  File "/home/airflow/.local/lib/python3.12/site-packages/airflow/models/taskinstance.py", line 432, in _execute_callable
    return execute_callable(context=context, **execute_callable_kwargs)
           ^^^^^^^^^^^^^^^^^^^^^^^^^^^^^^^^^^^^^^^^^^^^^^^^^^^^^^^^^^^^
  File "/home/airflow/.local/lib/python3.12/site-packages/airflow/models/baseoperator.py", line 401, in wrapper
    return func(self, *args, **kwargs)
           ^^^^^^^^^^^^^^^^^^^^^^^^^^^
  File "/home/airflow/.local/lib/python3.12/site-packages/airflow/operators/bash.py", line 243, in execute
    raise AirflowException(
airflow.exceptions.AirflowException: Bash command failed. The command returned a non-zero exit code 1.
[2025-12-13T16:00:08.726+0000] {taskinstance.py:1206} INFO - Marking task as FAILED. dag_id=caspian_full_pipeline, task_id=dbt_build_and_snapshot, run_id=scheduled__2025-12-13T15:00:00+00:00, execution_date=20251213T150000, start_date=20251213T160000, end_date=20251213T160008
[2025-12-13T16:00:08.738+0000] {standard_task_runner.py:110} ERROR - Failed to execute job 4 for task dbt_build_and_snapshot (Bash command failed. The command returned a non-zero exit code 1.; 66)
[2025-12-13T16:00:08.771+0000] {local_task_job_runner.py:243} INFO - Task exited with return code 1
[2025-12-13T16:00:08.784+0000] {taskinstance.py:3503} INFO - 0 downstream tasks scheduled from follow-on schedule check
[2025-12-13T16:00:08.786+0000] {local_task_job_runner.py:222} INFO - ::endgroup::
[2025-12-13T16:36:02.775+0000] {local_task_job_runner.py:120} INFO - ::group::Pre task execution logs
[2025-12-13T16:36:02.795+0000] {taskinstance.py:2076} INFO - Dependencies all met for dep_context=non-requeueable deps ti=<TaskInstance: caspian_full_pipeline.dbt_build_and_snapshot scheduled__2025-12-13T15:00:00+00:00 [queued]>
[2025-12-13T16:36:02.800+0000] {taskinstance.py:2076} INFO - Dependencies all met for dep_context=requeueable deps ti=<TaskInstance: caspian_full_pipeline.dbt_build_and_snapshot scheduled__2025-12-13T15:00:00+00:00 [queued]>
[2025-12-13T16:36:02.800+0000] {taskinstance.py:2306} INFO - Starting attempt 1 of 1
[2025-12-13T16:36:02.810+0000] {taskinstance.py:2330} INFO - Executing <Task(BashOperator): dbt_build_and_snapshot> on 2025-12-13 15:00:00+00:00
[2025-12-13T16:36:02.816+0000] {warnings.py:112} WARNING - /home/***/.local/lib/python3.12/site-packages/***/task/task_runner/standard_task_runner.py:62: DeprecationWarning: This process (pid=48) is multi-threaded, use of fork() may lead to deadlocks in the child.
  pid = os.fork()

[2025-12-13T16:36:02.817+0000] {standard_task_runner.py:64} INFO - Started process 49 to run task
[2025-12-13T16:36:02.817+0000] {standard_task_runner.py:90} INFO - Running: ['***', 'tasks', 'run', 'caspian_full_pipeline', 'dbt_build_and_snapshot', 'scheduled__2025-12-13T15:00:00+00:00', '--job-id', '3', '--raw', '--subdir', 'DAGS_FOLDER/caspian_full_pipeline.py', '--cfg-path', '/tmp/tmpdgdc13s3']
[2025-12-13T16:36:02.817+0000] {standard_task_runner.py:91} INFO - Job 3: Subtask dbt_build_and_snapshot
[2025-12-13T16:36:02.852+0000] {task_command.py:426} INFO - Running <TaskInstance: caspian_full_pipeline.dbt_build_and_snapshot scheduled__2025-12-13T15:00:00+00:00 [running]> on host 7a7820e94e23
[2025-12-13T16:36:02.913+0000] {taskinstance.py:2648} INFO - Exporting env vars: AIRFLOW_CTX_DAG_OWNER='***' AIRFLOW_CTX_DAG_ID='caspian_full_pipeline' AIRFLOW_CTX_TASK_ID='dbt_build_and_snapshot' AIRFLOW_CTX_EXECUTION_DATE='2025-12-13T15:00:00+00:00' AIRFLOW_CTX_TRY_NUMBER='1' AIRFLOW_CTX_DAG_RUN_ID='scheduled__2025-12-13T15:00:00+00:00'
[2025-12-13T16:36:02.914+0000] {taskinstance.py:430} INFO - ::endgroup::
[2025-12-13T16:36:02.941+0000] {subprocess.py:63} INFO - Tmp dir root location: /tmp
[2025-12-13T16:36:02.941+0000] {subprocess.py:75} INFO - Running command: ['/usr/bin/bash', '-c', '\n        cd /opt/project/caspian_vault &&\n        dbt deps &&\n        dbt build &&\n        dbt snapshot\n        ']
[2025-12-13T16:36:02.951+0000] {subprocess.py:86} INFO - Output:
[2025-12-13T16:36:04.816+0000] {subprocess.py:93} INFO - [0m16:36:04  Running with dbt=1.9.0
[2025-12-13T16:36:04.822+0000] {subprocess.py:93} INFO - [0m16:36:04  [[33mWARNING[0m]: Deprecated functionality
[2025-12-13T16:36:04.825+0000] {subprocess.py:93} INFO - The `log-path` config in `dbt_project.yml` has been deprecated, and will no
[2025-12-13T16:36:04.825+0000] {subprocess.py:93} INFO - longer be supported in a future version of dbt-core. If you wish to write dbt
[2025-12-13T16:36:04.825+0000] {subprocess.py:93} INFO - logs to a custom directory, please use the --log-path CLI flag or DBT_LOG_PATH
[2025-12-13T16:36:04.825+0000] {subprocess.py:93} INFO - env var instead.
[2025-12-13T16:36:04.825+0000] {subprocess.py:93} INFO - [0m16:36:04  [[33mWARNING[0m]: Deprecated functionality
[2025-12-13T16:36:04.825+0000] {subprocess.py:93} INFO - The `target-path` config in `dbt_project.yml` has been deprecated, and will no
[2025-12-13T16:36:04.826+0000] {subprocess.py:93} INFO - longer be supported in a future version of dbt-core. If you wish to write dbt
[2025-12-13T16:36:04.826+0000] {subprocess.py:93} INFO - artifacts to a custom directory, please use the --target-path CLI flag or
[2025-12-13T16:36:04.826+0000] {subprocess.py:93} INFO - DBT_TARGET_PATH env var instead.
[2025-12-13T16:36:04.978+0000] {subprocess.py:93} INFO - [0m16:36:04  Encountered an error:
[2025-12-13T16:36:04.979+0000] {subprocess.py:93} INFO - Runtime Error
[2025-12-13T16:36:04.979+0000] {subprocess.py:93} INFO -   The packages.yml file in this project is malformed. Please double check
[2025-12-13T16:36:04.979+0000] {subprocess.py:93} INFO -   the contents of this file and fix any errors before retrying.
[2025-12-13T16:36:04.979+0000] {subprocess.py:93} INFO - 
[2025-12-13T16:36:04.979+0000] {subprocess.py:93} INFO -   You can find more information on the syntax for this file here:
[2025-12-13T16:36:04.979+0000] {subprocess.py:93} INFO -   https://docs.getdbt.com/docs/package-management
[2025-12-13T16:36:04.979+0000] {subprocess.py:93} INFO - 
[2025-12-13T16:36:04.979+0000] {subprocess.py:93} INFO -   Validator Error:
[2025-12-13T16:36:04.979+0000] {subprocess.py:93} INFO -   {'name': 'dbt_utils', 'package': 'dbt-labs/dbt_utils', 'version': '1.3.0', 'unrendered': {'name': 'dbt_utils', 'package': 'dbt-labs/dbt_utils', 'version': '1.3.0'}} is not valid under any of the given schemas
[2025-12-13T16:36:04.980+0000] {subprocess.py:93} INFO - 
[2025-12-13T16:36:05.634+0000] {subprocess.py:97} INFO - Command exited with return code 2
[2025-12-13T16:36:05.634+0000] {taskinstance.py:441} INFO - ::group::Post task execution logs
[2025-12-13T16:36:05.644+0000] {taskinstance.py:2905} ERROR - Task failed with exception
Traceback (most recent call last):
  File "/home/airflow/.local/lib/python3.12/site-packages/airflow/models/taskinstance.py", line 465, in _execute_task
    result = _execute_callable(context=context, **execute_callable_kwargs)
             ^^^^^^^^^^^^^^^^^^^^^^^^^^^^^^^^^^^^^^^^^^^^^^^^^^^^^^^^^^^^^
  File "/home/airflow/.local/lib/python3.12/site-packages/airflow/models/taskinstance.py", line 432, in _execute_callable
    return execute_callable(context=context, **execute_callable_kwargs)
           ^^^^^^^^^^^^^^^^^^^^^^^^^^^^^^^^^^^^^^^^^^^^^^^^^^^^^^^^^^^^
  File "/home/airflow/.local/lib/python3.12/site-packages/airflow/models/baseoperator.py", line 401, in wrapper
    return func(self, *args, **kwargs)
           ^^^^^^^^^^^^^^^^^^^^^^^^^^^
  File "/home/airflow/.local/lib/python3.12/site-packages/airflow/operators/bash.py", line 243, in execute
    raise AirflowException(
airflow.exceptions.AirflowException: Bash command failed. The command returned a non-zero exit code 2.
[2025-12-13T16:36:05.647+0000] {taskinstance.py:1206} INFO - Marking task as FAILED. dag_id=caspian_full_pipeline, task_id=dbt_build_and_snapshot, run_id=scheduled__2025-12-13T15:00:00+00:00, execution_date=20251213T150000, start_date=20251213T163602, end_date=20251213T163605
[2025-12-13T16:36:05.657+0000] {standard_task_runner.py:110} ERROR - Failed to execute job 3 for task dbt_build_and_snapshot (Bash command failed. The command returned a non-zero exit code 2.; 49)
[2025-12-13T16:36:05.677+0000] {local_task_job_runner.py:243} INFO - Task exited with return code 1
[2025-12-13T16:36:05.691+0000] {taskinstance.py:3503} INFO - 0 downstream tasks scheduled from follow-on schedule check
[2025-12-13T16:36:05.693+0000] {local_task_job_runner.py:222} INFO - ::endgroup::
