[2025-12-13T19:07:16.819+0000] {local_task_job_runner.py:120} INFO - ::group::Pre task execution logs
[2025-12-13T19:07:16.836+0000] {taskinstance.py:2076} INFO - Dependencies all met for dep_context=non-requeueable deps ti=<TaskInstance: caspian_full_pipeline.dbt_build_and_snapshot manual__2025-12-13T19:07:15.516958+00:00 [queued]>
[2025-12-13T19:07:16.841+0000] {taskinstance.py:2076} INFO - Dependencies all met for dep_context=requeueable deps ti=<TaskInstance: caspian_full_pipeline.dbt_build_and_snapshot manual__2025-12-13T19:07:15.516958+00:00 [queued]>
[2025-12-13T19:07:16.841+0000] {taskinstance.py:2306} INFO - Starting attempt 1 of 1
[2025-12-13T19:07:16.851+0000] {taskinstance.py:2330} INFO - Executing <Task(BashOperator): dbt_build_and_snapshot> on 2025-12-13 19:07:15.516958+00:00
[2025-12-13T19:07:16.858+0000] {warnings.py:112} WARNING - /home/***/.local/lib/python3.12/site-packages/***/task/task_runner/standard_task_runner.py:62: DeprecationWarning: This process (pid=48) is multi-threaded, use of fork() may lead to deadlocks in the child.
  pid = os.fork()

[2025-12-13T19:07:16.859+0000] {standard_task_runner.py:64} INFO - Started process 49 to run task
[2025-12-13T19:07:16.858+0000] {standard_task_runner.py:90} INFO - Running: ['***', 'tasks', 'run', 'caspian_full_pipeline', 'dbt_build_and_snapshot', 'manual__2025-12-13T19:07:15.516958+00:00', '--job-id', '32', '--raw', '--subdir', 'DAGS_FOLDER/caspian_full_pipeline.py', '--cfg-path', '/tmp/tmpy092hxg8']
[2025-12-13T19:07:16.859+0000] {standard_task_runner.py:91} INFO - Job 32: Subtask dbt_build_and_snapshot
[2025-12-13T19:07:16.889+0000] {task_command.py:426} INFO - Running <TaskInstance: caspian_full_pipeline.dbt_build_and_snapshot manual__2025-12-13T19:07:15.516958+00:00 [running]> on host 3c0ddfc4fe5e
[2025-12-13T19:07:16.953+0000] {taskinstance.py:2648} INFO - Exporting env vars: AIRFLOW_CTX_DAG_OWNER='***' AIRFLOW_CTX_DAG_ID='caspian_full_pipeline' AIRFLOW_CTX_TASK_ID='dbt_build_and_snapshot' AIRFLOW_CTX_EXECUTION_DATE='2025-12-13T19:07:15.516958+00:00' AIRFLOW_CTX_TRY_NUMBER='1' AIRFLOW_CTX_DAG_RUN_ID='manual__2025-12-13T19:07:15.516958+00:00'
[2025-12-13T19:07:16.954+0000] {taskinstance.py:430} INFO - ::endgroup::
[2025-12-13T19:07:16.975+0000] {subprocess.py:63} INFO - Tmp dir root location: /tmp
[2025-12-13T19:07:16.975+0000] {subprocess.py:75} INFO - Running command: ['/usr/bin/bash', '-c', '\n        set -euo pipefail\n\n        export DBT_PROFILES_DIR=/home/***/.dbt\n        export DBT_LOG_PATH=/opt/***/logs/dbt\n        export DBT_TARGET_PATH=/opt/***/dbt_target\n\n        mkdir -p "$DBT_LOG_PATH" "$DBT_TARGET_PATH"\n\n        cd /opt/project/caspian_vault\n\n        /home/***/.local/bin//home/***/.local/bin/dbt deps --profile caspian_vault --target dev\n        /home/***/.local/bin//home/***/.local/bin/dbt build --profile caspian_vault --target dev\n        /home/***/.local/bin//home/***/.local/bin/dbt snapshot --profile caspian_vault --target dev\n        ']
[2025-12-13T19:07:16.985+0000] {subprocess.py:86} INFO - Output:
[2025-12-13T19:07:16.989+0000] {subprocess.py:93} INFO - /usr/bin/bash: line 12: /home/***/.local/bin//home/***/.local/bin/dbt: No such file or directory
[2025-12-13T19:07:16.989+0000] {subprocess.py:97} INFO - Command exited with return code 127
[2025-12-13T19:07:16.989+0000] {taskinstance.py:441} INFO - ::group::Post task execution logs
[2025-12-13T19:07:16.998+0000] {taskinstance.py:2905} ERROR - Task failed with exception
Traceback (most recent call last):
  File "/home/airflow/.local/lib/python3.12/site-packages/airflow/models/taskinstance.py", line 465, in _execute_task
    result = _execute_callable(context=context, **execute_callable_kwargs)
             ^^^^^^^^^^^^^^^^^^^^^^^^^^^^^^^^^^^^^^^^^^^^^^^^^^^^^^^^^^^^^
  File "/home/airflow/.local/lib/python3.12/site-packages/airflow/models/taskinstance.py", line 432, in _execute_callable
    return execute_callable(context=context, **execute_callable_kwargs)
           ^^^^^^^^^^^^^^^^^^^^^^^^^^^^^^^^^^^^^^^^^^^^^^^^^^^^^^^^^^^^
  File "/home/airflow/.local/lib/python3.12/site-packages/airflow/models/baseoperator.py", line 401, in wrapper
    return func(self, *args, **kwargs)
           ^^^^^^^^^^^^^^^^^^^^^^^^^^^
  File "/home/airflow/.local/lib/python3.12/site-packages/airflow/operators/bash.py", line 243, in execute
    raise AirflowException(
airflow.exceptions.AirflowException: Bash command failed. The command returned a non-zero exit code 127.
[2025-12-13T19:07:17.002+0000] {taskinstance.py:1206} INFO - Marking task as FAILED. dag_id=caspian_full_pipeline, task_id=dbt_build_and_snapshot, run_id=manual__2025-12-13T19:07:15.516958+00:00, execution_date=20251213T190715, start_date=20251213T190716, end_date=20251213T190717
[2025-12-13T19:07:17.011+0000] {standard_task_runner.py:110} ERROR - Failed to execute job 32 for task dbt_build_and_snapshot (Bash command failed. The command returned a non-zero exit code 127.; 49)
[2025-12-13T19:07:17.032+0000] {local_task_job_runner.py:243} INFO - Task exited with return code 1
[2025-12-13T19:07:17.045+0000] {taskinstance.py:3503} INFO - 0 downstream tasks scheduled from follow-on schedule check
[2025-12-13T19:07:17.047+0000] {local_task_job_runner.py:222} INFO - ::endgroup::
