[2025-12-14T05:36:02.351+0000] {local_task_job_runner.py:120} INFO - ::group::Pre task execution logs
[2025-12-14T05:36:02.370+0000] {taskinstance.py:2076} INFO - Dependencies all met for dep_context=non-requeueable deps ti=<TaskInstance: caspian_full_pipeline.dbt_build_marts manual__2025-12-14T05:35:46+00:00 [queued]>
[2025-12-14T05:36:02.375+0000] {taskinstance.py:2076} INFO - Dependencies all met for dep_context=requeueable deps ti=<TaskInstance: caspian_full_pipeline.dbt_build_marts manual__2025-12-14T05:35:46+00:00 [queued]>
[2025-12-14T05:36:02.375+0000] {taskinstance.py:2306} INFO - Starting attempt 1 of 1
[2025-12-14T05:36:02.385+0000] {taskinstance.py:2330} INFO - Executing <Task(BashOperator): dbt_build_marts> on 2025-12-14 05:35:46+00:00
[2025-12-14T05:36:02.392+0000] {warnings.py:112} WARNING - /home/***/.local/lib/python3.12/site-packages/***/task/task_runner/standard_task_runner.py:62: DeprecationWarning: This process (pid=349) is multi-threaded, use of fork() may lead to deadlocks in the child.
  pid = os.fork()

[2025-12-14T05:36:02.393+0000] {standard_task_runner.py:64} INFO - Started process 350 to run task
[2025-12-14T05:36:02.392+0000] {standard_task_runner.py:90} INFO - Running: ['***', 'tasks', 'run', 'caspian_full_pipeline', 'dbt_build_marts', 'manual__2025-12-14T05:35:46+00:00', '--job-id', '82', '--raw', '--subdir', 'DAGS_FOLDER/caspian_full_pipeline.py', '--cfg-path', '/tmp/tmppaedi6t9']
[2025-12-14T05:36:02.393+0000] {standard_task_runner.py:91} INFO - Job 82: Subtask dbt_build_marts
[2025-12-14T05:36:02.425+0000] {task_command.py:426} INFO - Running <TaskInstance: caspian_full_pipeline.dbt_build_marts manual__2025-12-14T05:35:46+00:00 [running]> on host 3c0ddfc4fe5e
[2025-12-14T05:36:02.490+0000] {taskinstance.py:2648} INFO - Exporting env vars: AIRFLOW_CTX_DAG_OWNER='***' AIRFLOW_CTX_DAG_ID='caspian_full_pipeline' AIRFLOW_CTX_TASK_ID='dbt_build_marts' AIRFLOW_CTX_EXECUTION_DATE='2025-12-14T05:35:46+00:00' AIRFLOW_CTX_TRY_NUMBER='1' AIRFLOW_CTX_DAG_RUN_ID='manual__2025-12-14T05:35:46+00:00'
[2025-12-14T05:36:02.491+0000] {taskinstance.py:430} INFO - ::endgroup::
[2025-12-14T05:36:02.500+0000] {subprocess.py:63} INFO - Tmp dir root location: /tmp
[2025-12-14T05:36:02.501+0000] {subprocess.py:75} INFO - Running command: ['/usr/bin/bash', '-c', '\nset -euo pipefail\nexport DBT_PROFILES_DIR=/opt/project/caspian_vault/dbt_profiles\nexport DBT_LOG_PATH=/opt/***/logs/dbt\nexport DBT_TARGET_PATH=/opt/***/dbt_target\nexport DBT_PACKAGES_INSTALL_PATH=/opt/***/dbt_packages\n\nmkdir -p "$DBT_LOG_PATH" "$DBT_TARGET_PATH" "$DBT_PACKAGES_INSTALL_PATH"\ncd /opt/project/caspian_vault\n\n/home/***/.local/bin/dbt build --profile caspian_vault --target dev --no-partial-parse --select "marts"']
[2025-12-14T05:36:02.511+0000] {subprocess.py:86} INFO - Output:
[2025-12-14T05:36:03.864+0000] {subprocess.py:93} INFO - [0m05:36:03  Running with dbt=1.10.15
[2025-12-14T05:36:03.908+0000] {subprocess.py:93} INFO - [0m05:36:03  [[33mWARNING[0m]: Deprecated functionality
[2025-12-14T05:36:03.909+0000] {subprocess.py:93} INFO - The `log-path` config in `dbt_project.yml` has been deprecated, and will no
[2025-12-14T05:36:03.909+0000] {subprocess.py:93} INFO - longer be supported in a future version of dbt-core. If you wish to write dbt
[2025-12-14T05:36:03.909+0000] {subprocess.py:93} INFO - logs to a custom directory, please use the --log-path CLI flag or DBT_LOG_PATH
[2025-12-14T05:36:03.909+0000] {subprocess.py:93} INFO - env var instead.
[2025-12-14T05:36:03.909+0000] {subprocess.py:93} INFO - [0m05:36:03  [[33mWARNING[0m]: Deprecated functionality
[2025-12-14T05:36:03.909+0000] {subprocess.py:93} INFO - The `target-path` config in `dbt_project.yml` has been deprecated, and will no
[2025-12-14T05:36:03.909+0000] {subprocess.py:93} INFO - longer be supported in a future version of dbt-core. If you wish to write dbt
[2025-12-14T05:36:03.909+0000] {subprocess.py:93} INFO - artifacts to a custom directory, please use the --target-path CLI flag or
[2025-12-14T05:36:03.910+0000] {subprocess.py:93} INFO - DBT_TARGET_PATH env var instead.
[2025-12-14T05:36:04.086+0000] {subprocess.py:93} INFO - [0m05:36:04  Registered adapter: postgres=1.9.0
[2025-12-14T05:36:05.573+0000] {subprocess.py:93} INFO - [0m05:36:05  [[33mWARNING[0m][MissingArgumentsPropertyInGenericTestDeprecation]: Deprecated
[2025-12-14T05:36:05.574+0000] {subprocess.py:93} INFO - functionality
[2025-12-14T05:36:05.574+0000] {subprocess.py:93} INFO - Found top-level arguments to test `dbt_utils.expression_is_true`. Arguments to
[2025-12-14T05:36:05.574+0000] {subprocess.py:93} INFO - generic tests should be nested under the `arguments` property.`
[2025-12-14T05:36:05.780+0000] {subprocess.py:93} INFO - [0m05:36:05  [[33mWARNING[0m]: Configuration paths exist in your dbt_project.yml file which do not apply to any resources.
[2025-12-14T05:36:05.780+0000] {subprocess.py:93} INFO - There are 1 unused configuration paths:
[2025-12-14T05:36:05.780+0000] {subprocess.py:93} INFO - - models.caspian_vault.example
[2025-12-14T05:36:05.975+0000] {subprocess.py:93} INFO - [0m05:36:05  Found 13 models, 1 snapshot, 19 data tests, 3 sources, 578 macros
[2025-12-14T05:36:05.977+0000] {subprocess.py:93} INFO - [0m05:36:05
[2025-12-14T05:36:05.978+0000] {subprocess.py:93} INFO - [0m05:36:05  Concurrency: 4 threads (target='dev')
[2025-12-14T05:36:05.978+0000] {subprocess.py:93} INFO - [0m05:36:05
[2025-12-14T05:36:06.088+0000] {subprocess.py:93} INFO - [0m05:36:06  1 of 8 START sql table model public.dim_source_format .......................... [RUN]
[2025-12-14T05:36:06.089+0000] {subprocess.py:93} INFO - [0m05:36:06  2 of 8 START sql table model public.dim_survey_type ............................ [RUN]
[2025-12-14T05:36:06.089+0000] {subprocess.py:93} INFO - [0m05:36:06  3 of 8 START sql table model public.dim_time ................................... [RUN]
[2025-12-14T05:36:06.090+0000] {subprocess.py:93} INFO - [0m05:36:06  4 of 8 START sql table model public.dim_well ................................... [RUN]
[2025-12-14T05:36:06.255+0000] {subprocess.py:93} INFO - [0m05:36:06  1 of 8 OK created sql table model public.dim_source_format ..................... [[32mSELECT 2[0m in 0.16s]
[2025-12-14T05:36:06.256+0000] {subprocess.py:93} INFO - [0m05:36:06  2 of 8 OK created sql table model public.dim_survey_type ....................... [[32mSELECT 3[0m in 0.17s]
[2025-12-14T05:36:06.257+0000] {subprocess.py:93} INFO - [0m05:36:06  4 of 8 OK created sql table model public.dim_well .............................. [[32mSELECT 20[0m in 0.16s]
[2025-12-14T05:36:06.258+0000] {subprocess.py:93} INFO - [0m05:36:06  3 of 8 OK created sql table model public.dim_time .............................. [[32mSELECT 1[0m in 0.16s]
[2025-12-14T05:36:06.260+0000] {subprocess.py:93} INFO - [0m05:36:06  5 of 8 START sql table model public.fct_readings ............................... [RUN]
[2025-12-14T05:36:06.331+0000] {subprocess.py:93} INFO - [0m05:36:06  5 of 8 OK created sql table model public.fct_readings .......................... [[32mSELECT 9980[0m in 0.07s]
[2025-12-14T05:36:06.334+0000] {subprocess.py:93} INFO - [0m05:36:06  6 of 8 START sql table model public.mart_sensor_analysis ....................... [RUN]
[2025-12-14T05:36:06.334+0000] {subprocess.py:93} INFO - [0m05:36:06  7 of 8 START sql table model public.mart_survey_summary ........................ [RUN]
[2025-12-14T05:36:06.335+0000] {subprocess.py:93} INFO - [0m05:36:06  8 of 8 START sql table model public.mart_well_performance ...................... [RUN]
[2025-12-14T05:36:06.406+0000] {subprocess.py:93} INFO - [0m05:36:06  6 of 8 OK created sql table model public.mart_sensor_analysis .................. [[32mSELECT 3[0m in 0.07s]
[2025-12-14T05:36:06.411+0000] {subprocess.py:93} INFO - [0m05:36:06  8 of 8 OK created sql table model public.mart_well_performance ................. [[32mSELECT 21[0m in 0.07s]
[2025-12-14T05:36:06.412+0000] {subprocess.py:93} INFO - [0m05:36:06  7 of 8 OK created sql table model public.mart_survey_summary ................... [[32mSELECT 6[0m in 0.08s]
[2025-12-14T05:36:06.422+0000] {subprocess.py:93} INFO - [0m05:36:06
[2025-12-14T05:36:06.422+0000] {subprocess.py:93} INFO - [0m05:36:06  Finished running 8 table models in 0 hours 0 minutes and 0.44 seconds (0.44s).
[2025-12-14T05:36:06.455+0000] {subprocess.py:93} INFO - [0m05:36:06
[2025-12-14T05:36:06.456+0000] {subprocess.py:93} INFO - [0m05:36:06  [32mCompleted successfully[0m
[2025-12-14T05:36:06.456+0000] {subprocess.py:93} INFO - [0m05:36:06
[2025-12-14T05:36:06.456+0000] {subprocess.py:93} INFO - [0m05:36:06  Done. PASS=8 WARN=0 ERROR=0 SKIP=0 NO-OP=0 TOTAL=8
[2025-12-14T05:36:06.457+0000] {subprocess.py:93} INFO - [0m05:36:06  [[33mWARNING[0m][DeprecationsSummary]: Deprecated functionality
[2025-12-14T05:36:06.457+0000] {subprocess.py:93} INFO - Summary of encountered deprecations:
[2025-12-14T05:36:06.457+0000] {subprocess.py:93} INFO - - ConfigLogPathDeprecation: 1 occurrence
[2025-12-14T05:36:06.457+0000] {subprocess.py:93} INFO - - ConfigTargetPathDeprecation: 1 occurrence
[2025-12-14T05:36:06.457+0000] {subprocess.py:93} INFO - - MissingArgumentsPropertyInGenericTestDeprecation: 5 occurrences
[2025-12-14T05:36:06.457+0000] {subprocess.py:93} INFO - To see all deprecation instances instead of just the first occurrence of each,
[2025-12-14T05:36:06.457+0000] {subprocess.py:93} INFO - run command again with the `--show-all-deprecations` flag. You may also need to
[2025-12-14T05:36:06.457+0000] {subprocess.py:93} INFO - run with `--no-partial-parse` as some deprecations are only encountered during
[2025-12-14T05:36:06.458+0000] {subprocess.py:93} INFO - parsing.
[2025-12-14T05:36:07.220+0000] {subprocess.py:97} INFO - Command exited with return code 0
[2025-12-14T05:36:07.220+0000] {taskinstance.py:441} INFO - ::group::Post task execution logs
[2025-12-14T05:36:07.242+0000] {taskinstance.py:1206} INFO - Marking task as SUCCESS. dag_id=caspian_full_pipeline, task_id=dbt_build_marts, run_id=manual__2025-12-14T05:35:46+00:00, execution_date=20251214T053546, start_date=20251214T053602, end_date=20251214T053607
[2025-12-14T05:36:07.298+0000] {local_task_job_runner.py:243} INFO - Task exited with return code 0
[2025-12-14T05:36:07.318+0000] {taskinstance.py:3503} INFO - 1 downstream tasks scheduled from follow-on schedule check
[2025-12-14T05:36:07.321+0000] {local_task_job_runner.py:222} INFO - ::endgroup::
