[2025-12-13T20:00:01.229+0000] {local_task_job_runner.py:120} INFO - ::group::Pre task execution logs
[2025-12-13T20:00:01.246+0000] {taskinstance.py:2076} INFO - Dependencies all met for dep_context=non-requeueable deps ti=<TaskInstance: caspian_full_pipeline.dbt_build_and_snapshot scheduled__2025-12-13T19:00:00+00:00 [queued]>
[2025-12-13T20:00:01.250+0000] {taskinstance.py:2076} INFO - Dependencies all met for dep_context=requeueable deps ti=<TaskInstance: caspian_full_pipeline.dbt_build_and_snapshot scheduled__2025-12-13T19:00:00+00:00 [queued]>
[2025-12-13T20:00:01.250+0000] {taskinstance.py:2306} INFO - Starting attempt 1 of 1
[2025-12-13T20:00:01.260+0000] {taskinstance.py:2330} INFO - Executing <Task(BashOperator): dbt_build_and_snapshot> on 2025-12-13 19:00:00+00:00
[2025-12-13T20:00:01.266+0000] {warnings.py:112} WARNING - /home/***/.local/lib/python3.12/site-packages/***/task/task_runner/standard_task_runner.py:62: DeprecationWarning: This process (pid=447) is multi-threaded, use of fork() may lead to deadlocks in the child.
  pid = os.fork()

[2025-12-13T20:00:01.267+0000] {standard_task_runner.py:64} INFO - Started process 448 to run task
[2025-12-13T20:00:01.267+0000] {standard_task_runner.py:90} INFO - Running: ['***', 'tasks', 'run', 'caspian_full_pipeline', 'dbt_build_and_snapshot', 'scheduled__2025-12-13T19:00:00+00:00', '--job-id', '42', '--raw', '--subdir', 'DAGS_FOLDER/caspian_full_pipeline.py', '--cfg-path', '/tmp/tmpd09ypx5l']
[2025-12-13T20:00:01.268+0000] {standard_task_runner.py:91} INFO - Job 42: Subtask dbt_build_and_snapshot
[2025-12-13T20:00:01.299+0000] {task_command.py:426} INFO - Running <TaskInstance: caspian_full_pipeline.dbt_build_and_snapshot scheduled__2025-12-13T19:00:00+00:00 [running]> on host 3c0ddfc4fe5e
[2025-12-13T20:00:01.364+0000] {taskinstance.py:2648} INFO - Exporting env vars: AIRFLOW_CTX_DAG_OWNER='***' AIRFLOW_CTX_DAG_ID='caspian_full_pipeline' AIRFLOW_CTX_TASK_ID='dbt_build_and_snapshot' AIRFLOW_CTX_EXECUTION_DATE='2025-12-13T19:00:00+00:00' AIRFLOW_CTX_TRY_NUMBER='1' AIRFLOW_CTX_DAG_RUN_ID='scheduled__2025-12-13T19:00:00+00:00'
[2025-12-13T20:00:01.364+0000] {taskinstance.py:430} INFO - ::endgroup::
[2025-12-13T20:00:01.374+0000] {subprocess.py:63} INFO - Tmp dir root location: /tmp
[2025-12-13T20:00:01.374+0000] {subprocess.py:75} INFO - Running command: ['/usr/bin/bash', '-c', '\n        set -euo pipefail\n\n        export DBT_PROFILES_DIR=/home/***/.dbt\n        export DBT_LOG_PATH=/opt/***/logs/dbt\n        export DBT_TARGET_PATH=/opt/***/dbt_target\n\n        mkdir -p "$DBT_LOG_PATH" "$DBT_TARGET_PATH"\n\n        cd /opt/project/caspian_vault\n\n        /home/***/.local/bin/dbt deps --profile caspian_vault --target dev\n        /home/***/.local/bin/dbt build --profile caspian_vault --target dev\n        /home/***/.local/bin/dbt snapshot --profile caspian_vault --target dev\n        ']
[2025-12-13T20:00:01.384+0000] {subprocess.py:86} INFO - Output:
[2025-12-13T20:00:02.747+0000] {subprocess.py:93} INFO - [0m20:00:02  Running with dbt=1.10.15
[2025-12-13T20:00:02.753+0000] {subprocess.py:93} INFO - [0m20:00:02  [[33mWARNING[0m]: Deprecated functionality
[2025-12-13T20:00:02.754+0000] {subprocess.py:93} INFO - The `log-path` config in `dbt_project.yml` has been deprecated, and will no
[2025-12-13T20:00:02.754+0000] {subprocess.py:93} INFO - longer be supported in a future version of dbt-core. If you wish to write dbt
[2025-12-13T20:00:02.754+0000] {subprocess.py:93} INFO - logs to a custom directory, please use the --log-path CLI flag or DBT_LOG_PATH
[2025-12-13T20:00:02.754+0000] {subprocess.py:93} INFO - env var instead.
[2025-12-13T20:00:02.754+0000] {subprocess.py:93} INFO - [0m20:00:02  [[33mWARNING[0m]: Deprecated functionality
[2025-12-13T20:00:02.754+0000] {subprocess.py:93} INFO - The `target-path` config in `dbt_project.yml` has been deprecated, and will no
[2025-12-13T20:00:02.754+0000] {subprocess.py:93} INFO - longer be supported in a future version of dbt-core. If you wish to write dbt
[2025-12-13T20:00:02.754+0000] {subprocess.py:93} INFO - artifacts to a custom directory, please use the --target-path CLI flag or
[2025-12-13T20:00:02.754+0000] {subprocess.py:93} INFO - DBT_TARGET_PATH env var instead.
[2025-12-13T20:00:03.349+0000] {subprocess.py:93} INFO - [0m20:00:03  Installing dbt-labs/dbt_utils
[2025-12-13T20:00:03.594+0000] {subprocess.py:93} INFO - [0m20:00:03  Installed from version 1.3.0
[2025-12-13T20:00:03.594+0000] {subprocess.py:93} INFO - [0m20:00:03  Updated version available: 1.3.3
[2025-12-13T20:00:03.594+0000] {subprocess.py:93} INFO - [0m20:00:03
[2025-12-13T20:00:03.595+0000] {subprocess.py:93} INFO - [0m20:00:03  Updates available for packages: ['dbt-labs/dbt_utils']
[2025-12-13T20:00:03.595+0000] {subprocess.py:93} INFO - Update your versions in packages.yml, then run dbt deps
[2025-12-13T20:00:03.595+0000] {subprocess.py:93} INFO - [0m20:00:03  [[33mWARNING[0m][DeprecationsSummary]: Deprecated functionality
[2025-12-13T20:00:03.596+0000] {subprocess.py:93} INFO - Summary of encountered deprecations:
[2025-12-13T20:00:03.596+0000] {subprocess.py:93} INFO - - ConfigLogPathDeprecation: 1 occurrence
[2025-12-13T20:00:03.596+0000] {subprocess.py:93} INFO - - ConfigTargetPathDeprecation: 1 occurrence
[2025-12-13T20:00:03.596+0000] {subprocess.py:93} INFO - To see all deprecation instances instead of just the first occurrence of each,
[2025-12-13T20:00:03.596+0000] {subprocess.py:93} INFO - run command again with the `--show-all-deprecations` flag. You may also need to
[2025-12-13T20:00:03.596+0000] {subprocess.py:93} INFO - run with `--no-partial-parse` as some deprecations are only encountered during
[2025-12-13T20:00:03.596+0000] {subprocess.py:93} INFO - parsing.
[2025-12-13T20:00:05.555+0000] {subprocess.py:93} INFO - [0m20:00:05  Running with dbt=1.10.15
[2025-12-13T20:00:05.600+0000] {subprocess.py:93} INFO - [0m20:00:05  [[33mWARNING[0m]: Deprecated functionality
[2025-12-13T20:00:05.600+0000] {subprocess.py:93} INFO - The `log-path` config in `dbt_project.yml` has been deprecated, and will no
[2025-12-13T20:00:05.600+0000] {subprocess.py:93} INFO - longer be supported in a future version of dbt-core. If you wish to write dbt
[2025-12-13T20:00:05.600+0000] {subprocess.py:93} INFO - logs to a custom directory, please use the --log-path CLI flag or DBT_LOG_PATH
[2025-12-13T20:00:05.600+0000] {subprocess.py:93} INFO - env var instead.
[2025-12-13T20:00:05.601+0000] {subprocess.py:93} INFO - [0m20:00:05  [[33mWARNING[0m]: Deprecated functionality
[2025-12-13T20:00:05.601+0000] {subprocess.py:93} INFO - The `target-path` config in `dbt_project.yml` has been deprecated, and will no
[2025-12-13T20:00:05.601+0000] {subprocess.py:93} INFO - longer be supported in a future version of dbt-core. If you wish to write dbt
[2025-12-13T20:00:05.601+0000] {subprocess.py:93} INFO - artifacts to a custom directory, please use the --target-path CLI flag or
[2025-12-13T20:00:05.601+0000] {subprocess.py:93} INFO - DBT_TARGET_PATH env var instead.
[2025-12-13T20:00:05.779+0000] {subprocess.py:93} INFO - [0m20:00:05  Registered adapter: postgres=1.9.0
[2025-12-13T20:00:06.024+0000] {subprocess.py:93} INFO - [0m20:00:06  [[33mWARNING[0m]: Configuration paths exist in your dbt_project.yml file which do not apply to any resources.
[2025-12-13T20:00:06.024+0000] {subprocess.py:93} INFO - There are 1 unused configuration paths:
[2025-12-13T20:00:06.024+0000] {subprocess.py:93} INFO - - models.caspian_vault.example
[2025-12-13T20:00:06.202+0000] {subprocess.py:93} INFO - [0m20:00:06  Found 16 models, 1 snapshot, 19 data tests, 3 sources, 578 macros
[2025-12-13T20:00:06.206+0000] {subprocess.py:93} INFO - [0m20:00:06
[2025-12-13T20:00:06.206+0000] {subprocess.py:93} INFO - [0m20:00:06  Concurrency: 4 threads (target='dev')
[2025-12-13T20:00:06.206+0000] {subprocess.py:93} INFO - [0m20:00:06
[2025-12-13T20:00:06.321+0000] {subprocess.py:93} INFO - [0m20:00:06  1 of 36 START sql view model public.raw_recovered_1 ............................ [RUN]
[2025-12-13T20:00:06.321+0000] {subprocess.py:93} INFO - [0m20:00:06  2 of 36 START sql view model public.raw_recovered_2 ............................ [RUN]
[2025-12-13T20:00:06.322+0000] {subprocess.py:93} INFO - [0m20:00:06  3 of 36 START sql view model public.raw_sgx_all ................................ [RUN]
[2025-12-13T20:00:06.500+0000] {subprocess.py:93} INFO - [0m20:00:06  2 of 36 OK created sql view model public.raw_recovered_2 ....................... [[32mCREATE VIEW[0m in 0.17s]
[2025-12-13T20:00:06.500+0000] {subprocess.py:93} INFO - [0m20:00:06  3 of 36 OK created sql view model public.raw_sgx_all ........................... [[32mCREATE VIEW[0m in 0.18s]
[2025-12-13T20:00:06.502+0000] {subprocess.py:93} INFO - [0m20:00:06  1 of 36 OK created sql view model public.raw_recovered_1 ....................... [[32mCREATE VIEW[0m in 0.18s]
[2025-12-13T20:00:06.504+0000] {subprocess.py:93} INFO - [0m20:00:06  4 of 36 START sql table model public.stg_readings .............................. [RUN]
[2025-12-13T20:00:06.579+0000] {subprocess.py:93} INFO - [0m20:00:06  4 of 36 OK created sql table model public.stg_readings ......................... [[32mSELECT 0[0m in 0.07s]
[2025-12-13T20:00:06.580+0000] {subprocess.py:93} INFO - [0m20:00:06  5 of 36 START test dbt_utils_expression_is_true_stg_readings_survey_type_id_is_not_null  [RUN]
[2025-12-13T20:00:06.581+0000] {subprocess.py:93} INFO - [0m20:00:06  6 of 36 START test dbt_utils_expression_is_true_stg_readings_well_id_is_not_null  [RUN]
[2025-12-13T20:00:06.633+0000] {subprocess.py:93} INFO - [0m20:00:06  5 of 36 PASS dbt_utils_expression_is_true_stg_readings_survey_type_id_is_not_null  [[32mPASS[0m in 0.05s]
[2025-12-13T20:00:06.633+0000] {subprocess.py:93} INFO - [0m20:00:06  6 of 36 PASS dbt_utils_expression_is_true_stg_readings_well_id_is_not_null ..... [[32mPASS[0m in 0.05s]
[2025-12-13T20:00:06.636+0000] {subprocess.py:93} INFO - [0m20:00:06  7 of 36 START sql table model public.dv_hub_survey_type ........................ [RUN]
[2025-12-13T20:00:06.637+0000] {subprocess.py:93} INFO - [0m20:00:06  8 of 36 START sql table model public.dv_hub_well ............................... [RUN]
[2025-12-13T20:00:06.637+0000] {subprocess.py:93} INFO - [0m20:00:06  9 of 36 START sql table model public.dv_link_well_survey ....................... [RUN]
[2025-12-13T20:00:06.638+0000] {subprocess.py:93} INFO - [0m20:00:06  10 of 36 START sql table model public.dv_sat_readings .......................... [RUN]
[2025-12-13T20:00:06.741+0000] {subprocess.py:93} INFO - [0m20:00:06  8 of 36 OK created sql table model public.dv_hub_well .......................... [[32mSELECT 0[0m in 0.10s]
[2025-12-13T20:00:06.744+0000] {subprocess.py:93} INFO - [0m20:00:06  9 of 36 OK created sql table model public.dv_link_well_survey .................. [[32mSELECT 0[0m in 0.10s]
[2025-12-13T20:00:06.745+0000] {subprocess.py:93} INFO - [0m20:00:06  10 of 36 OK created sql table model public.dv_sat_readings ..................... [[32mSELECT 0[0m in 0.10s]
[2025-12-13T20:00:06.746+0000] {subprocess.py:93} INFO - [0m20:00:06  7 of 36 OK created sql table model public.dv_hub_survey_type ................... [[32mSELECT 0[0m in 0.11s]
[2025-12-13T20:00:06.747+0000] {subprocess.py:93} INFO - [0m20:00:06  11 of 36 START test not_null_dv_hub_well_hk_well ............................... [RUN]
[2025-12-13T20:00:06.749+0000] {subprocess.py:93} INFO - [0m20:00:06  12 of 36 START test not_null_dv_hub_well_well_id_bk ............................ [RUN]
[2025-12-13T20:00:06.750+0000] {subprocess.py:93} INFO - [0m20:00:06  13 of 36 START test unique_dv_hub_well_hk_well ................................. [RUN]
[2025-12-13T20:00:06.751+0000] {subprocess.py:93} INFO - [0m20:00:06  14 of 36 START test not_null_dv_link_well_survey_hk_survey_type ................ [RUN]
[2025-12-13T20:00:06.795+0000] {subprocess.py:93} INFO - [0m20:00:06  12 of 36 PASS not_null_dv_hub_well_well_id_bk .................................. [[32mPASS[0m in 0.04s]
[2025-12-13T20:00:06.796+0000] {subprocess.py:93} INFO - [0m20:00:06  11 of 36 PASS not_null_dv_hub_well_hk_well ..................................... [[32mPASS[0m in 0.05s]
[2025-12-13T20:00:06.797+0000] {subprocess.py:93} INFO - [0m20:00:06  14 of 36 PASS not_null_dv_link_well_survey_hk_survey_type ...................... [[32mPASS[0m in 0.04s]
[2025-12-13T20:00:06.798+0000] {subprocess.py:93} INFO - [0m20:00:06  13 of 36 PASS unique_dv_hub_well_hk_well ....................................... [[32mPASS[0m in 0.05s]
[2025-12-13T20:00:06.800+0000] {subprocess.py:93} INFO - [0m20:00:06  15 of 36 START test not_null_dv_link_well_survey_hk_well ....................... [RUN]
[2025-12-13T20:00:06.801+0000] {subprocess.py:93} INFO - [0m20:00:06  16 of 36 START test not_null_dv_link_well_survey_hk_well_survey ................ [RUN]
[2025-12-13T20:00:06.802+0000] {subprocess.py:93} INFO - [0m20:00:06  17 of 36 START test relationships_dv_link_well_survey_hk_well__hk_well__ref_dv_hub_well_  [RUN]
[2025-12-13T20:00:06.803+0000] {subprocess.py:93} INFO - [0m20:00:06  18 of 36 START test unique_dv_link_well_survey_hk_well_survey .................. [RUN]
[2025-12-13T20:00:06.843+0000] {subprocess.py:93} INFO - [0m20:00:06  15 of 36 PASS not_null_dv_link_well_survey_hk_well ............................. [[32mPASS[0m in 0.04s]
[2025-12-13T20:00:06.849+0000] {subprocess.py:93} INFO - [0m20:00:06  16 of 36 PASS not_null_dv_link_well_survey_hk_well_survey ...................... [[32mPASS[0m in 0.05s]
[2025-12-13T20:00:06.850+0000] {subprocess.py:93} INFO - [0m20:00:06  17 of 36 PASS relationships_dv_link_well_survey_hk_well__hk_well__ref_dv_hub_well_  [[32mPASS[0m in 0.05s]
[2025-12-13T20:00:06.850+0000] {subprocess.py:93} INFO - [0m20:00:06  19 of 36 START test not_null_dv_sat_readings_hk_well_survey .................... [RUN]
[2025-12-13T20:00:06.851+0000] {subprocess.py:93} INFO - [0m20:00:06  18 of 36 PASS unique_dv_link_well_survey_hk_well_survey ........................ [[32mPASS[0m in 0.05s]
[2025-12-13T20:00:06.854+0000] {subprocess.py:93} INFO - [0m20:00:06  20 of 36 START test not_null_dv_sat_readings_load_ts ........................... [RUN]
[2025-12-13T20:00:06.854+0000] {subprocess.py:93} INFO - [0m20:00:06  21 of 36 START test not_null_dv_sat_readings_row_checksum ...................... [RUN]
[2025-12-13T20:00:06.858+0000] {subprocess.py:93} INFO - [0m20:00:06  22 of 36 START test relationships_dv_sat_readings_hk_well_survey__hk_well_survey__ref_dv_link_well_survey_  [RUN]
[2025-12-13T20:00:06.897+0000] {subprocess.py:93} INFO - [0m20:00:06  20 of 36 PASS not_null_dv_sat_readings_load_ts ................................. [[32mPASS[0m in 0.04s]
[2025-12-13T20:00:06.898+0000] {subprocess.py:93} INFO - [0m20:00:06  19 of 36 PASS not_null_dv_sat_readings_hk_well_survey .......................... [[32mPASS[0m in 0.05s]
[2025-12-13T20:00:06.901+0000] {subprocess.py:93} INFO - [0m20:00:06  22 of 36 PASS relationships_dv_sat_readings_hk_well_survey__hk_well_survey__ref_dv_link_well_survey_  [[32mPASS[0m in 0.04s]
[2025-12-13T20:00:06.902+0000] {subprocess.py:93} INFO - [0m20:00:06  21 of 36 PASS not_null_dv_sat_readings_row_checksum ............................ [[32mPASS[0m in 0.04s]
[2025-12-13T20:00:06.903+0000] {subprocess.py:93} INFO - [0m20:00:06  23 of 36 START test test_counts_match .......................................... [RUN]
[2025-12-13T20:00:06.903+0000] {subprocess.py:93} INFO - [0m20:00:06  24 of 36 START test not_null_dv_hub_survey_type_hk_survey_type ................. [RUN]
[2025-12-13T20:00:06.905+0000] {subprocess.py:93} INFO - [0m20:00:06  25 of 36 START test not_null_dv_hub_survey_type_survey_type_bk ................. [RUN]
[2025-12-13T20:00:06.907+0000] {subprocess.py:93} INFO - [0m20:00:06  26 of 36 START test relationships_dv_link_well_survey_hk_survey_type__hk_survey_type__ref_dv_hub_survey_type_  [RUN]
[2025-12-13T20:00:06.948+0000] {subprocess.py:93} INFO - [0m20:00:06  23 of 36 PASS test_counts_match ................................................ [[32mPASS[0m in 0.04s]
[2025-12-13T20:00:06.949+0000] {subprocess.py:93} INFO - [0m20:00:06  24 of 36 PASS not_null_dv_hub_survey_type_hk_survey_type ....................... [[32mPASS[0m in 0.04s]
[2025-12-13T20:00:06.951+0000] {subprocess.py:93} INFO - [0m20:00:06  25 of 36 PASS not_null_dv_hub_survey_type_survey_type_bk ....................... [[32mPASS[0m in 0.04s]
[2025-12-13T20:00:06.952+0000] {subprocess.py:93} INFO - [0m20:00:06  26 of 36 PASS relationships_dv_link_well_survey_hk_survey_type__hk_survey_type__ref_dv_hub_survey_type_  [[32mPASS[0m in 0.04s]
[2025-12-13T20:00:06.953+0000] {subprocess.py:93} INFO - [0m20:00:06  27 of 36 START test unique_dv_hub_survey_type_hk_survey_type ................... [RUN]
[2025-12-13T20:00:06.955+0000] {subprocess.py:93} INFO - [0m20:00:06  28 of 36 START sql table model public.dim_well ................................. [RUN]
[2025-12-13T20:00:06.956+0000] {subprocess.py:93} INFO - [0m20:00:06  29 of 36 START sql table model public.dim_source_format ........................ [RUN]
[2025-12-13T20:00:06.957+0000] {subprocess.py:93} INFO - [0m20:00:06  30 of 36 START sql table model public.dim_time ................................. [RUN]
[2025-12-13T20:00:06.995+0000] {subprocess.py:93} INFO - [0m20:00:06  27 of 36 PASS unique_dv_hub_survey_type_hk_survey_type ......................... [[32mPASS[0m in 0.04s]
[2025-12-13T20:00:06.997+0000] {subprocess.py:93} INFO - [0m20:00:06  31 of 36 START sql table model public.fct_readings ............................. [RUN]
[2025-12-13T20:00:07.048+0000] {subprocess.py:93} INFO - [0m20:00:07  28 of 36 OK created sql table model public.dim_well ............................ [[32mSELECT 0[0m in 0.09s]
[2025-12-13T20:00:07.051+0000] {subprocess.py:93} INFO - [0m20:00:07  30 of 36 OK created sql table model public.dim_time ............................ [[32mSELECT 0[0m in 0.09s]
[2025-12-13T20:00:07.053+0000] {subprocess.py:93} INFO - [0m20:00:07  29 of 36 OK created sql table model public.dim_source_format ................... [[32mSELECT 0[0m in 0.09s]
[2025-12-13T20:00:07.054+0000] {subprocess.py:93} INFO - [0m20:00:07  32 of 36 START sql table model public.dim_survey_type .......................... [RUN]
[2025-12-13T20:00:07.071+0000] {subprocess.py:93} INFO - [0m20:00:07  31 of 36 OK created sql table model public.fct_readings ........................ [[32mSELECT 0[0m in 0.07s]
[2025-12-13T20:00:07.074+0000] {subprocess.py:93} INFO - [0m20:00:07  33 of 36 START sql table model public.mart_sensor_analysis ..................... [RUN]
[2025-12-13T20:00:07.075+0000] {subprocess.py:93} INFO - [0m20:00:07  34 of 36 START sql table model public.mart_survey_summary ...................... [RUN]
[2025-12-13T20:00:07.075+0000] {subprocess.py:93} INFO - [0m20:00:07  35 of 36 START sql table model public.mart_well_performance .................... [RUN]
[2025-12-13T20:00:07.116+0000] {subprocess.py:93} INFO - [0m20:00:07  32 of 36 OK created sql table model public.dim_survey_type ..................... [[32mSELECT 0[0m in 0.06s]
[2025-12-13T20:00:07.152+0000] {subprocess.py:93} INFO - [0m20:00:07  35 of 36 OK created sql table model public.mart_well_performance ............... [[32mSELECT 0[0m in 0.08s]
[2025-12-13T20:00:07.154+0000] {subprocess.py:93} INFO - [0m20:00:07  36 of 36 START snapshot snapshots.snap_mart_well_performance ................... [RUN]
[2025-12-13T20:00:07.161+0000] {subprocess.py:93} INFO - [0m20:00:07  33 of 36 OK created sql table model public.mart_sensor_analysis ................ [[32mSELECT 0[0m in 0.08s]
[2025-12-13T20:00:07.197+0000] {subprocess.py:93} INFO - [0m20:00:07  34 of 36 OK created sql table model public.mart_survey_summary ................. [[32mSELECT 0[0m in 0.09s]
[2025-12-13T20:00:07.295+0000] {subprocess.py:93} INFO - [0m20:00:07  36 of 36 OK snapshotted snapshots.snap_mart_well_performance ................... [[32mINSERT 0 0[0m in 0.14s]
[2025-12-13T20:00:07.305+0000] {subprocess.py:93} INFO - [0m20:00:07
[2025-12-13T20:00:07.305+0000] {subprocess.py:93} INFO - [0m20:00:07  Finished running 1 snapshot, 13 table models, 19 data tests, 3 view models in 0 hours 0 minutes and 1.10 seconds (1.10s).
[2025-12-13T20:00:07.343+0000] {subprocess.py:93} INFO - [0m20:00:07
[2025-12-13T20:00:07.343+0000] {subprocess.py:93} INFO - [0m20:00:07  [32mCompleted successfully[0m
[2025-12-13T20:00:07.343+0000] {subprocess.py:93} INFO - [0m20:00:07
[2025-12-13T20:00:07.343+0000] {subprocess.py:93} INFO - [0m20:00:07  Done. PASS=36 WARN=0 ERROR=0 SKIP=0 NO-OP=0 TOTAL=36
[2025-12-13T20:00:07.344+0000] {subprocess.py:93} INFO - [0m20:00:07  [[33mWARNING[0m][DeprecationsSummary]: Deprecated functionality
[2025-12-13T20:00:07.344+0000] {subprocess.py:93} INFO - Summary of encountered deprecations:
[2025-12-13T20:00:07.344+0000] {subprocess.py:93} INFO - - ConfigLogPathDeprecation: 1 occurrence
[2025-12-13T20:00:07.344+0000] {subprocess.py:93} INFO - - ConfigTargetPathDeprecation: 1 occurrence
[2025-12-13T20:00:07.344+0000] {subprocess.py:93} INFO - To see all deprecation instances instead of just the first occurrence of each,
[2025-12-13T20:00:07.345+0000] {subprocess.py:93} INFO - run command again with the `--show-all-deprecations` flag. You may also need to
[2025-12-13T20:00:07.345+0000] {subprocess.py:93} INFO - run with `--no-partial-parse` as some deprecations are only encountered during
[2025-12-13T20:00:07.345+0000] {subprocess.py:93} INFO - parsing.
[2025-12-13T20:00:09.438+0000] {subprocess.py:93} INFO - [0m20:00:09  Running with dbt=1.10.15
[2025-12-13T20:00:09.483+0000] {subprocess.py:93} INFO - [0m20:00:09  [[33mWARNING[0m]: Deprecated functionality
[2025-12-13T20:00:09.483+0000] {subprocess.py:93} INFO - The `log-path` config in `dbt_project.yml` has been deprecated, and will no
[2025-12-13T20:00:09.483+0000] {subprocess.py:93} INFO - longer be supported in a future version of dbt-core. If you wish to write dbt
[2025-12-13T20:00:09.484+0000] {subprocess.py:93} INFO - logs to a custom directory, please use the --log-path CLI flag or DBT_LOG_PATH
[2025-12-13T20:00:09.484+0000] {subprocess.py:93} INFO - env var instead.
[2025-12-13T20:00:09.484+0000] {subprocess.py:93} INFO - [0m20:00:09  [[33mWARNING[0m]: Deprecated functionality
[2025-12-13T20:00:09.484+0000] {subprocess.py:93} INFO - The `target-path` config in `dbt_project.yml` has been deprecated, and will no
[2025-12-13T20:00:09.484+0000] {subprocess.py:93} INFO - longer be supported in a future version of dbt-core. If you wish to write dbt
[2025-12-13T20:00:09.484+0000] {subprocess.py:93} INFO - artifacts to a custom directory, please use the --target-path CLI flag or
[2025-12-13T20:00:09.484+0000] {subprocess.py:93} INFO - DBT_TARGET_PATH env var instead.
[2025-12-13T20:00:09.661+0000] {subprocess.py:93} INFO - [0m20:00:09  Registered adapter: postgres=1.9.0
[2025-12-13T20:00:09.904+0000] {subprocess.py:93} INFO - [0m20:00:09  [[33mWARNING[0m]: Configuration paths exist in your dbt_project.yml file which do not apply to any resources.
[2025-12-13T20:00:09.904+0000] {subprocess.py:93} INFO - There are 1 unused configuration paths:
[2025-12-13T20:00:09.904+0000] {subprocess.py:93} INFO - - models.caspian_vault.example
[2025-12-13T20:00:10.071+0000] {subprocess.py:93} INFO - [0m20:00:10  Found 16 models, 1 snapshot, 19 data tests, 3 sources, 578 macros
[2025-12-13T20:00:10.073+0000] {subprocess.py:93} INFO - [0m20:00:10
[2025-12-13T20:00:10.073+0000] {subprocess.py:93} INFO - [0m20:00:10  Concurrency: 4 threads (target='dev')
[2025-12-13T20:00:10.074+0000] {subprocess.py:93} INFO - [0m20:00:10
[2025-12-13T20:00:10.182+0000] {subprocess.py:93} INFO - [0m20:00:10  1 of 1 START snapshot snapshots.snap_mart_well_performance ..................... [RUN]
[2025-12-13T20:00:10.343+0000] {subprocess.py:93} INFO - [0m20:00:10  1 of 1 OK snapshotted snapshots.snap_mart_well_performance ..................... [[32mINSERT 0 0[0m in 0.16s]
[2025-12-13T20:00:10.352+0000] {subprocess.py:93} INFO - [0m20:00:10
[2025-12-13T20:00:10.352+0000] {subprocess.py:93} INFO - [0m20:00:10  Finished running 1 snapshot in 0 hours 0 minutes and 0.28 seconds (0.28s).
[2025-12-13T20:00:10.433+0000] {subprocess.py:93} INFO - [0m20:00:10
[2025-12-13T20:00:10.433+0000] {subprocess.py:93} INFO - [0m20:00:10  [32mCompleted successfully[0m
[2025-12-13T20:00:10.433+0000] {subprocess.py:93} INFO - [0m20:00:10
[2025-12-13T20:00:10.434+0000] {subprocess.py:93} INFO - [0m20:00:10  Done. PASS=1 WARN=0 ERROR=0 SKIP=0 NO-OP=0 TOTAL=1
[2025-12-13T20:00:10.434+0000] {subprocess.py:93} INFO - [0m20:00:10  [[33mWARNING[0m][DeprecationsSummary]: Deprecated functionality
[2025-12-13T20:00:10.434+0000] {subprocess.py:93} INFO - Summary of encountered deprecations:
[2025-12-13T20:00:10.434+0000] {subprocess.py:93} INFO - - ConfigLogPathDeprecation: 1 occurrence
[2025-12-13T20:00:10.434+0000] {subprocess.py:93} INFO - - ConfigTargetPathDeprecation: 1 occurrence
[2025-12-13T20:00:10.434+0000] {subprocess.py:93} INFO - To see all deprecation instances instead of just the first occurrence of each,
[2025-12-13T20:00:10.435+0000] {subprocess.py:93} INFO - run command again with the `--show-all-deprecations` flag. You may also need to
[2025-12-13T20:00:10.435+0000] {subprocess.py:93} INFO - run with `--no-partial-parse` as some deprecations are only encountered during
[2025-12-13T20:00:10.435+0000] {subprocess.py:93} INFO - parsing.
[2025-12-13T20:00:11.062+0000] {subprocess.py:97} INFO - Command exited with return code 0
[2025-12-13T20:00:11.063+0000] {taskinstance.py:441} INFO - ::group::Post task execution logs
[2025-12-13T20:00:11.084+0000] {taskinstance.py:1206} INFO - Marking task as SUCCESS. dag_id=caspian_full_pipeline, task_id=dbt_build_and_snapshot, run_id=scheduled__2025-12-13T19:00:00+00:00, execution_date=20251213T190000, start_date=20251213T200001, end_date=20251213T200011
[2025-12-13T20:00:11.136+0000] {local_task_job_runner.py:243} INFO - Task exited with return code 0
[2025-12-13T20:00:11.148+0000] {taskinstance.py:3503} INFO - 0 downstream tasks scheduled from follow-on schedule check
[2025-12-13T20:00:11.150+0000] {local_task_job_runner.py:222} INFO - ::endgroup::
