[2025-12-14T06:07:46.477+0000] {local_task_job_runner.py:120} INFO - ::group::Pre task execution logs
[2025-12-14T06:07:46.494+0000] {taskinstance.py:2076} INFO - Dependencies all met for dep_context=non-requeueable deps ti=<TaskInstance: caspian_full_pipeline.dbt_deps manual__2025-12-14T06:07:45.565665+00:00 [queued]>
[2025-12-14T06:07:46.499+0000] {taskinstance.py:2076} INFO - Dependencies all met for dep_context=requeueable deps ti=<TaskInstance: caspian_full_pipeline.dbt_deps manual__2025-12-14T06:07:45.565665+00:00 [queued]>
[2025-12-14T06:07:46.499+0000] {taskinstance.py:2306} INFO - Starting attempt 1 of 1
[2025-12-14T06:07:46.509+0000] {taskinstance.py:2330} INFO - Executing <Task(BashOperator): dbt_deps> on 2025-12-14 06:07:45.565665+00:00
[2025-12-14T06:07:46.516+0000] {warnings.py:112} WARNING - /home/***/.local/lib/python3.12/site-packages/***/task/task_runner/standard_task_runner.py:62: DeprecationWarning: This process (pid=82) is multi-threaded, use of fork() may lead to deadlocks in the child.
  pid = os.fork()

[2025-12-14T06:07:46.517+0000] {standard_task_runner.py:64} INFO - Started process 83 to run task
[2025-12-14T06:07:46.517+0000] {standard_task_runner.py:90} INFO - Running: ['***', 'tasks', 'run', 'caspian_full_pipeline', 'dbt_deps', 'manual__2025-12-14T06:07:45.565665+00:00', '--job-id', '114', '--raw', '--subdir', 'DAGS_FOLDER/caspian_full_pipeline.py', '--cfg-path', '/tmp/tmp41gvr46i']
[2025-12-14T06:07:46.518+0000] {standard_task_runner.py:91} INFO - Job 114: Subtask dbt_deps
[2025-12-14T06:07:46.548+0000] {task_command.py:426} INFO - Running <TaskInstance: caspian_full_pipeline.dbt_deps manual__2025-12-14T06:07:45.565665+00:00 [running]> on host f72749d43b43
[2025-12-14T06:07:46.612+0000] {taskinstance.py:2648} INFO - Exporting env vars: AIRFLOW_CTX_DAG_OWNER='***' AIRFLOW_CTX_DAG_ID='caspian_full_pipeline' AIRFLOW_CTX_TASK_ID='dbt_deps' AIRFLOW_CTX_EXECUTION_DATE='2025-12-14T06:07:45.565665+00:00' AIRFLOW_CTX_TRY_NUMBER='1' AIRFLOW_CTX_DAG_RUN_ID='manual__2025-12-14T06:07:45.565665+00:00'
[2025-12-14T06:07:46.613+0000] {taskinstance.py:430} INFO - ::endgroup::
[2025-12-14T06:07:46.635+0000] {subprocess.py:63} INFO - Tmp dir root location: /tmp
[2025-12-14T06:07:46.636+0000] {subprocess.py:75} INFO - Running command: ['/usr/bin/bash', '-c', '\nset -euo pipefail\nexport DBT_PROFILES_DIR=/opt/project/caspian_vault/dbt_profiles\nexport DBT_LOG_PATH=/opt/***/logs/dbt\nexport DBT_TARGET_PATH=/opt/***/dbt_target\nexport DBT_STATE_PATH=/opt/***/dbt_state\nexport DBT_PACKAGES_INSTALL_PATH=/opt/***/dbt_packages\n\nmkdir -p "$DBT_LOG_PATH" "$DBT_TARGET_PATH" "$DBT_PACKAGES_INSTALL_PATH"\ncd /opt/project/caspian_vault\n\n/home/***/.local/bin/dbt deps --profile caspian_vault --target dev']
[2025-12-14T06:07:46.646+0000] {subprocess.py:86} INFO - Output:
[2025-12-14T06:07:48.032+0000] {subprocess.py:93} INFO - [0m06:07:48  Running with dbt=1.10.15
[2025-12-14T06:07:48.039+0000] {subprocess.py:93} INFO - [0m06:07:48  [[33mWARNING[0m]: Deprecated functionality
[2025-12-14T06:07:48.039+0000] {subprocess.py:93} INFO - The `log-path` config in `dbt_project.yml` has been deprecated, and will no
[2025-12-14T06:07:48.039+0000] {subprocess.py:93} INFO - longer be supported in a future version of dbt-core. If you wish to write dbt
[2025-12-14T06:07:48.039+0000] {subprocess.py:93} INFO - logs to a custom directory, please use the --log-path CLI flag or DBT_LOG_PATH
[2025-12-14T06:07:48.039+0000] {subprocess.py:93} INFO - env var instead.
[2025-12-14T06:07:48.040+0000] {subprocess.py:93} INFO - [0m06:07:48  [[33mWARNING[0m]: Deprecated functionality
[2025-12-14T06:07:48.040+0000] {subprocess.py:93} INFO - The `target-path` config in `dbt_project.yml` has been deprecated, and will no
[2025-12-14T06:07:48.040+0000] {subprocess.py:93} INFO - longer be supported in a future version of dbt-core. If you wish to write dbt
[2025-12-14T06:07:48.040+0000] {subprocess.py:93} INFO - artifacts to a custom directory, please use the --target-path CLI flag or
[2025-12-14T06:07:48.040+0000] {subprocess.py:93} INFO - DBT_TARGET_PATH env var instead.
[2025-12-14T06:07:48.376+0000] {subprocess.py:93} INFO - [0m06:07:48  Installing dbt-labs/dbt_utils
[2025-12-14T06:07:48.618+0000] {subprocess.py:93} INFO - [0m06:07:48  Installed from version 1.3.0
[2025-12-14T06:07:48.618+0000] {subprocess.py:93} INFO - [0m06:07:48  Updated version available: 1.3.3
[2025-12-14T06:07:48.619+0000] {subprocess.py:93} INFO - [0m06:07:48
[2025-12-14T06:07:48.619+0000] {subprocess.py:93} INFO - [0m06:07:48  Updates available for packages: ['dbt-labs/dbt_utils']
[2025-12-14T06:07:48.620+0000] {subprocess.py:93} INFO - Update your versions in packages.yml, then run dbt deps
[2025-12-14T06:07:48.620+0000] {subprocess.py:93} INFO - [0m06:07:48  [[33mWARNING[0m][DeprecationsSummary]: Deprecated functionality
[2025-12-14T06:07:48.620+0000] {subprocess.py:93} INFO - Summary of encountered deprecations:
[2025-12-14T06:07:48.620+0000] {subprocess.py:93} INFO - - ConfigLogPathDeprecation: 1 occurrence
[2025-12-14T06:07:48.620+0000] {subprocess.py:93} INFO - - ConfigTargetPathDeprecation: 1 occurrence
[2025-12-14T06:07:48.621+0000] {subprocess.py:93} INFO - To see all deprecation instances instead of just the first occurrence of each,
[2025-12-14T06:07:48.621+0000] {subprocess.py:93} INFO - run command again with the `--show-all-deprecations` flag. You may also need to
[2025-12-14T06:07:48.621+0000] {subprocess.py:93} INFO - run with `--no-partial-parse` as some deprecations are only encountered during
[2025-12-14T06:07:48.621+0000] {subprocess.py:93} INFO - parsing.
[2025-12-14T06:07:49.264+0000] {subprocess.py:97} INFO - Command exited with return code 0
[2025-12-14T06:07:49.265+0000] {taskinstance.py:441} INFO - ::group::Post task execution logs
[2025-12-14T06:07:49.285+0000] {taskinstance.py:1206} INFO - Marking task as SUCCESS. dag_id=caspian_full_pipeline, task_id=dbt_deps, run_id=manual__2025-12-14T06:07:45.565665+00:00, execution_date=20251214T060745, start_date=20251214T060746, end_date=20251214T060749
[2025-12-14T06:07:49.338+0000] {local_task_job_runner.py:243} INFO - Task exited with return code 0
[2025-12-14T06:07:49.358+0000] {taskinstance.py:3503} INFO - 1 downstream tasks scheduled from follow-on schedule check
[2025-12-14T06:07:49.361+0000] {local_task_job_runner.py:222} INFO - ::endgroup::
