[2025-12-14T05:34:59.932+0000] {local_task_job_runner.py:120} INFO - ::group::Pre task execution logs
[2025-12-14T05:34:59.950+0000] {taskinstance.py:2076} INFO - Dependencies all met for dep_context=non-requeueable deps ti=<TaskInstance: caspian_full_pipeline.dbt_build_vault manual__2025-12-14T05:34:50.392170+00:00 [queued]>
[2025-12-14T05:34:59.955+0000] {taskinstance.py:2076} INFO - Dependencies all met for dep_context=requeueable deps ti=<TaskInstance: caspian_full_pipeline.dbt_build_vault manual__2025-12-14T05:34:50.392170+00:00 [queued]>
[2025-12-14T05:34:59.955+0000] {taskinstance.py:2306} INFO - Starting attempt 1 of 1
[2025-12-14T05:34:59.965+0000] {taskinstance.py:2330} INFO - Executing <Task(BashOperator): dbt_build_vault> on 2025-12-14 05:34:50.392170+00:00
[2025-12-14T05:34:59.972+0000] {warnings.py:112} WARNING - /home/***/.local/lib/python3.12/site-packages/***/task/task_runner/standard_task_runner.py:62: DeprecationWarning: This process (pid=201) is multi-threaded, use of fork() may lead to deadlocks in the child.
  pid = os.fork()

[2025-12-14T05:34:59.973+0000] {standard_task_runner.py:64} INFO - Started process 202 to run task
[2025-12-14T05:34:59.973+0000] {standard_task_runner.py:90} INFO - Running: ['***', 'tasks', 'run', 'caspian_full_pipeline', 'dbt_build_vault', 'manual__2025-12-14T05:34:50.392170+00:00', '--job-id', '75', '--raw', '--subdir', 'DAGS_FOLDER/caspian_full_pipeline.py', '--cfg-path', '/tmp/tmp0e9q1cef']
[2025-12-14T05:34:59.974+0000] {standard_task_runner.py:91} INFO - Job 75: Subtask dbt_build_vault
[2025-12-14T05:35:00.007+0000] {task_command.py:426} INFO - Running <TaskInstance: caspian_full_pipeline.dbt_build_vault manual__2025-12-14T05:34:50.392170+00:00 [running]> on host 3c0ddfc4fe5e
[2025-12-14T05:35:00.076+0000] {taskinstance.py:2648} INFO - Exporting env vars: AIRFLOW_CTX_DAG_OWNER='***' AIRFLOW_CTX_DAG_ID='caspian_full_pipeline' AIRFLOW_CTX_TASK_ID='dbt_build_vault' AIRFLOW_CTX_EXECUTION_DATE='2025-12-14T05:34:50.392170+00:00' AIRFLOW_CTX_TRY_NUMBER='1' AIRFLOW_CTX_DAG_RUN_ID='manual__2025-12-14T05:34:50.392170+00:00'
[2025-12-14T05:35:00.076+0000] {taskinstance.py:430} INFO - ::endgroup::
[2025-12-14T05:35:00.087+0000] {subprocess.py:63} INFO - Tmp dir root location: /tmp
[2025-12-14T05:35:00.087+0000] {subprocess.py:75} INFO - Running command: ['/usr/bin/bash', '-c', '\nset -euo pipefail\nexport DBT_PROFILES_DIR=/opt/project/caspian_vault/dbt_profiles\nexport DBT_LOG_PATH=/opt/***/logs/dbt\nexport DBT_TARGET_PATH=/opt/***/dbt_target\nexport DBT_PACKAGES_INSTALL_PATH=/opt/***/dbt_packages\n\nmkdir -p "$DBT_LOG_PATH" "$DBT_TARGET_PATH" "$DBT_PACKAGES_INSTALL_PATH"\ncd /opt/project/caspian_vault\n\n/home/***/.local/bin/dbt build --profile caspian_vault --target dev --no-partial-parse --select "vault"']
[2025-12-14T05:35:00.097+0000] {subprocess.py:86} INFO - Output:
[2025-12-14T05:35:01.452+0000] {subprocess.py:93} INFO - [0m05:35:01  Running with dbt=1.10.15
[2025-12-14T05:35:01.496+0000] {subprocess.py:93} INFO - [0m05:35:01  [[33mWARNING[0m]: Deprecated functionality
[2025-12-14T05:35:01.497+0000] {subprocess.py:93} INFO - The `log-path` config in `dbt_project.yml` has been deprecated, and will no
[2025-12-14T05:35:01.497+0000] {subprocess.py:93} INFO - longer be supported in a future version of dbt-core. If you wish to write dbt
[2025-12-14T05:35:01.497+0000] {subprocess.py:93} INFO - logs to a custom directory, please use the --log-path CLI flag or DBT_LOG_PATH
[2025-12-14T05:35:01.497+0000] {subprocess.py:93} INFO - env var instead.
[2025-12-14T05:35:01.497+0000] {subprocess.py:93} INFO - [0m05:35:01  [[33mWARNING[0m]: Deprecated functionality
[2025-12-14T05:35:01.497+0000] {subprocess.py:93} INFO - The `target-path` config in `dbt_project.yml` has been deprecated, and will no
[2025-12-14T05:35:01.497+0000] {subprocess.py:93} INFO - longer be supported in a future version of dbt-core. If you wish to write dbt
[2025-12-14T05:35:01.498+0000] {subprocess.py:93} INFO - artifacts to a custom directory, please use the --target-path CLI flag or
[2025-12-14T05:35:01.498+0000] {subprocess.py:93} INFO - DBT_TARGET_PATH env var instead.
[2025-12-14T05:35:01.675+0000] {subprocess.py:93} INFO - [0m05:35:01  Registered adapter: postgres=1.9.0
[2025-12-14T05:35:03.172+0000] {subprocess.py:93} INFO - [0m05:35:03  [[33mWARNING[0m][MissingArgumentsPropertyInGenericTestDeprecation]: Deprecated
[2025-12-14T05:35:03.173+0000] {subprocess.py:93} INFO - functionality
[2025-12-14T05:35:03.173+0000] {subprocess.py:93} INFO - Found top-level arguments to test `dbt_utils.expression_is_true`. Arguments to
[2025-12-14T05:35:03.173+0000] {subprocess.py:93} INFO - generic tests should be nested under the `arguments` property.`
[2025-12-14T05:35:03.377+0000] {subprocess.py:93} INFO - [0m05:35:03  [[33mWARNING[0m]: Configuration paths exist in your dbt_project.yml file which do not apply to any resources.
[2025-12-14T05:35:03.378+0000] {subprocess.py:93} INFO - There are 1 unused configuration paths:
[2025-12-14T05:35:03.378+0000] {subprocess.py:93} INFO - - models.caspian_vault.example
[2025-12-14T05:35:03.573+0000] {subprocess.py:93} INFO - [0m05:35:03  Found 13 models, 1 snapshot, 19 data tests, 3 sources, 578 macros
[2025-12-14T05:35:03.576+0000] {subprocess.py:93} INFO - [0m05:35:03
[2025-12-14T05:35:03.576+0000] {subprocess.py:93} INFO - [0m05:35:03  Concurrency: 4 threads (target='dev')
[2025-12-14T05:35:03.577+0000] {subprocess.py:93} INFO - [0m05:35:03
[2025-12-14T05:35:03.686+0000] {subprocess.py:93} INFO - [0m05:35:03  1 of 23 START test dbt_utils_expression_is_true_stg_readings_survey_type_id_is_not_null  [RUN]
[2025-12-14T05:35:03.687+0000] {subprocess.py:93} INFO - [0m05:35:03  2 of 23 START test dbt_utils_expression_is_true_stg_readings_well_id_is_not_null  [RUN]
[2025-12-14T05:35:03.728+0000] {subprocess.py:93} INFO - [0m05:35:03  1 of 23 PASS dbt_utils_expression_is_true_stg_readings_survey_type_id_is_not_null  [[32mPASS[0m in 0.04s]
[2025-12-14T05:35:03.728+0000] {subprocess.py:93} INFO - [0m05:35:03  2 of 23 PASS dbt_utils_expression_is_true_stg_readings_well_id_is_not_null ..... [[32mPASS[0m in 0.04s]
[2025-12-14T05:35:03.731+0000] {subprocess.py:93} INFO - [0m05:35:03  3 of 23 START sql table model public.dv_hub_survey_type ........................ [RUN]
[2025-12-14T05:35:03.732+0000] {subprocess.py:93} INFO - [0m05:35:03  4 of 23 START sql table model public.dv_hub_well ............................... [RUN]
[2025-12-14T05:35:03.732+0000] {subprocess.py:93} INFO - [0m05:35:03  5 of 23 START sql table model public.dv_link_well_survey ....................... [RUN]
[2025-12-14T05:35:03.733+0000] {subprocess.py:93} INFO - [0m05:35:03  6 of 23 START sql table model public.dv_sat_readings ........................... [RUN]
[2025-12-14T05:35:03.908+0000] {subprocess.py:93} INFO - [0m05:35:03  4 of 23 OK created sql table model public.dv_hub_well .......................... [[32mSELECT 20[0m in 0.17s]
[2025-12-14T05:35:03.910+0000] {subprocess.py:93} INFO - [0m05:35:03  7 of 23 START test not_null_dv_hub_well_hk_well ................................ [RUN]
[2025-12-14T05:35:03.916+0000] {subprocess.py:93} INFO - [0m05:35:03  3 of 23 OK created sql table model public.dv_hub_survey_type ................... [[32mSELECT 3[0m in 0.18s]
[2025-12-14T05:35:03.916+0000] {subprocess.py:93} INFO - [0m05:35:03  5 of 23 OK created sql table model public.dv_link_well_survey .................. [[32mSELECT 50[0m in 0.18s]
[2025-12-14T05:35:03.922+0000] {subprocess.py:93} INFO - [0m05:35:03  6 of 23 OK created sql table model public.dv_sat_readings ...................... [[32mSELECT 9980[0m in 0.18s]
[2025-12-14T05:35:03.925+0000] {subprocess.py:93} INFO - [0m05:35:03  8 of 23 START test not_null_dv_hub_well_well_id_bk ............................. [RUN]
[2025-12-14T05:35:03.927+0000] {subprocess.py:93} INFO - [0m05:35:03  9 of 23 START test unique_dv_hub_well_hk_well .................................. [RUN]
[2025-12-14T05:35:03.928+0000] {subprocess.py:93} INFO - [0m05:35:03  10 of 23 START test not_null_dv_hub_survey_type_hk_survey_type ................. [RUN]
[2025-12-14T05:35:03.956+0000] {subprocess.py:93} INFO - [0m05:35:03  7 of 23 PASS not_null_dv_hub_well_hk_well ...................................... [[32mPASS[0m in 0.04s]
[2025-12-14T05:35:03.957+0000] {subprocess.py:93} INFO - [0m05:35:03  11 of 23 START test not_null_dv_hub_survey_type_survey_type_bk ................. [RUN]
[2025-12-14T05:35:03.973+0000] {subprocess.py:93} INFO - [0m05:35:03  8 of 23 PASS not_null_dv_hub_well_well_id_bk ................................... [[32mPASS[0m in 0.04s]
[2025-12-14T05:35:03.974+0000] {subprocess.py:93} INFO - [0m05:35:03  9 of 23 PASS unique_dv_hub_well_hk_well ........................................ [[32mPASS[0m in 0.04s]
[2025-12-14T05:35:03.974+0000] {subprocess.py:93} INFO - [0m05:35:03  10 of 23 PASS not_null_dv_hub_survey_type_hk_survey_type ....................... [[32mPASS[0m in 0.05s]
[2025-12-14T05:35:03.977+0000] {subprocess.py:93} INFO - [0m05:35:03  12 of 23 START test unique_dv_hub_survey_type_hk_survey_type ................... [RUN]
[2025-12-14T05:35:03.978+0000] {subprocess.py:93} INFO - [0m05:35:03  13 of 23 START test not_null_dv_link_well_survey_hk_survey_type ................ [RUN]
[2025-12-14T05:35:03.978+0000] {subprocess.py:93} INFO - [0m05:35:03  14 of 23 START test not_null_dv_link_well_survey_hk_well ....................... [RUN]
[2025-12-14T05:35:04.002+0000] {subprocess.py:93} INFO - [0m05:35:04  11 of 23 PASS not_null_dv_hub_survey_type_survey_type_bk ....................... [[32mPASS[0m in 0.04s]
[2025-12-14T05:35:04.004+0000] {subprocess.py:93} INFO - [0m05:35:04  15 of 23 START test not_null_dv_link_well_survey_hk_well_survey ................ [RUN]
[2025-12-14T05:35:04.020+0000] {subprocess.py:93} INFO - [0m05:35:04  14 of 23 PASS not_null_dv_link_well_survey_hk_well ............................. [[32mPASS[0m in 0.04s]
[2025-12-14T05:35:04.021+0000] {subprocess.py:93} INFO - [0m05:35:04  12 of 23 PASS unique_dv_hub_survey_type_hk_survey_type ......................... [[32mPASS[0m in 0.04s]
[2025-12-14T05:35:04.021+0000] {subprocess.py:93} INFO - [0m05:35:04  13 of 23 PASS not_null_dv_link_well_survey_hk_survey_type ...................... [[32mPASS[0m in 0.04s]
[2025-12-14T05:35:04.025+0000] {subprocess.py:93} INFO - [0m05:35:04  16 of 23 START test relationships_dv_link_well_survey_hk_survey_type__hk_survey_type__ref_dv_hub_survey_type_  [RUN]
[2025-12-14T05:35:04.025+0000] {subprocess.py:93} INFO - [0m05:35:04  17 of 23 START test relationships_dv_link_well_survey_hk_well__hk_well__ref_dv_hub_well_  [RUN]
[2025-12-14T05:35:04.026+0000] {subprocess.py:93} INFO - [0m05:35:04  18 of 23 START test unique_dv_link_well_survey_hk_well_survey .................. [RUN]
[2025-12-14T05:35:04.047+0000] {subprocess.py:93} INFO - [0m05:35:04  15 of 23 PASS not_null_dv_link_well_survey_hk_well_survey ...................... [[32mPASS[0m in 0.04s]
[2025-12-14T05:35:04.051+0000] {subprocess.py:93} INFO - [0m05:35:04  19 of 23 START test not_null_dv_sat_readings_hk_well_survey .................... [RUN]
[2025-12-14T05:35:04.070+0000] {subprocess.py:93} INFO - [0m05:35:04  16 of 23 PASS relationships_dv_link_well_survey_hk_survey_type__hk_survey_type__ref_dv_hub_survey_type_  [[32mPASS[0m in 0.04s]
[2025-12-14T05:35:04.070+0000] {subprocess.py:93} INFO - [0m05:35:04  17 of 23 PASS relationships_dv_link_well_survey_hk_well__hk_well__ref_dv_hub_well_  [[32mPASS[0m in 0.04s]
[2025-12-14T05:35:04.071+0000] {subprocess.py:93} INFO - [0m05:35:04  18 of 23 PASS unique_dv_link_well_survey_hk_well_survey ........................ [[32mPASS[0m in 0.04s]
[2025-12-14T05:35:04.075+0000] {subprocess.py:93} INFO - [0m05:35:04  20 of 23 START test not_null_dv_sat_readings_load_ts ........................... [RUN]
[2025-12-14T05:35:04.075+0000] {subprocess.py:93} INFO - [0m05:35:04  21 of 23 START test not_null_dv_sat_readings_row_checksum ...................... [RUN]
[2025-12-14T05:35:04.076+0000] {subprocess.py:93} INFO - [0m05:35:04  22 of 23 START test relationships_dv_sat_readings_hk_well_survey__hk_well_survey__ref_dv_link_well_survey_  [RUN]
[2025-12-14T05:35:04.094+0000] {subprocess.py:93} INFO - [0m05:35:04  19 of 23 PASS not_null_dv_sat_readings_hk_well_survey .......................... [[32mPASS[0m in 0.04s]
[2025-12-14T05:35:04.099+0000] {subprocess.py:93} INFO - [0m05:35:04  23 of 23 START test test_counts_match .......................................... [RUN]
[2025-12-14T05:35:04.115+0000] {subprocess.py:93} INFO - [0m05:35:04  20 of 23 PASS not_null_dv_sat_readings_load_ts ................................. [[32mPASS[0m in 0.04s]
[2025-12-14T05:35:04.118+0000] {subprocess.py:93} INFO - [0m05:35:04  21 of 23 PASS not_null_dv_sat_readings_row_checksum ............................ [[32mPASS[0m in 0.04s]
[2025-12-14T05:35:04.120+0000] {subprocess.py:93} INFO - [0m05:35:04  22 of 23 PASS relationships_dv_sat_readings_hk_well_survey__hk_well_survey__ref_dv_link_well_survey_  [[32mPASS[0m in 0.04s]
[2025-12-14T05:35:04.125+0000] {subprocess.py:93} INFO - [0m05:35:04  23 of 23 PASS test_counts_match ................................................ [[32mPASS[0m in 0.02s]
[2025-12-14T05:35:04.134+0000] {subprocess.py:93} INFO - [0m05:35:04
[2025-12-14T05:35:04.135+0000] {subprocess.py:93} INFO - [0m05:35:04  Finished running 4 table models, 19 data tests in 0 hours 0 minutes and 0.56 seconds (0.56s).
[2025-12-14T05:35:04.170+0000] {subprocess.py:93} INFO - [0m05:35:04
[2025-12-14T05:35:04.170+0000] {subprocess.py:93} INFO - [0m05:35:04  [32mCompleted successfully[0m
[2025-12-14T05:35:04.171+0000] {subprocess.py:93} INFO - [0m05:35:04
[2025-12-14T05:35:04.171+0000] {subprocess.py:93} INFO - [0m05:35:04  Done. PASS=23 WARN=0 ERROR=0 SKIP=0 NO-OP=0 TOTAL=23
[2025-12-14T05:35:04.172+0000] {subprocess.py:93} INFO - [0m05:35:04  [[33mWARNING[0m][DeprecationsSummary]: Deprecated functionality
[2025-12-14T05:35:04.172+0000] {subprocess.py:93} INFO - Summary of encountered deprecations:
[2025-12-14T05:35:04.172+0000] {subprocess.py:93} INFO - - ConfigLogPathDeprecation: 1 occurrence
[2025-12-14T05:35:04.172+0000] {subprocess.py:93} INFO - - ConfigTargetPathDeprecation: 1 occurrence
[2025-12-14T05:35:04.172+0000] {subprocess.py:93} INFO - - MissingArgumentsPropertyInGenericTestDeprecation: 5 occurrences
[2025-12-14T05:35:04.172+0000] {subprocess.py:93} INFO - To see all deprecation instances instead of just the first occurrence of each,
[2025-12-14T05:35:04.172+0000] {subprocess.py:93} INFO - run command again with the `--show-all-deprecations` flag. You may also need to
[2025-12-14T05:35:04.172+0000] {subprocess.py:93} INFO - run with `--no-partial-parse` as some deprecations are only encountered during
[2025-12-14T05:35:04.172+0000] {subprocess.py:93} INFO - parsing.
[2025-12-14T05:35:04.929+0000] {subprocess.py:97} INFO - Command exited with return code 0
[2025-12-14T05:35:04.930+0000] {taskinstance.py:441} INFO - ::group::Post task execution logs
[2025-12-14T05:35:04.952+0000] {taskinstance.py:1206} INFO - Marking task as SUCCESS. dag_id=caspian_full_pipeline, task_id=dbt_build_vault, run_id=manual__2025-12-14T05:34:50.392170+00:00, execution_date=20251214T053450, start_date=20251214T053459, end_date=20251214T053504
[2025-12-14T05:35:04.999+0000] {local_task_job_runner.py:243} INFO - Task exited with return code 0
[2025-12-14T05:35:05.019+0000] {taskinstance.py:3503} INFO - 1 downstream tasks scheduled from follow-on schedule check
[2025-12-14T05:35:05.021+0000] {local_task_job_runner.py:222} INFO - ::endgroup::
