[2025-12-14T06:10:49.827+0000] {local_task_job_runner.py:120} INFO - ::group::Pre task execution logs
[2025-12-14T06:10:49.845+0000] {taskinstance.py:2076} INFO - Dependencies all met for dep_context=non-requeueable deps ti=<TaskInstance: caspian_full_pipeline.dbt_build_marts manual__2025-12-14T06:10:35.547294+00:00 [queued]>
[2025-12-14T06:10:49.850+0000] {taskinstance.py:2076} INFO - Dependencies all met for dep_context=requeueable deps ti=<TaskInstance: caspian_full_pipeline.dbt_build_marts manual__2025-12-14T06:10:35.547294+00:00 [queued]>
[2025-12-14T06:10:49.850+0000] {taskinstance.py:2306} INFO - Starting attempt 1 of 1
[2025-12-14T06:10:49.860+0000] {taskinstance.py:2330} INFO - Executing <Task(BashOperator): dbt_build_marts> on 2025-12-14 06:10:35.547294+00:00
[2025-12-14T06:10:49.867+0000] {warnings.py:112} WARNING - /home/***/.local/lib/python3.12/site-packages/***/task/task_runner/standard_task_runner.py:62: DeprecationWarning: This process (pid=93) is multi-threaded, use of fork() may lead to deadlocks in the child.
  pid = os.fork()

[2025-12-14T06:10:49.868+0000] {standard_task_runner.py:64} INFO - Started process 94 to run task
[2025-12-14T06:10:49.868+0000] {standard_task_runner.py:90} INFO - Running: ['***', 'tasks', 'run', 'caspian_full_pipeline', 'dbt_build_marts', 'manual__2025-12-14T06:10:35.547294+00:00', '--job-id', '126', '--raw', '--subdir', 'DAGS_FOLDER/caspian_full_pipeline.py', '--cfg-path', '/tmp/tmpf28z1oiq']
[2025-12-14T06:10:49.869+0000] {standard_task_runner.py:91} INFO - Job 126: Subtask dbt_build_marts
[2025-12-14T06:10:49.902+0000] {task_command.py:426} INFO - Running <TaskInstance: caspian_full_pipeline.dbt_build_marts manual__2025-12-14T06:10:35.547294+00:00 [running]> on host 9c3aef9eb0ca
[2025-12-14T06:10:49.971+0000] {taskinstance.py:2648} INFO - Exporting env vars: AIRFLOW_CTX_DAG_OWNER='***' AIRFLOW_CTX_DAG_ID='caspian_full_pipeline' AIRFLOW_CTX_TASK_ID='dbt_build_marts' AIRFLOW_CTX_EXECUTION_DATE='2025-12-14T06:10:35.547294+00:00' AIRFLOW_CTX_TRY_NUMBER='1' AIRFLOW_CTX_DAG_RUN_ID='manual__2025-12-14T06:10:35.547294+00:00'
[2025-12-14T06:10:49.971+0000] {taskinstance.py:430} INFO - ::endgroup::
[2025-12-14T06:10:49.982+0000] {subprocess.py:63} INFO - Tmp dir root location: /tmp
[2025-12-14T06:10:49.982+0000] {subprocess.py:75} INFO - Running command: ['/usr/bin/bash', '-c', '\nset -euo pipefail\nexport DBT_PROFILES_DIR=/opt/project/caspian_vault/dbt_profiles\nexport DBT_LOG_PATH=/opt/***/logs/dbt\nexport DBT_TARGET_PATH=/opt/***/dbt_target\nexport DBT_STATE_PATH=/opt/***/dbt_state\nexport DBT_PACKAGES_INSTALL_PATH=/opt/***/dbt_packages\n\nmkdir -p "$DBT_LOG_PATH" "$DBT_TARGET_PATH" "$DBT_PACKAGES_INSTALL_PATH"\ncd /opt/project/caspian_vault\n\n/home/***/.local/bin/dbt build --profile caspian_vault --target dev  --select "marts"']
[2025-12-14T06:10:49.992+0000] {subprocess.py:86} INFO - Output:
[2025-12-14T06:10:51.324+0000] {subprocess.py:93} INFO - [0m06:10:51  Running with dbt=1.10.15
[2025-12-14T06:10:51.368+0000] {subprocess.py:93} INFO - [0m06:10:51  [[33mWARNING[0m]: Deprecated functionality
[2025-12-14T06:10:51.368+0000] {subprocess.py:93} INFO - The `log-path` config in `dbt_project.yml` has been deprecated, and will no
[2025-12-14T06:10:51.368+0000] {subprocess.py:93} INFO - longer be supported in a future version of dbt-core. If you wish to write dbt
[2025-12-14T06:10:51.368+0000] {subprocess.py:93} INFO - logs to a custom directory, please use the --log-path CLI flag or DBT_LOG_PATH
[2025-12-14T06:10:51.368+0000] {subprocess.py:93} INFO - env var instead.
[2025-12-14T06:10:51.369+0000] {subprocess.py:93} INFO - [0m06:10:51  [[33mWARNING[0m]: Deprecated functionality
[2025-12-14T06:10:51.369+0000] {subprocess.py:93} INFO - The `target-path` config in `dbt_project.yml` has been deprecated, and will no
[2025-12-14T06:10:51.369+0000] {subprocess.py:93} INFO - longer be supported in a future version of dbt-core. If you wish to write dbt
[2025-12-14T06:10:51.369+0000] {subprocess.py:93} INFO - artifacts to a custom directory, please use the --target-path CLI flag or
[2025-12-14T06:10:51.369+0000] {subprocess.py:93} INFO - DBT_TARGET_PATH env var instead.
[2025-12-14T06:10:51.547+0000] {subprocess.py:93} INFO - [0m06:10:51  Registered adapter: postgres=1.9.0
[2025-12-14T06:10:51.790+0000] {subprocess.py:93} INFO - [0m06:10:51  [[33mWARNING[0m]: Configuration paths exist in your dbt_project.yml file which do not apply to any resources.
[2025-12-14T06:10:51.790+0000] {subprocess.py:93} INFO - There are 1 unused configuration paths:
[2025-12-14T06:10:51.790+0000] {subprocess.py:93} INFO - - models.caspian_vault.example
[2025-12-14T06:10:51.968+0000] {subprocess.py:93} INFO - [0m06:10:51  Found 13 models, 1 snapshot, 19 data tests, 3 sources, 578 macros
[2025-12-14T06:10:51.970+0000] {subprocess.py:93} INFO - [0m06:10:51
[2025-12-14T06:10:51.971+0000] {subprocess.py:93} INFO - [0m06:10:51  Concurrency: 4 threads (target='dev')
[2025-12-14T06:10:51.971+0000] {subprocess.py:93} INFO - [0m06:10:51
[2025-12-14T06:10:52.061+0000] {subprocess.py:93} INFO - [0m06:10:52  1 of 8 START sql table model public.dim_source_format .......................... [RUN]
[2025-12-14T06:10:52.062+0000] {subprocess.py:93} INFO - [0m06:10:52  2 of 8 START sql table model public.dim_survey_type ............................ [RUN]
[2025-12-14T06:10:52.062+0000] {subprocess.py:93} INFO - [0m06:10:52  3 of 8 START sql table model public.dim_time ................................... [RUN]
[2025-12-14T06:10:52.062+0000] {subprocess.py:93} INFO - [0m06:10:52  4 of 8 START sql table model public.dim_well ................................... [RUN]
[2025-12-14T06:10:52.260+0000] {subprocess.py:93} INFO - [0m06:10:52  2 of 8 OK created sql table model public.dim_survey_type ....................... [[32mSELECT 3[0m in 0.19s]
[2025-12-14T06:10:52.263+0000] {subprocess.py:93} INFO - [0m06:10:52  5 of 8 START sql table model public.fct_readings ............................... [RUN]
[2025-12-14T06:10:52.266+0000] {subprocess.py:93} INFO - [0m06:10:52  1 of 8 OK created sql table model public.dim_source_format ..................... [[32mSELECT 2[0m in 0.20s]
[2025-12-14T06:10:52.269+0000] {subprocess.py:93} INFO - [0m06:10:52  3 of 8 OK created sql table model public.dim_time .............................. [[32mSELECT 1[0m in 0.20s]
[2025-12-14T06:10:52.273+0000] {subprocess.py:93} INFO - [0m06:10:52  4 of 8 OK created sql table model public.dim_well .............................. [[32mSELECT 20[0m in 0.21s]
[2025-12-14T06:10:52.361+0000] {subprocess.py:93} INFO - [0m06:10:52  5 of 8 OK created sql table model public.fct_readings .......................... [[32mSELECT 9980[0m in 0.09s]
[2025-12-14T06:10:52.364+0000] {subprocess.py:93} INFO - [0m06:10:52  6 of 8 START sql table model public.mart_sensor_analysis ....................... [RUN]
[2025-12-14T06:10:52.364+0000] {subprocess.py:93} INFO - [0m06:10:52  7 of 8 START sql table model public.mart_survey_summary ........................ [RUN]
[2025-12-14T06:10:52.365+0000] {subprocess.py:93} INFO - [0m06:10:52  8 of 8 START sql table model public.mart_well_performance ...................... [RUN]
[2025-12-14T06:10:52.444+0000] {subprocess.py:93} INFO - [0m06:10:52  6 of 8 OK created sql table model public.mart_sensor_analysis .................. [[32mSELECT 3[0m in 0.08s]
[2025-12-14T06:10:52.444+0000] {subprocess.py:93} INFO - [0m06:10:52  8 of 8 OK created sql table model public.mart_well_performance ................. [[32mSELECT 21[0m in 0.08s]
[2025-12-14T06:10:52.446+0000] {subprocess.py:93} INFO - [0m06:10:52  7 of 8 OK created sql table model public.mart_survey_summary ................... [[32mSELECT 6[0m in 0.08s]
[2025-12-14T06:10:52.456+0000] {subprocess.py:93} INFO - [0m06:10:52
[2025-12-14T06:10:52.456+0000] {subprocess.py:93} INFO - [0m06:10:52  Finished running 8 table models in 0 hours 0 minutes and 0.48 seconds (0.48s).
[2025-12-14T06:10:52.490+0000] {subprocess.py:93} INFO - [0m06:10:52
[2025-12-14T06:10:52.490+0000] {subprocess.py:93} INFO - [0m06:10:52  [32mCompleted successfully[0m
[2025-12-14T06:10:52.491+0000] {subprocess.py:93} INFO - [0m06:10:52
[2025-12-14T06:10:52.491+0000] {subprocess.py:93} INFO - [0m06:10:52  Done. PASS=8 WARN=0 ERROR=0 SKIP=0 NO-OP=0 TOTAL=8
[2025-12-14T06:10:52.491+0000] {subprocess.py:93} INFO - [0m06:10:52  [[33mWARNING[0m][DeprecationsSummary]: Deprecated functionality
[2025-12-14T06:10:52.492+0000] {subprocess.py:93} INFO - Summary of encountered deprecations:
[2025-12-14T06:10:52.492+0000] {subprocess.py:93} INFO - - ConfigLogPathDeprecation: 1 occurrence
[2025-12-14T06:10:52.492+0000] {subprocess.py:93} INFO - - ConfigTargetPathDeprecation: 1 occurrence
[2025-12-14T06:10:52.492+0000] {subprocess.py:93} INFO - To see all deprecation instances instead of just the first occurrence of each,
[2025-12-14T06:10:52.492+0000] {subprocess.py:93} INFO - run command again with the `--show-all-deprecations` flag. You may also need to
[2025-12-14T06:10:52.492+0000] {subprocess.py:93} INFO - run with `--no-partial-parse` as some deprecations are only encountered during
[2025-12-14T06:10:52.492+0000] {subprocess.py:93} INFO - parsing.
[2025-12-14T06:10:53.211+0000] {subprocess.py:97} INFO - Command exited with return code 0
[2025-12-14T06:10:53.212+0000] {taskinstance.py:441} INFO - ::group::Post task execution logs
[2025-12-14T06:10:53.233+0000] {taskinstance.py:1206} INFO - Marking task as SUCCESS. dag_id=caspian_full_pipeline, task_id=dbt_build_marts, run_id=manual__2025-12-14T06:10:35.547294+00:00, execution_date=20251214T061035, start_date=20251214T061049, end_date=20251214T061053
[2025-12-14T06:10:53.250+0000] {local_task_job_runner.py:243} INFO - Task exited with return code 0
[2025-12-14T06:10:53.269+0000] {taskinstance.py:3503} INFO - 1 downstream tasks scheduled from follow-on schedule check
[2025-12-14T06:10:53.271+0000] {local_task_job_runner.py:222} INFO - ::endgroup::
