[2025-12-14T00:00:00.435+0000] {local_task_job_runner.py:120} INFO - ::group::Pre task execution logs
[2025-12-14T00:00:00.452+0000] {taskinstance.py:2076} INFO - Dependencies all met for dep_context=non-requeueable deps ti=<TaskInstance: caspian_full_pipeline.dbt_build_and_snapshot scheduled__2025-12-13T23:00:00+00:00 [queued]>
[2025-12-14T00:00:00.457+0000] {taskinstance.py:2076} INFO - Dependencies all met for dep_context=requeueable deps ti=<TaskInstance: caspian_full_pipeline.dbt_build_and_snapshot scheduled__2025-12-13T23:00:00+00:00 [queued]>
[2025-12-14T00:00:00.457+0000] {taskinstance.py:2306} INFO - Starting attempt 1 of 1
[2025-12-14T00:00:00.470+0000] {taskinstance.py:2330} INFO - Executing <Task(BashOperator): dbt_build_and_snapshot> on 2025-12-13 23:00:00+00:00
[2025-12-14T00:00:00.476+0000] {warnings.py:112} WARNING - /home/***/.local/lib/python3.12/site-packages/***/task/task_runner/standard_task_runner.py:62: DeprecationWarning: This process (pid=345) is multi-threaded, use of fork() may lead to deadlocks in the child.
  pid = os.fork()

[2025-12-14T00:00:00.477+0000] {standard_task_runner.py:64} INFO - Started process 346 to run task
[2025-12-14T00:00:00.477+0000] {standard_task_runner.py:90} INFO - Running: ['***', 'tasks', 'run', 'caspian_full_pipeline', 'dbt_build_and_snapshot', 'scheduled__2025-12-13T23:00:00+00:00', '--job-id', '55', '--raw', '--subdir', 'DAGS_FOLDER/caspian_full_pipeline.py', '--cfg-path', '/tmp/tmpykcsbzos']
[2025-12-14T00:00:00.478+0000] {standard_task_runner.py:91} INFO - Job 55: Subtask dbt_build_and_snapshot
[2025-12-14T00:00:00.509+0000] {task_command.py:426} INFO - Running <TaskInstance: caspian_full_pipeline.dbt_build_and_snapshot scheduled__2025-12-13T23:00:00+00:00 [running]> on host 3c0ddfc4fe5e
[2025-12-14T00:00:00.575+0000] {taskinstance.py:2648} INFO - Exporting env vars: AIRFLOW_CTX_DAG_OWNER='***' AIRFLOW_CTX_DAG_ID='caspian_full_pipeline' AIRFLOW_CTX_TASK_ID='dbt_build_and_snapshot' AIRFLOW_CTX_EXECUTION_DATE='2025-12-13T23:00:00+00:00' AIRFLOW_CTX_TRY_NUMBER='1' AIRFLOW_CTX_DAG_RUN_ID='scheduled__2025-12-13T23:00:00+00:00'
[2025-12-14T00:00:00.575+0000] {taskinstance.py:430} INFO - ::endgroup::
[2025-12-14T00:00:00.585+0000] {subprocess.py:63} INFO - Tmp dir root location: /tmp
[2025-12-14T00:00:00.585+0000] {subprocess.py:75} INFO - Running command: ['/usr/bin/bash', '-c', '\n        set -euo pipefail\n\n        export DBT_PROFILES_DIR=/opt/project/caspian_vault/dbt_profiles\n        export DBT_LOG_PATH=/opt/***/logs/dbt\n        export DBT_TARGET_PATH=/opt/***/dbt_target\n\n        mkdir -p "$DBT_LOG_PATH" "$DBT_TARGET_PATH"\n\n        cd /opt/project/caspian_vault\n\n        /home/***/.local/bin/dbt deps --profile caspian_vault --target dev\n        /home/***/.local/bin/dbt build --profile caspian_vault --target dev\n        /home/***/.local/bin/dbt snapshot --profile caspian_vault --target dev\n        ']
[2025-12-14T00:00:00.595+0000] {subprocess.py:86} INFO - Output:
[2025-12-14T00:00:01.964+0000] {subprocess.py:93} INFO - [0m00:00:01  Running with dbt=1.10.15
[2025-12-14T00:00:01.971+0000] {subprocess.py:93} INFO - [0m00:00:01  [[33mWARNING[0m]: Deprecated functionality
[2025-12-14T00:00:01.971+0000] {subprocess.py:93} INFO - The `log-path` config in `dbt_project.yml` has been deprecated, and will no
[2025-12-14T00:00:01.971+0000] {subprocess.py:93} INFO - longer be supported in a future version of dbt-core. If you wish to write dbt
[2025-12-14T00:00:01.971+0000] {subprocess.py:93} INFO - logs to a custom directory, please use the --log-path CLI flag or DBT_LOG_PATH
[2025-12-14T00:00:01.971+0000] {subprocess.py:93} INFO - env var instead.
[2025-12-14T00:00:01.971+0000] {subprocess.py:93} INFO - [0m00:00:01  [[33mWARNING[0m]: Deprecated functionality
[2025-12-14T00:00:01.972+0000] {subprocess.py:93} INFO - The `target-path` config in `dbt_project.yml` has been deprecated, and will no
[2025-12-14T00:00:01.972+0000] {subprocess.py:93} INFO - longer be supported in a future version of dbt-core. If you wish to write dbt
[2025-12-14T00:00:01.972+0000] {subprocess.py:93} INFO - artifacts to a custom directory, please use the --target-path CLI flag or
[2025-12-14T00:00:01.972+0000] {subprocess.py:93} INFO - DBT_TARGET_PATH env var instead.
[2025-12-14T00:00:02.375+0000] {subprocess.py:93} INFO - [0m00:00:02  Installing dbt-labs/dbt_utils
[2025-12-14T00:00:02.612+0000] {subprocess.py:93} INFO - [0m00:00:02  Installed from version 1.3.0
[2025-12-14T00:00:02.612+0000] {subprocess.py:93} INFO - [0m00:00:02  Updated version available: 1.3.3
[2025-12-14T00:00:02.613+0000] {subprocess.py:93} INFO - [0m00:00:02
[2025-12-14T00:00:02.613+0000] {subprocess.py:93} INFO - [0m00:00:02  Updates available for packages: ['dbt-labs/dbt_utils']
[2025-12-14T00:00:02.613+0000] {subprocess.py:93} INFO - Update your versions in packages.yml, then run dbt deps
[2025-12-14T00:00:02.614+0000] {subprocess.py:93} INFO - [0m00:00:02  [[33mWARNING[0m][DeprecationsSummary]: Deprecated functionality
[2025-12-14T00:00:02.614+0000] {subprocess.py:93} INFO - Summary of encountered deprecations:
[2025-12-14T00:00:02.614+0000] {subprocess.py:93} INFO - - ConfigLogPathDeprecation: 1 occurrence
[2025-12-14T00:00:02.614+0000] {subprocess.py:93} INFO - - ConfigTargetPathDeprecation: 1 occurrence
[2025-12-14T00:00:02.614+0000] {subprocess.py:93} INFO - To see all deprecation instances instead of just the first occurrence of each,
[2025-12-14T00:00:02.614+0000] {subprocess.py:93} INFO - run command again with the `--show-all-deprecations` flag. You may also need to
[2025-12-14T00:00:02.614+0000] {subprocess.py:93} INFO - run with `--no-partial-parse` as some deprecations are only encountered during
[2025-12-14T00:00:02.614+0000] {subprocess.py:93} INFO - parsing.
[2025-12-14T00:00:04.603+0000] {subprocess.py:93} INFO - [0m00:00:04  Running with dbt=1.10.15
[2025-12-14T00:00:04.648+0000] {subprocess.py:93} INFO - [0m00:00:04  [[33mWARNING[0m]: Deprecated functionality
[2025-12-14T00:00:04.648+0000] {subprocess.py:93} INFO - The `log-path` config in `dbt_project.yml` has been deprecated, and will no
[2025-12-14T00:00:04.648+0000] {subprocess.py:93} INFO - longer be supported in a future version of dbt-core. If you wish to write dbt
[2025-12-14T00:00:04.648+0000] {subprocess.py:93} INFO - logs to a custom directory, please use the --log-path CLI flag or DBT_LOG_PATH
[2025-12-14T00:00:04.648+0000] {subprocess.py:93} INFO - env var instead.
[2025-12-14T00:00:04.648+0000] {subprocess.py:93} INFO - [0m00:00:04  [[33mWARNING[0m]: Deprecated functionality
[2025-12-14T00:00:04.649+0000] {subprocess.py:93} INFO - The `target-path` config in `dbt_project.yml` has been deprecated, and will no
[2025-12-14T00:00:04.649+0000] {subprocess.py:93} INFO - longer be supported in a future version of dbt-core. If you wish to write dbt
[2025-12-14T00:00:04.649+0000] {subprocess.py:93} INFO - artifacts to a custom directory, please use the --target-path CLI flag or
[2025-12-14T00:00:04.649+0000] {subprocess.py:93} INFO - DBT_TARGET_PATH env var instead.
[2025-12-14T00:00:04.828+0000] {subprocess.py:93} INFO - [0m00:00:04  Registered adapter: postgres=1.9.0
[2025-12-14T00:00:05.072+0000] {subprocess.py:93} INFO - [0m00:00:05  [[33mWARNING[0m]: Configuration paths exist in your dbt_project.yml file which do not apply to any resources.
[2025-12-14T00:00:05.073+0000] {subprocess.py:93} INFO - There are 1 unused configuration paths:
[2025-12-14T00:00:05.073+0000] {subprocess.py:93} INFO - - models.caspian_vault.example
[2025-12-14T00:00:05.251+0000] {subprocess.py:93} INFO - [0m00:00:05  Found 13 models, 1 snapshot, 19 data tests, 3 sources, 578 macros
[2025-12-14T00:00:05.254+0000] {subprocess.py:93} INFO - [0m00:00:05
[2025-12-14T00:00:05.255+0000] {subprocess.py:93} INFO - [0m00:00:05  Concurrency: 4 threads (target='dev')
[2025-12-14T00:00:05.255+0000] {subprocess.py:93} INFO - [0m00:00:05
[2025-12-14T00:00:05.369+0000] {subprocess.py:93} INFO - [0m00:00:05  1 of 33 START sql table model public.stg_readings .............................. [RUN]
[2025-12-14T00:00:05.510+0000] {subprocess.py:93} INFO - [0m00:00:05  1 of 33 OK created sql table model public.stg_readings ......................... [[32mSELECT 9980[0m in 0.14s]
[2025-12-14T00:00:05.513+0000] {subprocess.py:93} INFO - [0m00:00:05  2 of 33 START test dbt_utils_expression_is_true_stg_readings_survey_type_id_is_not_null  [RUN]
[2025-12-14T00:00:05.513+0000] {subprocess.py:93} INFO - [0m00:00:05  3 of 33 START test dbt_utils_expression_is_true_stg_readings_well_id_is_not_null  [RUN]
[2025-12-14T00:00:05.558+0000] {subprocess.py:93} INFO - [0m00:00:05  2 of 33 PASS dbt_utils_expression_is_true_stg_readings_survey_type_id_is_not_null  [[32mPASS[0m in 0.04s]
[2025-12-14T00:00:05.559+0000] {subprocess.py:93} INFO - [0m00:00:05  3 of 33 PASS dbt_utils_expression_is_true_stg_readings_well_id_is_not_null ..... [[32mPASS[0m in 0.04s]
[2025-12-14T00:00:05.561+0000] {subprocess.py:93} INFO - [0m00:00:05  4 of 33 START sql table model public.dv_hub_survey_type ........................ [RUN]
[2025-12-14T00:00:05.562+0000] {subprocess.py:93} INFO - [0m00:00:05  5 of 33 START sql table model public.dv_hub_well ............................... [RUN]
[2025-12-14T00:00:05.563+0000] {subprocess.py:93} INFO - [0m00:00:05  6 of 33 START sql table model public.dv_link_well_survey ....................... [RUN]
[2025-12-14T00:00:05.563+0000] {subprocess.py:93} INFO - [0m00:00:05  7 of 33 START sql table model public.dv_sat_readings ........................... [RUN]
[2025-12-14T00:00:05.721+0000] {subprocess.py:93} INFO - [0m00:00:05  4 of 33 OK created sql table model public.dv_hub_survey_type ................... [[32mSELECT 3[0m in 0.16s]
[2025-12-14T00:00:05.727+0000] {subprocess.py:93} INFO - [0m00:00:05  6 of 33 OK created sql table model public.dv_link_well_survey .................. [[32mSELECT 50[0m in 0.16s]
[2025-12-14T00:00:05.728+0000] {subprocess.py:93} INFO - [0m00:00:05  7 of 33 OK created sql table model public.dv_sat_readings ...................... [[32mSELECT 9980[0m in 0.16s]
[2025-12-14T00:00:05.728+0000] {subprocess.py:93} INFO - [0m00:00:05  5 of 33 OK created sql table model public.dv_hub_well .......................... [[32mSELECT 20[0m in 0.16s]
[2025-12-14T00:00:05.729+0000] {subprocess.py:93} INFO - [0m00:00:05  8 of 33 START test not_null_dv_hub_survey_type_hk_survey_type .................. [RUN]
[2025-12-14T00:00:05.733+0000] {subprocess.py:93} INFO - [0m00:00:05  9 of 33 START test not_null_dv_hub_survey_type_survey_type_bk .................. [RUN]
[2025-12-14T00:00:05.733+0000] {subprocess.py:93} INFO - [0m00:00:05  10 of 33 START test unique_dv_hub_survey_type_hk_survey_type ................... [RUN]
[2025-12-14T00:00:05.733+0000] {subprocess.py:93} INFO - [0m00:00:05  11 of 33 START test not_null_dv_link_well_survey_hk_survey_type ................ [RUN]
[2025-12-14T00:00:05.774+0000] {subprocess.py:93} INFO - [0m00:00:05  8 of 33 PASS not_null_dv_hub_survey_type_hk_survey_type ........................ [[32mPASS[0m in 0.04s]
[2025-12-14T00:00:05.780+0000] {subprocess.py:93} INFO - [0m00:00:05  9 of 33 PASS not_null_dv_hub_survey_type_survey_type_bk ........................ [[32mPASS[0m in 0.04s]
[2025-12-14T00:00:05.781+0000] {subprocess.py:93} INFO - [0m00:00:05  12 of 33 START test not_null_dv_link_well_survey_hk_well ....................... [RUN]
[2025-12-14T00:00:05.781+0000] {subprocess.py:93} INFO - [0m00:00:05  11 of 33 PASS not_null_dv_link_well_survey_hk_survey_type ...................... [[32mPASS[0m in 0.04s]
[2025-12-14T00:00:05.783+0000] {subprocess.py:93} INFO - [0m00:00:05  10 of 33 PASS unique_dv_hub_survey_type_hk_survey_type ......................... [[32mPASS[0m in 0.04s]
[2025-12-14T00:00:05.785+0000] {subprocess.py:93} INFO - [0m00:00:05  13 of 33 START test not_null_dv_link_well_survey_hk_well_survey ................ [RUN]
[2025-12-14T00:00:05.789+0000] {subprocess.py:93} INFO - [0m00:00:05  14 of 33 START test relationships_dv_link_well_survey_hk_survey_type__hk_survey_type__ref_dv_hub_survey_type_  [RUN]
[2025-12-14T00:00:05.789+0000] {subprocess.py:93} INFO - [0m00:00:05  15 of 33 START test unique_dv_link_well_survey_hk_well_survey .................. [RUN]
[2025-12-14T00:00:05.822+0000] {subprocess.py:93} INFO - [0m00:00:05  12 of 33 PASS not_null_dv_link_well_survey_hk_well ............................. [[32mPASS[0m in 0.04s]
[2025-12-14T00:00:05.826+0000] {subprocess.py:93} INFO - [0m00:00:05  16 of 33 START test not_null_dv_sat_readings_hk_well_survey .................... [RUN]
[2025-12-14T00:00:05.835+0000] {subprocess.py:93} INFO - [0m00:00:05  13 of 33 PASS not_null_dv_link_well_survey_hk_well_survey ...................... [[32mPASS[0m in 0.05s]
[2025-12-14T00:00:05.839+0000] {subprocess.py:93} INFO - [0m00:00:05  14 of 33 PASS relationships_dv_link_well_survey_hk_survey_type__hk_survey_type__ref_dv_hub_survey_type_  [[32mPASS[0m in 0.05s]
[2025-12-14T00:00:05.839+0000] {subprocess.py:93} INFO - [0m00:00:05  15 of 33 PASS unique_dv_link_well_survey_hk_well_survey ........................ [[32mPASS[0m in 0.05s]
[2025-12-14T00:00:05.840+0000] {subprocess.py:93} INFO - [0m00:00:05  17 of 33 START test not_null_dv_sat_readings_load_ts ........................... [RUN]
[2025-12-14T00:00:05.844+0000] {subprocess.py:93} INFO - [0m00:00:05  18 of 33 START test not_null_dv_sat_readings_row_checksum ...................... [RUN]
[2025-12-14T00:00:05.844+0000] {subprocess.py:93} INFO - [0m00:00:05  19 of 33 START test relationships_dv_sat_readings_hk_well_survey__hk_well_survey__ref_dv_link_well_survey_  [RUN]
[2025-12-14T00:00:05.869+0000] {subprocess.py:93} INFO - [0m00:00:05  16 of 33 PASS not_null_dv_sat_readings_hk_well_survey .......................... [[32mPASS[0m in 0.04s]
[2025-12-14T00:00:05.870+0000] {subprocess.py:93} INFO - [0m00:00:05  20 of 33 START test test_counts_match .......................................... [RUN]
[2025-12-14T00:00:05.886+0000] {subprocess.py:93} INFO - [0m00:00:05  17 of 33 PASS not_null_dv_sat_readings_load_ts ................................. [[32mPASS[0m in 0.04s]
[2025-12-14T00:00:05.886+0000] {subprocess.py:93} INFO - [0m00:00:05  18 of 33 PASS not_null_dv_sat_readings_row_checksum ............................ [[32mPASS[0m in 0.04s]
[2025-12-14T00:00:05.889+0000] {subprocess.py:93} INFO - [0m00:00:05  19 of 33 PASS relationships_dv_sat_readings_hk_well_survey__hk_well_survey__ref_dv_link_well_survey_  [[32mPASS[0m in 0.04s]
[2025-12-14T00:00:05.890+0000] {subprocess.py:93} INFO - [0m00:00:05  21 of 33 START test not_null_dv_hub_well_hk_well ............................... [RUN]
[2025-12-14T00:00:05.890+0000] {subprocess.py:93} INFO - [0m00:00:05  22 of 33 START test not_null_dv_hub_well_well_id_bk ............................ [RUN]
[2025-12-14T00:00:05.893+0000] {subprocess.py:93} INFO - [0m00:00:05  23 of 33 START test relationships_dv_link_well_survey_hk_well__hk_well__ref_dv_hub_well_  [RUN]
[2025-12-14T00:00:05.915+0000] {subprocess.py:93} INFO - [0m00:00:05  20 of 33 PASS test_counts_match ................................................ [[32mPASS[0m in 0.04s]
[2025-12-14T00:00:05.918+0000] {subprocess.py:93} INFO - [0m00:00:05  24 of 33 START test unique_dv_hub_well_hk_well ................................. [RUN]
[2025-12-14T00:00:05.934+0000] {subprocess.py:93} INFO - [0m00:00:05  21 of 33 PASS not_null_dv_hub_well_hk_well ..................................... [[32mPASS[0m in 0.04s]
[2025-12-14T00:00:05.935+0000] {subprocess.py:93} INFO - [0m00:00:05  22 of 33 PASS not_null_dv_hub_well_well_id_bk .................................. [[32mPASS[0m in 0.04s]
[2025-12-14T00:00:05.937+0000] {subprocess.py:93} INFO - [0m00:00:05  23 of 33 PASS relationships_dv_link_well_survey_hk_well__hk_well__ref_dv_hub_well_  [[32mPASS[0m in 0.04s]
[2025-12-14T00:00:05.939+0000] {subprocess.py:93} INFO - [0m00:00:05  25 of 33 START sql table model public.dim_survey_type .......................... [RUN]
[2025-12-14T00:00:05.939+0000] {subprocess.py:93} INFO - [0m00:00:05  26 of 33 START sql table model public.dim_source_format ........................ [RUN]
[2025-12-14T00:00:05.941+0000] {subprocess.py:93} INFO - [0m00:00:05  27 of 33 START sql table model public.dim_time ................................. [RUN]
[2025-12-14T00:00:05.958+0000] {subprocess.py:93} INFO - [0m00:00:05  24 of 33 PASS unique_dv_hub_well_hk_well ....................................... [[32mPASS[0m in 0.04s]
[2025-12-14T00:00:05.965+0000] {subprocess.py:93} INFO - [0m00:00:05  28 of 33 START sql table model public.fct_readings ............................. [RUN]
[2025-12-14T00:00:06.022+0000] {subprocess.py:93} INFO - [0m00:00:06  25 of 33 OK created sql table model public.dim_survey_type ..................... [[32mSELECT 3[0m in 0.08s]
[2025-12-14T00:00:06.030+0000] {subprocess.py:93} INFO - [0m00:00:06  27 of 33 OK created sql table model public.dim_time ............................ [[32mSELECT 1[0m in 0.09s]
[2025-12-14T00:00:06.030+0000] {subprocess.py:93} INFO - [0m00:00:06  29 of 33 START sql table model public.dim_well ................................. [RUN]
[2025-12-14T00:00:06.038+0000] {subprocess.py:93} INFO - [0m00:00:06  26 of 33 OK created sql table model public.dim_source_format ................... [[32mSELECT 2[0m in 0.10s]
[2025-12-14T00:00:06.043+0000] {subprocess.py:93} INFO - [0m00:00:06  28 of 33 OK created sql table model public.fct_readings ........................ [[32mSELECT 9980[0m in 0.08s]
[2025-12-14T00:00:06.046+0000] {subprocess.py:93} INFO - [0m00:00:06  30 of 33 START sql table model public.mart_sensor_analysis ..................... [RUN]
[2025-12-14T00:00:06.046+0000] {subprocess.py:93} INFO - [0m00:00:06  31 of 33 START sql table model public.mart_survey_summary ...................... [RUN]
[2025-12-14T00:00:06.047+0000] {subprocess.py:93} INFO - [0m00:00:06  32 of 33 START sql table model public.mart_well_performance .................... [RUN]
[2025-12-14T00:00:06.107+0000] {subprocess.py:93} INFO - [0m00:00:06  29 of 33 OK created sql table model public.dim_well ............................ [[32mSELECT 20[0m in 0.07s]
[2025-12-14T00:00:06.125+0000] {subprocess.py:93} INFO - [0m00:00:06  30 of 33 OK created sql table model public.mart_sensor_analysis ................ [[32mSELECT 3[0m in 0.08s]
[2025-12-14T00:00:06.133+0000] {subprocess.py:93} INFO - [0m00:00:06  32 of 33 OK created sql table model public.mart_well_performance ............... [[32mSELECT 21[0m in 0.08s]
[2025-12-14T00:00:06.133+0000] {subprocess.py:93} INFO - [0m00:00:06  31 of 33 OK created sql table model public.mart_survey_summary ................. [[32mSELECT 6[0m in 0.08s]
[2025-12-14T00:00:06.135+0000] {subprocess.py:93} INFO - [0m00:00:06  33 of 33 START snapshot snapshots.snap_mart_well_performance ................... [RUN]
[2025-12-14T00:00:06.273+0000] {subprocess.py:93} INFO - [0m00:00:06  33 of 33 OK snapshotted snapshots.snap_mart_well_performance ................... [[32mINSERT 0 21[0m in 0.14s]
[2025-12-14T00:00:06.282+0000] {subprocess.py:93} INFO - [0m00:00:06
[2025-12-14T00:00:06.283+0000] {subprocess.py:93} INFO - [0m00:00:06  Finished running 1 snapshot, 13 table models, 19 data tests in 0 hours 0 minutes and 1.03 seconds (1.03s).
[2025-12-14T00:00:06.320+0000] {subprocess.py:93} INFO - [0m00:00:06
[2025-12-14T00:00:06.320+0000] {subprocess.py:93} INFO - [0m00:00:06  [32mCompleted successfully[0m
[2025-12-14T00:00:06.320+0000] {subprocess.py:93} INFO - [0m00:00:06
[2025-12-14T00:00:06.321+0000] {subprocess.py:93} INFO - [0m00:00:06  Done. PASS=33 WARN=0 ERROR=0 SKIP=0 NO-OP=0 TOTAL=33
[2025-12-14T00:00:06.321+0000] {subprocess.py:93} INFO - [0m00:00:06  [[33mWARNING[0m][DeprecationsSummary]: Deprecated functionality
[2025-12-14T00:00:06.321+0000] {subprocess.py:93} INFO - Summary of encountered deprecations:
[2025-12-14T00:00:06.322+0000] {subprocess.py:93} INFO - - ConfigLogPathDeprecation: 1 occurrence
[2025-12-14T00:00:06.322+0000] {subprocess.py:93} INFO - - ConfigTargetPathDeprecation: 1 occurrence
[2025-12-14T00:00:06.322+0000] {subprocess.py:93} INFO - To see all deprecation instances instead of just the first occurrence of each,
[2025-12-14T00:00:06.322+0000] {subprocess.py:93} INFO - run command again with the `--show-all-deprecations` flag. You may also need to
[2025-12-14T00:00:06.322+0000] {subprocess.py:93} INFO - run with `--no-partial-parse` as some deprecations are only encountered during
[2025-12-14T00:00:06.322+0000] {subprocess.py:93} INFO - parsing.
[2025-12-14T00:00:08.374+0000] {subprocess.py:93} INFO - [0m00:00:08  Running with dbt=1.10.15
[2025-12-14T00:00:08.419+0000] {subprocess.py:93} INFO - [0m00:00:08  [[33mWARNING[0m]: Deprecated functionality
[2025-12-14T00:00:08.419+0000] {subprocess.py:93} INFO - The `log-path` config in `dbt_project.yml` has been deprecated, and will no
[2025-12-14T00:00:08.419+0000] {subprocess.py:93} INFO - longer be supported in a future version of dbt-core. If you wish to write dbt
[2025-12-14T00:00:08.419+0000] {subprocess.py:93} INFO - logs to a custom directory, please use the --log-path CLI flag or DBT_LOG_PATH
[2025-12-14T00:00:08.419+0000] {subprocess.py:93} INFO - env var instead.
[2025-12-14T00:00:08.419+0000] {subprocess.py:93} INFO - [0m00:00:08  [[33mWARNING[0m]: Deprecated functionality
[2025-12-14T00:00:08.420+0000] {subprocess.py:93} INFO - The `target-path` config in `dbt_project.yml` has been deprecated, and will no
[2025-12-14T00:00:08.420+0000] {subprocess.py:93} INFO - longer be supported in a future version of dbt-core. If you wish to write dbt
[2025-12-14T00:00:08.420+0000] {subprocess.py:93} INFO - artifacts to a custom directory, please use the --target-path CLI flag or
[2025-12-14T00:00:08.420+0000] {subprocess.py:93} INFO - DBT_TARGET_PATH env var instead.
[2025-12-14T00:00:08.596+0000] {subprocess.py:93} INFO - [0m00:00:08  Registered adapter: postgres=1.9.0
[2025-12-14T00:00:08.838+0000] {subprocess.py:93} INFO - [0m00:00:08  [[33mWARNING[0m]: Configuration paths exist in your dbt_project.yml file which do not apply to any resources.
[2025-12-14T00:00:08.839+0000] {subprocess.py:93} INFO - There are 1 unused configuration paths:
[2025-12-14T00:00:08.839+0000] {subprocess.py:93} INFO - - models.caspian_vault.example
[2025-12-14T00:00:09.006+0000] {subprocess.py:93} INFO - [0m00:00:09  Found 13 models, 1 snapshot, 19 data tests, 3 sources, 578 macros
[2025-12-14T00:00:09.008+0000] {subprocess.py:93} INFO - [0m00:00:09
[2025-12-14T00:00:09.009+0000] {subprocess.py:93} INFO - [0m00:00:09  Concurrency: 4 threads (target='dev')
[2025-12-14T00:00:09.009+0000] {subprocess.py:93} INFO - [0m00:00:09
[2025-12-14T00:00:09.117+0000] {subprocess.py:93} INFO - [0m00:00:09  1 of 1 START snapshot snapshots.snap_mart_well_performance ..................... [RUN]
[2025-12-14T00:00:09.280+0000] {subprocess.py:93} INFO - [0m00:00:09  1 of 1 OK snapshotted snapshots.snap_mart_well_performance ..................... [[32mINSERT 0 21[0m in 0.16s]
[2025-12-14T00:00:09.289+0000] {subprocess.py:93} INFO - [0m00:00:09
[2025-12-14T00:00:09.289+0000] {subprocess.py:93} INFO - [0m00:00:09  Finished running 1 snapshot in 0 hours 0 minutes and 0.28 seconds (0.28s).
[2025-12-14T00:00:09.375+0000] {subprocess.py:93} INFO - [0m00:00:09
[2025-12-14T00:00:09.375+0000] {subprocess.py:93} INFO - [0m00:00:09  [32mCompleted successfully[0m
[2025-12-14T00:00:09.376+0000] {subprocess.py:93} INFO - [0m00:00:09
[2025-12-14T00:00:09.376+0000] {subprocess.py:93} INFO - [0m00:00:09  Done. PASS=1 WARN=0 ERROR=0 SKIP=0 NO-OP=0 TOTAL=1
[2025-12-14T00:00:09.376+0000] {subprocess.py:93} INFO - [0m00:00:09  [[33mWARNING[0m][DeprecationsSummary]: Deprecated functionality
[2025-12-14T00:00:09.377+0000] {subprocess.py:93} INFO - Summary of encountered deprecations:
[2025-12-14T00:00:09.377+0000] {subprocess.py:93} INFO - - ConfigLogPathDeprecation: 1 occurrence
[2025-12-14T00:00:09.377+0000] {subprocess.py:93} INFO - - ConfigTargetPathDeprecation: 1 occurrence
[2025-12-14T00:00:09.377+0000] {subprocess.py:93} INFO - To see all deprecation instances instead of just the first occurrence of each,
[2025-12-14T00:00:09.377+0000] {subprocess.py:93} INFO - run command again with the `--show-all-deprecations` flag. You may also need to
[2025-12-14T00:00:09.377+0000] {subprocess.py:93} INFO - run with `--no-partial-parse` as some deprecations are only encountered during
[2025-12-14T00:00:09.377+0000] {subprocess.py:93} INFO - parsing.
[2025-12-14T00:00:09.991+0000] {subprocess.py:97} INFO - Command exited with return code 0
[2025-12-14T00:00:09.992+0000] {taskinstance.py:441} INFO - ::group::Post task execution logs
[2025-12-14T00:00:10.016+0000] {taskinstance.py:1206} INFO - Marking task as SUCCESS. dag_id=caspian_full_pipeline, task_id=dbt_build_and_snapshot, run_id=scheduled__2025-12-13T23:00:00+00:00, execution_date=20251213T230000, start_date=20251214T000000, end_date=20251214T000010
[2025-12-14T00:00:10.065+0000] {local_task_job_runner.py:243} INFO - Task exited with return code 0
[2025-12-14T00:00:10.077+0000] {taskinstance.py:3503} INFO - 0 downstream tasks scheduled from follow-on schedule check
[2025-12-14T00:00:10.079+0000] {local_task_job_runner.py:222} INFO - ::endgroup::
