[2025-12-14T04:17:17.276+0000] {local_task_job_runner.py:120} INFO - ::group::Pre task execution logs
[2025-12-14T04:17:17.293+0000] {taskinstance.py:2076} INFO - Dependencies all met for dep_context=non-requeueable deps ti=<TaskInstance: caspian_full_pipeline.dbt_build_and_snapshot manual__2025-12-14T04:17:16.526115+00:00 [queued]>
[2025-12-14T04:17:17.298+0000] {taskinstance.py:2076} INFO - Dependencies all met for dep_context=requeueable deps ti=<TaskInstance: caspian_full_pipeline.dbt_build_and_snapshot manual__2025-12-14T04:17:16.526115+00:00 [queued]>
[2025-12-14T04:17:17.298+0000] {taskinstance.py:2306} INFO - Starting attempt 1 of 1
[2025-12-14T04:17:17.309+0000] {taskinstance.py:2330} INFO - Executing <Task(BashOperator): dbt_build_and_snapshot> on 2025-12-14 04:17:16.526115+00:00
[2025-12-14T04:17:17.314+0000] {warnings.py:112} WARNING - /home/***/.local/lib/python3.12/site-packages/***/task/task_runner/standard_task_runner.py:62: DeprecationWarning: This process (pid=510) is multi-threaded, use of fork() may lead to deadlocks in the child.
  pid = os.fork()

[2025-12-14T04:17:17.315+0000] {standard_task_runner.py:64} INFO - Started process 511 to run task
[2025-12-14T04:17:17.315+0000] {standard_task_runner.py:90} INFO - Running: ['***', 'tasks', 'run', 'caspian_full_pipeline', 'dbt_build_and_snapshot', 'manual__2025-12-14T04:17:16.526115+00:00', '--job-id', '60', '--raw', '--subdir', 'DAGS_FOLDER/caspian_full_pipeline.py', '--cfg-path', '/tmp/tmpn4eak0mq']
[2025-12-14T04:17:17.315+0000] {standard_task_runner.py:91} INFO - Job 60: Subtask dbt_build_and_snapshot
[2025-12-14T04:17:17.346+0000] {task_command.py:426} INFO - Running <TaskInstance: caspian_full_pipeline.dbt_build_and_snapshot manual__2025-12-14T04:17:16.526115+00:00 [running]> on host 3c0ddfc4fe5e
[2025-12-14T04:17:17.413+0000] {taskinstance.py:2648} INFO - Exporting env vars: AIRFLOW_CTX_DAG_OWNER='***' AIRFLOW_CTX_DAG_ID='caspian_full_pipeline' AIRFLOW_CTX_TASK_ID='dbt_build_and_snapshot' AIRFLOW_CTX_EXECUTION_DATE='2025-12-14T04:17:16.526115+00:00' AIRFLOW_CTX_TRY_NUMBER='1' AIRFLOW_CTX_DAG_RUN_ID='manual__2025-12-14T04:17:16.526115+00:00'
[2025-12-14T04:17:17.413+0000] {taskinstance.py:430} INFO - ::endgroup::
[2025-12-14T04:17:17.424+0000] {subprocess.py:63} INFO - Tmp dir root location: /tmp
[2025-12-14T04:17:17.424+0000] {subprocess.py:75} INFO - Running command: ['/usr/bin/bash', '-c', '\n        set -euo pipefail\n\n        export DBT_PROFILES_DIR=/opt/project/caspian_vault/dbt_profiles\n        export DBT_LOG_PATH=/opt/***/logs/dbt\n        export DBT_TARGET_PATH=/opt/***/dbt_target\n\n        mkdir -p "$DBT_LOG_PATH" "$DBT_TARGET_PATH"\n\n        cd /opt/project/caspian_vault\n\n        /home/***/.local/bin/dbt deps --profile caspian_vault --target dev\n        /home/***/.local/bin/dbt build --profile caspian_vault --target dev\n        /home/***/.local/bin/dbt snapshot --profile caspian_vault --target dev\n        ']
[2025-12-14T04:17:17.432+0000] {subprocess.py:86} INFO - Output:
[2025-12-14T04:17:18.793+0000] {subprocess.py:93} INFO - [0m04:17:18  Running with dbt=1.10.15
[2025-12-14T04:17:18.799+0000] {subprocess.py:93} INFO - [0m04:17:18  [[33mWARNING[0m]: Deprecated functionality
[2025-12-14T04:17:18.800+0000] {subprocess.py:93} INFO - The `log-path` config in `dbt_project.yml` has been deprecated, and will no
[2025-12-14T04:17:18.800+0000] {subprocess.py:93} INFO - longer be supported in a future version of dbt-core. If you wish to write dbt
[2025-12-14T04:17:18.800+0000] {subprocess.py:93} INFO - logs to a custom directory, please use the --log-path CLI flag or DBT_LOG_PATH
[2025-12-14T04:17:18.800+0000] {subprocess.py:93} INFO - env var instead.
[2025-12-14T04:17:18.800+0000] {subprocess.py:93} INFO - [0m04:17:18  [[33mWARNING[0m]: Deprecated functionality
[2025-12-14T04:17:18.800+0000] {subprocess.py:93} INFO - The `target-path` config in `dbt_project.yml` has been deprecated, and will no
[2025-12-14T04:17:18.800+0000] {subprocess.py:93} INFO - longer be supported in a future version of dbt-core. If you wish to write dbt
[2025-12-14T04:17:18.800+0000] {subprocess.py:93} INFO - artifacts to a custom directory, please use the --target-path CLI flag or
[2025-12-14T04:17:18.800+0000] {subprocess.py:93} INFO - DBT_TARGET_PATH env var instead.
[2025-12-14T04:17:19.209+0000] {subprocess.py:93} INFO - [0m04:17:19  Installing dbt-labs/dbt_utils
[2025-12-14T04:17:19.438+0000] {subprocess.py:93} INFO - [0m04:17:19  Installed from version 1.3.0
[2025-12-14T04:17:19.439+0000] {subprocess.py:93} INFO - [0m04:17:19  Updated version available: 1.3.3
[2025-12-14T04:17:19.439+0000] {subprocess.py:93} INFO - [0m04:17:19
[2025-12-14T04:17:19.440+0000] {subprocess.py:93} INFO - [0m04:17:19  Updates available for packages: ['dbt-labs/dbt_utils']
[2025-12-14T04:17:19.440+0000] {subprocess.py:93} INFO - Update your versions in packages.yml, then run dbt deps
[2025-12-14T04:17:19.441+0000] {subprocess.py:93} INFO - [0m04:17:19  [[33mWARNING[0m][DeprecationsSummary]: Deprecated functionality
[2025-12-14T04:17:19.441+0000] {subprocess.py:93} INFO - Summary of encountered deprecations:
[2025-12-14T04:17:19.441+0000] {subprocess.py:93} INFO - - ConfigLogPathDeprecation: 1 occurrence
[2025-12-14T04:17:19.441+0000] {subprocess.py:93} INFO - - ConfigTargetPathDeprecation: 1 occurrence
[2025-12-14T04:17:19.441+0000] {subprocess.py:93} INFO - To see all deprecation instances instead of just the first occurrence of each,
[2025-12-14T04:17:19.441+0000] {subprocess.py:93} INFO - run command again with the `--show-all-deprecations` flag. You may also need to
[2025-12-14T04:17:19.441+0000] {subprocess.py:93} INFO - run with `--no-partial-parse` as some deprecations are only encountered during
[2025-12-14T04:17:19.441+0000] {subprocess.py:93} INFO - parsing.
[2025-12-14T04:17:21.453+0000] {subprocess.py:93} INFO - [0m04:17:21  Running with dbt=1.10.15
[2025-12-14T04:17:21.498+0000] {subprocess.py:93} INFO - [0m04:17:21  [[33mWARNING[0m]: Deprecated functionality
[2025-12-14T04:17:21.498+0000] {subprocess.py:93} INFO - The `log-path` config in `dbt_project.yml` has been deprecated, and will no
[2025-12-14T04:17:21.498+0000] {subprocess.py:93} INFO - longer be supported in a future version of dbt-core. If you wish to write dbt
[2025-12-14T04:17:21.498+0000] {subprocess.py:93} INFO - logs to a custom directory, please use the --log-path CLI flag or DBT_LOG_PATH
[2025-12-14T04:17:21.499+0000] {subprocess.py:93} INFO - env var instead.
[2025-12-14T04:17:21.499+0000] {subprocess.py:93} INFO - [0m04:17:21  [[33mWARNING[0m]: Deprecated functionality
[2025-12-14T04:17:21.499+0000] {subprocess.py:93} INFO - The `target-path` config in `dbt_project.yml` has been deprecated, and will no
[2025-12-14T04:17:21.499+0000] {subprocess.py:93} INFO - longer be supported in a future version of dbt-core. If you wish to write dbt
[2025-12-14T04:17:21.499+0000] {subprocess.py:93} INFO - artifacts to a custom directory, please use the --target-path CLI flag or
[2025-12-14T04:17:21.499+0000] {subprocess.py:93} INFO - DBT_TARGET_PATH env var instead.
[2025-12-14T04:17:21.676+0000] {subprocess.py:93} INFO - [0m04:17:21  Registered adapter: postgres=1.9.0
[2025-12-14T04:17:21.921+0000] {subprocess.py:93} INFO - [0m04:17:21  [[33mWARNING[0m]: Configuration paths exist in your dbt_project.yml file which do not apply to any resources.
[2025-12-14T04:17:21.922+0000] {subprocess.py:93} INFO - There are 1 unused configuration paths:
[2025-12-14T04:17:21.922+0000] {subprocess.py:93} INFO - - models.caspian_vault.example
[2025-12-14T04:17:22.101+0000] {subprocess.py:93} INFO - [0m04:17:22  Found 13 models, 1 snapshot, 19 data tests, 3 sources, 578 macros
[2025-12-14T04:17:22.104+0000] {subprocess.py:93} INFO - [0m04:17:22
[2025-12-14T04:17:22.104+0000] {subprocess.py:93} INFO - [0m04:17:22  Concurrency: 4 threads (target='dev')
[2025-12-14T04:17:22.105+0000] {subprocess.py:93} INFO - [0m04:17:22
[2025-12-14T04:17:22.219+0000] {subprocess.py:93} INFO - [0m04:17:22  1 of 33 START sql table model public.stg_readings .............................. [RUN]
[2025-12-14T04:17:22.345+0000] {subprocess.py:93} INFO - [0m04:17:22  1 of 33 OK created sql table model public.stg_readings ......................... [[32mSELECT 9980[0m in 0.13s]
[2025-12-14T04:17:22.348+0000] {subprocess.py:93} INFO - [0m04:17:22  2 of 33 START test dbt_utils_expression_is_true_stg_readings_survey_type_id_is_not_null  [RUN]
[2025-12-14T04:17:22.348+0000] {subprocess.py:93} INFO - [0m04:17:22  3 of 33 START test dbt_utils_expression_is_true_stg_readings_well_id_is_not_null  [RUN]
[2025-12-14T04:17:22.393+0000] {subprocess.py:93} INFO - [0m04:17:22  3 of 33 PASS dbt_utils_expression_is_true_stg_readings_well_id_is_not_null ..... [[32mPASS[0m in 0.04s]
[2025-12-14T04:17:22.394+0000] {subprocess.py:93} INFO - [0m04:17:22  2 of 33 PASS dbt_utils_expression_is_true_stg_readings_survey_type_id_is_not_null  [[32mPASS[0m in 0.05s]
[2025-12-14T04:17:22.397+0000] {subprocess.py:93} INFO - [0m04:17:22  4 of 33 START sql table model public.dv_hub_survey_type ........................ [RUN]
[2025-12-14T04:17:22.398+0000] {subprocess.py:93} INFO - [0m04:17:22  5 of 33 START sql table model public.dv_hub_well ............................... [RUN]
[2025-12-14T04:17:22.398+0000] {subprocess.py:93} INFO - [0m04:17:22  6 of 33 START sql table model public.dv_link_well_survey ....................... [RUN]
[2025-12-14T04:17:22.399+0000] {subprocess.py:93} INFO - [0m04:17:22  7 of 33 START sql table model public.dv_sat_readings ........................... [RUN]
[2025-12-14T04:17:22.562+0000] {subprocess.py:93} INFO - [0m04:17:22  4 of 33 OK created sql table model public.dv_hub_survey_type ................... [[32mSELECT 3[0m in 0.16s]
[2025-12-14T04:17:22.564+0000] {subprocess.py:93} INFO - [0m04:17:22  8 of 33 START test not_null_dv_hub_survey_type_hk_survey_type .................. [RUN]
[2025-12-14T04:17:22.571+0000] {subprocess.py:93} INFO - [0m04:17:22  7 of 33 OK created sql table model public.dv_sat_readings ...................... [[32mSELECT 9980[0m in 0.17s]
[2025-12-14T04:17:22.576+0000] {subprocess.py:93} INFO - [0m04:17:22  6 of 33 OK created sql table model public.dv_link_well_survey .................. [[32mSELECT 50[0m in 0.17s]
[2025-12-14T04:17:22.577+0000] {subprocess.py:93} INFO - [0m04:17:22  5 of 33 OK created sql table model public.dv_hub_well .......................... [[32mSELECT 20[0m in 0.17s]
[2025-12-14T04:17:22.582+0000] {subprocess.py:93} INFO - [0m04:17:22  9 of 33 START test not_null_dv_hub_survey_type_survey_type_bk .................. [RUN]
[2025-12-14T04:17:22.582+0000] {subprocess.py:93} INFO - [0m04:17:22  10 of 33 START test unique_dv_hub_survey_type_hk_survey_type ................... [RUN]
[2025-12-14T04:17:22.583+0000] {subprocess.py:93} INFO - [0m04:17:22  11 of 33 START test not_null_dv_sat_readings_hk_well_survey .................... [RUN]
[2025-12-14T04:17:22.611+0000] {subprocess.py:93} INFO - [0m04:17:22  8 of 33 PASS not_null_dv_hub_survey_type_hk_survey_type ........................ [[32mPASS[0m in 0.04s]
[2025-12-14T04:17:22.613+0000] {subprocess.py:93} INFO - [0m04:17:22  12 of 33 START test not_null_dv_sat_readings_load_ts ........................... [RUN]
[2025-12-14T04:17:22.627+0000] {subprocess.py:93} INFO - [0m04:17:22  9 of 33 PASS not_null_dv_hub_survey_type_survey_type_bk ........................ [[32mPASS[0m in 0.04s]
[2025-12-14T04:17:22.628+0000] {subprocess.py:93} INFO - [0m04:17:22  10 of 33 PASS unique_dv_hub_survey_type_hk_survey_type ......................... [[32mPASS[0m in 0.04s]
[2025-12-14T04:17:22.629+0000] {subprocess.py:93} INFO - [0m04:17:22  11 of 33 PASS not_null_dv_sat_readings_hk_well_survey .......................... [[32mPASS[0m in 0.05s]
[2025-12-14T04:17:22.632+0000] {subprocess.py:93} INFO - [0m04:17:22  13 of 33 START test not_null_dv_sat_readings_row_checksum ...................... [RUN]
[2025-12-14T04:17:22.632+0000] {subprocess.py:93} INFO - [0m04:17:22  14 of 33 START test test_counts_match .......................................... [RUN]
[2025-12-14T04:17:22.634+0000] {subprocess.py:93} INFO - [0m04:17:22  15 of 33 START test not_null_dv_link_well_survey_hk_survey_type ................ [RUN]
[2025-12-14T04:17:22.657+0000] {subprocess.py:93} INFO - [0m04:17:22  12 of 33 PASS not_null_dv_sat_readings_load_ts ................................. [[32mPASS[0m in 0.04s]
[2025-12-14T04:17:22.659+0000] {subprocess.py:93} INFO - [0m04:17:22  16 of 33 START test not_null_dv_link_well_survey_hk_well ....................... [RUN]
[2025-12-14T04:17:22.675+0000] {subprocess.py:93} INFO - [0m04:17:22  15 of 33 PASS not_null_dv_link_well_survey_hk_survey_type ...................... [[32mPASS[0m in 0.04s]
[2025-12-14T04:17:22.675+0000] {subprocess.py:93} INFO - [0m04:17:22  13 of 33 PASS not_null_dv_sat_readings_row_checksum ............................ [[32mPASS[0m in 0.04s]
[2025-12-14T04:17:22.676+0000] {subprocess.py:93} INFO - [0m04:17:22  14 of 33 PASS test_counts_match ................................................ [[32mPASS[0m in 0.04s]
[2025-12-14T04:17:22.679+0000] {subprocess.py:93} INFO - [0m04:17:22  17 of 33 START test not_null_dv_link_well_survey_hk_well_survey ................ [RUN]
[2025-12-14T04:17:22.680+0000] {subprocess.py:93} INFO - [0m04:17:22  18 of 33 START test relationships_dv_link_well_survey_hk_survey_type__hk_survey_type__ref_dv_hub_survey_type_  [RUN]
[2025-12-14T04:17:22.681+0000] {subprocess.py:93} INFO - [0m04:17:22  19 of 33 START test relationships_dv_sat_readings_hk_well_survey__hk_well_survey__ref_dv_link_well_survey_  [RUN]
[2025-12-14T04:17:22.701+0000] {subprocess.py:93} INFO - [0m04:17:22  16 of 33 PASS not_null_dv_link_well_survey_hk_well ............................. [[32mPASS[0m in 0.04s]
[2025-12-14T04:17:22.708+0000] {subprocess.py:93} INFO - [0m04:17:22  20 of 33 START test unique_dv_link_well_survey_hk_well_survey .................. [RUN]
[2025-12-14T04:17:22.727+0000] {subprocess.py:93} INFO - [0m04:17:22  17 of 33 PASS not_null_dv_link_well_survey_hk_well_survey ...................... [[32mPASS[0m in 0.05s]
[2025-12-14T04:17:22.727+0000] {subprocess.py:93} INFO - [0m04:17:22  18 of 33 PASS relationships_dv_link_well_survey_hk_survey_type__hk_survey_type__ref_dv_hub_survey_type_  [[32mPASS[0m in 0.05s]
[2025-12-14T04:17:22.729+0000] {subprocess.py:93} INFO - [0m04:17:22  19 of 33 PASS relationships_dv_sat_readings_hk_well_survey__hk_well_survey__ref_dv_link_well_survey_  [[32mPASS[0m in 0.05s]
[2025-12-14T04:17:22.731+0000] {subprocess.py:93} INFO - [0m04:17:22  21 of 33 START test not_null_dv_hub_well_hk_well ............................... [RUN]
[2025-12-14T04:17:22.731+0000] {subprocess.py:93} INFO - [0m04:17:22  22 of 33 START test not_null_dv_hub_well_well_id_bk ............................ [RUN]
[2025-12-14T04:17:22.734+0000] {subprocess.py:93} INFO - [0m04:17:22  23 of 33 START test relationships_dv_link_well_survey_hk_well__hk_well__ref_dv_hub_well_  [RUN]
[2025-12-14T04:17:22.750+0000] {subprocess.py:93} INFO - [0m04:17:22  20 of 33 PASS unique_dv_link_well_survey_hk_well_survey ........................ [[32mPASS[0m in 0.04s]
[2025-12-14T04:17:22.757+0000] {subprocess.py:93} INFO - [0m04:17:22  24 of 33 START test unique_dv_hub_well_hk_well ................................. [RUN]
[2025-12-14T04:17:22.775+0000] {subprocess.py:93} INFO - [0m04:17:22  22 of 33 PASS not_null_dv_hub_well_well_id_bk .................................. [[32mPASS[0m in 0.04s]
[2025-12-14T04:17:22.775+0000] {subprocess.py:93} INFO - [0m04:17:22  21 of 33 PASS not_null_dv_hub_well_hk_well ..................................... [[32mPASS[0m in 0.04s]
[2025-12-14T04:17:22.776+0000] {subprocess.py:93} INFO - [0m04:17:22  23 of 33 PASS relationships_dv_link_well_survey_hk_well__hk_well__ref_dv_hub_well_  [[32mPASS[0m in 0.04s]
[2025-12-14T04:17:22.780+0000] {subprocess.py:93} INFO - [0m04:17:22  25 of 33 START sql table model public.dim_survey_type .......................... [RUN]
[2025-12-14T04:17:22.780+0000] {subprocess.py:93} INFO - [0m04:17:22  26 of 33 START sql table model public.dim_source_format ........................ [RUN]
[2025-12-14T04:17:22.780+0000] {subprocess.py:93} INFO - [0m04:17:22  27 of 33 START sql table model public.dim_time ................................. [RUN]
[2025-12-14T04:17:22.800+0000] {subprocess.py:93} INFO - [0m04:17:22  24 of 33 PASS unique_dv_hub_well_hk_well ....................................... [[32mPASS[0m in 0.04s]
[2025-12-14T04:17:22.806+0000] {subprocess.py:93} INFO - [0m04:17:22  28 of 33 START sql table model public.fct_readings ............................. [RUN]
[2025-12-14T04:17:22.864+0000] {subprocess.py:93} INFO - [0m04:17:22  25 of 33 OK created sql table model public.dim_survey_type ..................... [[32mSELECT 3[0m in 0.08s]
[2025-12-14T04:17:22.870+0000] {subprocess.py:93} INFO - [0m04:17:22  27 of 33 OK created sql table model public.dim_time ............................ [[32mSELECT 1[0m in 0.09s]
[2025-12-14T04:17:22.871+0000] {subprocess.py:93} INFO - [0m04:17:22  29 of 33 START sql table model public.dim_well ................................. [RUN]
[2025-12-14T04:17:22.871+0000] {subprocess.py:93} INFO - [0m04:17:22  26 of 33 OK created sql table model public.dim_source_format ................... [[32mSELECT 2[0m in 0.09s]
[2025-12-14T04:17:22.885+0000] {subprocess.py:93} INFO - [0m04:17:22  28 of 33 OK created sql table model public.fct_readings ........................ [[32mSELECT 9980[0m in 0.08s]
[2025-12-14T04:17:22.887+0000] {subprocess.py:93} INFO - [0m04:17:22  30 of 33 START sql table model public.mart_sensor_analysis ..................... [RUN]
[2025-12-14T04:17:22.888+0000] {subprocess.py:93} INFO - [0m04:17:22  31 of 33 START sql table model public.mart_survey_summary ...................... [RUN]
[2025-12-14T04:17:22.888+0000] {subprocess.py:93} INFO - [0m04:17:22  32 of 33 START sql table model public.mart_well_performance .................... [RUN]
[2025-12-14T04:17:22.943+0000] {subprocess.py:93} INFO - [0m04:17:22  29 of 33 OK created sql table model public.dim_well ............................ [[32mSELECT 20[0m in 0.07s]
[2025-12-14T04:17:22.971+0000] {subprocess.py:93} INFO - [0m04:17:22  30 of 33 OK created sql table model public.mart_sensor_analysis ................ [[32mSELECT 3[0m in 0.08s]
[2025-12-14T04:17:22.971+0000] {subprocess.py:93} INFO - [0m04:17:22  32 of 33 OK created sql table model public.mart_well_performance ............... [[32mSELECT 21[0m in 0.08s]
[2025-12-14T04:17:22.975+0000] {subprocess.py:93} INFO - [0m04:17:22  33 of 33 START snapshot snapshots.snap_mart_well_performance ................... [RUN]
[2025-12-14T04:17:22.976+0000] {subprocess.py:93} INFO - [0m04:17:22  31 of 33 OK created sql table model public.mart_survey_summary ................. [[32mSELECT 6[0m in 0.09s]
[2025-12-14T04:17:23.112+0000] {subprocess.py:93} INFO - [0m04:17:23  33 of 33 OK snapshotted snapshots.snap_mart_well_performance ................... [[32mINSERT 0 21[0m in 0.14s]
[2025-12-14T04:17:23.122+0000] {subprocess.py:93} INFO - [0m04:17:23
[2025-12-14T04:17:23.123+0000] {subprocess.py:93} INFO - [0m04:17:23  Finished running 1 snapshot, 13 table models, 19 data tests in 0 hours 0 minutes and 1.02 seconds (1.02s).
[2025-12-14T04:17:23.160+0000] {subprocess.py:93} INFO - [0m04:17:23
[2025-12-14T04:17:23.160+0000] {subprocess.py:93} INFO - [0m04:17:23  [32mCompleted successfully[0m
[2025-12-14T04:17:23.160+0000] {subprocess.py:93} INFO - [0m04:17:23
[2025-12-14T04:17:23.161+0000] {subprocess.py:93} INFO - [0m04:17:23  Done. PASS=33 WARN=0 ERROR=0 SKIP=0 NO-OP=0 TOTAL=33
[2025-12-14T04:17:23.161+0000] {subprocess.py:93} INFO - [0m04:17:23  [[33mWARNING[0m][DeprecationsSummary]: Deprecated functionality
[2025-12-14T04:17:23.161+0000] {subprocess.py:93} INFO - Summary of encountered deprecations:
[2025-12-14T04:17:23.161+0000] {subprocess.py:93} INFO - - ConfigLogPathDeprecation: 1 occurrence
[2025-12-14T04:17:23.161+0000] {subprocess.py:93} INFO - - ConfigTargetPathDeprecation: 1 occurrence
[2025-12-14T04:17:23.162+0000] {subprocess.py:93} INFO - To see all deprecation instances instead of just the first occurrence of each,
[2025-12-14T04:17:23.162+0000] {subprocess.py:93} INFO - run command again with the `--show-all-deprecations` flag. You may also need to
[2025-12-14T04:17:23.162+0000] {subprocess.py:93} INFO - run with `--no-partial-parse` as some deprecations are only encountered during
[2025-12-14T04:17:23.162+0000] {subprocess.py:93} INFO - parsing.
[2025-12-14T04:17:25.245+0000] {subprocess.py:93} INFO - [0m04:17:25  Running with dbt=1.10.15
[2025-12-14T04:17:25.291+0000] {subprocess.py:93} INFO - [0m04:17:25  [[33mWARNING[0m]: Deprecated functionality
[2025-12-14T04:17:25.291+0000] {subprocess.py:93} INFO - The `log-path` config in `dbt_project.yml` has been deprecated, and will no
[2025-12-14T04:17:25.291+0000] {subprocess.py:93} INFO - longer be supported in a future version of dbt-core. If you wish to write dbt
[2025-12-14T04:17:25.291+0000] {subprocess.py:93} INFO - logs to a custom directory, please use the --log-path CLI flag or DBT_LOG_PATH
[2025-12-14T04:17:25.292+0000] {subprocess.py:93} INFO - env var instead.
[2025-12-14T04:17:25.292+0000] {subprocess.py:93} INFO - [0m04:17:25  [[33mWARNING[0m]: Deprecated functionality
[2025-12-14T04:17:25.292+0000] {subprocess.py:93} INFO - The `target-path` config in `dbt_project.yml` has been deprecated, and will no
[2025-12-14T04:17:25.292+0000] {subprocess.py:93} INFO - longer be supported in a future version of dbt-core. If you wish to write dbt
[2025-12-14T04:17:25.292+0000] {subprocess.py:93} INFO - artifacts to a custom directory, please use the --target-path CLI flag or
[2025-12-14T04:17:25.292+0000] {subprocess.py:93} INFO - DBT_TARGET_PATH env var instead.
[2025-12-14T04:17:25.469+0000] {subprocess.py:93} INFO - [0m04:17:25  Registered adapter: postgres=1.9.0
[2025-12-14T04:17:25.711+0000] {subprocess.py:93} INFO - [0m04:17:25  [[33mWARNING[0m]: Configuration paths exist in your dbt_project.yml file which do not apply to any resources.
[2025-12-14T04:17:25.712+0000] {subprocess.py:93} INFO - There are 1 unused configuration paths:
[2025-12-14T04:17:25.712+0000] {subprocess.py:93} INFO - - models.caspian_vault.example
[2025-12-14T04:17:25.880+0000] {subprocess.py:93} INFO - [0m04:17:25  Found 13 models, 1 snapshot, 19 data tests, 3 sources, 578 macros
[2025-12-14T04:17:25.882+0000] {subprocess.py:93} INFO - [0m04:17:25
[2025-12-14T04:17:25.882+0000] {subprocess.py:93} INFO - [0m04:17:25  Concurrency: 4 threads (target='dev')
[2025-12-14T04:17:25.883+0000] {subprocess.py:93} INFO - [0m04:17:25
[2025-12-14T04:17:25.991+0000] {subprocess.py:93} INFO - [0m04:17:25  1 of 1 START snapshot snapshots.snap_mart_well_performance ..................... [RUN]
[2025-12-14T04:17:26.161+0000] {subprocess.py:93} INFO - [0m04:17:26  1 of 1 OK snapshotted snapshots.snap_mart_well_performance ..................... [[32mINSERT 0 21[0m in 0.17s]
[2025-12-14T04:17:26.171+0000] {subprocess.py:93} INFO - [0m04:17:26
[2025-12-14T04:17:26.171+0000] {subprocess.py:93} INFO - [0m04:17:26  Finished running 1 snapshot in 0 hours 0 minutes and 0.29 seconds (0.29s).
[2025-12-14T04:17:26.250+0000] {subprocess.py:93} INFO - [0m04:17:26
[2025-12-14T04:17:26.251+0000] {subprocess.py:93} INFO - [0m04:17:26  [32mCompleted successfully[0m
[2025-12-14T04:17:26.251+0000] {subprocess.py:93} INFO - [0m04:17:26
[2025-12-14T04:17:26.251+0000] {subprocess.py:93} INFO - [0m04:17:26  Done. PASS=1 WARN=0 ERROR=0 SKIP=0 NO-OP=0 TOTAL=1
[2025-12-14T04:17:26.252+0000] {subprocess.py:93} INFO - [0m04:17:26  [[33mWARNING[0m][DeprecationsSummary]: Deprecated functionality
[2025-12-14T04:17:26.252+0000] {subprocess.py:93} INFO - Summary of encountered deprecations:
[2025-12-14T04:17:26.252+0000] {subprocess.py:93} INFO - - ConfigLogPathDeprecation: 1 occurrence
[2025-12-14T04:17:26.252+0000] {subprocess.py:93} INFO - - ConfigTargetPathDeprecation: 1 occurrence
[2025-12-14T04:17:26.252+0000] {subprocess.py:93} INFO - To see all deprecation instances instead of just the first occurrence of each,
[2025-12-14T04:17:26.252+0000] {subprocess.py:93} INFO - run command again with the `--show-all-deprecations` flag. You may also need to
[2025-12-14T04:17:26.252+0000] {subprocess.py:93} INFO - run with `--no-partial-parse` as some deprecations are only encountered during
[2025-12-14T04:17:26.252+0000] {subprocess.py:93} INFO - parsing.
[2025-12-14T04:17:26.865+0000] {subprocess.py:97} INFO - Command exited with return code 0
[2025-12-14T04:17:26.866+0000] {taskinstance.py:441} INFO - ::group::Post task execution logs
[2025-12-14T04:17:26.887+0000] {taskinstance.py:1206} INFO - Marking task as SUCCESS. dag_id=caspian_full_pipeline, task_id=dbt_build_and_snapshot, run_id=manual__2025-12-14T04:17:16.526115+00:00, execution_date=20251214T041716, start_date=20251214T041717, end_date=20251214T041726
[2025-12-14T04:17:26.903+0000] {local_task_job_runner.py:243} INFO - Task exited with return code 0
[2025-12-14T04:17:26.914+0000] {taskinstance.py:3503} INFO - 0 downstream tasks scheduled from follow-on schedule check
[2025-12-14T04:17:26.916+0000] {local_task_job_runner.py:222} INFO - ::endgroup::
