[2025-12-13T19:30:47.311+0000] {local_task_job_runner.py:120} INFO - ::group::Pre task execution logs
[2025-12-13T19:30:47.328+0000] {taskinstance.py:2076} INFO - Dependencies all met for dep_context=non-requeueable deps ti=<TaskInstance: caspian_full_pipeline.dbt_build_and_snapshot manual__2025-12-13T19:30:46+00:00 [queued]>
[2025-12-13T19:30:47.332+0000] {taskinstance.py:2076} INFO - Dependencies all met for dep_context=requeueable deps ti=<TaskInstance: caspian_full_pipeline.dbt_build_and_snapshot manual__2025-12-13T19:30:46+00:00 [queued]>
[2025-12-13T19:30:47.332+0000] {taskinstance.py:2306} INFO - Starting attempt 1 of 1
[2025-12-13T19:30:47.343+0000] {taskinstance.py:2330} INFO - Executing <Task(BashOperator): dbt_build_and_snapshot> on 2025-12-13 19:30:46+00:00
[2025-12-13T19:30:47.348+0000] {warnings.py:112} WARNING - /home/***/.local/lib/python3.12/site-packages/***/task/task_runner/standard_task_runner.py:62: DeprecationWarning: This process (pid=302) is multi-threaded, use of fork() may lead to deadlocks in the child.
  pid = os.fork()

[2025-12-13T19:30:47.349+0000] {standard_task_runner.py:64} INFO - Started process 303 to run task
[2025-12-13T19:30:47.350+0000] {standard_task_runner.py:90} INFO - Running: ['***', 'tasks', 'run', 'caspian_full_pipeline', 'dbt_build_and_snapshot', 'manual__2025-12-13T19:30:46+00:00', '--job-id', '40', '--raw', '--subdir', 'DAGS_FOLDER/caspian_full_pipeline.py', '--cfg-path', '/tmp/tmp5nsr1_3r']
[2025-12-13T19:30:47.350+0000] {standard_task_runner.py:91} INFO - Job 40: Subtask dbt_build_and_snapshot
[2025-12-13T19:30:47.384+0000] {task_command.py:426} INFO - Running <TaskInstance: caspian_full_pipeline.dbt_build_and_snapshot manual__2025-12-13T19:30:46+00:00 [running]> on host 3c0ddfc4fe5e
[2025-12-13T19:30:47.452+0000] {taskinstance.py:2648} INFO - Exporting env vars: AIRFLOW_CTX_DAG_OWNER='***' AIRFLOW_CTX_DAG_ID='caspian_full_pipeline' AIRFLOW_CTX_TASK_ID='dbt_build_and_snapshot' AIRFLOW_CTX_EXECUTION_DATE='2025-12-13T19:30:46+00:00' AIRFLOW_CTX_TRY_NUMBER='1' AIRFLOW_CTX_DAG_RUN_ID='manual__2025-12-13T19:30:46+00:00'
[2025-12-13T19:30:47.452+0000] {taskinstance.py:430} INFO - ::endgroup::
[2025-12-13T19:30:47.462+0000] {subprocess.py:63} INFO - Tmp dir root location: /tmp
[2025-12-13T19:30:47.463+0000] {subprocess.py:75} INFO - Running command: ['/usr/bin/bash', '-c', '\n        set -euo pipefail\n\n        export DBT_PROFILES_DIR=/home/***/.dbt\n        export DBT_LOG_PATH=/opt/***/logs/dbt\n        export DBT_TARGET_PATH=/opt/***/dbt_target\n\n        mkdir -p "$DBT_LOG_PATH" "$DBT_TARGET_PATH"\n\n        cd /opt/project/caspian_vault\n\n        /home/***/.local/bin/dbt deps --profile caspian_vault --target dev\n        /home/***/.local/bin/dbt build --profile caspian_vault --target dev\n        /home/***/.local/bin/dbt snapshot --profile caspian_vault --target dev\n        ']
[2025-12-13T19:30:47.473+0000] {subprocess.py:86} INFO - Output:
[2025-12-13T19:30:48.817+0000] {subprocess.py:93} INFO - [0m19:30:48  Running with dbt=1.10.15
[2025-12-13T19:30:48.824+0000] {subprocess.py:93} INFO - [0m19:30:48  [[33mWARNING[0m]: Deprecated functionality
[2025-12-13T19:30:48.824+0000] {subprocess.py:93} INFO - The `log-path` config in `dbt_project.yml` has been deprecated, and will no
[2025-12-13T19:30:48.824+0000] {subprocess.py:93} INFO - longer be supported in a future version of dbt-core. If you wish to write dbt
[2025-12-13T19:30:48.824+0000] {subprocess.py:93} INFO - logs to a custom directory, please use the --log-path CLI flag or DBT_LOG_PATH
[2025-12-13T19:30:48.824+0000] {subprocess.py:93} INFO - env var instead.
[2025-12-13T19:30:48.824+0000] {subprocess.py:93} INFO - [0m19:30:48  [[33mWARNING[0m]: Deprecated functionality
[2025-12-13T19:30:48.824+0000] {subprocess.py:93} INFO - The `target-path` config in `dbt_project.yml` has been deprecated, and will no
[2025-12-13T19:30:48.825+0000] {subprocess.py:93} INFO - longer be supported in a future version of dbt-core. If you wish to write dbt
[2025-12-13T19:30:48.825+0000] {subprocess.py:93} INFO - artifacts to a custom directory, please use the --target-path CLI flag or
[2025-12-13T19:30:48.825+0000] {subprocess.py:93} INFO - DBT_TARGET_PATH env var instead.
[2025-12-13T19:30:49.167+0000] {subprocess.py:93} INFO - [0m19:30:49  Installing dbt-labs/dbt_utils
[2025-12-13T19:30:49.451+0000] {subprocess.py:93} INFO - [0m19:30:49  Installed from version 1.3.0
[2025-12-13T19:30:49.451+0000] {subprocess.py:93} INFO - [0m19:30:49  Updated version available: 1.3.3
[2025-12-13T19:30:49.452+0000] {subprocess.py:93} INFO - [0m19:30:49
[2025-12-13T19:30:49.452+0000] {subprocess.py:93} INFO - [0m19:30:49  Updates available for packages: ['dbt-labs/dbt_utils']
[2025-12-13T19:30:49.452+0000] {subprocess.py:93} INFO - Update your versions in packages.yml, then run dbt deps
[2025-12-13T19:30:49.453+0000] {subprocess.py:93} INFO - [0m19:30:49  [[33mWARNING[0m][DeprecationsSummary]: Deprecated functionality
[2025-12-13T19:30:49.453+0000] {subprocess.py:93} INFO - Summary of encountered deprecations:
[2025-12-13T19:30:49.453+0000] {subprocess.py:93} INFO - - ConfigLogPathDeprecation: 1 occurrence
[2025-12-13T19:30:49.453+0000] {subprocess.py:93} INFO - - ConfigTargetPathDeprecation: 1 occurrence
[2025-12-13T19:30:49.453+0000] {subprocess.py:93} INFO - To see all deprecation instances instead of just the first occurrence of each,
[2025-12-13T19:30:49.453+0000] {subprocess.py:93} INFO - run command again with the `--show-all-deprecations` flag. You may also need to
[2025-12-13T19:30:49.453+0000] {subprocess.py:93} INFO - run with `--no-partial-parse` as some deprecations are only encountered during
[2025-12-13T19:30:49.453+0000] {subprocess.py:93} INFO - parsing.
[2025-12-13T19:30:51.367+0000] {subprocess.py:93} INFO - [0m19:30:51  Running with dbt=1.10.15
[2025-12-13T19:30:51.411+0000] {subprocess.py:93} INFO - [0m19:30:51  [[33mWARNING[0m]: Deprecated functionality
[2025-12-13T19:30:51.412+0000] {subprocess.py:93} INFO - The `log-path` config in `dbt_project.yml` has been deprecated, and will no
[2025-12-13T19:30:51.412+0000] {subprocess.py:93} INFO - longer be supported in a future version of dbt-core. If you wish to write dbt
[2025-12-13T19:30:51.412+0000] {subprocess.py:93} INFO - logs to a custom directory, please use the --log-path CLI flag or DBT_LOG_PATH
[2025-12-13T19:30:51.412+0000] {subprocess.py:93} INFO - env var instead.
[2025-12-13T19:30:51.412+0000] {subprocess.py:93} INFO - [0m19:30:51  [[33mWARNING[0m]: Deprecated functionality
[2025-12-13T19:30:51.412+0000] {subprocess.py:93} INFO - The `target-path` config in `dbt_project.yml` has been deprecated, and will no
[2025-12-13T19:30:51.412+0000] {subprocess.py:93} INFO - longer be supported in a future version of dbt-core. If you wish to write dbt
[2025-12-13T19:30:51.413+0000] {subprocess.py:93} INFO - artifacts to a custom directory, please use the --target-path CLI flag or
[2025-12-13T19:30:51.413+0000] {subprocess.py:93} INFO - DBT_TARGET_PATH env var instead.
[2025-12-13T19:30:51.589+0000] {subprocess.py:93} INFO - [0m19:30:51  Registered adapter: postgres=1.9.0
[2025-12-13T19:30:51.833+0000] {subprocess.py:93} INFO - [0m19:30:51  [[33mWARNING[0m]: Configuration paths exist in your dbt_project.yml file which do not apply to any resources.
[2025-12-13T19:30:51.833+0000] {subprocess.py:93} INFO - There are 1 unused configuration paths:
[2025-12-13T19:30:51.833+0000] {subprocess.py:93} INFO - - models.caspian_vault.example
[2025-12-13T19:30:52.012+0000] {subprocess.py:93} INFO - [0m19:30:52  Found 16 models, 1 snapshot, 19 data tests, 3 sources, 578 macros
[2025-12-13T19:30:52.015+0000] {subprocess.py:93} INFO - [0m19:30:52
[2025-12-13T19:30:52.015+0000] {subprocess.py:93} INFO - [0m19:30:52  Concurrency: 4 threads (target='dev')
[2025-12-13T19:30:52.016+0000] {subprocess.py:93} INFO - [0m19:30:52
[2025-12-13T19:30:52.131+0000] {subprocess.py:93} INFO - [0m19:30:52  1 of 36 START sql view model public.raw_recovered_1 ............................ [RUN]
[2025-12-13T19:30:52.131+0000] {subprocess.py:93} INFO - [0m19:30:52  2 of 36 START sql view model public.raw_recovered_2 ............................ [RUN]
[2025-12-13T19:30:52.131+0000] {subprocess.py:93} INFO - [0m19:30:52  3 of 36 START sql view model public.raw_sgx_all ................................ [RUN]
[2025-12-13T19:30:52.303+0000] {subprocess.py:93} INFO - [0m19:30:52  2 of 36 OK created sql view model public.raw_recovered_2 ....................... [[32mCREATE VIEW[0m in 0.17s]
[2025-12-13T19:30:52.304+0000] {subprocess.py:93} INFO - [0m19:30:52  1 of 36 OK created sql view model public.raw_recovered_1 ....................... [[32mCREATE VIEW[0m in 0.17s]
[2025-12-13T19:30:52.304+0000] {subprocess.py:93} INFO - [0m19:30:52  3 of 36 OK created sql view model public.raw_sgx_all ........................... [[32mCREATE VIEW[0m in 0.17s]
[2025-12-13T19:30:52.307+0000] {subprocess.py:93} INFO - [0m19:30:52  4 of 36 START sql table model public.stg_readings .............................. [RUN]
[2025-12-13T19:30:52.364+0000] {subprocess.py:93} INFO - [0m19:30:52  4 of 36 OK created sql table model public.stg_readings ......................... [[32mSELECT 0[0m in 0.06s]
[2025-12-13T19:30:52.366+0000] {subprocess.py:93} INFO - [0m19:30:52  5 of 36 START test dbt_utils_expression_is_true_stg_readings_survey_type_id_is_not_null  [RUN]
[2025-12-13T19:30:52.366+0000] {subprocess.py:93} INFO - [0m19:30:52  6 of 36 START test dbt_utils_expression_is_true_stg_readings_well_id_is_not_null  [RUN]
[2025-12-13T19:30:52.410+0000] {subprocess.py:93} INFO - [0m19:30:52  6 of 36 PASS dbt_utils_expression_is_true_stg_readings_well_id_is_not_null ..... [[32mPASS[0m in 0.04s]
[2025-12-13T19:30:52.411+0000] {subprocess.py:93} INFO - [0m19:30:52  5 of 36 PASS dbt_utils_expression_is_true_stg_readings_survey_type_id_is_not_null  [[32mPASS[0m in 0.04s]
[2025-12-13T19:30:52.414+0000] {subprocess.py:93} INFO - [0m19:30:52  7 of 36 START sql table model public.dv_hub_survey_type ........................ [RUN]
[2025-12-13T19:30:52.415+0000] {subprocess.py:93} INFO - [0m19:30:52  8 of 36 START sql table model public.dv_hub_well ............................... [RUN]
[2025-12-13T19:30:52.415+0000] {subprocess.py:93} INFO - [0m19:30:52  9 of 36 START sql table model public.dv_link_well_survey ....................... [RUN]
[2025-12-13T19:30:52.416+0000] {subprocess.py:93} INFO - [0m19:30:52  10 of 36 START sql table model public.dv_sat_readings .......................... [RUN]
[2025-12-13T19:30:52.504+0000] {subprocess.py:93} INFO - [0m19:30:52  9 of 36 OK created sql table model public.dv_link_well_survey .................. [[32mSELECT 0[0m in 0.09s]
[2025-12-13T19:30:52.508+0000] {subprocess.py:93} INFO - [0m19:30:52  11 of 36 START test not_null_dv_link_well_survey_hk_survey_type ................ [RUN]
[2025-12-13T19:30:52.510+0000] {subprocess.py:93} INFO - [0m19:30:52  8 of 36 OK created sql table model public.dv_hub_well .......................... [[32mSELECT 0[0m in 0.09s]
[2025-12-13T19:30:52.513+0000] {subprocess.py:93} INFO - [0m19:30:52  7 of 36 OK created sql table model public.dv_hub_survey_type ................... [[32mSELECT 0[0m in 0.10s]
[2025-12-13T19:30:52.520+0000] {subprocess.py:93} INFO - [0m19:30:52  10 of 36 OK created sql table model public.dv_sat_readings ..................... [[32mSELECT 0[0m in 0.10s]
[2025-12-13T19:30:52.521+0000] {subprocess.py:93} INFO - [0m19:30:52  12 of 36 START test not_null_dv_link_well_survey_hk_well ....................... [RUN]
[2025-12-13T19:30:52.523+0000] {subprocess.py:93} INFO - [0m19:30:52  13 of 36 START test not_null_dv_link_well_survey_hk_well_survey ................ [RUN]
[2025-12-13T19:30:52.526+0000] {subprocess.py:93} INFO - [0m19:30:52  14 of 36 START test unique_dv_link_well_survey_hk_well_survey .................. [RUN]
[2025-12-13T19:30:52.554+0000] {subprocess.py:93} INFO - [0m19:30:52  11 of 36 PASS not_null_dv_link_well_survey_hk_survey_type ...................... [[32mPASS[0m in 0.04s]
[2025-12-13T19:30:52.559+0000] {subprocess.py:93} INFO - [0m19:30:52  15 of 36 START test not_null_dv_hub_well_hk_well ............................... [RUN]
[2025-12-13T19:30:52.560+0000] {subprocess.py:93} INFO - [0m19:30:52  12 of 36 PASS not_null_dv_link_well_survey_hk_well ............................. [[32mPASS[0m in 0.04s]
[2025-12-13T19:30:52.561+0000] {subprocess.py:93} INFO - [0m19:30:52  13 of 36 PASS not_null_dv_link_well_survey_hk_well_survey ...................... [[32mPASS[0m in 0.04s]
[2025-12-13T19:30:52.569+0000] {subprocess.py:93} INFO - [0m19:30:52  16 of 36 START test not_null_dv_hub_well_well_id_bk ............................ [RUN]
[2025-12-13T19:30:52.570+0000] {subprocess.py:93} INFO - [0m19:30:52  14 of 36 PASS unique_dv_link_well_survey_hk_well_survey ........................ [[32mPASS[0m in 0.04s]
[2025-12-13T19:30:52.570+0000] {subprocess.py:93} INFO - [0m19:30:52  17 of 36 START test relationships_dv_link_well_survey_hk_well__hk_well__ref_dv_hub_well_  [RUN]
[2025-12-13T19:30:52.577+0000] {subprocess.py:93} INFO - [0m19:30:52  18 of 36 START test unique_dv_hub_well_hk_well ................................. [RUN]
[2025-12-13T19:30:52.601+0000] {subprocess.py:93} INFO - [0m19:30:52  15 of 36 PASS not_null_dv_hub_well_hk_well ..................................... [[32mPASS[0m in 0.04s]
[2025-12-13T19:30:52.605+0000] {subprocess.py:93} INFO - [0m19:30:52  19 of 36 START test not_null_dv_hub_survey_type_hk_survey_type ................. [RUN]
[2025-12-13T19:30:52.615+0000] {subprocess.py:93} INFO - [0m19:30:52  16 of 36 PASS not_null_dv_hub_well_well_id_bk .................................. [[32mPASS[0m in 0.04s]
[2025-12-13T19:30:52.616+0000] {subprocess.py:93} INFO - [0m19:30:52  17 of 36 PASS relationships_dv_link_well_survey_hk_well__hk_well__ref_dv_hub_well_  [[32mPASS[0m in 0.04s]
[2025-12-13T19:30:52.619+0000] {subprocess.py:93} INFO - [0m19:30:52  18 of 36 PASS unique_dv_hub_well_hk_well ....................................... [[32mPASS[0m in 0.03s]
[2025-12-13T19:30:52.621+0000] {subprocess.py:93} INFO - [0m19:30:52  20 of 36 START test not_null_dv_hub_survey_type_survey_type_bk ................. [RUN]
[2025-12-13T19:30:52.623+0000] {subprocess.py:93} INFO - [0m19:30:52  21 of 36 START test relationships_dv_link_well_survey_hk_survey_type__hk_survey_type__ref_dv_hub_survey_type_  [RUN]
[2025-12-13T19:30:52.623+0000] {subprocess.py:93} INFO - [0m19:30:52  22 of 36 START test unique_dv_hub_survey_type_hk_survey_type ................... [RUN]
[2025-12-13T19:30:52.649+0000] {subprocess.py:93} INFO - [0m19:30:52  19 of 36 PASS not_null_dv_hub_survey_type_hk_survey_type ....................... [[32mPASS[0m in 0.04s]
[2025-12-13T19:30:52.650+0000] {subprocess.py:93} INFO - [0m19:30:52  23 of 36 START test not_null_dv_sat_readings_hk_well_survey .................... [RUN]
[2025-12-13T19:30:52.666+0000] {subprocess.py:93} INFO - [0m19:30:52  21 of 36 PASS relationships_dv_link_well_survey_hk_survey_type__hk_survey_type__ref_dv_hub_survey_type_  [[32mPASS[0m in 0.04s]
[2025-12-13T19:30:52.666+0000] {subprocess.py:93} INFO - [0m19:30:52  20 of 36 PASS not_null_dv_hub_survey_type_survey_type_bk ....................... [[32mPASS[0m in 0.04s]
[2025-12-13T19:30:52.667+0000] {subprocess.py:93} INFO - [0m19:30:52  22 of 36 PASS unique_dv_hub_survey_type_hk_survey_type ......................... [[32mPASS[0m in 0.04s]
[2025-12-13T19:30:52.670+0000] {subprocess.py:93} INFO - [0m19:30:52  24 of 36 START test not_null_dv_sat_readings_load_ts ........................... [RUN]
[2025-12-13T19:30:52.671+0000] {subprocess.py:93} INFO - [0m19:30:52  25 of 36 START test not_null_dv_sat_readings_row_checksum ...................... [RUN]
[2025-12-13T19:30:52.672+0000] {subprocess.py:93} INFO - [0m19:30:52  26 of 36 START test relationships_dv_sat_readings_hk_well_survey__hk_well_survey__ref_dv_link_well_survey_  [RUN]
[2025-12-13T19:30:52.688+0000] {subprocess.py:93} INFO - [0m19:30:52  23 of 36 PASS not_null_dv_sat_readings_hk_well_survey .......................... [[32mPASS[0m in 0.04s]
[2025-12-13T19:30:52.695+0000] {subprocess.py:93} INFO - [0m19:30:52  27 of 36 START test test_counts_match .......................................... [RUN]
[2025-12-13T19:30:52.712+0000] {subprocess.py:93} INFO - [0m19:30:52  24 of 36 PASS not_null_dv_sat_readings_load_ts ................................. [[32mPASS[0m in 0.04s]
[2025-12-13T19:30:52.714+0000] {subprocess.py:93} INFO - [0m19:30:52  25 of 36 PASS not_null_dv_sat_readings_row_checksum ............................ [[32mPASS[0m in 0.04s]
[2025-12-13T19:30:52.717+0000] {subprocess.py:93} INFO - [0m19:30:52  26 of 36 PASS relationships_dv_sat_readings_hk_well_survey__hk_well_survey__ref_dv_link_well_survey_  [[32mPASS[0m in 0.04s]
[2025-12-13T19:30:52.717+0000] {subprocess.py:93} INFO - [0m19:30:52  28 of 36 START sql table model public.dim_well ................................. [RUN]
[2025-12-13T19:30:52.719+0000] {subprocess.py:93} INFO - [0m19:30:52  29 of 36 START sql table model public.dim_survey_type .......................... [RUN]
[2025-12-13T19:30:52.727+0000] {subprocess.py:93} INFO - [0m19:30:52  27 of 36 PASS test_counts_match ................................................ [[32mPASS[0m in 0.03s]
[2025-12-13T19:30:52.737+0000] {subprocess.py:93} INFO - [0m19:30:52  30 of 36 START sql table model public.dim_source_format ........................ [RUN]
[2025-12-13T19:30:52.738+0000] {subprocess.py:93} INFO - [0m19:30:52  31 of 36 START sql table model public.dim_time ................................. [RUN]
[2025-12-13T19:30:52.801+0000] {subprocess.py:93} INFO - [0m19:30:52  29 of 36 OK created sql table model public.dim_survey_type ..................... [[32mSELECT 0[0m in 0.08s]
[2025-12-13T19:30:52.810+0000] {subprocess.py:93} INFO - [0m19:30:52  28 of 36 OK created sql table model public.dim_well ............................ [[32mSELECT 0[0m in 0.09s]
[2025-12-13T19:30:52.810+0000] {subprocess.py:93} INFO - [0m19:30:52  32 of 36 START sql table model public.fct_readings ............................. [RUN]
[2025-12-13T19:30:52.822+0000] {subprocess.py:93} INFO - [0m19:30:52  30 of 36 OK created sql table model public.dim_source_format ................... [[32mSELECT 0[0m in 0.08s]
[2025-12-13T19:30:52.822+0000] {subprocess.py:93} INFO - [0m19:30:52  31 of 36 OK created sql table model public.dim_time ............................ [[32mSELECT 0[0m in 0.08s]
[2025-12-13T19:30:52.860+0000] {subprocess.py:93} INFO - [0m19:30:52  32 of 36 OK created sql table model public.fct_readings ........................ [[32mSELECT 0[0m in 0.05s]
[2025-12-13T19:30:52.863+0000] {subprocess.py:93} INFO - [0m19:30:52  33 of 36 START sql table model public.mart_sensor_analysis ..................... [RUN]
[2025-12-13T19:30:52.863+0000] {subprocess.py:93} INFO - [0m19:30:52  34 of 36 START sql table model public.mart_survey_summary ...................... [RUN]
[2025-12-13T19:30:52.863+0000] {subprocess.py:93} INFO - [0m19:30:52  35 of 36 START sql table model public.mart_well_performance .................... [RUN]
[2025-12-13T19:30:52.933+0000] {subprocess.py:93} INFO - [0m19:30:52  33 of 36 OK created sql table model public.mart_sensor_analysis ................ [[32mSELECT 0[0m in 0.07s]
[2025-12-13T19:30:52.937+0000] {subprocess.py:93} INFO - [0m19:30:52  34 of 36 OK created sql table model public.mart_survey_summary ................. [[32mSELECT 0[0m in 0.07s]
[2025-12-13T19:30:52.938+0000] {subprocess.py:93} INFO - [0m19:30:52  35 of 36 OK created sql table model public.mart_well_performance ............... [[32mSELECT 0[0m in 0.07s]
[2025-12-13T19:30:52.940+0000] {subprocess.py:93} INFO - [0m19:30:52  36 of 36 START snapshot snapshots.snap_mart_well_performance ................... [RUN]
[2025-12-13T19:30:53.075+0000] {subprocess.py:93} INFO - [0m19:30:53  36 of 36 OK snapshotted snapshots.snap_mart_well_performance ................... [[32mINSERT 0 0[0m in 0.13s]
[2025-12-13T19:30:53.084+0000] {subprocess.py:93} INFO - [0m19:30:53
[2025-12-13T19:30:53.085+0000] {subprocess.py:93} INFO - [0m19:30:53  Finished running 1 snapshot, 13 table models, 19 data tests, 3 view models in 0 hours 0 minutes and 1.07 seconds (1.07s).
[2025-12-13T19:30:53.122+0000] {subprocess.py:93} INFO - [0m19:30:53
[2025-12-13T19:30:53.123+0000] {subprocess.py:93} INFO - [0m19:30:53  [32mCompleted successfully[0m
[2025-12-13T19:30:53.123+0000] {subprocess.py:93} INFO - [0m19:30:53
[2025-12-13T19:30:53.123+0000] {subprocess.py:93} INFO - [0m19:30:53  Done. PASS=36 WARN=0 ERROR=0 SKIP=0 NO-OP=0 TOTAL=36
[2025-12-13T19:30:53.124+0000] {subprocess.py:93} INFO - [0m19:30:53  [[33mWARNING[0m][DeprecationsSummary]: Deprecated functionality
[2025-12-13T19:30:53.124+0000] {subprocess.py:93} INFO - Summary of encountered deprecations:
[2025-12-13T19:30:53.124+0000] {subprocess.py:93} INFO - - ConfigLogPathDeprecation: 1 occurrence
[2025-12-13T19:30:53.124+0000] {subprocess.py:93} INFO - - ConfigTargetPathDeprecation: 1 occurrence
[2025-12-13T19:30:53.124+0000] {subprocess.py:93} INFO - To see all deprecation instances instead of just the first occurrence of each,
[2025-12-13T19:30:53.124+0000] {subprocess.py:93} INFO - run command again with the `--show-all-deprecations` flag. You may also need to
[2025-12-13T19:30:53.124+0000] {subprocess.py:93} INFO - run with `--no-partial-parse` as some deprecations are only encountered during
[2025-12-13T19:30:53.125+0000] {subprocess.py:93} INFO - parsing.
[2025-12-13T19:30:55.199+0000] {subprocess.py:93} INFO - [0m19:30:55  Running with dbt=1.10.15
[2025-12-13T19:30:55.243+0000] {subprocess.py:93} INFO - [0m19:30:55  [[33mWARNING[0m]: Deprecated functionality
[2025-12-13T19:30:55.244+0000] {subprocess.py:93} INFO - The `log-path` config in `dbt_project.yml` has been deprecated, and will no
[2025-12-13T19:30:55.244+0000] {subprocess.py:93} INFO - longer be supported in a future version of dbt-core. If you wish to write dbt
[2025-12-13T19:30:55.244+0000] {subprocess.py:93} INFO - logs to a custom directory, please use the --log-path CLI flag or DBT_LOG_PATH
[2025-12-13T19:30:55.244+0000] {subprocess.py:93} INFO - env var instead.
[2025-12-13T19:30:55.244+0000] {subprocess.py:93} INFO - [0m19:30:55  [[33mWARNING[0m]: Deprecated functionality
[2025-12-13T19:30:55.244+0000] {subprocess.py:93} INFO - The `target-path` config in `dbt_project.yml` has been deprecated, and will no
[2025-12-13T19:30:55.244+0000] {subprocess.py:93} INFO - longer be supported in a future version of dbt-core. If you wish to write dbt
[2025-12-13T19:30:55.245+0000] {subprocess.py:93} INFO - artifacts to a custom directory, please use the --target-path CLI flag or
[2025-12-13T19:30:55.245+0000] {subprocess.py:93} INFO - DBT_TARGET_PATH env var instead.
[2025-12-13T19:30:55.421+0000] {subprocess.py:93} INFO - [0m19:30:55  Registered adapter: postgres=1.9.0
[2025-12-13T19:30:55.665+0000] {subprocess.py:93} INFO - [0m19:30:55  [[33mWARNING[0m]: Configuration paths exist in your dbt_project.yml file which do not apply to any resources.
[2025-12-13T19:30:55.666+0000] {subprocess.py:93} INFO - There are 1 unused configuration paths:
[2025-12-13T19:30:55.666+0000] {subprocess.py:93} INFO - - models.caspian_vault.example
[2025-12-13T19:30:55.834+0000] {subprocess.py:93} INFO - [0m19:30:55  Found 16 models, 1 snapshot, 19 data tests, 3 sources, 578 macros
[2025-12-13T19:30:55.836+0000] {subprocess.py:93} INFO - [0m19:30:55
[2025-12-13T19:30:55.836+0000] {subprocess.py:93} INFO - [0m19:30:55  Concurrency: 4 threads (target='dev')
[2025-12-13T19:30:55.837+0000] {subprocess.py:93} INFO - [0m19:30:55
[2025-12-13T19:30:55.946+0000] {subprocess.py:93} INFO - [0m19:30:55  1 of 1 START snapshot snapshots.snap_mart_well_performance ..................... [RUN]
[2025-12-13T19:30:56.108+0000] {subprocess.py:93} INFO - [0m19:30:56  1 of 1 OK snapshotted snapshots.snap_mart_well_performance ..................... [[32mINSERT 0 0[0m in 0.16s]
[2025-12-13T19:30:56.116+0000] {subprocess.py:93} INFO - [0m19:30:56
[2025-12-13T19:30:56.117+0000] {subprocess.py:93} INFO - [0m19:30:56  Finished running 1 snapshot in 0 hours 0 minutes and 0.28 seconds (0.28s).
[2025-12-13T19:30:56.203+0000] {subprocess.py:93} INFO - [0m19:30:56
[2025-12-13T19:30:56.204+0000] {subprocess.py:93} INFO - [0m19:30:56  [32mCompleted successfully[0m
[2025-12-13T19:30:56.204+0000] {subprocess.py:93} INFO - [0m19:30:56
[2025-12-13T19:30:56.204+0000] {subprocess.py:93} INFO - [0m19:30:56  Done. PASS=1 WARN=0 ERROR=0 SKIP=0 NO-OP=0 TOTAL=1
[2025-12-13T19:30:56.205+0000] {subprocess.py:93} INFO - [0m19:30:56  [[33mWARNING[0m][DeprecationsSummary]: Deprecated functionality
[2025-12-13T19:30:56.205+0000] {subprocess.py:93} INFO - Summary of encountered deprecations:
[2025-12-13T19:30:56.205+0000] {subprocess.py:93} INFO - - ConfigLogPathDeprecation: 1 occurrence
[2025-12-13T19:30:56.205+0000] {subprocess.py:93} INFO - - ConfigTargetPathDeprecation: 1 occurrence
[2025-12-13T19:30:56.205+0000] {subprocess.py:93} INFO - To see all deprecation instances instead of just the first occurrence of each,
[2025-12-13T19:30:56.205+0000] {subprocess.py:93} INFO - run command again with the `--show-all-deprecations` flag. You may also need to
[2025-12-13T19:30:56.205+0000] {subprocess.py:93} INFO - run with `--no-partial-parse` as some deprecations are only encountered during
[2025-12-13T19:30:56.205+0000] {subprocess.py:93} INFO - parsing.
[2025-12-13T19:30:56.849+0000] {subprocess.py:97} INFO - Command exited with return code 0
[2025-12-13T19:30:56.850+0000] {taskinstance.py:441} INFO - ::group::Post task execution logs
[2025-12-13T19:30:56.872+0000] {taskinstance.py:1206} INFO - Marking task as SUCCESS. dag_id=caspian_full_pipeline, task_id=dbt_build_and_snapshot, run_id=manual__2025-12-13T19:30:46+00:00, execution_date=20251213T193046, start_date=20251213T193047, end_date=20251213T193056
[2025-12-13T19:30:56.896+0000] {local_task_job_runner.py:243} INFO - Task exited with return code 0
[2025-12-13T19:30:56.909+0000] {taskinstance.py:3503} INFO - 0 downstream tasks scheduled from follow-on schedule check
[2025-12-13T19:30:56.912+0000] {local_task_job_runner.py:222} INFO - ::endgroup::
