[2025-12-13T18:02:44.106+0000] {local_task_job_runner.py:120} INFO - ::group::Pre task execution logs
[2025-12-13T18:02:44.125+0000] {taskinstance.py:2076} INFO - Dependencies all met for dep_context=non-requeueable deps ti=<TaskInstance: caspian_full_pipeline.dbt_build_and_snapshot manual__2025-12-13T18:02:43.198828+00:00 [queued]>
[2025-12-13T18:02:44.129+0000] {taskinstance.py:2076} INFO - Dependencies all met for dep_context=requeueable deps ti=<TaskInstance: caspian_full_pipeline.dbt_build_and_snapshot manual__2025-12-13T18:02:43.198828+00:00 [queued]>
[2025-12-13T18:02:44.130+0000] {taskinstance.py:2306} INFO - Starting attempt 1 of 1
[2025-12-13T18:02:44.140+0000] {taskinstance.py:2330} INFO - Executing <Task(BashOperator): dbt_build_and_snapshot> on 2025-12-13 18:02:43.198828+00:00
[2025-12-13T18:02:44.146+0000] {warnings.py:112} WARNING - /home/***/.local/lib/python3.12/site-packages/***/task/task_runner/standard_task_runner.py:62: DeprecationWarning: This process (pid=217) is multi-threaded, use of fork() may lead to deadlocks in the child.
  pid = os.fork()

[2025-12-13T18:02:44.147+0000] {standard_task_runner.py:64} INFO - Started process 218 to run task
[2025-12-13T18:02:44.147+0000] {standard_task_runner.py:90} INFO - Running: ['***', 'tasks', 'run', 'caspian_full_pipeline', 'dbt_build_and_snapshot', 'manual__2025-12-13T18:02:43.198828+00:00', '--job-id', '18', '--raw', '--subdir', 'DAGS_FOLDER/caspian_full_pipeline.py', '--cfg-path', '/tmp/tmp0d0a64_u']
[2025-12-13T18:02:44.148+0000] {standard_task_runner.py:91} INFO - Job 18: Subtask dbt_build_and_snapshot
[2025-12-13T18:02:44.186+0000] {task_command.py:426} INFO - Running <TaskInstance: caspian_full_pipeline.dbt_build_and_snapshot manual__2025-12-13T18:02:43.198828+00:00 [running]> on host 6c116cb550e7
[2025-12-13T18:02:44.249+0000] {taskinstance.py:2648} INFO - Exporting env vars: AIRFLOW_CTX_DAG_OWNER='***' AIRFLOW_CTX_DAG_ID='caspian_full_pipeline' AIRFLOW_CTX_TASK_ID='dbt_build_and_snapshot' AIRFLOW_CTX_EXECUTION_DATE='2025-12-13T18:02:43.198828+00:00' AIRFLOW_CTX_TRY_NUMBER='1' AIRFLOW_CTX_DAG_RUN_ID='manual__2025-12-13T18:02:43.198828+00:00'
[2025-12-13T18:02:44.250+0000] {taskinstance.py:430} INFO - ::endgroup::
[2025-12-13T18:02:44.259+0000] {subprocess.py:63} INFO - Tmp dir root location: /tmp
[2025-12-13T18:02:44.259+0000] {subprocess.py:75} INFO - Running command: ['/usr/bin/bash', '-c', '\n        set -euo pipefail\n\n        export DBT_PROFILES_DIR=/home/***/.dbt\n        export DBT_LOG_PATH=/opt/***/logs/dbt\n        export DBT_TARGET_PATH=/opt/***/dbt_target\n\n        mkdir -p "$DBT_LOG_PATH" "$DBT_TARGET_PATH"\n\n        cd /opt/project/caspian_vault\n\n        /home/***/.local/bin/dbt deps --profile caspian_vault --target dev\n        /home/***/.local/bin/dbt build --profile caspian_vault --target dev\n        /home/***/.local/bin/dbt snapshot --profile caspian_vault --target dev\n        ']
[2025-12-13T18:02:44.269+0000] {subprocess.py:86} INFO - Output:
[2025-12-13T18:02:45.930+0000] {subprocess.py:93} INFO - [0m18:02:45  Running with dbt=1.10.15
[2025-12-13T18:02:45.937+0000] {subprocess.py:93} INFO - [0m18:02:45  [[33mWARNING[0m]: Deprecated functionality
[2025-12-13T18:02:45.937+0000] {subprocess.py:93} INFO - The `log-path` config in `dbt_project.yml` has been deprecated, and will no
[2025-12-13T18:02:45.937+0000] {subprocess.py:93} INFO - longer be supported in a future version of dbt-core. If you wish to write dbt
[2025-12-13T18:02:45.937+0000] {subprocess.py:93} INFO - logs to a custom directory, please use the --log-path CLI flag or DBT_LOG_PATH
[2025-12-13T18:02:45.937+0000] {subprocess.py:93} INFO - env var instead.
[2025-12-13T18:02:45.937+0000] {subprocess.py:93} INFO - [0m18:02:45  [[33mWARNING[0m]: Deprecated functionality
[2025-12-13T18:02:45.937+0000] {subprocess.py:93} INFO - The `target-path` config in `dbt_project.yml` has been deprecated, and will no
[2025-12-13T18:02:45.937+0000] {subprocess.py:93} INFO - longer be supported in a future version of dbt-core. If you wish to write dbt
[2025-12-13T18:02:45.937+0000] {subprocess.py:93} INFO - artifacts to a custom directory, please use the --target-path CLI flag or
[2025-12-13T18:02:45.938+0000] {subprocess.py:93} INFO - DBT_TARGET_PATH env var instead.
[2025-12-13T18:02:46.174+0000] {subprocess.py:93} INFO - [0m18:02:46  Installing dbt-labs/dbt_utils
[2025-12-13T18:02:46.412+0000] {subprocess.py:93} INFO - [0m18:02:46  Installed from version 1.3.0
[2025-12-13T18:02:46.413+0000] {subprocess.py:93} INFO - [0m18:02:46  Updated version available: 1.3.3
[2025-12-13T18:02:46.413+0000] {subprocess.py:93} INFO - [0m18:02:46
[2025-12-13T18:02:46.413+0000] {subprocess.py:93} INFO - [0m18:02:46  Updates available for packages: ['dbt-labs/dbt_utils']
[2025-12-13T18:02:46.414+0000] {subprocess.py:93} INFO - Update your versions in packages.yml, then run dbt deps
[2025-12-13T18:02:46.414+0000] {subprocess.py:93} INFO - [0m18:02:46  [[33mWARNING[0m][DeprecationsSummary]: Deprecated functionality
[2025-12-13T18:02:46.414+0000] {subprocess.py:93} INFO - Summary of encountered deprecations:
[2025-12-13T18:02:46.414+0000] {subprocess.py:93} INFO - - ConfigLogPathDeprecation: 1 occurrence
[2025-12-13T18:02:46.414+0000] {subprocess.py:93} INFO - - ConfigTargetPathDeprecation: 1 occurrence
[2025-12-13T18:02:46.415+0000] {subprocess.py:93} INFO - To see all deprecation instances instead of just the first occurrence of each,
[2025-12-13T18:02:46.415+0000] {subprocess.py:93} INFO - run command again with the `--show-all-deprecations` flag. You may also need to
[2025-12-13T18:02:46.415+0000] {subprocess.py:93} INFO - run with `--no-partial-parse` as some deprecations are only encountered during
[2025-12-13T18:02:46.415+0000] {subprocess.py:93} INFO - parsing.
[2025-12-13T18:02:48.696+0000] {subprocess.py:93} INFO - [0m18:02:48  Running with dbt=1.10.15
[2025-12-13T18:02:48.741+0000] {subprocess.py:93} INFO - [0m18:02:48  [[33mWARNING[0m]: Deprecated functionality
[2025-12-13T18:02:48.741+0000] {subprocess.py:93} INFO - The `log-path` config in `dbt_project.yml` has been deprecated, and will no
[2025-12-13T18:02:48.741+0000] {subprocess.py:93} INFO - longer be supported in a future version of dbt-core. If you wish to write dbt
[2025-12-13T18:02:48.741+0000] {subprocess.py:93} INFO - logs to a custom directory, please use the --log-path CLI flag or DBT_LOG_PATH
[2025-12-13T18:02:48.742+0000] {subprocess.py:93} INFO - env var instead.
[2025-12-13T18:02:48.742+0000] {subprocess.py:93} INFO - [0m18:02:48  [[33mWARNING[0m]: Deprecated functionality
[2025-12-13T18:02:48.742+0000] {subprocess.py:93} INFO - The `target-path` config in `dbt_project.yml` has been deprecated, and will no
[2025-12-13T18:02:48.742+0000] {subprocess.py:93} INFO - longer be supported in a future version of dbt-core. If you wish to write dbt
[2025-12-13T18:02:48.742+0000] {subprocess.py:93} INFO - artifacts to a custom directory, please use the --target-path CLI flag or
[2025-12-13T18:02:48.742+0000] {subprocess.py:93} INFO - DBT_TARGET_PATH env var instead.
[2025-12-13T18:02:48.918+0000] {subprocess.py:93} INFO - [0m18:02:48  Registered adapter: postgres=1.9.0
[2025-12-13T18:02:49.162+0000] {subprocess.py:93} INFO - [0m18:02:49  [[33mWARNING[0m]: Configuration paths exist in your dbt_project.yml file which do not apply to any resources.
[2025-12-13T18:02:49.163+0000] {subprocess.py:93} INFO - There are 1 unused configuration paths:
[2025-12-13T18:02:49.163+0000] {subprocess.py:93} INFO - - models.caspian_vault.example
[2025-12-13T18:02:49.342+0000] {subprocess.py:93} INFO - [0m18:02:49  Found 16 models, 1 snapshot, 19 data tests, 3 sources, 578 macros
[2025-12-13T18:02:49.345+0000] {subprocess.py:93} INFO - [0m18:02:49
[2025-12-13T18:02:49.345+0000] {subprocess.py:93} INFO - [0m18:02:49  Concurrency: 4 threads (target='dev')
[2025-12-13T18:02:49.346+0000] {subprocess.py:93} INFO - [0m18:02:49
[2025-12-13T18:02:49.461+0000] {subprocess.py:93} INFO - [0m18:02:49  1 of 36 START sql view model public.raw_recovered_1 ............................ [RUN]
[2025-12-13T18:02:49.461+0000] {subprocess.py:93} INFO - [0m18:02:49  2 of 36 START sql view model public.raw_recovered_2 ............................ [RUN]
[2025-12-13T18:02:49.462+0000] {subprocess.py:93} INFO - [0m18:02:49  3 of 36 START sql view model public.raw_sgx_all ................................ [RUN]
[2025-12-13T18:02:49.583+0000] {subprocess.py:93} INFO - [0m18:02:49  1 of 36 OK created sql view model public.raw_recovered_1 ....................... [[32mCREATE VIEW[0m in 0.12s]
[2025-12-13T18:02:49.584+0000] {subprocess.py:93} INFO - [0m18:02:49  2 of 36 OK created sql view model public.raw_recovered_2 ....................... [[32mCREATE VIEW[0m in 0.12s]
[2025-12-13T18:02:49.584+0000] {subprocess.py:93} INFO - [0m18:02:49  3 of 36 OK created sql view model public.raw_sgx_all ........................... [[32mCREATE VIEW[0m in 0.12s]
[2025-12-13T18:02:49.587+0000] {subprocess.py:93} INFO - [0m18:02:49  4 of 36 START sql table model public.stg_readings .............................. [RUN]
[2025-12-13T18:02:49.718+0000] {subprocess.py:93} INFO - [0m18:02:49  4 of 36 OK created sql table model public.stg_readings ......................... [[32mSELECT 9980[0m in 0.13s]
[2025-12-13T18:02:49.720+0000] {subprocess.py:93} INFO - [0m18:02:49  5 of 36 START test dbt_utils_expression_is_true_stg_readings_survey_type_id_is_not_null  [RUN]
[2025-12-13T18:02:49.720+0000] {subprocess.py:93} INFO - [0m18:02:49  6 of 36 START test dbt_utils_expression_is_true_stg_readings_well_id_is_not_null  [RUN]
[2025-12-13T18:02:49.763+0000] {subprocess.py:93} INFO - [0m18:02:49  5 of 36 PASS dbt_utils_expression_is_true_stg_readings_survey_type_id_is_not_null  [[32mPASS[0m in 0.04s]
[2025-12-13T18:02:49.764+0000] {subprocess.py:93} INFO - [0m18:02:49  6 of 36 PASS dbt_utils_expression_is_true_stg_readings_well_id_is_not_null ..... [[32mPASS[0m in 0.04s]
[2025-12-13T18:02:49.767+0000] {subprocess.py:93} INFO - [0m18:02:49  7 of 36 START sql table model public.dv_hub_survey_type ........................ [RUN]
[2025-12-13T18:02:49.768+0000] {subprocess.py:93} INFO - [0m18:02:49  8 of 36 START sql table model public.dv_hub_well ............................... [RUN]
[2025-12-13T18:02:49.768+0000] {subprocess.py:93} INFO - [0m18:02:49  9 of 36 START sql table model public.dv_link_well_survey ....................... [RUN]
[2025-12-13T18:02:49.768+0000] {subprocess.py:93} INFO - [0m18:02:49  10 of 36 START sql table model public.dv_sat_readings .......................... [RUN]
[2025-12-13T18:02:49.870+0000] {subprocess.py:93} INFO - [0m18:02:49  7 of 36 OK created sql table model public.dv_hub_survey_type ................... [[32mSELECT 3[0m in 0.10s]
[2025-12-13T18:02:49.871+0000] {subprocess.py:93} INFO - [0m18:02:49  8 of 36 OK created sql table model public.dv_hub_well .......................... [[32mSELECT 20[0m in 0.10s]
[2025-12-13T18:02:49.875+0000] {subprocess.py:93} INFO - [0m18:02:49  9 of 36 OK created sql table model public.dv_link_well_survey .................. [[32mSELECT 50[0m in 0.10s]
[2025-12-13T18:02:49.876+0000] {subprocess.py:93} INFO - [0m18:02:49  11 of 36 START test not_null_dv_hub_survey_type_hk_survey_type ................. [RUN]
[2025-12-13T18:02:49.876+0000] {subprocess.py:93} INFO - [0m18:02:49  12 of 36 START test not_null_dv_hub_survey_type_survey_type_bk ................. [RUN]
[2025-12-13T18:02:49.880+0000] {subprocess.py:93} INFO - [0m18:02:49  13 of 36 START test unique_dv_hub_survey_type_hk_survey_type ................... [RUN]
[2025-12-13T18:02:49.889+0000] {subprocess.py:93} INFO - [0m18:02:49  10 of 36 OK created sql table model public.dv_sat_readings ..................... [[32mSELECT 9980[0m in 0.12s]
[2025-12-13T18:02:49.900+0000] {subprocess.py:93} INFO - [0m18:02:49  14 of 36 START test not_null_dv_hub_well_hk_well ............................... [RUN]
[2025-12-13T18:02:49.920+0000] {subprocess.py:93} INFO - [0m18:02:49  11 of 36 PASS not_null_dv_hub_survey_type_hk_survey_type ....................... [[32mPASS[0m in 0.04s]
[2025-12-13T18:02:49.923+0000] {subprocess.py:93} INFO - [0m18:02:49  15 of 36 START test not_null_dv_hub_well_well_id_bk ............................ [RUN]
[2025-12-13T18:02:49.924+0000] {subprocess.py:93} INFO - [0m18:02:49  12 of 36 PASS not_null_dv_hub_survey_type_survey_type_bk ....................... [[32mPASS[0m in 0.05s]
[2025-12-13T18:02:49.927+0000] {subprocess.py:93} INFO - [0m18:02:49  13 of 36 PASS unique_dv_hub_survey_type_hk_survey_type ......................... [[32mPASS[0m in 0.04s]
[2025-12-13T18:02:49.931+0000] {subprocess.py:93} INFO - [0m18:02:49  16 of 36 START test unique_dv_hub_well_hk_well ................................. [RUN]
[2025-12-13T18:02:49.936+0000] {subprocess.py:93} INFO - [0m18:02:49  17 of 36 START test not_null_dv_link_well_survey_hk_survey_type ................ [RUN]
[2025-12-13T18:02:49.939+0000] {subprocess.py:93} INFO - [0m18:02:49  14 of 36 PASS not_null_dv_hub_well_hk_well ..................................... [[32mPASS[0m in 0.04s]
[2025-12-13T18:02:49.947+0000] {subprocess.py:93} INFO - [0m18:02:49  18 of 36 START test not_null_dv_link_well_survey_hk_well ....................... [RUN]
[2025-12-13T18:02:49.964+0000] {subprocess.py:93} INFO - [0m18:02:49  15 of 36 PASS not_null_dv_hub_well_well_id_bk .................................. [[32mPASS[0m in 0.04s]
[2025-12-13T18:02:49.968+0000] {subprocess.py:93} INFO - [0m18:02:49  19 of 36 START test not_null_dv_link_well_survey_hk_well_survey ................ [RUN]
[2025-12-13T18:02:49.972+0000] {subprocess.py:93} INFO - [0m18:02:49  16 of 36 PASS unique_dv_hub_well_hk_well ....................................... [[32mPASS[0m in 0.04s]
[2025-12-13T18:02:49.975+0000] {subprocess.py:93} INFO - [0m18:02:49  17 of 36 PASS not_null_dv_link_well_survey_hk_survey_type ...................... [[32mPASS[0m in 0.04s]
[2025-12-13T18:02:49.982+0000] {subprocess.py:93} INFO - [0m18:02:49  20 of 36 START test relationships_dv_link_well_survey_hk_survey_type__hk_survey_type__ref_dv_hub_survey_type_  [RUN]
[2025-12-13T18:02:49.983+0000] {subprocess.py:93} INFO - [0m18:02:49  21 of 36 START test relationships_dv_link_well_survey_hk_well__hk_well__ref_dv_hub_well_  [RUN]
[2025-12-13T18:02:49.984+0000] {subprocess.py:93} INFO - [0m18:02:49  18 of 36 PASS not_null_dv_link_well_survey_hk_well ............................. [[32mPASS[0m in 0.04s]
[2025-12-13T18:02:49.997+0000] {subprocess.py:93} INFO - [0m18:02:49  22 of 36 START test unique_dv_link_well_survey_hk_well_survey .................. [RUN]
[2025-12-13T18:02:50.016+0000] {subprocess.py:93} INFO - [0m18:02:50  19 of 36 PASS not_null_dv_link_well_survey_hk_well_survey ...................... [[32mPASS[0m in 0.05s]
[2025-12-13T18:02:50.018+0000] {subprocess.py:93} INFO - [0m18:02:50  23 of 36 START test not_null_dv_sat_readings_hk_well_survey .................... [RUN]
[2025-12-13T18:02:50.026+0000] {subprocess.py:93} INFO - [0m18:02:50  21 of 36 PASS relationships_dv_link_well_survey_hk_well__hk_well__ref_dv_hub_well_  [[32mPASS[0m in 0.04s]
[2025-12-13T18:02:50.027+0000] {subprocess.py:93} INFO - [0m18:02:50  20 of 36 PASS relationships_dv_link_well_survey_hk_survey_type__hk_survey_type__ref_dv_hub_survey_type_  [[32mPASS[0m in 0.04s]
[2025-12-13T18:02:50.033+0000] {subprocess.py:93} INFO - [0m18:02:50  24 of 36 START test not_null_dv_sat_readings_load_ts ........................... [RUN]
[2025-12-13T18:02:50.033+0000] {subprocess.py:93} INFO - [0m18:02:50  25 of 36 START test not_null_dv_sat_readings_row_checksum ...................... [RUN]
[2025-12-13T18:02:50.034+0000] {subprocess.py:93} INFO - [0m18:02:50  22 of 36 PASS unique_dv_link_well_survey_hk_well_survey ........................ [[32mPASS[0m in 0.03s]
[2025-12-13T18:02:50.045+0000] {subprocess.py:93} INFO - [0m18:02:50  26 of 36 START test relationships_dv_sat_readings_hk_well_survey__hk_well_survey__ref_dv_link_well_survey_  [RUN]
[2025-12-13T18:02:50.065+0000] {subprocess.py:93} INFO - [0m18:02:50  23 of 36 PASS not_null_dv_sat_readings_hk_well_survey .......................... [[32mPASS[0m in 0.04s]
[2025-12-13T18:02:50.069+0000] {subprocess.py:93} INFO - [0m18:02:50  27 of 36 START test test_counts_match .......................................... [RUN]
[2025-12-13T18:02:50.071+0000] {subprocess.py:93} INFO - [0m18:02:50  24 of 36 PASS not_null_dv_sat_readings_load_ts ................................. [[32mPASS[0m in 0.04s]
[2025-12-13T18:02:50.078+0000] {subprocess.py:93} INFO - [0m18:02:50  28 of 36 START sql table model public.dim_survey_type .......................... [RUN]
[2025-12-13T18:02:50.079+0000] {subprocess.py:93} INFO - [0m18:02:50  25 of 36 PASS not_null_dv_sat_readings_row_checksum ............................ [[32mPASS[0m in 0.04s]
[2025-12-13T18:02:50.080+0000] {subprocess.py:93} INFO - [0m18:02:50  26 of 36 PASS relationships_dv_sat_readings_hk_well_survey__hk_well_survey__ref_dv_link_well_survey_  [[32mPASS[0m in 0.03s]
[2025-12-13T18:02:50.086+0000] {subprocess.py:93} INFO - [0m18:02:50  29 of 36 START sql table model public.dim_well ................................. [RUN]
[2025-12-13T18:02:50.104+0000] {subprocess.py:93} INFO - [0m18:02:50  27 of 36 PASS test_counts_match ................................................ [[32mPASS[0m in 0.03s]
[2025-12-13T18:02:50.106+0000] {subprocess.py:93} INFO - [0m18:02:50  30 of 36 START sql table model public.dim_source_format ........................ [RUN]
[2025-12-13T18:02:50.106+0000] {subprocess.py:93} INFO - [0m18:02:50  31 of 36 START sql table model public.dim_time ................................. [RUN]
[2025-12-13T18:02:50.156+0000] {subprocess.py:93} INFO - [0m18:02:50  28 of 36 OK created sql table model public.dim_survey_type ..................... [[32mSELECT 3[0m in 0.08s]
[2025-12-13T18:02:50.164+0000] {subprocess.py:93} INFO - [0m18:02:50  29 of 36 OK created sql table model public.dim_well ............................ [[32mSELECT 20[0m in 0.07s]
[2025-12-13T18:02:50.165+0000] {subprocess.py:93} INFO - [0m18:02:50  32 of 36 START sql table model public.fct_readings ............................. [RUN]
[2025-12-13T18:02:50.192+0000] {subprocess.py:93} INFO - [0m18:02:50  31 of 36 OK created sql table model public.dim_time ............................ [[32mSELECT 1[0m in 0.08s]
[2025-12-13T18:02:50.195+0000] {subprocess.py:93} INFO - [0m18:02:50  30 of 36 OK created sql table model public.dim_source_format ................... [[32mSELECT 2[0m in 0.09s]
[2025-12-13T18:02:50.236+0000] {subprocess.py:93} INFO - [0m18:02:50  32 of 36 OK created sql table model public.fct_readings ........................ [[32mSELECT 9980[0m in 0.07s]
[2025-12-13T18:02:50.238+0000] {subprocess.py:93} INFO - [0m18:02:50  33 of 36 START sql table model public.mart_sensor_analysis ..................... [RUN]
[2025-12-13T18:02:50.238+0000] {subprocess.py:93} INFO - [0m18:02:50  34 of 36 START sql table model public.mart_survey_summary ...................... [RUN]
[2025-12-13T18:02:50.239+0000] {subprocess.py:93} INFO - [0m18:02:50  35 of 36 START sql table model public.mart_well_performance .................... [RUN]
[2025-12-13T18:02:50.310+0000] {subprocess.py:93} INFO - [0m18:02:50  33 of 36 OK created sql table model public.mart_sensor_analysis ................ [[32mSELECT 3[0m in 0.07s]
[2025-12-13T18:02:50.313+0000] {subprocess.py:93} INFO - [0m18:02:50  35 of 36 OK created sql table model public.mart_well_performance ............... [[32mSELECT 21[0m in 0.07s]
[2025-12-13T18:02:50.316+0000] {subprocess.py:93} INFO - [0m18:02:50  34 of 36 OK created sql table model public.mart_survey_summary ................. [[32mSELECT 6[0m in 0.08s]
[2025-12-13T18:02:50.317+0000] {subprocess.py:93} INFO - [0m18:02:50  36 of 36 START snapshot snapshots.snap_mart_well_performance ................... [RUN]
[2025-12-13T18:02:50.454+0000] {subprocess.py:93} INFO - [0m18:02:50  36 of 36 OK snapshotted snapshots.snap_mart_well_performance ................... [[32mINSERT 0 21[0m in 0.14s]
[2025-12-13T18:02:50.464+0000] {subprocess.py:93} INFO - [0m18:02:50
[2025-12-13T18:02:50.464+0000] {subprocess.py:93} INFO - [0m18:02:50  Finished running 1 snapshot, 13 table models, 19 data tests, 3 view models in 0 hours 0 minutes and 1.12 seconds (1.12s).
[2025-12-13T18:02:50.502+0000] {subprocess.py:93} INFO - [0m18:02:50
[2025-12-13T18:02:50.502+0000] {subprocess.py:93} INFO - [0m18:02:50  [32mCompleted successfully[0m
[2025-12-13T18:02:50.502+0000] {subprocess.py:93} INFO - [0m18:02:50
[2025-12-13T18:02:50.502+0000] {subprocess.py:93} INFO - [0m18:02:50  Done. PASS=36 WARN=0 ERROR=0 SKIP=0 NO-OP=0 TOTAL=36
[2025-12-13T18:02:50.503+0000] {subprocess.py:93} INFO - [0m18:02:50  [[33mWARNING[0m][DeprecationsSummary]: Deprecated functionality
[2025-12-13T18:02:50.503+0000] {subprocess.py:93} INFO - Summary of encountered deprecations:
[2025-12-13T18:02:50.503+0000] {subprocess.py:93} INFO - - ConfigLogPathDeprecation: 1 occurrence
[2025-12-13T18:02:50.503+0000] {subprocess.py:93} INFO - - ConfigTargetPathDeprecation: 1 occurrence
[2025-12-13T18:02:50.503+0000] {subprocess.py:93} INFO - To see all deprecation instances instead of just the first occurrence of each,
[2025-12-13T18:02:50.504+0000] {subprocess.py:93} INFO - run command again with the `--show-all-deprecations` flag. You may also need to
[2025-12-13T18:02:50.504+0000] {subprocess.py:93} INFO - run with `--no-partial-parse` as some deprecations are only encountered during
[2025-12-13T18:02:50.504+0000] {subprocess.py:93} INFO - parsing.
[2025-12-13T18:02:52.906+0000] {subprocess.py:93} INFO - [0m18:02:52  Running with dbt=1.10.15
[2025-12-13T18:02:52.951+0000] {subprocess.py:93} INFO - [0m18:02:52  [[33mWARNING[0m]: Deprecated functionality
[2025-12-13T18:02:52.951+0000] {subprocess.py:93} INFO - The `log-path` config in `dbt_project.yml` has been deprecated, and will no
[2025-12-13T18:02:52.951+0000] {subprocess.py:93} INFO - longer be supported in a future version of dbt-core. If you wish to write dbt
[2025-12-13T18:02:52.951+0000] {subprocess.py:93} INFO - logs to a custom directory, please use the --log-path CLI flag or DBT_LOG_PATH
[2025-12-13T18:02:52.951+0000] {subprocess.py:93} INFO - env var instead.
[2025-12-13T18:02:52.951+0000] {subprocess.py:93} INFO - [0m18:02:52  [[33mWARNING[0m]: Deprecated functionality
[2025-12-13T18:02:52.952+0000] {subprocess.py:93} INFO - The `target-path` config in `dbt_project.yml` has been deprecated, and will no
[2025-12-13T18:02:52.952+0000] {subprocess.py:93} INFO - longer be supported in a future version of dbt-core. If you wish to write dbt
[2025-12-13T18:02:52.952+0000] {subprocess.py:93} INFO - artifacts to a custom directory, please use the --target-path CLI flag or
[2025-12-13T18:02:52.952+0000] {subprocess.py:93} INFO - DBT_TARGET_PATH env var instead.
[2025-12-13T18:02:53.127+0000] {subprocess.py:93} INFO - [0m18:02:53  Registered adapter: postgres=1.9.0
[2025-12-13T18:02:53.370+0000] {subprocess.py:93} INFO - [0m18:02:53  [[33mWARNING[0m]: Configuration paths exist in your dbt_project.yml file which do not apply to any resources.
[2025-12-13T18:02:53.371+0000] {subprocess.py:93} INFO - There are 1 unused configuration paths:
[2025-12-13T18:02:53.371+0000] {subprocess.py:93} INFO - - models.caspian_vault.example
[2025-12-13T18:02:53.542+0000] {subprocess.py:93} INFO - [0m18:02:53  Found 16 models, 1 snapshot, 19 data tests, 3 sources, 578 macros
[2025-12-13T18:02:53.544+0000] {subprocess.py:93} INFO - [0m18:02:53
[2025-12-13T18:02:53.544+0000] {subprocess.py:93} INFO - [0m18:02:53  Concurrency: 4 threads (target='dev')
[2025-12-13T18:02:53.544+0000] {subprocess.py:93} INFO - [0m18:02:53
[2025-12-13T18:02:53.654+0000] {subprocess.py:93} INFO - [0m18:02:53  1 of 1 START snapshot snapshots.snap_mart_well_performance ..................... [RUN]
[2025-12-13T18:02:53.816+0000] {subprocess.py:93} INFO - [0m18:02:53  1 of 1 OK snapshotted snapshots.snap_mart_well_performance ..................... [[32mINSERT 0 21[0m in 0.16s]
[2025-12-13T18:02:53.825+0000] {subprocess.py:93} INFO - [0m18:02:53
[2025-12-13T18:02:53.825+0000] {subprocess.py:93} INFO - [0m18:02:53  Finished running 1 snapshot in 0 hours 0 minutes and 0.28 seconds (0.28s).
[2025-12-13T18:02:53.859+0000] {subprocess.py:93} INFO - [0m18:02:53
[2025-12-13T18:02:53.859+0000] {subprocess.py:93} INFO - [0m18:02:53  [32mCompleted successfully[0m
[2025-12-13T18:02:53.859+0000] {subprocess.py:93} INFO - [0m18:02:53
[2025-12-13T18:02:53.860+0000] {subprocess.py:93} INFO - [0m18:02:53  Done. PASS=1 WARN=0 ERROR=0 SKIP=0 NO-OP=0 TOTAL=1
[2025-12-13T18:02:53.860+0000] {subprocess.py:93} INFO - [0m18:02:53  [[33mWARNING[0m][DeprecationsSummary]: Deprecated functionality
[2025-12-13T18:02:53.860+0000] {subprocess.py:93} INFO - Summary of encountered deprecations:
[2025-12-13T18:02:53.860+0000] {subprocess.py:93} INFO - - ConfigLogPathDeprecation: 1 occurrence
[2025-12-13T18:02:53.861+0000] {subprocess.py:93} INFO - - ConfigTargetPathDeprecation: 1 occurrence
[2025-12-13T18:02:53.861+0000] {subprocess.py:93} INFO - To see all deprecation instances instead of just the first occurrence of each,
[2025-12-13T18:02:53.861+0000] {subprocess.py:93} INFO - run command again with the `--show-all-deprecations` flag. You may also need to
[2025-12-13T18:02:53.861+0000] {subprocess.py:93} INFO - run with `--no-partial-parse` as some deprecations are only encountered during
[2025-12-13T18:02:53.861+0000] {subprocess.py:93} INFO - parsing.
[2025-12-13T18:02:54.481+0000] {subprocess.py:97} INFO - Command exited with return code 0
[2025-12-13T18:02:54.482+0000] {taskinstance.py:441} INFO - ::group::Post task execution logs
[2025-12-13T18:02:54.503+0000] {taskinstance.py:1206} INFO - Marking task as SUCCESS. dag_id=caspian_full_pipeline, task_id=dbt_build_and_snapshot, run_id=manual__2025-12-13T18:02:43.198828+00:00, execution_date=20251213T180243, start_date=20251213T180244, end_date=20251213T180254
[2025-12-13T18:02:54.524+0000] {local_task_job_runner.py:243} INFO - Task exited with return code 0
[2025-12-13T18:02:54.536+0000] {taskinstance.py:3503} INFO - 0 downstream tasks scheduled from follow-on schedule check
[2025-12-13T18:02:54.538+0000] {local_task_job_runner.py:222} INFO - ::endgroup::
