[2025-12-13T20:17:20.448+0000] {local_task_job_runner.py:120} INFO - ::group::Pre task execution logs
[2025-12-13T20:17:20.466+0000] {taskinstance.py:2076} INFO - Dependencies all met for dep_context=non-requeueable deps ti=<TaskInstance: caspian_full_pipeline.dbt_build_and_snapshot manual__2025-12-13T20:17:19+00:00 [queued]>
[2025-12-13T20:17:20.470+0000] {taskinstance.py:2076} INFO - Dependencies all met for dep_context=requeueable deps ti=<TaskInstance: caspian_full_pipeline.dbt_build_and_snapshot manual__2025-12-13T20:17:19+00:00 [queued]>
[2025-12-13T20:17:20.470+0000] {taskinstance.py:2306} INFO - Starting attempt 1 of 1
[2025-12-13T20:17:20.481+0000] {taskinstance.py:2330} INFO - Executing <Task(BashOperator): dbt_build_and_snapshot> on 2025-12-13 20:17:19+00:00
[2025-12-13T20:17:20.487+0000] {warnings.py:112} WARNING - /home/***/.local/lib/python3.12/site-packages/***/task/task_runner/standard_task_runner.py:62: DeprecationWarning: This process (pid=611) is multi-threaded, use of fork() may lead to deadlocks in the child.
  pid = os.fork()

[2025-12-13T20:17:20.488+0000] {standard_task_runner.py:64} INFO - Started process 612 to run task
[2025-12-13T20:17:20.488+0000] {standard_task_runner.py:90} INFO - Running: ['***', 'tasks', 'run', 'caspian_full_pipeline', 'dbt_build_and_snapshot', 'manual__2025-12-13T20:17:19+00:00', '--job-id', '45', '--raw', '--subdir', 'DAGS_FOLDER/caspian_full_pipeline.py', '--cfg-path', '/tmp/tmpv56tpf59']
[2025-12-13T20:17:20.488+0000] {standard_task_runner.py:91} INFO - Job 45: Subtask dbt_build_and_snapshot
[2025-12-13T20:17:20.518+0000] {task_command.py:426} INFO - Running <TaskInstance: caspian_full_pipeline.dbt_build_and_snapshot manual__2025-12-13T20:17:19+00:00 [running]> on host 3c0ddfc4fe5e
[2025-12-13T20:17:20.582+0000] {taskinstance.py:2648} INFO - Exporting env vars: AIRFLOW_CTX_DAG_OWNER='***' AIRFLOW_CTX_DAG_ID='caspian_full_pipeline' AIRFLOW_CTX_TASK_ID='dbt_build_and_snapshot' AIRFLOW_CTX_EXECUTION_DATE='2025-12-13T20:17:19+00:00' AIRFLOW_CTX_TRY_NUMBER='1' AIRFLOW_CTX_DAG_RUN_ID='manual__2025-12-13T20:17:19+00:00'
[2025-12-13T20:17:20.583+0000] {taskinstance.py:430} INFO - ::endgroup::
[2025-12-13T20:17:20.592+0000] {subprocess.py:63} INFO - Tmp dir root location: /tmp
[2025-12-13T20:17:20.592+0000] {subprocess.py:75} INFO - Running command: ['/usr/bin/bash', '-c', '\n        set -euo pipefail\n\n        export DBT_PROFILES_DIR=/home/***/.dbt\n        export DBT_LOG_PATH=/opt/***/logs/dbt\n        export DBT_TARGET_PATH=/opt/***/dbt_target\n\n        mkdir -p "$DBT_LOG_PATH" "$DBT_TARGET_PATH"\n\n        cd /opt/project/caspian_vault\n\n        /home/***/.local/bin/dbt deps --profile caspian_vault --target dev\n        /home/***/.local/bin/dbt build --profile caspian_vault --target dev\n        /home/***/.local/bin/dbt snapshot --profile caspian_vault --target dev\n        ']
[2025-12-13T20:17:20.602+0000] {subprocess.py:86} INFO - Output:
[2025-12-13T20:17:21.958+0000] {subprocess.py:93} INFO - [0m20:17:21  Running with dbt=1.10.15
[2025-12-13T20:17:21.965+0000] {subprocess.py:93} INFO - [0m20:17:21  [[33mWARNING[0m]: Deprecated functionality
[2025-12-13T20:17:21.965+0000] {subprocess.py:93} INFO - The `log-path` config in `dbt_project.yml` has been deprecated, and will no
[2025-12-13T20:17:21.965+0000] {subprocess.py:93} INFO - longer be supported in a future version of dbt-core. If you wish to write dbt
[2025-12-13T20:17:21.965+0000] {subprocess.py:93} INFO - logs to a custom directory, please use the --log-path CLI flag or DBT_LOG_PATH
[2025-12-13T20:17:21.965+0000] {subprocess.py:93} INFO - env var instead.
[2025-12-13T20:17:21.966+0000] {subprocess.py:93} INFO - [0m20:17:21  [[33mWARNING[0m]: Deprecated functionality
[2025-12-13T20:17:21.966+0000] {subprocess.py:93} INFO - The `target-path` config in `dbt_project.yml` has been deprecated, and will no
[2025-12-13T20:17:21.966+0000] {subprocess.py:93} INFO - longer be supported in a future version of dbt-core. If you wish to write dbt
[2025-12-13T20:17:21.966+0000] {subprocess.py:93} INFO - artifacts to a custom directory, please use the --target-path CLI flag or
[2025-12-13T20:17:21.966+0000] {subprocess.py:93} INFO - DBT_TARGET_PATH env var instead.
[2025-12-13T20:17:22.333+0000] {subprocess.py:93} INFO - [0m20:17:22  Installing dbt-labs/dbt_utils
[2025-12-13T20:17:22.558+0000] {subprocess.py:93} INFO - [0m20:17:22  Installed from version 1.3.0
[2025-12-13T20:17:22.558+0000] {subprocess.py:93} INFO - [0m20:17:22  Updated version available: 1.3.3
[2025-12-13T20:17:22.559+0000] {subprocess.py:93} INFO - [0m20:17:22
[2025-12-13T20:17:22.559+0000] {subprocess.py:93} INFO - [0m20:17:22  Updates available for packages: ['dbt-labs/dbt_utils']
[2025-12-13T20:17:22.559+0000] {subprocess.py:93} INFO - Update your versions in packages.yml, then run dbt deps
[2025-12-13T20:17:22.560+0000] {subprocess.py:93} INFO - [0m20:17:22  [[33mWARNING[0m][DeprecationsSummary]: Deprecated functionality
[2025-12-13T20:17:22.560+0000] {subprocess.py:93} INFO - Summary of encountered deprecations:
[2025-12-13T20:17:22.560+0000] {subprocess.py:93} INFO - - ConfigLogPathDeprecation: 1 occurrence
[2025-12-13T20:17:22.560+0000] {subprocess.py:93} INFO - - ConfigTargetPathDeprecation: 1 occurrence
[2025-12-13T20:17:22.560+0000] {subprocess.py:93} INFO - To see all deprecation instances instead of just the first occurrence of each,
[2025-12-13T20:17:22.560+0000] {subprocess.py:93} INFO - run command again with the `--show-all-deprecations` flag. You may also need to
[2025-12-13T20:17:22.560+0000] {subprocess.py:93} INFO - run with `--no-partial-parse` as some deprecations are only encountered during
[2025-12-13T20:17:22.561+0000] {subprocess.py:93} INFO - parsing.
[2025-12-13T20:17:24.484+0000] {subprocess.py:93} INFO - [0m20:17:24  Running with dbt=1.10.15
[2025-12-13T20:17:24.529+0000] {subprocess.py:93} INFO - [0m20:17:24  [[33mWARNING[0m]: Deprecated functionality
[2025-12-13T20:17:24.529+0000] {subprocess.py:93} INFO - The `log-path` config in `dbt_project.yml` has been deprecated, and will no
[2025-12-13T20:17:24.529+0000] {subprocess.py:93} INFO - longer be supported in a future version of dbt-core. If you wish to write dbt
[2025-12-13T20:17:24.529+0000] {subprocess.py:93} INFO - logs to a custom directory, please use the --log-path CLI flag or DBT_LOG_PATH
[2025-12-13T20:17:24.529+0000] {subprocess.py:93} INFO - env var instead.
[2025-12-13T20:17:24.530+0000] {subprocess.py:93} INFO - [0m20:17:24  [[33mWARNING[0m]: Deprecated functionality
[2025-12-13T20:17:24.530+0000] {subprocess.py:93} INFO - The `target-path` config in `dbt_project.yml` has been deprecated, and will no
[2025-12-13T20:17:24.530+0000] {subprocess.py:93} INFO - longer be supported in a future version of dbt-core. If you wish to write dbt
[2025-12-13T20:17:24.530+0000] {subprocess.py:93} INFO - artifacts to a custom directory, please use the --target-path CLI flag or
[2025-12-13T20:17:24.530+0000] {subprocess.py:93} INFO - DBT_TARGET_PATH env var instead.
[2025-12-13T20:17:24.707+0000] {subprocess.py:93} INFO - [0m20:17:24  Registered adapter: postgres=1.9.0
[2025-12-13T20:17:24.930+0000] {subprocess.py:93} INFO - [0m20:17:24  Unable to do partial parsing because config vars, config profile, or config target have changed
[2025-12-13T20:17:26.280+0000] {subprocess.py:93} INFO - [0m20:17:26  [[33mWARNING[0m][MissingArgumentsPropertyInGenericTestDeprecation]: Deprecated
[2025-12-13T20:17:26.281+0000] {subprocess.py:93} INFO - functionality
[2025-12-13T20:17:26.281+0000] {subprocess.py:93} INFO - Found top-level arguments to test `dbt_utils.expression_is_true`. Arguments to
[2025-12-13T20:17:26.281+0000] {subprocess.py:93} INFO - generic tests should be nested under the `arguments` property.`
[2025-12-13T20:17:26.539+0000] {subprocess.py:93} INFO - [0m20:17:26  [[33mWARNING[0m]: Configuration paths exist in your dbt_project.yml file which do not apply to any resources.
[2025-12-13T20:17:26.539+0000] {subprocess.py:93} INFO - There are 1 unused configuration paths:
[2025-12-13T20:17:26.539+0000] {subprocess.py:93} INFO - - models.caspian_vault.example
[2025-12-13T20:17:26.673+0000] {subprocess.py:93} INFO - [0m20:17:26  Found 16 models, 1 snapshot, 19 data tests, 3 sources, 578 macros
[2025-12-13T20:17:26.677+0000] {subprocess.py:93} INFO - [0m20:17:26
[2025-12-13T20:17:26.677+0000] {subprocess.py:93} INFO - [0m20:17:26  Concurrency: 4 threads (target='dev')
[2025-12-13T20:17:26.677+0000] {subprocess.py:93} INFO - [0m20:17:26
[2025-12-13T20:17:26.792+0000] {subprocess.py:93} INFO - [0m20:17:26  1 of 36 START sql view model public.raw_recovered_1 ............................ [RUN]
[2025-12-13T20:17:26.793+0000] {subprocess.py:93} INFO - [0m20:17:26  2 of 36 START sql view model public.raw_recovered_2 ............................ [RUN]
[2025-12-13T20:17:26.793+0000] {subprocess.py:93} INFO - [0m20:17:26  3 of 36 START sql view model public.raw_sgx_all ................................ [RUN]
[2025-12-13T20:17:26.914+0000] {subprocess.py:93} INFO - [0m20:17:26  1 of 36 OK created sql view model public.raw_recovered_1 ....................... [[32mCREATE VIEW[0m in 0.12s]
[2025-12-13T20:17:26.919+0000] {subprocess.py:93} INFO - [0m20:17:26  3 of 36 OK created sql view model public.raw_sgx_all ........................... [[32mCREATE VIEW[0m in 0.12s]
[2025-12-13T20:17:26.920+0000] {subprocess.py:93} INFO - [0m20:17:26  2 of 36 OK created sql view model public.raw_recovered_2 ....................... [[32mCREATE VIEW[0m in 0.13s]
[2025-12-13T20:17:26.922+0000] {subprocess.py:93} INFO - [0m20:17:26  4 of 36 START sql table model public.stg_readings .............................. [RUN]
[2025-12-13T20:17:26.983+0000] {subprocess.py:93} INFO - [0m20:17:26  4 of 36 OK created sql table model public.stg_readings ......................... [[32mSELECT 0[0m in 0.06s]
[2025-12-13T20:17:26.985+0000] {subprocess.py:93} INFO - [0m20:17:26  5 of 36 START test dbt_utils_expression_is_true_stg_readings_survey_type_id_is_not_null  [RUN]
[2025-12-13T20:17:26.986+0000] {subprocess.py:93} INFO - [0m20:17:26  6 of 36 START test dbt_utils_expression_is_true_stg_readings_well_id_is_not_null  [RUN]
[2025-12-13T20:17:27.022+0000] {subprocess.py:93} INFO - [0m20:17:27  5 of 36 PASS dbt_utils_expression_is_true_stg_readings_survey_type_id_is_not_null  [[32mPASS[0m in 0.04s]
[2025-12-13T20:17:27.022+0000] {subprocess.py:93} INFO - [0m20:17:27  6 of 36 PASS dbt_utils_expression_is_true_stg_readings_well_id_is_not_null ..... [[32mPASS[0m in 0.04s]
[2025-12-13T20:17:27.025+0000] {subprocess.py:93} INFO - [0m20:17:27  7 of 36 START sql table model public.dv_hub_survey_type ........................ [RUN]
[2025-12-13T20:17:27.026+0000] {subprocess.py:93} INFO - [0m20:17:27  8 of 36 START sql table model public.dv_hub_well ............................... [RUN]
[2025-12-13T20:17:27.026+0000] {subprocess.py:93} INFO - [0m20:17:27  9 of 36 START sql table model public.dv_link_well_survey ....................... [RUN]
[2025-12-13T20:17:27.027+0000] {subprocess.py:93} INFO - [0m20:17:27  10 of 36 START sql table model public.dv_sat_readings .......................... [RUN]
[2025-12-13T20:17:27.134+0000] {subprocess.py:93} INFO - [0m20:17:27  8 of 36 OK created sql table model public.dv_hub_well .......................... [[32mSELECT 0[0m in 0.11s]
[2025-12-13T20:17:27.138+0000] {subprocess.py:93} INFO - [0m20:17:27  11 of 36 START test not_null_dv_hub_well_hk_well ............................... [RUN]
[2025-12-13T20:17:27.156+0000] {subprocess.py:93} INFO - [0m20:17:27  7 of 36 OK created sql table model public.dv_hub_survey_type ................... [[32mSELECT 0[0m in 0.13s]
[2025-12-13T20:17:27.161+0000] {subprocess.py:93} INFO - [0m20:17:27  9 of 36 OK created sql table model public.dv_link_well_survey .................. [[32mSELECT 0[0m in 0.13s]
[2025-12-13T20:17:27.161+0000] {subprocess.py:93} INFO - [0m20:17:27  12 of 36 START test not_null_dv_hub_well_well_id_bk ............................ [RUN]
[2025-12-13T20:17:27.162+0000] {subprocess.py:93} INFO - [0m20:17:27  10 of 36 OK created sql table model public.dv_sat_readings ..................... [[32mSELECT 0[0m in 0.13s]
[2025-12-13T20:17:27.165+0000] {subprocess.py:93} INFO - [0m20:17:27  13 of 36 START test unique_dv_hub_well_hk_well ................................. [RUN]
[2025-12-13T20:17:27.168+0000] {subprocess.py:93} INFO - [0m20:17:27  14 of 36 START test not_null_dv_hub_survey_type_hk_survey_type ................. [RUN]
[2025-12-13T20:17:27.188+0000] {subprocess.py:93} INFO - [0m20:17:27  11 of 36 PASS not_null_dv_hub_well_hk_well ..................................... [[32mPASS[0m in 0.05s]
[2025-12-13T20:17:27.191+0000] {subprocess.py:93} INFO - [0m20:17:27  15 of 36 START test not_null_dv_hub_survey_type_survey_type_bk ................. [RUN]
[2025-12-13T20:17:27.207+0000] {subprocess.py:93} INFO - [0m20:17:27  12 of 36 PASS not_null_dv_hub_well_well_id_bk .................................. [[32mPASS[0m in 0.04s]
[2025-12-13T20:17:27.208+0000] {subprocess.py:93} INFO - [0m20:17:27  13 of 36 PASS unique_dv_hub_well_hk_well ....................................... [[32mPASS[0m in 0.04s]
[2025-12-13T20:17:27.209+0000] {subprocess.py:93} INFO - [0m20:17:27  14 of 36 PASS not_null_dv_hub_survey_type_hk_survey_type ....................... [[32mPASS[0m in 0.04s]
[2025-12-13T20:17:27.210+0000] {subprocess.py:93} INFO - [0m20:17:27  16 of 36 START test unique_dv_hub_survey_type_hk_survey_type ................... [RUN]
[2025-12-13T20:17:27.213+0000] {subprocess.py:93} INFO - [0m20:17:27  17 of 36 START test not_null_dv_link_well_survey_hk_survey_type ................ [RUN]
[2025-12-13T20:17:27.214+0000] {subprocess.py:93} INFO - [0m20:17:27  18 of 36 START test not_null_dv_link_well_survey_hk_well ....................... [RUN]
[2025-12-13T20:17:27.234+0000] {subprocess.py:93} INFO - [0m20:17:27  15 of 36 PASS not_null_dv_hub_survey_type_survey_type_bk ....................... [[32mPASS[0m in 0.04s]
[2025-12-13T20:17:27.238+0000] {subprocess.py:93} INFO - [0m20:17:27  19 of 36 START test not_null_dv_link_well_survey_hk_well_survey ................ [RUN]
[2025-12-13T20:17:27.254+0000] {subprocess.py:93} INFO - [0m20:17:27  17 of 36 PASS not_null_dv_link_well_survey_hk_survey_type ...................... [[32mPASS[0m in 0.04s]
[2025-12-13T20:17:27.255+0000] {subprocess.py:93} INFO - [0m20:17:27  18 of 36 PASS not_null_dv_link_well_survey_hk_well ............................. [[32mPASS[0m in 0.04s]
[2025-12-13T20:17:27.256+0000] {subprocess.py:93} INFO - [0m20:17:27  16 of 36 PASS unique_dv_hub_survey_type_hk_survey_type ......................... [[32mPASS[0m in 0.04s]
[2025-12-13T20:17:27.258+0000] {subprocess.py:93} INFO - [0m20:17:27  20 of 36 START test relationships_dv_link_well_survey_hk_survey_type__hk_survey_type__ref_dv_hub_survey_type_  [RUN]
[2025-12-13T20:17:27.259+0000] {subprocess.py:93} INFO - [0m20:17:27  21 of 36 START test relationships_dv_link_well_survey_hk_well__hk_well__ref_dv_hub_well_  [RUN]
[2025-12-13T20:17:27.260+0000] {subprocess.py:93} INFO - [0m20:17:27  22 of 36 START test unique_dv_link_well_survey_hk_well_survey .................. [RUN]
[2025-12-13T20:17:27.347+0000] {subprocess.py:93} INFO - [0m20:17:27  19 of 36 PASS not_null_dv_link_well_survey_hk_well_survey ...................... [[32mPASS[0m in 0.11s]
[2025-12-13T20:17:27.353+0000] {subprocess.py:93} INFO - [0m20:17:27  23 of 36 START test not_null_dv_sat_readings_hk_well_survey .................... [RUN]
[2025-12-13T20:17:27.371+0000] {subprocess.py:93} INFO - [0m20:17:27  20 of 36 PASS relationships_dv_link_well_survey_hk_survey_type__hk_survey_type__ref_dv_hub_survey_type_  [[32mPASS[0m in 0.11s]
[2025-12-13T20:17:27.372+0000] {subprocess.py:93} INFO - [0m20:17:27  21 of 36 PASS relationships_dv_link_well_survey_hk_well__hk_well__ref_dv_hub_well_  [[32mPASS[0m in 0.11s]
[2025-12-13T20:17:27.372+0000] {subprocess.py:93} INFO - [0m20:17:27  22 of 36 PASS unique_dv_link_well_survey_hk_well_survey ........................ [[32mPASS[0m in 0.11s]
[2025-12-13T20:17:27.376+0000] {subprocess.py:93} INFO - [0m20:17:27  24 of 36 START test not_null_dv_sat_readings_load_ts ........................... [RUN]
[2025-12-13T20:17:27.376+0000] {subprocess.py:93} INFO - [0m20:17:27  25 of 36 START test not_null_dv_sat_readings_row_checksum ...................... [RUN]
[2025-12-13T20:17:27.377+0000] {subprocess.py:93} INFO - [0m20:17:27  26 of 36 START test relationships_dv_sat_readings_hk_well_survey__hk_well_survey__ref_dv_link_well_survey_  [RUN]
[2025-12-13T20:17:27.398+0000] {subprocess.py:93} INFO - [0m20:17:27  23 of 36 PASS not_null_dv_sat_readings_hk_well_survey .......................... [[32mPASS[0m in 0.04s]
[2025-12-13T20:17:27.402+0000] {subprocess.py:93} INFO - [0m20:17:27  27 of 36 START test test_counts_match .......................................... [RUN]
[2025-12-13T20:17:27.418+0000] {subprocess.py:93} INFO - [0m20:17:27  24 of 36 PASS not_null_dv_sat_readings_load_ts ................................. [[32mPASS[0m in 0.04s]
[2025-12-13T20:17:27.419+0000] {subprocess.py:93} INFO - [0m20:17:27  25 of 36 PASS not_null_dv_sat_readings_row_checksum ............................ [[32mPASS[0m in 0.04s]
[2025-12-13T20:17:27.420+0000] {subprocess.py:93} INFO - [0m20:17:27  26 of 36 PASS relationships_dv_sat_readings_hk_well_survey__hk_well_survey__ref_dv_link_well_survey_  [[32mPASS[0m in 0.04s]
[2025-12-13T20:17:27.422+0000] {subprocess.py:93} INFO - [0m20:17:27  28 of 36 START sql table model public.dim_well ................................. [RUN]
[2025-12-13T20:17:27.423+0000] {subprocess.py:93} INFO - [0m20:17:27  29 of 36 START sql table model public.dim_survey_type .......................... [RUN]
[2025-12-13T20:17:27.438+0000] {subprocess.py:93} INFO - [0m20:17:27  27 of 36 PASS test_counts_match ................................................ [[32mPASS[0m in 0.03s]
[2025-12-13T20:17:27.442+0000] {subprocess.py:93} INFO - [0m20:17:27  30 of 36 START sql table model public.dim_source_format ........................ [RUN]
[2025-12-13T20:17:27.443+0000] {subprocess.py:93} INFO - [0m20:17:27  31 of 36 START sql table model public.dim_time ................................. [RUN]
[2025-12-13T20:17:27.511+0000] {subprocess.py:93} INFO - [0m20:17:27  29 of 36 OK created sql table model public.dim_survey_type ..................... [[32mSELECT 0[0m in 0.08s]
[2025-12-13T20:17:27.513+0000] {subprocess.py:93} INFO - [0m20:17:27  28 of 36 OK created sql table model public.dim_well ............................ [[32mSELECT 0[0m in 0.09s]
[2025-12-13T20:17:27.515+0000] {subprocess.py:93} INFO - [0m20:17:27  32 of 36 START sql table model public.fct_readings ............................. [RUN]
[2025-12-13T20:17:27.525+0000] {subprocess.py:93} INFO - [0m20:17:27  31 of 36 OK created sql table model public.dim_time ............................ [[32mSELECT 0[0m in 0.08s]
[2025-12-13T20:17:27.526+0000] {subprocess.py:93} INFO - [0m20:17:27  30 of 36 OK created sql table model public.dim_source_format ................... [[32mSELECT 0[0m in 0.08s]
[2025-12-13T20:17:27.557+0000] {subprocess.py:93} INFO - [0m20:17:27  32 of 36 OK created sql table model public.fct_readings ........................ [[32mSELECT 0[0m in 0.04s]
[2025-12-13T20:17:27.559+0000] {subprocess.py:93} INFO - [0m20:17:27  33 of 36 START sql table model public.mart_sensor_analysis ..................... [RUN]
[2025-12-13T20:17:27.560+0000] {subprocess.py:93} INFO - [0m20:17:27  34 of 36 START sql table model public.mart_survey_summary ...................... [RUN]
[2025-12-13T20:17:27.561+0000] {subprocess.py:93} INFO - [0m20:17:27  35 of 36 START sql table model public.mart_well_performance .................... [RUN]
[2025-12-13T20:17:27.638+0000] {subprocess.py:93} INFO - [0m20:17:27  33 of 36 OK created sql table model public.mart_sensor_analysis ................ [[32mSELECT 0[0m in 0.08s]
[2025-12-13T20:17:27.640+0000] {subprocess.py:93} INFO - [0m20:17:27  34 of 36 OK created sql table model public.mart_survey_summary ................. [[32mSELECT 0[0m in 0.08s]
[2025-12-13T20:17:27.641+0000] {subprocess.py:93} INFO - [0m20:17:27  35 of 36 OK created sql table model public.mart_well_performance ............... [[32mSELECT 0[0m in 0.08s]
[2025-12-13T20:17:27.643+0000] {subprocess.py:93} INFO - [0m20:17:27  36 of 36 START snapshot snapshots.snap_mart_well_performance ................... [RUN]
[2025-12-13T20:17:27.778+0000] {subprocess.py:93} INFO - [0m20:17:27  36 of 36 OK snapshotted snapshots.snap_mart_well_performance ................... [[32mINSERT 0 0[0m in 0.13s]
[2025-12-13T20:17:27.788+0000] {subprocess.py:93} INFO - [0m20:17:27
[2025-12-13T20:17:27.789+0000] {subprocess.py:93} INFO - [0m20:17:27  Finished running 1 snapshot, 13 table models, 19 data tests, 3 view models in 0 hours 0 minutes and 1.11 seconds (1.11s).
[2025-12-13T20:17:27.826+0000] {subprocess.py:93} INFO - [0m20:17:27
[2025-12-13T20:17:27.826+0000] {subprocess.py:93} INFO - [0m20:17:27  [32mCompleted successfully[0m
[2025-12-13T20:17:27.828+0000] {subprocess.py:93} INFO - [0m20:17:27
[2025-12-13T20:17:27.828+0000] {subprocess.py:93} INFO - [0m20:17:27  Done. PASS=36 WARN=0 ERROR=0 SKIP=0 NO-OP=0 TOTAL=36
[2025-12-13T20:17:27.829+0000] {subprocess.py:93} INFO - [0m20:17:27  [[33mWARNING[0m][DeprecationsSummary]: Deprecated functionality
[2025-12-13T20:17:27.829+0000] {subprocess.py:93} INFO - Summary of encountered deprecations:
[2025-12-13T20:17:27.829+0000] {subprocess.py:93} INFO - - ConfigLogPathDeprecation: 1 occurrence
[2025-12-13T20:17:27.829+0000] {subprocess.py:93} INFO - - ConfigTargetPathDeprecation: 1 occurrence
[2025-12-13T20:17:27.829+0000] {subprocess.py:93} INFO - - MissingArgumentsPropertyInGenericTestDeprecation: 5 occurrences
[2025-12-13T20:17:27.829+0000] {subprocess.py:93} INFO - To see all deprecation instances instead of just the first occurrence of each,
[2025-12-13T20:17:27.829+0000] {subprocess.py:93} INFO - run command again with the `--show-all-deprecations` flag. You may also need to
[2025-12-13T20:17:27.829+0000] {subprocess.py:93} INFO - run with `--no-partial-parse` as some deprecations are only encountered during
[2025-12-13T20:17:27.829+0000] {subprocess.py:93} INFO - parsing.
[2025-12-13T20:17:29.952+0000] {subprocess.py:93} INFO - [0m20:17:29  Running with dbt=1.10.15
[2025-12-13T20:17:29.997+0000] {subprocess.py:93} INFO - [0m20:17:29  [[33mWARNING[0m]: Deprecated functionality
[2025-12-13T20:17:29.997+0000] {subprocess.py:93} INFO - The `log-path` config in `dbt_project.yml` has been deprecated, and will no
[2025-12-13T20:17:29.997+0000] {subprocess.py:93} INFO - longer be supported in a future version of dbt-core. If you wish to write dbt
[2025-12-13T20:17:29.997+0000] {subprocess.py:93} INFO - logs to a custom directory, please use the --log-path CLI flag or DBT_LOG_PATH
[2025-12-13T20:17:29.997+0000] {subprocess.py:93} INFO - env var instead.
[2025-12-13T20:17:29.998+0000] {subprocess.py:93} INFO - [0m20:17:29  [[33mWARNING[0m]: Deprecated functionality
[2025-12-13T20:17:29.998+0000] {subprocess.py:93} INFO - The `target-path` config in `dbt_project.yml` has been deprecated, and will no
[2025-12-13T20:17:29.998+0000] {subprocess.py:93} INFO - longer be supported in a future version of dbt-core. If you wish to write dbt
[2025-12-13T20:17:29.998+0000] {subprocess.py:93} INFO - artifacts to a custom directory, please use the --target-path CLI flag or
[2025-12-13T20:17:29.998+0000] {subprocess.py:93} INFO - DBT_TARGET_PATH env var instead.
[2025-12-13T20:17:30.177+0000] {subprocess.py:93} INFO - [0m20:17:30  Registered adapter: postgres=1.9.0
[2025-12-13T20:17:30.422+0000] {subprocess.py:93} INFO - [0m20:17:30  [[33mWARNING[0m]: Configuration paths exist in your dbt_project.yml file which do not apply to any resources.
[2025-12-13T20:17:30.422+0000] {subprocess.py:93} INFO - There are 1 unused configuration paths:
[2025-12-13T20:17:30.422+0000] {subprocess.py:93} INFO - - models.caspian_vault.example
[2025-12-13T20:17:30.593+0000] {subprocess.py:93} INFO - [0m20:17:30  Found 16 models, 1 snapshot, 19 data tests, 3 sources, 578 macros
[2025-12-13T20:17:30.595+0000] {subprocess.py:93} INFO - [0m20:17:30
[2025-12-13T20:17:30.596+0000] {subprocess.py:93} INFO - [0m20:17:30  Concurrency: 4 threads (target='dev')
[2025-12-13T20:17:30.596+0000] {subprocess.py:93} INFO - [0m20:17:30
[2025-12-13T20:17:30.705+0000] {subprocess.py:93} INFO - [0m20:17:30  1 of 1 START snapshot snapshots.snap_mart_well_performance ..................... [RUN]
[2025-12-13T20:17:30.867+0000] {subprocess.py:93} INFO - [0m20:17:30  1 of 1 OK snapshotted snapshots.snap_mart_well_performance ..................... [[32mINSERT 0 0[0m in 0.16s]
[2025-12-13T20:17:30.876+0000] {subprocess.py:93} INFO - [0m20:17:30
[2025-12-13T20:17:30.876+0000] {subprocess.py:93} INFO - [0m20:17:30  Finished running 1 snapshot in 0 hours 0 minutes and 0.28 seconds (0.28s).
[2025-12-13T20:17:30.958+0000] {subprocess.py:93} INFO - [0m20:17:30
[2025-12-13T20:17:30.959+0000] {subprocess.py:93} INFO - [0m20:17:30  [32mCompleted successfully[0m
[2025-12-13T20:17:30.959+0000] {subprocess.py:93} INFO - [0m20:17:30
[2025-12-13T20:17:30.959+0000] {subprocess.py:93} INFO - [0m20:17:30  Done. PASS=1 WARN=0 ERROR=0 SKIP=0 NO-OP=0 TOTAL=1
[2025-12-13T20:17:30.960+0000] {subprocess.py:93} INFO - [0m20:17:30  [[33mWARNING[0m][DeprecationsSummary]: Deprecated functionality
[2025-12-13T20:17:30.960+0000] {subprocess.py:93} INFO - Summary of encountered deprecations:
[2025-12-13T20:17:30.960+0000] {subprocess.py:93} INFO - - ConfigLogPathDeprecation: 1 occurrence
[2025-12-13T20:17:30.960+0000] {subprocess.py:93} INFO - - ConfigTargetPathDeprecation: 1 occurrence
[2025-12-13T20:17:30.960+0000] {subprocess.py:93} INFO - To see all deprecation instances instead of just the first occurrence of each,
[2025-12-13T20:17:30.960+0000] {subprocess.py:93} INFO - run command again with the `--show-all-deprecations` flag. You may also need to
[2025-12-13T20:17:30.960+0000] {subprocess.py:93} INFO - run with `--no-partial-parse` as some deprecations are only encountered during
[2025-12-13T20:17:30.960+0000] {subprocess.py:93} INFO - parsing.
[2025-12-13T20:17:31.588+0000] {subprocess.py:97} INFO - Command exited with return code 0
[2025-12-13T20:17:31.588+0000] {taskinstance.py:441} INFO - ::group::Post task execution logs
[2025-12-13T20:17:31.610+0000] {taskinstance.py:1206} INFO - Marking task as SUCCESS. dag_id=caspian_full_pipeline, task_id=dbt_build_and_snapshot, run_id=manual__2025-12-13T20:17:19+00:00, execution_date=20251213T201719, start_date=20251213T201720, end_date=20251213T201731
[2025-12-13T20:17:31.665+0000] {local_task_job_runner.py:243} INFO - Task exited with return code 0
[2025-12-13T20:17:31.677+0000] {taskinstance.py:3503} INFO - 0 downstream tasks scheduled from follow-on schedule check
[2025-12-13T20:17:31.679+0000] {local_task_job_runner.py:222} INFO - ::endgroup::
