[2025-12-14T07:00:07.667+0000] {local_task_job_runner.py:120} INFO - ::group::Pre task execution logs
[2025-12-14T07:00:07.685+0000] {taskinstance.py:2076} INFO - Dependencies all met for dep_context=non-requeueable deps ti=<TaskInstance: caspian_full_pipeline.dbt_build_vault scheduled__2025-12-14T06:00:00+00:00 [queued]>
[2025-12-14T07:00:07.691+0000] {taskinstance.py:2076} INFO - Dependencies all met for dep_context=requeueable deps ti=<TaskInstance: caspian_full_pipeline.dbt_build_vault scheduled__2025-12-14T06:00:00+00:00 [queued]>
[2025-12-14T07:00:07.691+0000] {taskinstance.py:2306} INFO - Starting attempt 1 of 1
[2025-12-14T07:00:07.701+0000] {taskinstance.py:2330} INFO - Executing <Task(BashOperator): dbt_build_vault> on 2025-12-14 06:00:00+00:00
[2025-12-14T07:00:07.707+0000] {warnings.py:112} WARNING - /home/***/.local/lib/python3.12/site-packages/***/task/task_runner/standard_task_runner.py:62: DeprecationWarning: This process (pid=184) is multi-threaded, use of fork() may lead to deadlocks in the child.
  pid = os.fork()

[2025-12-14T07:00:07.708+0000] {standard_task_runner.py:64} INFO - Started process 185 to run task
[2025-12-14T07:00:07.707+0000] {standard_task_runner.py:90} INFO - Running: ['***', 'tasks', 'run', 'caspian_full_pipeline', 'dbt_build_vault', 'scheduled__2025-12-14T06:00:00+00:00', '--job-id', '165', '--raw', '--subdir', 'DAGS_FOLDER/caspian_full_pipeline.py', '--cfg-path', '/tmp/tmpeb81ft4s']
[2025-12-14T07:00:07.708+0000] {standard_task_runner.py:91} INFO - Job 165: Subtask dbt_build_vault
[2025-12-14T07:00:07.740+0000] {task_command.py:426} INFO - Running <TaskInstance: caspian_full_pipeline.dbt_build_vault scheduled__2025-12-14T06:00:00+00:00 [running]> on host fd267655e679
[2025-12-14T07:00:07.806+0000] {taskinstance.py:2648} INFO - Exporting env vars: AIRFLOW_CTX_DAG_OWNER='***' AIRFLOW_CTX_DAG_ID='caspian_full_pipeline' AIRFLOW_CTX_TASK_ID='dbt_build_vault' AIRFLOW_CTX_EXECUTION_DATE='2025-12-14T06:00:00+00:00' AIRFLOW_CTX_TRY_NUMBER='1' AIRFLOW_CTX_DAG_RUN_ID='scheduled__2025-12-14T06:00:00+00:00'
[2025-12-14T07:00:07.806+0000] {taskinstance.py:430} INFO - ::endgroup::
[2025-12-14T07:00:07.816+0000] {subprocess.py:63} INFO - Tmp dir root location: /tmp
[2025-12-14T07:00:07.816+0000] {subprocess.py:75} INFO - Running command: ['/usr/bin/bash', '-c', '\nset -euo pipefail\nexport DBT_PROFILES_DIR=/opt/project/caspian_vault/dbt_profiles\nexport DBT_LOG_PATH=/opt/***/logs/dbt\nexport DBT_TARGET_PATH=/opt/***/dbt_target\nexport DBT_STATE_PATH=/opt/***/dbt_state\nexport DBT_PACKAGES_INSTALL_PATH=/opt/***/dbt_packages\n\nmkdir -p "$DBT_LOG_PATH" "$DBT_TARGET_PATH" "$DBT_PACKAGES_INSTALL_PATH"\ncd /opt/project/caspian_vault\n\n/home/***/.local/bin/dbt build --profile caspian_vault --target dev  --select "vault"']
[2025-12-14T07:00:07.826+0000] {subprocess.py:86} INFO - Output:
[2025-12-14T07:00:09.223+0000] {subprocess.py:93} INFO - [0m07:00:09  Running with dbt=1.10.15
[2025-12-14T07:00:09.270+0000] {subprocess.py:93} INFO - [0m07:00:09  [[33mWARNING[0m]: Deprecated functionality
[2025-12-14T07:00:09.270+0000] {subprocess.py:93} INFO - The `log-path` config in `dbt_project.yml` has been deprecated, and will no
[2025-12-14T07:00:09.270+0000] {subprocess.py:93} INFO - longer be supported in a future version of dbt-core. If you wish to write dbt
[2025-12-14T07:00:09.270+0000] {subprocess.py:93} INFO - logs to a custom directory, please use the --log-path CLI flag or DBT_LOG_PATH
[2025-12-14T07:00:09.270+0000] {subprocess.py:93} INFO - env var instead.
[2025-12-14T07:00:09.270+0000] {subprocess.py:93} INFO - [0m07:00:09  [[33mWARNING[0m]: Deprecated functionality
[2025-12-14T07:00:09.271+0000] {subprocess.py:93} INFO - The `target-path` config in `dbt_project.yml` has been deprecated, and will no
[2025-12-14T07:00:09.271+0000] {subprocess.py:93} INFO - longer be supported in a future version of dbt-core. If you wish to write dbt
[2025-12-14T07:00:09.271+0000] {subprocess.py:93} INFO - artifacts to a custom directory, please use the --target-path CLI flag or
[2025-12-14T07:00:09.271+0000] {subprocess.py:93} INFO - DBT_TARGET_PATH env var instead.
[2025-12-14T07:00:09.456+0000] {subprocess.py:93} INFO - [0m07:00:09  Registered adapter: postgres=1.9.0
[2025-12-14T07:00:09.705+0000] {subprocess.py:93} INFO - [0m07:00:09  [[33mWARNING[0m]: Configuration paths exist in your dbt_project.yml file which do not apply to any resources.
[2025-12-14T07:00:09.706+0000] {subprocess.py:93} INFO - There are 1 unused configuration paths:
[2025-12-14T07:00:09.706+0000] {subprocess.py:93} INFO - - models.caspian_vault.example
[2025-12-14T07:00:09.890+0000] {subprocess.py:93} INFO - [0m07:00:09  Found 13 models, 1 snapshot, 19 data tests, 3 sources, 578 macros
[2025-12-14T07:00:09.893+0000] {subprocess.py:93} INFO - [0m07:00:09
[2025-12-14T07:00:09.893+0000] {subprocess.py:93} INFO - [0m07:00:09  Concurrency: 4 threads (target='dev')
[2025-12-14T07:00:09.893+0000] {subprocess.py:93} INFO - [0m07:00:09
[2025-12-14T07:00:09.983+0000] {subprocess.py:93} INFO - [0m07:00:09  1 of 23 START test dbt_utils_expression_is_true_stg_readings_survey_type_id_is_not_null  [RUN]
[2025-12-14T07:00:09.984+0000] {subprocess.py:93} INFO - [0m07:00:09  2 of 23 START test dbt_utils_expression_is_true_stg_readings_well_id_is_not_null  [RUN]
[2025-12-14T07:00:10.034+0000] {subprocess.py:93} INFO - [0m07:00:10  1 of 23 PASS dbt_utils_expression_is_true_stg_readings_survey_type_id_is_not_null  [[32mPASS[0m in 0.05s]
[2025-12-14T07:00:10.035+0000] {subprocess.py:93} INFO - [0m07:00:10  2 of 23 PASS dbt_utils_expression_is_true_stg_readings_well_id_is_not_null ..... [[32mPASS[0m in 0.05s]
[2025-12-14T07:00:10.038+0000] {subprocess.py:93} INFO - [0m07:00:10  3 of 23 START sql table model public.dv_hub_survey_type ........................ [RUN]
[2025-12-14T07:00:10.038+0000] {subprocess.py:93} INFO - [0m07:00:10  4 of 23 START sql table model public.dv_hub_well ............................... [RUN]
[2025-12-14T07:00:10.039+0000] {subprocess.py:93} INFO - [0m07:00:10  5 of 23 START sql table model public.dv_link_well_survey ....................... [RUN]
[2025-12-14T07:00:10.039+0000] {subprocess.py:93} INFO - [0m07:00:10  6 of 23 START sql table model public.dv_sat_readings ........................... [RUN]
[2025-12-14T07:00:10.285+0000] {subprocess.py:93} INFO - [0m07:00:10  4 of 23 OK created sql table model public.dv_hub_well .......................... [[32mSELECT 20[0m in 0.24s]
[2025-12-14T07:00:10.286+0000] {subprocess.py:93} INFO - [0m07:00:10  5 of 23 OK created sql table model public.dv_link_well_survey .................. [[32mSELECT 50[0m in 0.24s]
[2025-12-14T07:00:10.289+0000] {subprocess.py:93} INFO - [0m07:00:10  3 of 23 OK created sql table model public.dv_hub_survey_type ................... [[32mSELECT 3[0m in 0.25s]
[2025-12-14T07:00:10.290+0000] {subprocess.py:93} INFO - [0m07:00:10  6 of 23 OK created sql table model public.dv_sat_readings ...................... [[32mSELECT 9980[0m in 0.25s]
[2025-12-14T07:00:10.292+0000] {subprocess.py:93} INFO - [0m07:00:10  7 of 23 START test not_null_dv_hub_well_hk_well ................................ [RUN]
[2025-12-14T07:00:10.292+0000] {subprocess.py:93} INFO - [0m07:00:10  8 of 23 START test not_null_dv_hub_well_well_id_bk ............................. [RUN]
[2025-12-14T07:00:10.294+0000] {subprocess.py:93} INFO - [0m07:00:10  9 of 23 START test unique_dv_hub_well_hk_well .................................. [RUN]
[2025-12-14T07:00:10.294+0000] {subprocess.py:93} INFO - [0m07:00:10  10 of 23 START test not_null_dv_link_well_survey_hk_survey_type ................ [RUN]
[2025-12-14T07:00:10.340+0000] {subprocess.py:93} INFO - [0m07:00:10  7 of 23 PASS not_null_dv_hub_well_hk_well ...................................... [[32mPASS[0m in 0.05s]
[2025-12-14T07:00:10.342+0000] {subprocess.py:93} INFO - [0m07:00:10  10 of 23 PASS not_null_dv_link_well_survey_hk_survey_type ...................... [[32mPASS[0m in 0.05s]
[2025-12-14T07:00:10.343+0000] {subprocess.py:93} INFO - [0m07:00:10  8 of 23 PASS not_null_dv_hub_well_well_id_bk ................................... [[32mPASS[0m in 0.05s]
[2025-12-14T07:00:10.343+0000] {subprocess.py:93} INFO - [0m07:00:10  9 of 23 PASS unique_dv_hub_well_hk_well ........................................ [[32mPASS[0m in 0.05s]
[2025-12-14T07:00:10.345+0000] {subprocess.py:93} INFO - [0m07:00:10  11 of 23 START test not_null_dv_link_well_survey_hk_well ....................... [RUN]
[2025-12-14T07:00:10.347+0000] {subprocess.py:93} INFO - [0m07:00:10  12 of 23 START test not_null_dv_link_well_survey_hk_well_survey ................ [RUN]
[2025-12-14T07:00:10.348+0000] {subprocess.py:93} INFO - [0m07:00:10  13 of 23 START test relationships_dv_link_well_survey_hk_well__hk_well__ref_dv_hub_well_  [RUN]
[2025-12-14T07:00:10.348+0000] {subprocess.py:93} INFO - [0m07:00:10  14 of 23 START test unique_dv_link_well_survey_hk_well_survey .................. [RUN]
[2025-12-14T07:00:10.389+0000] {subprocess.py:93} INFO - [0m07:00:10  11 of 23 PASS not_null_dv_link_well_survey_hk_well ............................. [[32mPASS[0m in 0.04s]
[2025-12-14T07:00:10.395+0000] {subprocess.py:93} INFO - [0m07:00:10  12 of 23 PASS not_null_dv_link_well_survey_hk_well_survey ...................... [[32mPASS[0m in 0.05s]
[2025-12-14T07:00:10.396+0000] {subprocess.py:93} INFO - [0m07:00:10  15 of 23 START test not_null_dv_hub_survey_type_hk_survey_type ................. [RUN]
[2025-12-14T07:00:10.396+0000] {subprocess.py:93} INFO - [0m07:00:10  14 of 23 PASS unique_dv_link_well_survey_hk_well_survey ........................ [[32mPASS[0m in 0.04s]
[2025-12-14T07:00:10.397+0000] {subprocess.py:93} INFO - [0m07:00:10  13 of 23 PASS relationships_dv_link_well_survey_hk_well__hk_well__ref_dv_hub_well_  [[32mPASS[0m in 0.05s]
[2025-12-14T07:00:10.400+0000] {subprocess.py:93} INFO - [0m07:00:10  16 of 23 START test not_null_dv_hub_survey_type_survey_type_bk ................. [RUN]
[2025-12-14T07:00:10.404+0000] {subprocess.py:93} INFO - [0m07:00:10  17 of 23 START test relationships_dv_link_well_survey_hk_survey_type__hk_survey_type__ref_dv_hub_survey_type_  [RUN]
[2025-12-14T07:00:10.405+0000] {subprocess.py:93} INFO - [0m07:00:10  18 of 23 START test unique_dv_hub_survey_type_hk_survey_type ................... [RUN]
[2025-12-14T07:00:10.436+0000] {subprocess.py:93} INFO - [0m07:00:10  15 of 23 PASS not_null_dv_hub_survey_type_hk_survey_type ....................... [[32mPASS[0m in 0.04s]
[2025-12-14T07:00:10.442+0000] {subprocess.py:93} INFO - [0m07:00:10  16 of 23 PASS not_null_dv_hub_survey_type_survey_type_bk ....................... [[32mPASS[0m in 0.04s]
[2025-12-14T07:00:10.442+0000] {subprocess.py:93} INFO - [0m07:00:10  19 of 23 START test not_null_dv_sat_readings_hk_well_survey .................... [RUN]
[2025-12-14T07:00:10.447+0000] {subprocess.py:93} INFO - [0m07:00:10  20 of 23 START test not_null_dv_sat_readings_load_ts ........................... [RUN]
[2025-12-14T07:00:10.448+0000] {subprocess.py:93} INFO - [0m07:00:10  17 of 23 PASS relationships_dv_link_well_survey_hk_survey_type__hk_survey_type__ref_dv_hub_survey_type_  [[32mPASS[0m in 0.04s]
[2025-12-14T07:00:10.452+0000] {subprocess.py:93} INFO - [0m07:00:10  18 of 23 PASS unique_dv_hub_survey_type_hk_survey_type ......................... [[32mPASS[0m in 0.05s]
[2025-12-14T07:00:10.457+0000] {subprocess.py:93} INFO - [0m07:00:10  21 of 23 START test not_null_dv_sat_readings_row_checksum ...................... [RUN]
[2025-12-14T07:00:10.460+0000] {subprocess.py:93} INFO - [0m07:00:10  22 of 23 START test relationships_dv_sat_readings_hk_well_survey__hk_well_survey__ref_dv_link_well_survey_  [RUN]
[2025-12-14T07:00:10.489+0000] {subprocess.py:93} INFO - [0m07:00:10  19 of 23 PASS not_null_dv_sat_readings_hk_well_survey .......................... [[32mPASS[0m in 0.04s]
[2025-12-14T07:00:10.492+0000] {subprocess.py:93} INFO - [0m07:00:10  20 of 23 PASS not_null_dv_sat_readings_load_ts ................................. [[32mPASS[0m in 0.04s]
[2025-12-14T07:00:10.493+0000] {subprocess.py:93} INFO - [0m07:00:10  23 of 23 START test test_counts_match .......................................... [RUN]
[2025-12-14T07:00:10.497+0000] {subprocess.py:93} INFO - [0m07:00:10  21 of 23 PASS not_null_dv_sat_readings_row_checksum ............................ [[32mPASS[0m in 0.04s]
[2025-12-14T07:00:10.501+0000] {subprocess.py:93} INFO - [0m07:00:10  22 of 23 PASS relationships_dv_sat_readings_hk_well_survey__hk_well_survey__ref_dv_link_well_survey_  [[32mPASS[0m in 0.04s]
[2025-12-14T07:00:10.513+0000] {subprocess.py:93} INFO - [0m07:00:10  23 of 23 PASS test_counts_match ................................................ [[32mPASS[0m in 0.02s]
[2025-12-14T07:00:10.522+0000] {subprocess.py:93} INFO - [0m07:00:10
[2025-12-14T07:00:10.523+0000] {subprocess.py:93} INFO - [0m07:00:10  Finished running 4 table models, 19 data tests in 0 hours 0 minutes and 0.63 seconds (0.63s).
[2025-12-14T07:00:10.559+0000] {subprocess.py:93} INFO - [0m07:00:10
[2025-12-14T07:00:10.559+0000] {subprocess.py:93} INFO - [0m07:00:10  [32mCompleted successfully[0m
[2025-12-14T07:00:10.559+0000] {subprocess.py:93} INFO - [0m07:00:10
[2025-12-14T07:00:10.560+0000] {subprocess.py:93} INFO - [0m07:00:10  Done. PASS=23 WARN=0 ERROR=0 SKIP=0 NO-OP=0 TOTAL=23
[2025-12-14T07:00:10.560+0000] {subprocess.py:93} INFO - [0m07:00:10  [[33mWARNING[0m][DeprecationsSummary]: Deprecated functionality
[2025-12-14T07:00:10.560+0000] {subprocess.py:93} INFO - Summary of encountered deprecations:
[2025-12-14T07:00:10.560+0000] {subprocess.py:93} INFO - - ConfigLogPathDeprecation: 1 occurrence
[2025-12-14T07:00:10.560+0000] {subprocess.py:93} INFO - - ConfigTargetPathDeprecation: 1 occurrence
[2025-12-14T07:00:10.561+0000] {subprocess.py:93} INFO - To see all deprecation instances instead of just the first occurrence of each,
[2025-12-14T07:00:10.561+0000] {subprocess.py:93} INFO - run command again with the `--show-all-deprecations` flag. You may also need to
[2025-12-14T07:00:10.561+0000] {subprocess.py:93} INFO - run with `--no-partial-parse` as some deprecations are only encountered during
[2025-12-14T07:00:10.561+0000] {subprocess.py:93} INFO - parsing.
[2025-12-14T07:00:11.273+0000] {subprocess.py:97} INFO - Command exited with return code 0
[2025-12-14T07:00:11.274+0000] {taskinstance.py:441} INFO - ::group::Post task execution logs
[2025-12-14T07:00:11.296+0000] {taskinstance.py:1206} INFO - Marking task as SUCCESS. dag_id=caspian_full_pipeline, task_id=dbt_build_vault, run_id=scheduled__2025-12-14T06:00:00+00:00, execution_date=20251214T060000, start_date=20251214T070007, end_date=20251214T070011
[2025-12-14T07:00:11.330+0000] {local_task_job_runner.py:243} INFO - Task exited with return code 0
[2025-12-14T07:00:11.350+0000] {taskinstance.py:3503} INFO - 1 downstream tasks scheduled from follow-on schedule check
[2025-12-14T07:00:11.351+0000] {local_task_job_runner.py:222} INFO - ::endgroup::
