[2025-12-13T19:19:15.663+0000] {local_task_job_runner.py:120} INFO - ::group::Pre task execution logs
[2025-12-13T19:19:15.680+0000] {taskinstance.py:2076} INFO - Dependencies all met for dep_context=non-requeueable deps ti=<TaskInstance: caspian_full_pipeline.dbt_build_and_snapshot manual__2025-12-13T19:19:15+00:00 [queued]>
[2025-12-13T19:19:15.684+0000] {taskinstance.py:2076} INFO - Dependencies all met for dep_context=requeueable deps ti=<TaskInstance: caspian_full_pipeline.dbt_build_and_snapshot manual__2025-12-13T19:19:15+00:00 [queued]>
[2025-12-13T19:19:15.684+0000] {taskinstance.py:2306} INFO - Starting attempt 1 of 1
[2025-12-13T19:19:15.695+0000] {taskinstance.py:2330} INFO - Executing <Task(BashOperator): dbt_build_and_snapshot> on 2025-12-13 19:19:15+00:00
[2025-12-13T19:19:15.700+0000] {warnings.py:112} WARNING - /home/***/.local/lib/python3.12/site-packages/***/task/task_runner/standard_task_runner.py:62: DeprecationWarning: This process (pid=48) is multi-threaded, use of fork() may lead to deadlocks in the child.
  pid = os.fork()

[2025-12-13T19:19:15.701+0000] {standard_task_runner.py:64} INFO - Started process 49 to run task
[2025-12-13T19:19:15.702+0000] {standard_task_runner.py:90} INFO - Running: ['***', 'tasks', 'run', 'caspian_full_pipeline', 'dbt_build_and_snapshot', 'manual__2025-12-13T19:19:15+00:00', '--job-id', '37', '--raw', '--subdir', 'DAGS_FOLDER/caspian_full_pipeline.py', '--cfg-path', '/tmp/tmpc6gnb4k3']
[2025-12-13T19:19:15.702+0000] {standard_task_runner.py:91} INFO - Job 37: Subtask dbt_build_and_snapshot
[2025-12-13T19:19:15.733+0000] {task_command.py:426} INFO - Running <TaskInstance: caspian_full_pipeline.dbt_build_and_snapshot manual__2025-12-13T19:19:15+00:00 [running]> on host 3c0ddfc4fe5e
[2025-12-13T19:19:15.797+0000] {taskinstance.py:2648} INFO - Exporting env vars: AIRFLOW_CTX_DAG_OWNER='***' AIRFLOW_CTX_DAG_ID='caspian_full_pipeline' AIRFLOW_CTX_TASK_ID='dbt_build_and_snapshot' AIRFLOW_CTX_EXECUTION_DATE='2025-12-13T19:19:15+00:00' AIRFLOW_CTX_TRY_NUMBER='1' AIRFLOW_CTX_DAG_RUN_ID='manual__2025-12-13T19:19:15+00:00'
[2025-12-13T19:19:15.797+0000] {taskinstance.py:430} INFO - ::endgroup::
[2025-12-13T19:19:15.807+0000] {subprocess.py:63} INFO - Tmp dir root location: /tmp
[2025-12-13T19:19:15.807+0000] {subprocess.py:75} INFO - Running command: ['/usr/bin/bash', '-c', '\n        set -euo pipefail\n\n        export DBT_PROFILES_DIR=/home/***/.dbt\n        export DBT_LOG_PATH=/opt/***/logs/dbt\n        export DBT_TARGET_PATH=/opt/***/dbt_target\n\n        mkdir -p "$DBT_LOG_PATH" "$DBT_TARGET_PATH"\n\n        cd /opt/project/caspian_vault\n\n        /home/***/.local/bin/dbt deps --profile caspian_vault --target dev\n        /home/***/.local/bin/dbt build --profile caspian_vault --target dev\n        /home/***/.local/bin/dbt snapshot --profile caspian_vault --target dev\n        ']
[2025-12-13T19:19:15.818+0000] {subprocess.py:86} INFO - Output:
[2025-12-13T19:19:17.164+0000] {subprocess.py:93} INFO - [0m19:19:17  Running with dbt=1.10.15
[2025-12-13T19:19:17.170+0000] {subprocess.py:93} INFO - [0m19:19:17  [[33mWARNING[0m]: Deprecated functionality
[2025-12-13T19:19:17.171+0000] {subprocess.py:93} INFO - The `log-path` config in `dbt_project.yml` has been deprecated, and will no
[2025-12-13T19:19:17.171+0000] {subprocess.py:93} INFO - longer be supported in a future version of dbt-core. If you wish to write dbt
[2025-12-13T19:19:17.171+0000] {subprocess.py:93} INFO - logs to a custom directory, please use the --log-path CLI flag or DBT_LOG_PATH
[2025-12-13T19:19:17.171+0000] {subprocess.py:93} INFO - env var instead.
[2025-12-13T19:19:17.171+0000] {subprocess.py:93} INFO - [0m19:19:17  [[33mWARNING[0m]: Deprecated functionality
[2025-12-13T19:19:17.171+0000] {subprocess.py:93} INFO - The `target-path` config in `dbt_project.yml` has been deprecated, and will no
[2025-12-13T19:19:17.171+0000] {subprocess.py:93} INFO - longer be supported in a future version of dbt-core. If you wish to write dbt
[2025-12-13T19:19:17.171+0000] {subprocess.py:93} INFO - artifacts to a custom directory, please use the --target-path CLI flag or
[2025-12-13T19:19:17.171+0000] {subprocess.py:93} INFO - DBT_TARGET_PATH env var instead.
[2025-12-13T19:19:17.523+0000] {subprocess.py:93} INFO - [0m19:19:17  Installing dbt-labs/dbt_utils
[2025-12-13T19:19:17.783+0000] {subprocess.py:93} INFO - [0m19:19:17  Installed from version 1.3.0
[2025-12-13T19:19:17.783+0000] {subprocess.py:93} INFO - [0m19:19:17  Updated version available: 1.3.3
[2025-12-13T19:19:17.784+0000] {subprocess.py:93} INFO - [0m19:19:17
[2025-12-13T19:19:17.784+0000] {subprocess.py:93} INFO - [0m19:19:17  Updates available for packages: ['dbt-labs/dbt_utils']
[2025-12-13T19:19:17.784+0000] {subprocess.py:93} INFO - Update your versions in packages.yml, then run dbt deps
[2025-12-13T19:19:17.785+0000] {subprocess.py:93} INFO - [0m19:19:17  [[33mWARNING[0m][DeprecationsSummary]: Deprecated functionality
[2025-12-13T19:19:17.785+0000] {subprocess.py:93} INFO - Summary of encountered deprecations:
[2025-12-13T19:19:17.785+0000] {subprocess.py:93} INFO - - ConfigLogPathDeprecation: 1 occurrence
[2025-12-13T19:19:17.785+0000] {subprocess.py:93} INFO - - ConfigTargetPathDeprecation: 1 occurrence
[2025-12-13T19:19:17.785+0000] {subprocess.py:93} INFO - To see all deprecation instances instead of just the first occurrence of each,
[2025-12-13T19:19:17.785+0000] {subprocess.py:93} INFO - run command again with the `--show-all-deprecations` flag. You may also need to
[2025-12-13T19:19:17.785+0000] {subprocess.py:93} INFO - run with `--no-partial-parse` as some deprecations are only encountered during
[2025-12-13T19:19:17.785+0000] {subprocess.py:93} INFO - parsing.
[2025-12-13T19:19:19.772+0000] {subprocess.py:93} INFO - [0m19:19:19  Running with dbt=1.10.15
[2025-12-13T19:19:19.817+0000] {subprocess.py:93} INFO - [0m19:19:19  [[33mWARNING[0m]: Deprecated functionality
[2025-12-13T19:19:19.817+0000] {subprocess.py:93} INFO - The `log-path` config in `dbt_project.yml` has been deprecated, and will no
[2025-12-13T19:19:19.817+0000] {subprocess.py:93} INFO - longer be supported in a future version of dbt-core. If you wish to write dbt
[2025-12-13T19:19:19.817+0000] {subprocess.py:93} INFO - logs to a custom directory, please use the --log-path CLI flag or DBT_LOG_PATH
[2025-12-13T19:19:19.818+0000] {subprocess.py:93} INFO - env var instead.
[2025-12-13T19:19:19.818+0000] {subprocess.py:93} INFO - [0m19:19:19  [[33mWARNING[0m]: Deprecated functionality
[2025-12-13T19:19:19.818+0000] {subprocess.py:93} INFO - The `target-path` config in `dbt_project.yml` has been deprecated, and will no
[2025-12-13T19:19:19.818+0000] {subprocess.py:93} INFO - longer be supported in a future version of dbt-core. If you wish to write dbt
[2025-12-13T19:19:19.818+0000] {subprocess.py:93} INFO - artifacts to a custom directory, please use the --target-path CLI flag or
[2025-12-13T19:19:19.818+0000] {subprocess.py:93} INFO - DBT_TARGET_PATH env var instead.
[2025-12-13T19:19:19.997+0000] {subprocess.py:93} INFO - [0m19:19:19  Registered adapter: postgres=1.9.0
[2025-12-13T19:19:20.112+0000] {subprocess.py:93} INFO - [0m19:19:20  Unable to do partial parsing because saved manifest not found. Starting full parse.
[2025-12-13T19:19:21.510+0000] {subprocess.py:93} INFO - [0m19:19:21  [[33mWARNING[0m][MissingArgumentsPropertyInGenericTestDeprecation]: Deprecated
[2025-12-13T19:19:21.510+0000] {subprocess.py:93} INFO - functionality
[2025-12-13T19:19:21.510+0000] {subprocess.py:93} INFO - Found top-level arguments to test `dbt_utils.expression_is_true`. Arguments to
[2025-12-13T19:19:21.510+0000] {subprocess.py:93} INFO - generic tests should be nested under the `arguments` property.`
[2025-12-13T19:19:21.716+0000] {subprocess.py:93} INFO - [0m19:19:21  [[33mWARNING[0m]: Configuration paths exist in your dbt_project.yml file which do not apply to any resources.
[2025-12-13T19:19:21.717+0000] {subprocess.py:93} INFO - There are 1 unused configuration paths:
[2025-12-13T19:19:21.717+0000] {subprocess.py:93} INFO - - models.caspian_vault.example
[2025-12-13T19:19:21.913+0000] {subprocess.py:93} INFO - [0m19:19:21  Found 16 models, 1 snapshot, 19 data tests, 3 sources, 578 macros
[2025-12-13T19:19:21.917+0000] {subprocess.py:93} INFO - [0m19:19:21
[2025-12-13T19:19:21.917+0000] {subprocess.py:93} INFO - [0m19:19:21  Concurrency: 4 threads (target='dev')
[2025-12-13T19:19:21.917+0000] {subprocess.py:93} INFO - [0m19:19:21
[2025-12-13T19:19:22.032+0000] {subprocess.py:93} INFO - [0m19:19:22  1 of 36 START sql view model public.raw_recovered_1 ............................ [RUN]
[2025-12-13T19:19:22.032+0000] {subprocess.py:93} INFO - [0m19:19:22  2 of 36 START sql view model public.raw_recovered_2 ............................ [RUN]
[2025-12-13T19:19:22.033+0000] {subprocess.py:93} INFO - [0m19:19:22  3 of 36 START sql view model public.raw_sgx_all ................................ [RUN]
[2025-12-13T19:19:22.163+0000] {subprocess.py:93} INFO - [0m19:19:22  3 of 36 OK created sql view model public.raw_sgx_all ........................... [[32mCREATE VIEW[0m in 0.13s]
[2025-12-13T19:19:22.164+0000] {subprocess.py:93} INFO - [0m19:19:22  2 of 36 OK created sql view model public.raw_recovered_2 ....................... [[32mCREATE VIEW[0m in 0.13s]
[2025-12-13T19:19:22.164+0000] {subprocess.py:93} INFO - [0m19:19:22  1 of 36 OK created sql view model public.raw_recovered_1 ....................... [[32mCREATE VIEW[0m in 0.13s]
[2025-12-13T19:19:22.167+0000] {subprocess.py:93} INFO - [0m19:19:22  4 of 36 START sql table model public.stg_readings .............................. [RUN]
[2025-12-13T19:19:22.198+0000] {subprocess.py:93} INFO - [0m19:19:22  4 of 36 ERROR creating sql table model public.stg_readings ..................... [[31mERROR[0m in 0.03s]
[2025-12-13T19:19:22.201+0000] {subprocess.py:93} INFO - [0m19:19:22  5 of 36 SKIP test dbt_utils_expression_is_true_stg_readings_survey_type_id_is_not_null  [[33mSKIP[0m]
[2025-12-13T19:19:22.201+0000] {subprocess.py:93} INFO - [0m19:19:22  6 of 36 SKIP test dbt_utils_expression_is_true_stg_readings_well_id_is_not_null  [[33mSKIP[0m]
[2025-12-13T19:19:22.204+0000] {subprocess.py:93} INFO - [0m19:19:22  7 of 36 SKIP relation public.dv_hub_survey_type ................................ [[33mSKIP[0m]
[2025-12-13T19:19:22.204+0000] {subprocess.py:93} INFO - [0m19:19:22  8 of 36 SKIP relation public.dv_hub_well ....................................... [[33mSKIP[0m]
[2025-12-13T19:19:22.205+0000] {subprocess.py:93} INFO - [0m19:19:22  9 of 36 SKIP relation public.dv_link_well_survey ............................... [[33mSKIP[0m]
[2025-12-13T19:19:22.206+0000] {subprocess.py:93} INFO - [0m19:19:22  10 of 36 SKIP relation public.dv_sat_readings .................................. [[33mSKIP[0m]
[2025-12-13T19:19:22.209+0000] {subprocess.py:93} INFO - [0m19:19:22  11 of 36 SKIP test not_null_dv_hub_survey_type_hk_survey_type .................. [[33mSKIP[0m]
[2025-12-13T19:19:22.210+0000] {subprocess.py:93} INFO - [0m19:19:22  12 of 36 SKIP test not_null_dv_hub_survey_type_survey_type_bk .................. [[33mSKIP[0m]
[2025-12-13T19:19:22.211+0000] {subprocess.py:93} INFO - [0m19:19:22  13 of 36 SKIP test unique_dv_hub_survey_type_hk_survey_type .................... [[33mSKIP[0m]
[2025-12-13T19:19:22.211+0000] {subprocess.py:93} INFO - [0m19:19:22  14 of 36 SKIP test not_null_dv_hub_well_hk_well ................................ [[33mSKIP[0m]
[2025-12-13T19:19:22.215+0000] {subprocess.py:93} INFO - [0m19:19:22  15 of 36 SKIP test not_null_dv_hub_well_well_id_bk ............................. [[33mSKIP[0m]
[2025-12-13T19:19:22.216+0000] {subprocess.py:93} INFO - [0m19:19:22  16 of 36 SKIP test unique_dv_hub_well_hk_well .................................. [[33mSKIP[0m]
[2025-12-13T19:19:22.216+0000] {subprocess.py:93} INFO - [0m19:19:22  17 of 36 SKIP test not_null_dv_link_well_survey_hk_survey_type ................. [[33mSKIP[0m]
[2025-12-13T19:19:22.216+0000] {subprocess.py:93} INFO - [0m19:19:22  18 of 36 SKIP test not_null_dv_link_well_survey_hk_well ........................ [[33mSKIP[0m]
[2025-12-13T19:19:22.220+0000] {subprocess.py:93} INFO - [0m19:19:22  19 of 36 SKIP test not_null_dv_link_well_survey_hk_well_survey ................. [[33mSKIP[0m]
[2025-12-13T19:19:22.221+0000] {subprocess.py:93} INFO - [0m19:19:22  20 of 36 SKIP test relationships_dv_link_well_survey_hk_survey_type__hk_survey_type__ref_dv_hub_survey_type_  [[33mSKIP[0m]
[2025-12-13T19:19:22.221+0000] {subprocess.py:93} INFO - [0m19:19:22  21 of 36 SKIP test relationships_dv_link_well_survey_hk_well__hk_well__ref_dv_hub_well_  [[33mSKIP[0m]
[2025-12-13T19:19:22.221+0000] {subprocess.py:93} INFO - [0m19:19:22  22 of 36 SKIP test unique_dv_link_well_survey_hk_well_survey ................... [[33mSKIP[0m]
[2025-12-13T19:19:22.225+0000] {subprocess.py:93} INFO - [0m19:19:22  23 of 36 SKIP test not_null_dv_sat_readings_hk_well_survey ..................... [[33mSKIP[0m]
[2025-12-13T19:19:22.226+0000] {subprocess.py:93} INFO - [0m19:19:22  24 of 36 SKIP test not_null_dv_sat_readings_load_ts ............................ [[33mSKIP[0m]
[2025-12-13T19:19:22.226+0000] {subprocess.py:93} INFO - [0m19:19:22  25 of 36 SKIP test not_null_dv_sat_readings_row_checksum ....................... [[33mSKIP[0m]
[2025-12-13T19:19:22.226+0000] {subprocess.py:93} INFO - [0m19:19:22  26 of 36 SKIP test relationships_dv_sat_readings_hk_well_survey__hk_well_survey__ref_dv_link_well_survey_  [[33mSKIP[0m]
[2025-12-13T19:19:22.230+0000] {subprocess.py:93} INFO - [0m19:19:22  27 of 36 SKIP test test_counts_match ........................................... [[33mSKIP[0m]
[2025-12-13T19:19:22.230+0000] {subprocess.py:93} INFO - [0m19:19:22  28 of 36 SKIP relation public.dim_survey_type .................................. [[33mSKIP[0m]
[2025-12-13T19:19:22.231+0000] {subprocess.py:93} INFO - [0m19:19:22  29 of 36 SKIP relation public.dim_well ......................................... [[33mSKIP[0m]
[2025-12-13T19:19:22.235+0000] {subprocess.py:93} INFO - [0m19:19:22  30 of 36 SKIP relation public.dim_source_format ................................ [[33mSKIP[0m]
[2025-12-13T19:19:22.236+0000] {subprocess.py:93} INFO - [0m19:19:22  31 of 36 SKIP relation public.dim_time ......................................... [[33mSKIP[0m]
[2025-12-13T19:19:22.236+0000] {subprocess.py:93} INFO - [0m19:19:22  32 of 36 SKIP relation public.fct_readings ..................................... [[33mSKIP[0m]
[2025-12-13T19:19:22.239+0000] {subprocess.py:93} INFO - [0m19:19:22  33 of 36 SKIP relation public.mart_sensor_analysis ............................. [[33mSKIP[0m]
[2025-12-13T19:19:22.240+0000] {subprocess.py:93} INFO - [0m19:19:22  34 of 36 SKIP relation public.mart_survey_summary .............................. [[33mSKIP[0m]
[2025-12-13T19:19:22.241+0000] {subprocess.py:93} INFO - [0m19:19:22  35 of 36 SKIP relation public.mart_well_performance ............................ [[33mSKIP[0m]
[2025-12-13T19:19:22.243+0000] {subprocess.py:93} INFO - [0m19:19:22  36 of 36 SKIP relation snapshots.snap_mart_well_performance .................... [[33mSKIP[0m]
[2025-12-13T19:19:22.253+0000] {subprocess.py:93} INFO - [0m19:19:22
[2025-12-13T19:19:22.253+0000] {subprocess.py:93} INFO - [0m19:19:22  Finished running 1 snapshot, 13 table models, 19 data tests, 3 view models in 0 hours 0 minutes and 0.34 seconds (0.34s).
[2025-12-13T19:19:22.288+0000] {subprocess.py:93} INFO - [0m19:19:22
[2025-12-13T19:19:22.288+0000] {subprocess.py:93} INFO - [0m19:19:22  [31mCompleted with 1 error, 0 partial successes, and 0 warnings:[0m
[2025-12-13T19:19:22.289+0000] {subprocess.py:93} INFO - [0m19:19:22
[2025-12-13T19:19:22.289+0000] {subprocess.py:93} INFO - [0m19:19:22  [31mFailure in model stg_readings (models/staging/stg_readings.sql)[0m
[2025-12-13T19:19:22.289+0000] {subprocess.py:93} INFO - [0m19:19:22    Database Error in model stg_readings (models/staging/stg_readings.sql)
[2025-12-13T19:19:22.289+0000] {subprocess.py:93} INFO -   relation "public.raw_sgx_all" does not exist
[2025-12-13T19:19:22.290+0000] {subprocess.py:93} INFO -   LINE 23:     from "***"."public"."raw_sgx_all"
[2025-12-13T19:19:22.290+0000] {subprocess.py:93} INFO -                     ^
[2025-12-13T19:19:22.290+0000] {subprocess.py:93} INFO -   compiled code at /opt/***/dbt_target/run/caspian_vault/models/staging/stg_readings.sql
[2025-12-13T19:19:22.290+0000] {subprocess.py:93} INFO - [0m19:19:22
[2025-12-13T19:19:22.290+0000] {subprocess.py:93} INFO - [0m19:19:22    compiled code at /opt/***/dbt_target/compiled/caspian_vault/models/staging/stg_readings.sql
[2025-12-13T19:19:22.290+0000] {subprocess.py:93} INFO - [0m19:19:22
[2025-12-13T19:19:22.290+0000] {subprocess.py:93} INFO - [0m19:19:22  Done. PASS=3 WARN=0 ERROR=1 SKIP=32 NO-OP=0 TOTAL=36
[2025-12-13T19:19:22.291+0000] {subprocess.py:93} INFO - [0m19:19:22  [[33mWARNING[0m][DeprecationsSummary]: Deprecated functionality
[2025-12-13T19:19:22.291+0000] {subprocess.py:93} INFO - Summary of encountered deprecations:
[2025-12-13T19:19:22.291+0000] {subprocess.py:93} INFO - - ConfigLogPathDeprecation: 1 occurrence
[2025-12-13T19:19:22.291+0000] {subprocess.py:93} INFO - - ConfigTargetPathDeprecation: 1 occurrence
[2025-12-13T19:19:22.291+0000] {subprocess.py:93} INFO - - MissingArgumentsPropertyInGenericTestDeprecation: 5 occurrences
[2025-12-13T19:19:22.291+0000] {subprocess.py:93} INFO - To see all deprecation instances instead of just the first occurrence of each,
[2025-12-13T19:19:22.292+0000] {subprocess.py:93} INFO - run command again with the `--show-all-deprecations` flag. You may also need to
[2025-12-13T19:19:22.292+0000] {subprocess.py:93} INFO - run with `--no-partial-parse` as some deprecations are only encountered during
[2025-12-13T19:19:22.292+0000] {subprocess.py:93} INFO - parsing.
[2025-12-13T19:19:23.036+0000] {subprocess.py:97} INFO - Command exited with return code 1
[2025-12-13T19:19:23.037+0000] {taskinstance.py:441} INFO - ::group::Post task execution logs
[2025-12-13T19:19:23.047+0000] {taskinstance.py:2905} ERROR - Task failed with exception
Traceback (most recent call last):
  File "/home/airflow/.local/lib/python3.12/site-packages/airflow/models/taskinstance.py", line 465, in _execute_task
    result = _execute_callable(context=context, **execute_callable_kwargs)
             ^^^^^^^^^^^^^^^^^^^^^^^^^^^^^^^^^^^^^^^^^^^^^^^^^^^^^^^^^^^^^
  File "/home/airflow/.local/lib/python3.12/site-packages/airflow/models/taskinstance.py", line 432, in _execute_callable
    return execute_callable(context=context, **execute_callable_kwargs)
           ^^^^^^^^^^^^^^^^^^^^^^^^^^^^^^^^^^^^^^^^^^^^^^^^^^^^^^^^^^^^
  File "/home/airflow/.local/lib/python3.12/site-packages/airflow/models/baseoperator.py", line 401, in wrapper
    return func(self, *args, **kwargs)
           ^^^^^^^^^^^^^^^^^^^^^^^^^^^
  File "/home/airflow/.local/lib/python3.12/site-packages/airflow/operators/bash.py", line 243, in execute
    raise AirflowException(
airflow.exceptions.AirflowException: Bash command failed. The command returned a non-zero exit code 1.
[2025-12-13T19:19:23.050+0000] {taskinstance.py:1206} INFO - Marking task as FAILED. dag_id=caspian_full_pipeline, task_id=dbt_build_and_snapshot, run_id=manual__2025-12-13T19:19:15+00:00, execution_date=20251213T191915, start_date=20251213T191915, end_date=20251213T191923
[2025-12-13T19:19:23.069+0000] {standard_task_runner.py:110} ERROR - Failed to execute job 37 for task dbt_build_and_snapshot (Bash command failed. The command returned a non-zero exit code 1.; 49)
[2025-12-13T19:19:23.084+0000] {local_task_job_runner.py:243} INFO - Task exited with return code 1
[2025-12-13T19:19:23.095+0000] {taskinstance.py:3503} INFO - 0 downstream tasks scheduled from follow-on schedule check
[2025-12-13T19:19:23.097+0000] {local_task_job_runner.py:222} INFO - ::endgroup::
