[2025-12-13T13:01:32.844+0000] {local_task_job_runner.py:120} INFO - ::group::Pre task execution logs
[2025-12-13T13:01:32.860+0000] {taskinstance.py:2076} INFO - Dependencies all met for dep_context=non-requeueable deps ti=<TaskInstance: caspian_full_pipeline.dbt_build_and_snapshot manual__2025-12-13T13:01:32.547801+00:00 [queued]>
[2025-12-13T13:01:32.864+0000] {taskinstance.py:2076} INFO - Dependencies all met for dep_context=requeueable deps ti=<TaskInstance: caspian_full_pipeline.dbt_build_and_snapshot manual__2025-12-13T13:01:32.547801+00:00 [queued]>
[2025-12-13T13:01:32.864+0000] {taskinstance.py:2306} INFO - Starting attempt 1 of 1
[2025-12-13T13:01:32.874+0000] {taskinstance.py:2330} INFO - Executing <Task(BashOperator): dbt_build_and_snapshot> on 2025-12-13 13:01:32.547801+00:00
[2025-12-13T13:01:32.879+0000] {warnings.py:112} WARNING - /home/***/.local/lib/python3.12/site-packages/***/task/task_runner/standard_task_runner.py:62: DeprecationWarning: This process (pid=56) is multi-threaded, use of fork() may lead to deadlocks in the child.
  pid = os.fork()

[2025-12-13T13:01:32.880+0000] {standard_task_runner.py:64} INFO - Started process 57 to run task
[2025-12-13T13:01:32.880+0000] {standard_task_runner.py:90} INFO - Running: ['***', 'tasks', 'run', 'caspian_full_pipeline', 'dbt_build_and_snapshot', 'manual__2025-12-13T13:01:32.547801+00:00', '--job-id', '6', '--raw', '--subdir', 'DAGS_FOLDER/caspian_full_pipeline.py', '--cfg-path', '/tmp/tmpg67onx0u']
[2025-12-13T13:01:32.881+0000] {standard_task_runner.py:91} INFO - Job 6: Subtask dbt_build_and_snapshot
[2025-12-13T13:01:32.912+0000] {task_command.py:426} INFO - Running <TaskInstance: caspian_full_pipeline.dbt_build_and_snapshot manual__2025-12-13T13:01:32.547801+00:00 [running]> on host 8a90aca397bc
[2025-12-13T13:01:32.971+0000] {taskinstance.py:2648} INFO - Exporting env vars: AIRFLOW_CTX_DAG_OWNER='***' AIRFLOW_CTX_DAG_ID='caspian_full_pipeline' AIRFLOW_CTX_TASK_ID='dbt_build_and_snapshot' AIRFLOW_CTX_EXECUTION_DATE='2025-12-13T13:01:32.547801+00:00' AIRFLOW_CTX_TRY_NUMBER='1' AIRFLOW_CTX_DAG_RUN_ID='manual__2025-12-13T13:01:32.547801+00:00'
[2025-12-13T13:01:32.972+0000] {taskinstance.py:430} INFO - ::endgroup::
[2025-12-13T13:01:32.982+0000] {subprocess.py:63} INFO - Tmp dir root location: /tmp
[2025-12-13T13:01:32.982+0000] {subprocess.py:75} INFO - Running command: ['/usr/bin/bash', '-c', '\n        cd /opt/project/caspian_vault &&\n        dbt deps &&\n        dbt build &&\n        dbt snapshot\n        ']
[2025-12-13T13:01:32.993+0000] {subprocess.py:86} INFO - Output:
[2025-12-13T13:01:34.664+0000] {subprocess.py:93} INFO - [0m13:01:34  Encountered an error:
[2025-12-13T13:01:34.664+0000] {subprocess.py:93} INFO - [Errno 13] Permission denied: '/opt/project/caspian_vault/logs/dbt.log'
[2025-12-13T13:01:34.665+0000] {subprocess.py:93} INFO - [0m13:01:34  Traceback (most recent call last):
[2025-12-13T13:01:34.665+0000] {subprocess.py:93} INFO -   File "/home/***/.local/lib/python3.12/site-packages/dbt/cli/requires.py", line 178, in wrapper
[2025-12-13T13:01:34.665+0000] {subprocess.py:93} INFO -     result, success = func(*args, **kwargs)
[2025-12-13T13:01:34.665+0000] {subprocess.py:93} INFO -                       ^^^^^^^^^^^^^^^^^^^^^
[2025-12-13T13:01:34.666+0000] {subprocess.py:93} INFO -   File "/home/***/.local/lib/python3.12/site-packages/dbt/cli/requires.py", line 101, in wrapper
[2025-12-13T13:01:34.666+0000] {subprocess.py:93} INFO -     setup_event_logger(flags=flags, callbacks=callbacks)
[2025-12-13T13:01:34.666+0000] {subprocess.py:93} INFO -   File "/home/***/.local/lib/python3.12/site-packages/dbt/events/logging.py", line 100, in setup_event_logger
[2025-12-13T13:01:34.666+0000] {subprocess.py:93} INFO -     add_logger_to_manager(
[2025-12-13T13:01:34.666+0000] {subprocess.py:93} INFO -   File "/home/***/.local/lib/python3.12/site-packages/dbt_common/events/event_manager_client.py", line 15, in add_logger_to_manager
[2025-12-13T13:01:34.666+0000] {subprocess.py:93} INFO -     _EVENT_MANAGER.add_logger(logger)
[2025-12-13T13:01:34.666+0000] {subprocess.py:93} INFO -   File "/home/***/.local/lib/python3.12/site-packages/dbt_common/events/event_manager.py", line 88, in add_logger
[2025-12-13T13:01:34.666+0000] {subprocess.py:93} INFO -     _JsonLogger(config) if config.line_format == LineFormat.Json else _TextLogger(config)
[2025-12-13T13:01:34.666+0000] {subprocess.py:93} INFO -                                                                       ^^^^^^^^^^^^^^^^^^^
[2025-12-13T13:01:34.666+0000] {subprocess.py:93} INFO -   File "/home/***/.local/lib/python3.12/site-packages/dbt_common/events/logger.py", line 147, in __init__
[2025-12-13T13:01:34.666+0000] {subprocess.py:93} INFO -     super().__init__(config)
[2025-12-13T13:01:34.666+0000] {subprocess.py:93} INFO -   File "/home/***/.local/lib/python3.12/site-packages/dbt_common/events/logger.py", line 107, in __init__
[2025-12-13T13:01:34.667+0000] {subprocess.py:93} INFO -     file_handler = RotatingFileHandler(
[2025-12-13T13:01:34.667+0000] {subprocess.py:93} INFO -                    ^^^^^^^^^^^^^^^^^^^^
[2025-12-13T13:01:34.667+0000] {subprocess.py:93} INFO -   File "/usr/local/lib/python3.12/logging/handlers.py", line 155, in __init__
[2025-12-13T13:01:34.667+0000] {subprocess.py:93} INFO -     BaseRotatingHandler.__init__(self, filename, mode, encoding=encoding,
[2025-12-13T13:01:34.667+0000] {subprocess.py:93} INFO -   File "/usr/local/lib/python3.12/logging/handlers.py", line 58, in __init__
[2025-12-13T13:01:34.667+0000] {subprocess.py:93} INFO -     logging.FileHandler.__init__(self, filename, mode=mode,
[2025-12-13T13:01:34.667+0000] {subprocess.py:93} INFO -   File "/usr/local/lib/python3.12/logging/__init__.py", line 1231, in __init__
[2025-12-13T13:01:34.667+0000] {subprocess.py:93} INFO -     StreamHandler.__init__(self, self._open())
[2025-12-13T13:01:34.667+0000] {subprocess.py:93} INFO -                                  ^^^^^^^^^^^^
[2025-12-13T13:01:34.667+0000] {subprocess.py:93} INFO -   File "/usr/local/lib/python3.12/logging/__init__.py", line 1263, in _open
[2025-12-13T13:01:34.667+0000] {subprocess.py:93} INFO -     return open_func(self.baseFilename, self.mode,
[2025-12-13T13:01:34.667+0000] {subprocess.py:93} INFO -            ^^^^^^^^^^^^^^^^^^^^^^^^^^^^^^^^^^^^^^^
[2025-12-13T13:01:34.667+0000] {subprocess.py:93} INFO - PermissionError: [Errno 13] Permission denied: '/opt/project/caspian_vault/logs/dbt.log'
[2025-12-13T13:01:34.667+0000] {subprocess.py:93} INFO - 
[2025-12-13T13:01:34.817+0000] {subprocess.py:97} INFO - Command exited with return code 2
[2025-12-13T13:01:34.817+0000] {taskinstance.py:441} INFO - ::group::Post task execution logs
[2025-12-13T13:01:34.827+0000] {taskinstance.py:2905} ERROR - Task failed with exception
Traceback (most recent call last):
  File "/home/airflow/.local/lib/python3.12/site-packages/airflow/models/taskinstance.py", line 465, in _execute_task
    result = _execute_callable(context=context, **execute_callable_kwargs)
             ^^^^^^^^^^^^^^^^^^^^^^^^^^^^^^^^^^^^^^^^^^^^^^^^^^^^^^^^^^^^^
  File "/home/airflow/.local/lib/python3.12/site-packages/airflow/models/taskinstance.py", line 432, in _execute_callable
    return execute_callable(context=context, **execute_callable_kwargs)
           ^^^^^^^^^^^^^^^^^^^^^^^^^^^^^^^^^^^^^^^^^^^^^^^^^^^^^^^^^^^^
  File "/home/airflow/.local/lib/python3.12/site-packages/airflow/models/baseoperator.py", line 401, in wrapper
    return func(self, *args, **kwargs)
           ^^^^^^^^^^^^^^^^^^^^^^^^^^^
  File "/home/airflow/.local/lib/python3.12/site-packages/airflow/operators/bash.py", line 243, in execute
    raise AirflowException(
airflow.exceptions.AirflowException: Bash command failed. The command returned a non-zero exit code 2.
[2025-12-13T13:01:34.829+0000] {taskinstance.py:1206} INFO - Marking task as FAILED. dag_id=caspian_full_pipeline, task_id=dbt_build_and_snapshot, run_id=manual__2025-12-13T13:01:32.547801+00:00, execution_date=20251213T130132, start_date=20251213T130132, end_date=20251213T130134
[2025-12-13T13:01:34.841+0000] {standard_task_runner.py:110} ERROR - Failed to execute job 6 for task dbt_build_and_snapshot (Bash command failed. The command returned a non-zero exit code 2.; 57)
[2025-12-13T13:01:34.858+0000] {local_task_job_runner.py:243} INFO - Task exited with return code 1
[2025-12-13T13:01:34.870+0000] {taskinstance.py:3503} INFO - 0 downstream tasks scheduled from follow-on schedule check
[2025-12-13T13:01:34.872+0000] {local_task_job_runner.py:222} INFO - ::endgroup::
