[2025-12-13T19:22:45.709+0000] {local_task_job_runner.py:120} INFO - ::group::Pre task execution logs
[2025-12-13T19:22:45.727+0000] {taskinstance.py:2076} INFO - Dependencies all met for dep_context=non-requeueable deps ti=<TaskInstance: caspian_full_pipeline.dbt_build_and_snapshot manual__2025-12-13T19:22:44+00:00 [queued]>
[2025-12-13T19:22:45.732+0000] {taskinstance.py:2076} INFO - Dependencies all met for dep_context=requeueable deps ti=<TaskInstance: caspian_full_pipeline.dbt_build_and_snapshot manual__2025-12-13T19:22:44+00:00 [queued]>
[2025-12-13T19:22:45.732+0000] {taskinstance.py:2306} INFO - Starting attempt 1 of 1
[2025-12-13T19:22:45.742+0000] {taskinstance.py:2330} INFO - Executing <Task(BashOperator): dbt_build_and_snapshot> on 2025-12-13 19:22:44+00:00
[2025-12-13T19:22:45.748+0000] {warnings.py:112} WARNING - /home/***/.local/lib/python3.12/site-packages/***/task/task_runner/standard_task_runner.py:62: DeprecationWarning: This process (pid=112) is multi-threaded, use of fork() may lead to deadlocks in the child.
  pid = os.fork()

[2025-12-13T19:22:45.749+0000] {standard_task_runner.py:64} INFO - Started process 113 to run task
[2025-12-13T19:22:45.749+0000] {standard_task_runner.py:90} INFO - Running: ['***', 'tasks', 'run', 'caspian_full_pipeline', 'dbt_build_and_snapshot', 'manual__2025-12-13T19:22:44+00:00', '--job-id', '39', '--raw', '--subdir', 'DAGS_FOLDER/caspian_full_pipeline.py', '--cfg-path', '/tmp/tmpmittwgmz']
[2025-12-13T19:22:45.750+0000] {standard_task_runner.py:91} INFO - Job 39: Subtask dbt_build_and_snapshot
[2025-12-13T19:22:45.780+0000] {task_command.py:426} INFO - Running <TaskInstance: caspian_full_pipeline.dbt_build_and_snapshot manual__2025-12-13T19:22:44+00:00 [running]> on host 3c0ddfc4fe5e
[2025-12-13T19:22:45.845+0000] {taskinstance.py:2648} INFO - Exporting env vars: AIRFLOW_CTX_DAG_OWNER='***' AIRFLOW_CTX_DAG_ID='caspian_full_pipeline' AIRFLOW_CTX_TASK_ID='dbt_build_and_snapshot' AIRFLOW_CTX_EXECUTION_DATE='2025-12-13T19:22:44+00:00' AIRFLOW_CTX_TRY_NUMBER='1' AIRFLOW_CTX_DAG_RUN_ID='manual__2025-12-13T19:22:44+00:00'
[2025-12-13T19:22:45.846+0000] {taskinstance.py:430} INFO - ::endgroup::
[2025-12-13T19:22:45.856+0000] {subprocess.py:63} INFO - Tmp dir root location: /tmp
[2025-12-13T19:22:45.857+0000] {subprocess.py:75} INFO - Running command: ['/usr/bin/bash', '-c', '\n        set -euo pipefail\n\n        export DBT_PROFILES_DIR=/home/***/.dbt\n        export DBT_LOG_PATH=/opt/***/logs/dbt\n        export DBT_TARGET_PATH=/opt/***/dbt_target\n\n        mkdir -p "$DBT_LOG_PATH" "$DBT_TARGET_PATH"\n\n        cd /opt/project/caspian_vault\n\n        /home/***/.local/bin/dbt deps --profile caspian_vault --target dev\n        /home/***/.local/bin/dbt build --profile caspian_vault --target dev\n        /home/***/.local/bin/dbt snapshot --profile caspian_vault --target dev\n        ']
[2025-12-13T19:22:45.866+0000] {subprocess.py:86} INFO - Output:
[2025-12-13T19:22:47.221+0000] {subprocess.py:93} INFO - [0m19:22:47  Running with dbt=1.10.15
[2025-12-13T19:22:47.228+0000] {subprocess.py:93} INFO - [0m19:22:47  [[33mWARNING[0m]: Deprecated functionality
[2025-12-13T19:22:47.228+0000] {subprocess.py:93} INFO - The `log-path` config in `dbt_project.yml` has been deprecated, and will no
[2025-12-13T19:22:47.228+0000] {subprocess.py:93} INFO - longer be supported in a future version of dbt-core. If you wish to write dbt
[2025-12-13T19:22:47.228+0000] {subprocess.py:93} INFO - logs to a custom directory, please use the --log-path CLI flag or DBT_LOG_PATH
[2025-12-13T19:22:47.229+0000] {subprocess.py:93} INFO - env var instead.
[2025-12-13T19:22:47.229+0000] {subprocess.py:93} INFO - [0m19:22:47  [[33mWARNING[0m]: Deprecated functionality
[2025-12-13T19:22:47.229+0000] {subprocess.py:93} INFO - The `target-path` config in `dbt_project.yml` has been deprecated, and will no
[2025-12-13T19:22:47.229+0000] {subprocess.py:93} INFO - longer be supported in a future version of dbt-core. If you wish to write dbt
[2025-12-13T19:22:47.229+0000] {subprocess.py:93} INFO - artifacts to a custom directory, please use the --target-path CLI flag or
[2025-12-13T19:22:47.229+0000] {subprocess.py:93} INFO - DBT_TARGET_PATH env var instead.
[2025-12-13T19:22:47.520+0000] {subprocess.py:93} INFO - [0m19:22:47  Installing dbt-labs/dbt_utils
[2025-12-13T19:22:48.118+0000] {subprocess.py:93} INFO - [0m19:22:48  Installed from version 1.3.0
[2025-12-13T19:22:48.118+0000] {subprocess.py:93} INFO - [0m19:22:48  Updated version available: 1.3.3
[2025-12-13T19:22:48.118+0000] {subprocess.py:93} INFO - [0m19:22:48
[2025-12-13T19:22:48.119+0000] {subprocess.py:93} INFO - [0m19:22:48  Updates available for packages: ['dbt-labs/dbt_utils']
[2025-12-13T19:22:48.119+0000] {subprocess.py:93} INFO - Update your versions in packages.yml, then run dbt deps
[2025-12-13T19:22:48.119+0000] {subprocess.py:93} INFO - [0m19:22:48  [[33mWARNING[0m][DeprecationsSummary]: Deprecated functionality
[2025-12-13T19:22:48.120+0000] {subprocess.py:93} INFO - Summary of encountered deprecations:
[2025-12-13T19:22:48.120+0000] {subprocess.py:93} INFO - - ConfigLogPathDeprecation: 1 occurrence
[2025-12-13T19:22:48.120+0000] {subprocess.py:93} INFO - - ConfigTargetPathDeprecation: 1 occurrence
[2025-12-13T19:22:48.120+0000] {subprocess.py:93} INFO - To see all deprecation instances instead of just the first occurrence of each,
[2025-12-13T19:22:48.120+0000] {subprocess.py:93} INFO - run command again with the `--show-all-deprecations` flag. You may also need to
[2025-12-13T19:22:48.120+0000] {subprocess.py:93} INFO - run with `--no-partial-parse` as some deprecations are only encountered during
[2025-12-13T19:22:48.120+0000] {subprocess.py:93} INFO - parsing.
[2025-12-13T19:22:50.094+0000] {subprocess.py:93} INFO - [0m19:22:50  Running with dbt=1.10.15
[2025-12-13T19:22:50.139+0000] {subprocess.py:93} INFO - [0m19:22:50  [[33mWARNING[0m]: Deprecated functionality
[2025-12-13T19:22:50.139+0000] {subprocess.py:93} INFO - The `log-path` config in `dbt_project.yml` has been deprecated, and will no
[2025-12-13T19:22:50.139+0000] {subprocess.py:93} INFO - longer be supported in a future version of dbt-core. If you wish to write dbt
[2025-12-13T19:22:50.139+0000] {subprocess.py:93} INFO - logs to a custom directory, please use the --log-path CLI flag or DBT_LOG_PATH
[2025-12-13T19:22:50.139+0000] {subprocess.py:93} INFO - env var instead.
[2025-12-13T19:22:50.139+0000] {subprocess.py:93} INFO - [0m19:22:50  [[33mWARNING[0m]: Deprecated functionality
[2025-12-13T19:22:50.139+0000] {subprocess.py:93} INFO - The `target-path` config in `dbt_project.yml` has been deprecated, and will no
[2025-12-13T19:22:50.140+0000] {subprocess.py:93} INFO - longer be supported in a future version of dbt-core. If you wish to write dbt
[2025-12-13T19:22:50.140+0000] {subprocess.py:93} INFO - artifacts to a custom directory, please use the --target-path CLI flag or
[2025-12-13T19:22:50.140+0000] {subprocess.py:93} INFO - DBT_TARGET_PATH env var instead.
[2025-12-13T19:22:50.317+0000] {subprocess.py:93} INFO - [0m19:22:50  Registered adapter: postgres=1.9.0
[2025-12-13T19:22:50.562+0000] {subprocess.py:93} INFO - [0m19:22:50  [[33mWARNING[0m]: Configuration paths exist in your dbt_project.yml file which do not apply to any resources.
[2025-12-13T19:22:50.563+0000] {subprocess.py:93} INFO - There are 1 unused configuration paths:
[2025-12-13T19:22:50.563+0000] {subprocess.py:93} INFO - - models.caspian_vault.example
[2025-12-13T19:22:50.740+0000] {subprocess.py:93} INFO - [0m19:22:50  Found 16 models, 1 snapshot, 19 data tests, 3 sources, 578 macros
[2025-12-13T19:22:50.744+0000] {subprocess.py:93} INFO - [0m19:22:50
[2025-12-13T19:22:50.744+0000] {subprocess.py:93} INFO - [0m19:22:50  Concurrency: 4 threads (target='dev')
[2025-12-13T19:22:50.745+0000] {subprocess.py:93} INFO - [0m19:22:50
[2025-12-13T19:22:50.858+0000] {subprocess.py:93} INFO - [0m19:22:50  1 of 36 START sql view model public.raw_recovered_1 ............................ [RUN]
[2025-12-13T19:22:50.858+0000] {subprocess.py:93} INFO - [0m19:22:50  2 of 36 START sql view model public.raw_recovered_2 ............................ [RUN]
[2025-12-13T19:22:50.859+0000] {subprocess.py:93} INFO - [0m19:22:50  3 of 36 START sql view model public.raw_sgx_all ................................ [RUN]
[2025-12-13T19:22:50.928+0000] {subprocess.py:93} INFO - [0m19:22:50  2 of 36 ERROR creating sql view model public.raw_recovered_2 ................... [[31mERROR[0m in 0.07s]
[2025-12-13T19:22:50.928+0000] {subprocess.py:93} INFO - [0m19:22:50  3 of 36 ERROR creating sql view model public.raw_sgx_all ....................... [[31mERROR[0m in 0.07s]
[2025-12-13T19:22:50.929+0000] {subprocess.py:93} INFO - [0m19:22:50  1 of 36 ERROR creating sql view model public.raw_recovered_1 ................... [[31mERROR[0m in 0.07s]
[2025-12-13T19:22:50.933+0000] {subprocess.py:93} INFO - [0m19:22:50  4 of 36 SKIP relation public.stg_readings ...................................... [[33mSKIP[0m]
[2025-12-13T19:22:50.935+0000] {subprocess.py:93} INFO - [0m19:22:50  5 of 36 SKIP test dbt_utils_expression_is_true_stg_readings_survey_type_id_is_not_null  [[33mSKIP[0m]
[2025-12-13T19:22:50.935+0000] {subprocess.py:93} INFO - [0m19:22:50  6 of 36 SKIP test dbt_utils_expression_is_true_stg_readings_well_id_is_not_null  [[33mSKIP[0m]
[2025-12-13T19:22:50.939+0000] {subprocess.py:93} INFO - [0m19:22:50  7 of 36 SKIP relation public.dv_hub_survey_type ................................ [[33mSKIP[0m]
[2025-12-13T19:22:50.939+0000] {subprocess.py:93} INFO - [0m19:22:50  8 of 36 SKIP relation public.dv_hub_well ....................................... [[33mSKIP[0m]
[2025-12-13T19:22:50.940+0000] {subprocess.py:93} INFO - [0m19:22:50  9 of 36 SKIP relation public.dv_link_well_survey ............................... [[33mSKIP[0m]
[2025-12-13T19:22:50.940+0000] {subprocess.py:93} INFO - [0m19:22:50  10 of 36 SKIP relation public.dv_sat_readings .................................. [[33mSKIP[0m]
[2025-12-13T19:22:50.944+0000] {subprocess.py:93} INFO - [0m19:22:50  11 of 36 SKIP test not_null_dv_hub_survey_type_hk_survey_type .................. [[33mSKIP[0m]
[2025-12-13T19:22:50.944+0000] {subprocess.py:93} INFO - [0m19:22:50  12 of 36 SKIP test not_null_dv_hub_survey_type_survey_type_bk .................. [[33mSKIP[0m]
[2025-12-13T19:22:50.945+0000] {subprocess.py:93} INFO - [0m19:22:50  13 of 36 SKIP test unique_dv_hub_survey_type_hk_survey_type .................... [[33mSKIP[0m]
[2025-12-13T19:22:50.946+0000] {subprocess.py:93} INFO - [0m19:22:50  14 of 36 SKIP test not_null_dv_hub_well_hk_well ................................ [[33mSKIP[0m]
[2025-12-13T19:22:50.949+0000] {subprocess.py:93} INFO - [0m19:22:50  15 of 36 SKIP test not_null_dv_hub_well_well_id_bk ............................. [[33mSKIP[0m]
[2025-12-13T19:22:50.950+0000] {subprocess.py:93} INFO - [0m19:22:50  16 of 36 SKIP test unique_dv_hub_well_hk_well .................................. [[33mSKIP[0m]
[2025-12-13T19:22:50.950+0000] {subprocess.py:93} INFO - [0m19:22:50  17 of 36 SKIP test not_null_dv_link_well_survey_hk_survey_type ................. [[33mSKIP[0m]
[2025-12-13T19:22:50.951+0000] {subprocess.py:93} INFO - [0m19:22:50  18 of 36 SKIP test not_null_dv_link_well_survey_hk_well ........................ [[33mSKIP[0m]
[2025-12-13T19:22:50.954+0000] {subprocess.py:93} INFO - [0m19:22:50  19 of 36 SKIP test not_null_dv_link_well_survey_hk_well_survey ................. [[33mSKIP[0m]
[2025-12-13T19:22:50.955+0000] {subprocess.py:93} INFO - [0m19:22:50  20 of 36 SKIP test relationships_dv_link_well_survey_hk_survey_type__hk_survey_type__ref_dv_hub_survey_type_  [[33mSKIP[0m]
[2025-12-13T19:22:50.955+0000] {subprocess.py:93} INFO - [0m19:22:50  21 of 36 SKIP test relationships_dv_link_well_survey_hk_well__hk_well__ref_dv_hub_well_  [[33mSKIP[0m]
[2025-12-13T19:22:50.956+0000] {subprocess.py:93} INFO - [0m19:22:50  22 of 36 SKIP test unique_dv_link_well_survey_hk_well_survey ................... [[33mSKIP[0m]
[2025-12-13T19:22:50.959+0000] {subprocess.py:93} INFO - [0m19:22:50  23 of 36 SKIP test not_null_dv_sat_readings_hk_well_survey ..................... [[33mSKIP[0m]
[2025-12-13T19:22:50.960+0000] {subprocess.py:93} INFO - [0m19:22:50  24 of 36 SKIP test not_null_dv_sat_readings_load_ts ............................ [[33mSKIP[0m]
[2025-12-13T19:22:50.960+0000] {subprocess.py:93} INFO - [0m19:22:50  25 of 36 SKIP test not_null_dv_sat_readings_row_checksum ....................... [[33mSKIP[0m]
[2025-12-13T19:22:50.961+0000] {subprocess.py:93} INFO - [0m19:22:50  26 of 36 SKIP test relationships_dv_sat_readings_hk_well_survey__hk_well_survey__ref_dv_link_well_survey_  [[33mSKIP[0m]
[2025-12-13T19:22:50.964+0000] {subprocess.py:93} INFO - [0m19:22:50  27 of 36 SKIP test test_counts_match ........................................... [[33mSKIP[0m]
[2025-12-13T19:22:50.965+0000] {subprocess.py:93} INFO - [0m19:22:50  28 of 36 SKIP relation public.dim_survey_type .................................. [[33mSKIP[0m]
[2025-12-13T19:22:50.965+0000] {subprocess.py:93} INFO - [0m19:22:50  29 of 36 SKIP relation public.dim_well ......................................... [[33mSKIP[0m]
[2025-12-13T19:22:50.970+0000] {subprocess.py:93} INFO - [0m19:22:50  30 of 36 SKIP relation public.dim_source_format ................................ [[33mSKIP[0m]
[2025-12-13T19:22:50.970+0000] {subprocess.py:93} INFO - [0m19:22:50  31 of 36 SKIP relation public.dim_time ......................................... [[33mSKIP[0m]
[2025-12-13T19:22:50.971+0000] {subprocess.py:93} INFO - [0m19:22:50  32 of 36 SKIP relation public.fct_readings ..................................... [[33mSKIP[0m]
[2025-12-13T19:22:50.974+0000] {subprocess.py:93} INFO - [0m19:22:50  33 of 36 SKIP relation public.mart_sensor_analysis ............................. [[33mSKIP[0m]
[2025-12-13T19:22:50.975+0000] {subprocess.py:93} INFO - [0m19:22:50  34 of 36 SKIP relation public.mart_survey_summary .............................. [[33mSKIP[0m]
[2025-12-13T19:22:50.975+0000] {subprocess.py:93} INFO - [0m19:22:50  35 of 36 SKIP relation public.mart_well_performance ............................ [[33mSKIP[0m]
[2025-12-13T19:22:50.978+0000] {subprocess.py:93} INFO - [0m19:22:50  36 of 36 SKIP relation snapshots.snap_mart_well_performance .................... [[33mSKIP[0m]
[2025-12-13T19:22:50.987+0000] {subprocess.py:93} INFO - [0m19:22:50
[2025-12-13T19:22:50.988+0000] {subprocess.py:93} INFO - [0m19:22:50  Finished running 1 snapshot, 13 table models, 19 data tests, 3 view models in 0 hours 0 minutes and 0.24 seconds (0.24s).
[2025-12-13T19:22:51.073+0000] {subprocess.py:93} INFO - [0m19:22:51
[2025-12-13T19:22:51.073+0000] {subprocess.py:93} INFO - [0m19:22:51  [31mCompleted with 3 errors, 0 partial successes, and 0 warnings:[0m
[2025-12-13T19:22:51.073+0000] {subprocess.py:93} INFO - [0m19:22:51
[2025-12-13T19:22:51.074+0000] {subprocess.py:93} INFO - [0m19:22:51  [31mFailure in model raw_recovered_2 (models/raw/raw_recovered_2.sql)[0m
[2025-12-13T19:22:51.074+0000] {subprocess.py:93} INFO - [0m19:22:51    Database Error in model raw_recovered_2 (models/raw/raw_recovered_2.sql)
[2025-12-13T19:22:51.074+0000] {subprocess.py:93} INFO -   relation "public.raw_recovered_2" does not exist
[2025-12-13T19:22:51.074+0000] {subprocess.py:93} INFO -   LINE 7:     select * from public.raw_recovered_2
[2025-12-13T19:22:51.074+0000] {subprocess.py:93} INFO -                             ^
[2025-12-13T19:22:51.074+0000] {subprocess.py:93} INFO -   compiled code at /opt/***/dbt_target/run/caspian_vault/models/raw/raw_recovered_2.sql
[2025-12-13T19:22:51.075+0000] {subprocess.py:93} INFO - [0m19:22:51
[2025-12-13T19:22:51.075+0000] {subprocess.py:93} INFO - [0m19:22:51    compiled code at /opt/***/dbt_target/compiled/caspian_vault/models/raw/raw_recovered_2.sql
[2025-12-13T19:22:51.075+0000] {subprocess.py:93} INFO - [0m19:22:51
[2025-12-13T19:22:51.075+0000] {subprocess.py:93} INFO - [0m19:22:51  [31mFailure in model raw_sgx_all (models/raw/raw_sgx_all.sql)[0m
[2025-12-13T19:22:51.076+0000] {subprocess.py:93} INFO - [0m19:22:51    Database Error in model raw_sgx_all (models/raw/raw_sgx_all.sql)
[2025-12-13T19:22:51.076+0000] {subprocess.py:93} INFO -   relation "public.raw_sgx_all" does not exist
[2025-12-13T19:22:51.076+0000] {subprocess.py:93} INFO -   LINE 7:     select * from public.raw_sgx_all
[2025-12-13T19:22:51.076+0000] {subprocess.py:93} INFO -                             ^
[2025-12-13T19:22:51.076+0000] {subprocess.py:93} INFO -   compiled code at /opt/***/dbt_target/run/caspian_vault/models/raw/raw_sgx_all.sql
[2025-12-13T19:22:51.076+0000] {subprocess.py:93} INFO - [0m19:22:51
[2025-12-13T19:22:51.076+0000] {subprocess.py:93} INFO - [0m19:22:51    compiled code at /opt/***/dbt_target/compiled/caspian_vault/models/raw/raw_sgx_all.sql
[2025-12-13T19:22:51.076+0000] {subprocess.py:93} INFO - [0m19:22:51
[2025-12-13T19:22:51.077+0000] {subprocess.py:93} INFO - [0m19:22:51  [31mFailure in model raw_recovered_1 (models/raw/raw_recovered_1.sql)[0m
[2025-12-13T19:22:51.077+0000] {subprocess.py:93} INFO - [0m19:22:51    Database Error in model raw_recovered_1 (models/raw/raw_recovered_1.sql)
[2025-12-13T19:22:51.077+0000] {subprocess.py:93} INFO -   relation "public.raw_recovered_1" does not exist
[2025-12-13T19:22:51.077+0000] {subprocess.py:93} INFO -   LINE 7:     select * from public.raw_recovered_1
[2025-12-13T19:22:51.077+0000] {subprocess.py:93} INFO -                             ^
[2025-12-13T19:22:51.077+0000] {subprocess.py:93} INFO -   compiled code at /opt/***/dbt_target/run/caspian_vault/models/raw/raw_recovered_1.sql
[2025-12-13T19:22:51.077+0000] {subprocess.py:93} INFO - [0m19:22:51
[2025-12-13T19:22:51.078+0000] {subprocess.py:93} INFO - [0m19:22:51    compiled code at /opt/***/dbt_target/compiled/caspian_vault/models/raw/raw_recovered_1.sql
[2025-12-13T19:22:51.078+0000] {subprocess.py:93} INFO - [0m19:22:51
[2025-12-13T19:22:51.078+0000] {subprocess.py:93} INFO - [0m19:22:51  Done. PASS=0 WARN=0 ERROR=3 SKIP=33 NO-OP=0 TOTAL=36
[2025-12-13T19:22:51.079+0000] {subprocess.py:93} INFO - [0m19:22:51  [[33mWARNING[0m][DeprecationsSummary]: Deprecated functionality
[2025-12-13T19:22:51.079+0000] {subprocess.py:93} INFO - Summary of encountered deprecations:
[2025-12-13T19:22:51.079+0000] {subprocess.py:93} INFO - - ConfigLogPathDeprecation: 1 occurrence
[2025-12-13T19:22:51.079+0000] {subprocess.py:93} INFO - - ConfigTargetPathDeprecation: 1 occurrence
[2025-12-13T19:22:51.079+0000] {subprocess.py:93} INFO - To see all deprecation instances instead of just the first occurrence of each,
[2025-12-13T19:22:51.079+0000] {subprocess.py:93} INFO - run command again with the `--show-all-deprecations` flag. You may also need to
[2025-12-13T19:22:51.079+0000] {subprocess.py:93} INFO - run with `--no-partial-parse` as some deprecations are only encountered during
[2025-12-13T19:22:51.079+0000] {subprocess.py:93} INFO - parsing.
[2025-12-13T19:22:51.712+0000] {subprocess.py:97} INFO - Command exited with return code 1
[2025-12-13T19:22:51.713+0000] {taskinstance.py:441} INFO - ::group::Post task execution logs
[2025-12-13T19:22:51.723+0000] {taskinstance.py:2905} ERROR - Task failed with exception
Traceback (most recent call last):
  File "/home/airflow/.local/lib/python3.12/site-packages/airflow/models/taskinstance.py", line 465, in _execute_task
    result = _execute_callable(context=context, **execute_callable_kwargs)
             ^^^^^^^^^^^^^^^^^^^^^^^^^^^^^^^^^^^^^^^^^^^^^^^^^^^^^^^^^^^^^
  File "/home/airflow/.local/lib/python3.12/site-packages/airflow/models/taskinstance.py", line 432, in _execute_callable
    return execute_callable(context=context, **execute_callable_kwargs)
           ^^^^^^^^^^^^^^^^^^^^^^^^^^^^^^^^^^^^^^^^^^^^^^^^^^^^^^^^^^^^
  File "/home/airflow/.local/lib/python3.12/site-packages/airflow/models/baseoperator.py", line 401, in wrapper
    return func(self, *args, **kwargs)
           ^^^^^^^^^^^^^^^^^^^^^^^^^^^
  File "/home/airflow/.local/lib/python3.12/site-packages/airflow/operators/bash.py", line 243, in execute
    raise AirflowException(
airflow.exceptions.AirflowException: Bash command failed. The command returned a non-zero exit code 1.
[2025-12-13T19:22:51.726+0000] {taskinstance.py:1206} INFO - Marking task as FAILED. dag_id=caspian_full_pipeline, task_id=dbt_build_and_snapshot, run_id=manual__2025-12-13T19:22:44+00:00, execution_date=20251213T192244, start_date=20251213T192245, end_date=20251213T192251
[2025-12-13T19:22:51.736+0000] {standard_task_runner.py:110} ERROR - Failed to execute job 39 for task dbt_build_and_snapshot (Bash command failed. The command returned a non-zero exit code 1.; 113)
[2025-12-13T19:22:51.770+0000] {local_task_job_runner.py:243} INFO - Task exited with return code 1
[2025-12-13T19:22:51.781+0000] {taskinstance.py:3503} INFO - 0 downstream tasks scheduled from follow-on schedule check
[2025-12-13T19:22:51.783+0000] {local_task_job_runner.py:222} INFO - ::endgroup::
