[2025-12-13T17:57:44.378+0000] {local_task_job_runner.py:120} INFO - ::group::Pre task execution logs
[2025-12-13T17:57:44.395+0000] {taskinstance.py:2076} INFO - Dependencies all met for dep_context=non-requeueable deps ti=<TaskInstance: caspian_full_pipeline.dbt_build_and_snapshot manual__2025-12-13T17:57:43.216537+00:00 [queued]>
[2025-12-13T17:57:44.400+0000] {taskinstance.py:2076} INFO - Dependencies all met for dep_context=requeueable deps ti=<TaskInstance: caspian_full_pipeline.dbt_build_and_snapshot manual__2025-12-13T17:57:43.216537+00:00 [queued]>
[2025-12-13T17:57:44.400+0000] {taskinstance.py:2306} INFO - Starting attempt 1 of 1
[2025-12-13T17:57:44.410+0000] {taskinstance.py:2330} INFO - Executing <Task(BashOperator): dbt_build_and_snapshot> on 2025-12-13 17:57:43.216537+00:00
[2025-12-13T17:57:44.416+0000] {warnings.py:112} WARNING - /home/***/.local/lib/python3.12/site-packages/***/task/task_runner/standard_task_runner.py:62: DeprecationWarning: This process (pid=151) is multi-threaded, use of fork() may lead to deadlocks in the child.
  pid = os.fork()

[2025-12-13T17:57:44.417+0000] {standard_task_runner.py:64} INFO - Started process 152 to run task
[2025-12-13T17:57:44.417+0000] {standard_task_runner.py:90} INFO - Running: ['***', 'tasks', 'run', 'caspian_full_pipeline', 'dbt_build_and_snapshot', 'manual__2025-12-13T17:57:43.216537+00:00', '--job-id', '16', '--raw', '--subdir', 'DAGS_FOLDER/caspian_full_pipeline.py', '--cfg-path', '/tmp/tmpsbs969ja']
[2025-12-13T17:57:44.418+0000] {standard_task_runner.py:91} INFO - Job 16: Subtask dbt_build_and_snapshot
[2025-12-13T17:57:44.448+0000] {task_command.py:426} INFO - Running <TaskInstance: caspian_full_pipeline.dbt_build_and_snapshot manual__2025-12-13T17:57:43.216537+00:00 [running]> on host 6c116cb550e7
[2025-12-13T17:57:44.513+0000] {taskinstance.py:2648} INFO - Exporting env vars: AIRFLOW_CTX_DAG_OWNER='***' AIRFLOW_CTX_DAG_ID='caspian_full_pipeline' AIRFLOW_CTX_TASK_ID='dbt_build_and_snapshot' AIRFLOW_CTX_EXECUTION_DATE='2025-12-13T17:57:43.216537+00:00' AIRFLOW_CTX_TRY_NUMBER='1' AIRFLOW_CTX_DAG_RUN_ID='manual__2025-12-13T17:57:43.216537+00:00'
[2025-12-13T17:57:44.514+0000] {taskinstance.py:430} INFO - ::endgroup::
[2025-12-13T17:57:44.523+0000] {subprocess.py:63} INFO - Tmp dir root location: /tmp
[2025-12-13T17:57:44.523+0000] {subprocess.py:75} INFO - Running command: ['/usr/bin/bash', '-c', '\n        set -euo pipefail\n\n        export DBT_PROFILES_DIR=/home/***/.dbt\n        export DBT_LOG_PATH=/opt/***/logs/dbt\n        export DBT_TARGET_PATH=/opt/***/dbt_target\n\n        mkdir -p "$DBT_LOG_PATH" "$DBT_TARGET_PATH"\n\n        cd /opt/project/caspian_vault\n\n        /home/***/.local/bin/dbt deps --profile caspian_vault --target dev\n        /home/***/.local/bin/dbt build --profile caspian_vault --target dev\n        /home/***/.local/bin/dbt snapshot --profile caspian_vault --target dev\n        ']
[2025-12-13T17:57:44.532+0000] {subprocess.py:86} INFO - Output:
[2025-12-13T17:57:46.197+0000] {subprocess.py:93} INFO - [0m17:57:46  Running with dbt=1.10.15
[2025-12-13T17:57:46.204+0000] {subprocess.py:93} INFO - [0m17:57:46  [[33mWARNING[0m]: Deprecated functionality
[2025-12-13T17:57:46.204+0000] {subprocess.py:93} INFO - The `log-path` config in `dbt_project.yml` has been deprecated, and will no
[2025-12-13T17:57:46.204+0000] {subprocess.py:93} INFO - longer be supported in a future version of dbt-core. If you wish to write dbt
[2025-12-13T17:57:46.204+0000] {subprocess.py:93} INFO - logs to a custom directory, please use the --log-path CLI flag or DBT_LOG_PATH
[2025-12-13T17:57:46.204+0000] {subprocess.py:93} INFO - env var instead.
[2025-12-13T17:57:46.204+0000] {subprocess.py:93} INFO - [0m17:57:46  [[33mWARNING[0m]: Deprecated functionality
[2025-12-13T17:57:46.205+0000] {subprocess.py:93} INFO - The `target-path` config in `dbt_project.yml` has been deprecated, and will no
[2025-12-13T17:57:46.205+0000] {subprocess.py:93} INFO - longer be supported in a future version of dbt-core. If you wish to write dbt
[2025-12-13T17:57:46.205+0000] {subprocess.py:93} INFO - artifacts to a custom directory, please use the --target-path CLI flag or
[2025-12-13T17:57:46.205+0000] {subprocess.py:93} INFO - DBT_TARGET_PATH env var instead.
[2025-12-13T17:57:46.529+0000] {subprocess.py:93} INFO - [0m17:57:46  Installing dbt-labs/dbt_utils
[2025-12-13T17:57:46.764+0000] {subprocess.py:93} INFO - [0m17:57:46  Installed from version 1.3.0
[2025-12-13T17:57:46.764+0000] {subprocess.py:93} INFO - [0m17:57:46  Updated version available: 1.3.3
[2025-12-13T17:57:46.764+0000] {subprocess.py:93} INFO - [0m17:57:46
[2025-12-13T17:57:46.765+0000] {subprocess.py:93} INFO - [0m17:57:46  Updates available for packages: ['dbt-labs/dbt_utils']
[2025-12-13T17:57:46.765+0000] {subprocess.py:93} INFO - Update your versions in packages.yml, then run dbt deps
[2025-12-13T17:57:46.765+0000] {subprocess.py:93} INFO - [0m17:57:46  [[33mWARNING[0m][DeprecationsSummary]: Deprecated functionality
[2025-12-13T17:57:46.766+0000] {subprocess.py:93} INFO - Summary of encountered deprecations:
[2025-12-13T17:57:46.766+0000] {subprocess.py:93} INFO - - ConfigLogPathDeprecation: 1 occurrence
[2025-12-13T17:57:46.766+0000] {subprocess.py:93} INFO - - ConfigTargetPathDeprecation: 1 occurrence
[2025-12-13T17:57:46.766+0000] {subprocess.py:93} INFO - To see all deprecation instances instead of just the first occurrence of each,
[2025-12-13T17:57:46.766+0000] {subprocess.py:93} INFO - run command again with the `--show-all-deprecations` flag. You may also need to
[2025-12-13T17:57:46.766+0000] {subprocess.py:93} INFO - run with `--no-partial-parse` as some deprecations are only encountered during
[2025-12-13T17:57:46.766+0000] {subprocess.py:93} INFO - parsing.
[2025-12-13T17:57:49.057+0000] {subprocess.py:93} INFO - [0m17:57:49  Running with dbt=1.10.15
[2025-12-13T17:57:49.101+0000] {subprocess.py:93} INFO - [0m17:57:49  [[33mWARNING[0m]: Deprecated functionality
[2025-12-13T17:57:49.102+0000] {subprocess.py:93} INFO - The `log-path` config in `dbt_project.yml` has been deprecated, and will no
[2025-12-13T17:57:49.102+0000] {subprocess.py:93} INFO - longer be supported in a future version of dbt-core. If you wish to write dbt
[2025-12-13T17:57:49.102+0000] {subprocess.py:93} INFO - logs to a custom directory, please use the --log-path CLI flag or DBT_LOG_PATH
[2025-12-13T17:57:49.102+0000] {subprocess.py:93} INFO - env var instead.
[2025-12-13T17:57:49.102+0000] {subprocess.py:93} INFO - [0m17:57:49  [[33mWARNING[0m]: Deprecated functionality
[2025-12-13T17:57:49.102+0000] {subprocess.py:93} INFO - The `target-path` config in `dbt_project.yml` has been deprecated, and will no
[2025-12-13T17:57:49.102+0000] {subprocess.py:93} INFO - longer be supported in a future version of dbt-core. If you wish to write dbt
[2025-12-13T17:57:49.102+0000] {subprocess.py:93} INFO - artifacts to a custom directory, please use the --target-path CLI flag or
[2025-12-13T17:57:49.103+0000] {subprocess.py:93} INFO - DBT_TARGET_PATH env var instead.
[2025-12-13T17:57:49.278+0000] {subprocess.py:93} INFO - [0m17:57:49  Registered adapter: postgres=1.9.0
[2025-12-13T17:57:49.523+0000] {subprocess.py:93} INFO - [0m17:57:49  [[33mWARNING[0m]: Configuration paths exist in your dbt_project.yml file which do not apply to any resources.
[2025-12-13T17:57:49.524+0000] {subprocess.py:93} INFO - There are 1 unused configuration paths:
[2025-12-13T17:57:49.524+0000] {subprocess.py:93} INFO - - models.caspian_vault.example
[2025-12-13T17:57:49.703+0000] {subprocess.py:93} INFO - [0m17:57:49  Found 16 models, 1 snapshot, 19 data tests, 3 sources, 578 macros
[2025-12-13T17:57:49.707+0000] {subprocess.py:93} INFO - [0m17:57:49
[2025-12-13T17:57:49.707+0000] {subprocess.py:93} INFO - [0m17:57:49  Concurrency: 4 threads (target='dev')
[2025-12-13T17:57:49.707+0000] {subprocess.py:93} INFO - [0m17:57:49
[2025-12-13T17:57:49.821+0000] {subprocess.py:93} INFO - [0m17:57:49  1 of 36 START sql view model public.raw_recovered_1 ............................ [RUN]
[2025-12-13T17:57:49.822+0000] {subprocess.py:93} INFO - [0m17:57:49  2 of 36 START sql view model public.raw_recovered_2 ............................ [RUN]
[2025-12-13T17:57:49.822+0000] {subprocess.py:93} INFO - [0m17:57:49  3 of 36 START sql view model public.raw_sgx_all ................................ [RUN]
[2025-12-13T17:57:49.945+0000] {subprocess.py:93} INFO - [0m17:57:49  1 of 36 OK created sql view model public.raw_recovered_1 ....................... [[32mCREATE VIEW[0m in 0.12s]
[2025-12-13T17:57:49.945+0000] {subprocess.py:93} INFO - [0m17:57:49  2 of 36 OK created sql view model public.raw_recovered_2 ....................... [[32mCREATE VIEW[0m in 0.12s]
[2025-12-13T17:57:49.946+0000] {subprocess.py:93} INFO - [0m17:57:49  3 of 36 OK created sql view model public.raw_sgx_all ........................... [[32mCREATE VIEW[0m in 0.12s]
[2025-12-13T17:57:49.949+0000] {subprocess.py:93} INFO - [0m17:57:49  4 of 36 START sql table model public.stg_readings .............................. [RUN]
[2025-12-13T17:57:50.104+0000] {subprocess.py:93} INFO - [0m17:57:50  4 of 36 OK created sql table model public.stg_readings ......................... [[32mSELECT 9980[0m in 0.15s]
[2025-12-13T17:57:50.106+0000] {subprocess.py:93} INFO - [0m17:57:50  5 of 36 START test dbt_utils_expression_is_true_stg_readings_survey_type_id_is_not_null  [RUN]
[2025-12-13T17:57:50.107+0000] {subprocess.py:93} INFO - [0m17:57:50  6 of 36 START test dbt_utils_expression_is_true_stg_readings_well_id_is_not_null  [RUN]
[2025-12-13T17:57:50.152+0000] {subprocess.py:93} INFO - [0m17:57:50  5 of 36 PASS dbt_utils_expression_is_true_stg_readings_survey_type_id_is_not_null  [[32mPASS[0m in 0.05s]
[2025-12-13T17:57:50.153+0000] {subprocess.py:93} INFO - [0m17:57:50  6 of 36 PASS dbt_utils_expression_is_true_stg_readings_well_id_is_not_null ..... [[32mPASS[0m in 0.05s]
[2025-12-13T17:57:50.156+0000] {subprocess.py:93} INFO - [0m17:57:50  7 of 36 START sql table model public.dv_hub_survey_type ........................ [RUN]
[2025-12-13T17:57:50.156+0000] {subprocess.py:93} INFO - [0m17:57:50  8 of 36 START sql table model public.dv_hub_well ............................... [RUN]
[2025-12-13T17:57:50.157+0000] {subprocess.py:93} INFO - [0m17:57:50  9 of 36 START sql table model public.dv_link_well_survey ....................... [RUN]
[2025-12-13T17:57:50.157+0000] {subprocess.py:93} INFO - [0m17:57:50  10 of 36 START sql table model public.dv_sat_readings .......................... [RUN]
[2025-12-13T17:57:50.283+0000] {subprocess.py:93} INFO - [0m17:57:50  8 of 36 OK created sql table model public.dv_hub_well .......................... [[32mSELECT 20[0m in 0.12s]
[2025-12-13T17:57:50.284+0000] {subprocess.py:93} INFO - [0m17:57:50  11 of 36 START test not_null_dv_hub_well_hk_well ............................... [RUN]
[2025-12-13T17:57:50.295+0000] {subprocess.py:93} INFO - [0m17:57:50  9 of 36 OK created sql table model public.dv_link_well_survey .................. [[32mSELECT 50[0m in 0.13s]
[2025-12-13T17:57:50.297+0000] {subprocess.py:93} INFO - [0m17:57:50  7 of 36 OK created sql table model public.dv_hub_survey_type ................... [[32mSELECT 3[0m in 0.14s]
[2025-12-13T17:57:50.298+0000] {subprocess.py:93} INFO - [0m17:57:50  10 of 36 OK created sql table model public.dv_sat_readings ..................... [[32mSELECT 9980[0m in 0.14s]
[2025-12-13T17:57:50.302+0000] {subprocess.py:93} INFO - [0m17:57:50  12 of 36 START test not_null_dv_hub_well_well_id_bk ............................ [RUN]
[2025-12-13T17:57:50.304+0000] {subprocess.py:93} INFO - [0m17:57:50  13 of 36 START test unique_dv_hub_well_hk_well ................................. [RUN]
[2025-12-13T17:57:50.304+0000] {subprocess.py:93} INFO - [0m17:57:50  14 of 36 START test not_null_dv_link_well_survey_hk_survey_type ................ [RUN]
[2025-12-13T17:57:50.330+0000] {subprocess.py:93} INFO - [0m17:57:50  11 of 36 PASS not_null_dv_hub_well_hk_well ..................................... [[32mPASS[0m in 0.04s]
[2025-12-13T17:57:50.331+0000] {subprocess.py:93} INFO - [0m17:57:50  15 of 36 START test not_null_dv_link_well_survey_hk_well ....................... [RUN]
[2025-12-13T17:57:50.348+0000] {subprocess.py:93} INFO - [0m17:57:50  12 of 36 PASS not_null_dv_hub_well_well_id_bk .................................. [[32mPASS[0m in 0.04s]
[2025-12-13T17:57:50.349+0000] {subprocess.py:93} INFO - [0m17:57:50  14 of 36 PASS not_null_dv_link_well_survey_hk_survey_type ...................... [[32mPASS[0m in 0.04s]
[2025-12-13T17:57:50.350+0000] {subprocess.py:93} INFO - [0m17:57:50  13 of 36 PASS unique_dv_hub_well_hk_well ....................................... [[32mPASS[0m in 0.04s]
[2025-12-13T17:57:50.352+0000] {subprocess.py:93} INFO - [0m17:57:50  16 of 36 START test not_null_dv_link_well_survey_hk_well_survey ................ [RUN]
[2025-12-13T17:57:50.353+0000] {subprocess.py:93} INFO - [0m17:57:50  17 of 36 START test relationships_dv_link_well_survey_hk_well__hk_well__ref_dv_hub_well_  [RUN]
[2025-12-13T17:57:50.354+0000] {subprocess.py:93} INFO - [0m17:57:50  18 of 36 START test unique_dv_link_well_survey_hk_well_survey .................. [RUN]
[2025-12-13T17:57:50.375+0000] {subprocess.py:93} INFO - [0m17:57:50  15 of 36 PASS not_null_dv_link_well_survey_hk_well ............................. [[32mPASS[0m in 0.04s]
[2025-12-13T17:57:50.380+0000] {subprocess.py:93} INFO - [0m17:57:50  19 of 36 START test not_null_dv_hub_survey_type_hk_survey_type ................. [RUN]
[2025-12-13T17:57:50.398+0000] {subprocess.py:93} INFO - [0m17:57:50  16 of 36 PASS not_null_dv_link_well_survey_hk_well_survey ...................... [[32mPASS[0m in 0.04s]
[2025-12-13T17:57:50.399+0000] {subprocess.py:93} INFO - [0m17:57:50  18 of 36 PASS unique_dv_link_well_survey_hk_well_survey ........................ [[32mPASS[0m in 0.04s]
[2025-12-13T17:57:50.400+0000] {subprocess.py:93} INFO - [0m17:57:50  17 of 36 PASS relationships_dv_link_well_survey_hk_well__hk_well__ref_dv_hub_well_  [[32mPASS[0m in 0.05s]
[2025-12-13T17:57:50.402+0000] {subprocess.py:93} INFO - [0m17:57:50  20 of 36 START test not_null_dv_hub_survey_type_survey_type_bk ................. [RUN]
[2025-12-13T17:57:50.403+0000] {subprocess.py:93} INFO - [0m17:57:50  21 of 36 START test relationships_dv_link_well_survey_hk_survey_type__hk_survey_type__ref_dv_hub_survey_type_  [RUN]
[2025-12-13T17:57:50.404+0000] {subprocess.py:93} INFO - [0m17:57:50  22 of 36 START test unique_dv_hub_survey_type_hk_survey_type ................... [RUN]
[2025-12-13T17:57:50.424+0000] {subprocess.py:93} INFO - [0m17:57:50  19 of 36 PASS not_null_dv_hub_survey_type_hk_survey_type ....................... [[32mPASS[0m in 0.04s]
[2025-12-13T17:57:50.428+0000] {subprocess.py:93} INFO - [0m17:57:50  23 of 36 START test not_null_dv_sat_readings_hk_well_survey .................... [RUN]
[2025-12-13T17:57:50.445+0000] {subprocess.py:93} INFO - [0m17:57:50  20 of 36 PASS not_null_dv_hub_survey_type_survey_type_bk ....................... [[32mPASS[0m in 0.04s]
[2025-12-13T17:57:50.446+0000] {subprocess.py:93} INFO - [0m17:57:50  21 of 36 PASS relationships_dv_link_well_survey_hk_survey_type__hk_survey_type__ref_dv_hub_survey_type_  [[32mPASS[0m in 0.04s]
[2025-12-13T17:57:50.446+0000] {subprocess.py:93} INFO - [0m17:57:50  22 of 36 PASS unique_dv_hub_survey_type_hk_survey_type ......................... [[32mPASS[0m in 0.04s]
[2025-12-13T17:57:50.450+0000] {subprocess.py:93} INFO - [0m17:57:50  24 of 36 START test not_null_dv_sat_readings_load_ts ........................... [RUN]
[2025-12-13T17:57:50.450+0000] {subprocess.py:93} INFO - [0m17:57:50  25 of 36 START test not_null_dv_sat_readings_row_checksum ...................... [RUN]
[2025-12-13T17:57:50.451+0000] {subprocess.py:93} INFO - [0m17:57:50  26 of 36 START test relationships_dv_sat_readings_hk_well_survey__hk_well_survey__ref_dv_link_well_survey_  [RUN]
[2025-12-13T17:57:50.471+0000] {subprocess.py:93} INFO - [0m17:57:50  23 of 36 PASS not_null_dv_sat_readings_hk_well_survey .......................... [[32mPASS[0m in 0.04s]
[2025-12-13T17:57:50.476+0000] {subprocess.py:93} INFO - [0m17:57:50  27 of 36 START test test_counts_match .......................................... [RUN]
[2025-12-13T17:57:50.494+0000] {subprocess.py:93} INFO - [0m17:57:50  24 of 36 PASS not_null_dv_sat_readings_load_ts ................................. [[32mPASS[0m in 0.04s]
[2025-12-13T17:57:50.494+0000] {subprocess.py:93} INFO - [0m17:57:50  25 of 36 PASS not_null_dv_sat_readings_row_checksum ............................ [[32mPASS[0m in 0.04s]
[2025-12-13T17:57:50.495+0000] {subprocess.py:93} INFO - [0m17:57:50  26 of 36 PASS relationships_dv_sat_readings_hk_well_survey__hk_well_survey__ref_dv_link_well_survey_  [[32mPASS[0m in 0.04s]
[2025-12-13T17:57:50.498+0000] {subprocess.py:93} INFO - [0m17:57:50  28 of 36 START sql table model public.dim_well ................................. [RUN]
[2025-12-13T17:57:50.499+0000] {subprocess.py:93} INFO - [0m17:57:50  29 of 36 START sql table model public.dim_survey_type .......................... [RUN]
[2025-12-13T17:57:50.507+0000] {subprocess.py:93} INFO - [0m17:57:50  27 of 36 PASS test_counts_match ................................................ [[32mPASS[0m in 0.03s]
[2025-12-13T17:57:50.516+0000] {subprocess.py:93} INFO - [0m17:57:50  30 of 36 START sql table model public.dim_source_format ........................ [RUN]
[2025-12-13T17:57:50.516+0000] {subprocess.py:93} INFO - [0m17:57:50  31 of 36 START sql table model public.dim_time ................................. [RUN]
[2025-12-13T17:57:50.586+0000] {subprocess.py:93} INFO - [0m17:57:50  29 of 36 OK created sql table model public.dim_survey_type ..................... [[32mSELECT 3[0m in 0.08s]
[2025-12-13T17:57:50.590+0000] {subprocess.py:93} INFO - [0m17:57:50  28 of 36 OK created sql table model public.dim_well ............................ [[32mSELECT 20[0m in 0.09s]
[2025-12-13T17:57:50.591+0000] {subprocess.py:93} INFO - [0m17:57:50  32 of 36 START sql table model public.fct_readings ............................. [RUN]
[2025-12-13T17:57:50.598+0000] {subprocess.py:93} INFO - [0m17:57:50  31 of 36 OK created sql table model public.dim_time ............................ [[32mSELECT 1[0m in 0.08s]
[2025-12-13T17:57:50.600+0000] {subprocess.py:93} INFO - [0m17:57:50  30 of 36 OK created sql table model public.dim_source_format ................... [[32mSELECT 2[0m in 0.08s]
[2025-12-13T17:57:50.651+0000] {subprocess.py:93} INFO - [0m17:57:50  32 of 36 OK created sql table model public.fct_readings ........................ [[32mSELECT 9980[0m in 0.06s]
[2025-12-13T17:57:50.653+0000] {subprocess.py:93} INFO - [0m17:57:50  33 of 36 START sql table model public.mart_sensor_analysis ..................... [RUN]
[2025-12-13T17:57:50.654+0000] {subprocess.py:93} INFO - [0m17:57:50  34 of 36 START sql table model public.mart_survey_summary ...................... [RUN]
[2025-12-13T17:57:50.654+0000] {subprocess.py:93} INFO - [0m17:57:50  35 of 36 START sql table model public.mart_well_performance .................... [RUN]
[2025-12-13T17:57:50.733+0000] {subprocess.py:93} INFO - [0m17:57:50  33 of 36 OK created sql table model public.mart_sensor_analysis ................ [[32mSELECT 3[0m in 0.08s]
[2025-12-13T17:57:50.735+0000] {subprocess.py:93} INFO - [0m17:57:50  34 of 36 OK created sql table model public.mart_survey_summary ................. [[32mSELECT 6[0m in 0.08s]
[2025-12-13T17:57:50.735+0000] {subprocess.py:93} INFO - [0m17:57:50  35 of 36 OK created sql table model public.mart_well_performance ............... [[32mSELECT 21[0m in 0.08s]
[2025-12-13T17:57:50.737+0000] {subprocess.py:93} INFO - [0m17:57:50  36 of 36 START snapshot snapshots.snap_mart_well_performance ................... [RUN]
[2025-12-13T17:57:50.874+0000] {subprocess.py:93} INFO - [0m17:57:50  36 of 36 OK snapshotted snapshots.snap_mart_well_performance ................... [[32mINSERT 0 21[0m in 0.14s]
[2025-12-13T17:57:50.884+0000] {subprocess.py:93} INFO - [0m17:57:50
[2025-12-13T17:57:50.884+0000] {subprocess.py:93} INFO - [0m17:57:50  Finished running 1 snapshot, 13 table models, 19 data tests, 3 view models in 0 hours 0 minutes and 1.18 seconds (1.18s).
[2025-12-13T17:57:50.922+0000] {subprocess.py:93} INFO - [0m17:57:50
[2025-12-13T17:57:50.922+0000] {subprocess.py:93} INFO - [0m17:57:50  [32mCompleted successfully[0m
[2025-12-13T17:57:50.922+0000] {subprocess.py:93} INFO - [0m17:57:50
[2025-12-13T17:57:50.923+0000] {subprocess.py:93} INFO - [0m17:57:50  Done. PASS=36 WARN=0 ERROR=0 SKIP=0 NO-OP=0 TOTAL=36
[2025-12-13T17:57:50.923+0000] {subprocess.py:93} INFO - [0m17:57:50  [[33mWARNING[0m][DeprecationsSummary]: Deprecated functionality
[2025-12-13T17:57:50.923+0000] {subprocess.py:93} INFO - Summary of encountered deprecations:
[2025-12-13T17:57:50.924+0000] {subprocess.py:93} INFO - - ConfigLogPathDeprecation: 1 occurrence
[2025-12-13T17:57:50.924+0000] {subprocess.py:93} INFO - - ConfigTargetPathDeprecation: 1 occurrence
[2025-12-13T17:57:50.924+0000] {subprocess.py:93} INFO - To see all deprecation instances instead of just the first occurrence of each,
[2025-12-13T17:57:50.924+0000] {subprocess.py:93} INFO - run command again with the `--show-all-deprecations` flag. You may also need to
[2025-12-13T17:57:50.924+0000] {subprocess.py:93} INFO - run with `--no-partial-parse` as some deprecations are only encountered during
[2025-12-13T17:57:50.924+0000] {subprocess.py:93} INFO - parsing.
[2025-12-13T17:57:53.335+0000] {subprocess.py:93} INFO - [0m17:57:53  Running with dbt=1.10.15
[2025-12-13T17:57:53.380+0000] {subprocess.py:93} INFO - [0m17:57:53  [[33mWARNING[0m]: Deprecated functionality
[2025-12-13T17:57:53.380+0000] {subprocess.py:93} INFO - The `log-path` config in `dbt_project.yml` has been deprecated, and will no
[2025-12-13T17:57:53.380+0000] {subprocess.py:93} INFO - longer be supported in a future version of dbt-core. If you wish to write dbt
[2025-12-13T17:57:53.380+0000] {subprocess.py:93} INFO - logs to a custom directory, please use the --log-path CLI flag or DBT_LOG_PATH
[2025-12-13T17:57:53.380+0000] {subprocess.py:93} INFO - env var instead.
[2025-12-13T17:57:53.380+0000] {subprocess.py:93} INFO - [0m17:57:53  [[33mWARNING[0m]: Deprecated functionality
[2025-12-13T17:57:53.380+0000] {subprocess.py:93} INFO - The `target-path` config in `dbt_project.yml` has been deprecated, and will no
[2025-12-13T17:57:53.381+0000] {subprocess.py:93} INFO - longer be supported in a future version of dbt-core. If you wish to write dbt
[2025-12-13T17:57:53.381+0000] {subprocess.py:93} INFO - artifacts to a custom directory, please use the --target-path CLI flag or
[2025-12-13T17:57:53.381+0000] {subprocess.py:93} INFO - DBT_TARGET_PATH env var instead.
[2025-12-13T17:57:53.556+0000] {subprocess.py:93} INFO - [0m17:57:53  Registered adapter: postgres=1.9.0
[2025-12-13T17:57:53.799+0000] {subprocess.py:93} INFO - [0m17:57:53  [[33mWARNING[0m]: Configuration paths exist in your dbt_project.yml file which do not apply to any resources.
[2025-12-13T17:57:53.799+0000] {subprocess.py:93} INFO - There are 1 unused configuration paths:
[2025-12-13T17:57:53.800+0000] {subprocess.py:93} INFO - - models.caspian_vault.example
[2025-12-13T17:57:53.968+0000] {subprocess.py:93} INFO - [0m17:57:53  Found 16 models, 1 snapshot, 19 data tests, 3 sources, 578 macros
[2025-12-13T17:57:53.970+0000] {subprocess.py:93} INFO - [0m17:57:53
[2025-12-13T17:57:53.971+0000] {subprocess.py:93} INFO - [0m17:57:53  Concurrency: 4 threads (target='dev')
[2025-12-13T17:57:53.971+0000] {subprocess.py:93} INFO - [0m17:57:53
[2025-12-13T17:57:54.080+0000] {subprocess.py:93} INFO - [0m17:57:54  1 of 1 START snapshot snapshots.snap_mart_well_performance ..................... [RUN]
[2025-12-13T17:57:54.250+0000] {subprocess.py:93} INFO - [0m17:57:54  1 of 1 OK snapshotted snapshots.snap_mart_well_performance ..................... [[32mINSERT 0 21[0m in 0.17s]
[2025-12-13T17:57:54.258+0000] {subprocess.py:93} INFO - [0m17:57:54
[2025-12-13T17:57:54.259+0000] {subprocess.py:93} INFO - [0m17:57:54  Finished running 1 snapshot in 0 hours 0 minutes and 0.29 seconds (0.29s).
[2025-12-13T17:57:54.291+0000] {subprocess.py:93} INFO - [0m17:57:54
[2025-12-13T17:57:54.291+0000] {subprocess.py:93} INFO - [0m17:57:54  [32mCompleted successfully[0m
[2025-12-13T17:57:54.291+0000] {subprocess.py:93} INFO - [0m17:57:54
[2025-12-13T17:57:54.292+0000] {subprocess.py:93} INFO - [0m17:57:54  Done. PASS=1 WARN=0 ERROR=0 SKIP=0 NO-OP=0 TOTAL=1
[2025-12-13T17:57:54.292+0000] {subprocess.py:93} INFO - [0m17:57:54  [[33mWARNING[0m][DeprecationsSummary]: Deprecated functionality
[2025-12-13T17:57:54.292+0000] {subprocess.py:93} INFO - Summary of encountered deprecations:
[2025-12-13T17:57:54.292+0000] {subprocess.py:93} INFO - - ConfigLogPathDeprecation: 1 occurrence
[2025-12-13T17:57:54.293+0000] {subprocess.py:93} INFO - - ConfigTargetPathDeprecation: 1 occurrence
[2025-12-13T17:57:54.293+0000] {subprocess.py:93} INFO - To see all deprecation instances instead of just the first occurrence of each,
[2025-12-13T17:57:54.293+0000] {subprocess.py:93} INFO - run command again with the `--show-all-deprecations` flag. You may also need to
[2025-12-13T17:57:54.293+0000] {subprocess.py:93} INFO - run with `--no-partial-parse` as some deprecations are only encountered during
[2025-12-13T17:57:54.293+0000] {subprocess.py:93} INFO - parsing.
[2025-12-13T17:57:54.897+0000] {subprocess.py:97} INFO - Command exited with return code 0
[2025-12-13T17:57:54.898+0000] {taskinstance.py:441} INFO - ::group::Post task execution logs
[2025-12-13T17:57:54.919+0000] {taskinstance.py:1206} INFO - Marking task as SUCCESS. dag_id=caspian_full_pipeline, task_id=dbt_build_and_snapshot, run_id=manual__2025-12-13T17:57:43.216537+00:00, execution_date=20251213T175743, start_date=20251213T175744, end_date=20251213T175754
[2025-12-13T17:57:54.971+0000] {local_task_job_runner.py:243} INFO - Task exited with return code 0
[2025-12-13T17:57:54.982+0000] {taskinstance.py:3503} INFO - 0 downstream tasks scheduled from follow-on schedule check
[2025-12-13T17:57:54.985+0000] {local_task_job_runner.py:222} INFO - ::endgroup::
