[2025-12-13T18:33:07.575+0000] {local_task_job_runner.py:120} INFO - ::group::Pre task execution logs
[2025-12-13T18:33:07.592+0000] {taskinstance.py:2076} INFO - Dependencies all met for dep_context=non-requeueable deps ti=<TaskInstance: caspian_full_pipeline.dbt_build_and_snapshot manual__2025-12-13T18:33:06.862297+00:00 [queued]>
[2025-12-13T18:33:07.597+0000] {taskinstance.py:2076} INFO - Dependencies all met for dep_context=requeueable deps ti=<TaskInstance: caspian_full_pipeline.dbt_build_and_snapshot manual__2025-12-13T18:33:06.862297+00:00 [queued]>
[2025-12-13T18:33:07.597+0000] {taskinstance.py:2306} INFO - Starting attempt 1 of 1
[2025-12-13T18:33:07.607+0000] {taskinstance.py:2330} INFO - Executing <Task(BashOperator): dbt_build_and_snapshot> on 2025-12-13 18:33:06.862297+00:00
[2025-12-13T18:33:07.613+0000] {warnings.py:112} WARNING - /home/***/.local/lib/python3.12/site-packages/***/task/task_runner/standard_task_runner.py:62: DeprecationWarning: This process (pid=250) is multi-threaded, use of fork() may lead to deadlocks in the child.
  pid = os.fork()

[2025-12-13T18:33:07.614+0000] {standard_task_runner.py:64} INFO - Started process 251 to run task
[2025-12-13T18:33:07.613+0000] {standard_task_runner.py:90} INFO - Running: ['***', 'tasks', 'run', 'caspian_full_pipeline', 'dbt_build_and_snapshot', 'manual__2025-12-13T18:33:06.862297+00:00', '--job-id', '19', '--raw', '--subdir', 'DAGS_FOLDER/caspian_full_pipeline.py', '--cfg-path', '/tmp/tmpsrvdc29n']
[2025-12-13T18:33:07.614+0000] {standard_task_runner.py:91} INFO - Job 19: Subtask dbt_build_and_snapshot
[2025-12-13T18:33:07.645+0000] {task_command.py:426} INFO - Running <TaskInstance: caspian_full_pipeline.dbt_build_and_snapshot manual__2025-12-13T18:33:06.862297+00:00 [running]> on host 6c116cb550e7
[2025-12-13T18:33:07.707+0000] {taskinstance.py:2648} INFO - Exporting env vars: AIRFLOW_CTX_DAG_OWNER='***' AIRFLOW_CTX_DAG_ID='caspian_full_pipeline' AIRFLOW_CTX_TASK_ID='dbt_build_and_snapshot' AIRFLOW_CTX_EXECUTION_DATE='2025-12-13T18:33:06.862297+00:00' AIRFLOW_CTX_TRY_NUMBER='1' AIRFLOW_CTX_DAG_RUN_ID='manual__2025-12-13T18:33:06.862297+00:00'
[2025-12-13T18:33:07.707+0000] {taskinstance.py:430} INFO - ::endgroup::
[2025-12-13T18:33:07.717+0000] {subprocess.py:63} INFO - Tmp dir root location: /tmp
[2025-12-13T18:33:07.717+0000] {subprocess.py:75} INFO - Running command: ['/usr/bin/bash', '-c', '\n        set -euo pipefail\n\n        export DBT_PROFILES_DIR=/home/***/.dbt\n        export DBT_LOG_PATH=/opt/***/logs/dbt\n        export DBT_TARGET_PATH=/opt/***/dbt_target\n\n        mkdir -p "$DBT_LOG_PATH" "$DBT_TARGET_PATH"\n\n        cd /opt/project/caspian_vault\n\n        /home/***/.local/bin/dbt deps --profile caspian_vault --target dev\n        /home/***/.local/bin/dbt build --profile caspian_vault --target dev\n        /home/***/.local/bin/dbt snapshot --profile caspian_vault --target dev\n        ']
[2025-12-13T18:33:07.726+0000] {subprocess.py:86} INFO - Output:
[2025-12-13T18:33:09.391+0000] {subprocess.py:93} INFO - [0m18:33:09  Running with dbt=1.10.15
[2025-12-13T18:33:09.398+0000] {subprocess.py:93} INFO - [0m18:33:09  [[33mWARNING[0m]: Deprecated functionality
[2025-12-13T18:33:09.398+0000] {subprocess.py:93} INFO - The `log-path` config in `dbt_project.yml` has been deprecated, and will no
[2025-12-13T18:33:09.398+0000] {subprocess.py:93} INFO - longer be supported in a future version of dbt-core. If you wish to write dbt
[2025-12-13T18:33:09.398+0000] {subprocess.py:93} INFO - logs to a custom directory, please use the --log-path CLI flag or DBT_LOG_PATH
[2025-12-13T18:33:09.399+0000] {subprocess.py:93} INFO - env var instead.
[2025-12-13T18:33:09.399+0000] {subprocess.py:93} INFO - [0m18:33:09  [[33mWARNING[0m]: Deprecated functionality
[2025-12-13T18:33:09.399+0000] {subprocess.py:93} INFO - The `target-path` config in `dbt_project.yml` has been deprecated, and will no
[2025-12-13T18:33:09.399+0000] {subprocess.py:93} INFO - longer be supported in a future version of dbt-core. If you wish to write dbt
[2025-12-13T18:33:09.399+0000] {subprocess.py:93} INFO - artifacts to a custom directory, please use the --target-path CLI flag or
[2025-12-13T18:33:09.399+0000] {subprocess.py:93} INFO - DBT_TARGET_PATH env var instead.
[2025-12-13T18:33:09.662+0000] {subprocess.py:93} INFO - [0m18:33:09  Installing dbt-labs/dbt_utils
[2025-12-13T18:33:09.938+0000] {subprocess.py:93} INFO - [0m18:33:09  Installed from version 1.3.0
[2025-12-13T18:33:09.938+0000] {subprocess.py:93} INFO - [0m18:33:09  Updated version available: 1.3.3
[2025-12-13T18:33:09.939+0000] {subprocess.py:93} INFO - [0m18:33:09
[2025-12-13T18:33:09.939+0000] {subprocess.py:93} INFO - [0m18:33:09  Updates available for packages: ['dbt-labs/dbt_utils']
[2025-12-13T18:33:09.939+0000] {subprocess.py:93} INFO - Update your versions in packages.yml, then run dbt deps
[2025-12-13T18:33:09.940+0000] {subprocess.py:93} INFO - [0m18:33:09  [[33mWARNING[0m][DeprecationsSummary]: Deprecated functionality
[2025-12-13T18:33:09.940+0000] {subprocess.py:93} INFO - Summary of encountered deprecations:
[2025-12-13T18:33:09.940+0000] {subprocess.py:93} INFO - - ConfigLogPathDeprecation: 1 occurrence
[2025-12-13T18:33:09.940+0000] {subprocess.py:93} INFO - - ConfigTargetPathDeprecation: 1 occurrence
[2025-12-13T18:33:09.940+0000] {subprocess.py:93} INFO - To see all deprecation instances instead of just the first occurrence of each,
[2025-12-13T18:33:09.940+0000] {subprocess.py:93} INFO - run command again with the `--show-all-deprecations` flag. You may also need to
[2025-12-13T18:33:09.940+0000] {subprocess.py:93} INFO - run with `--no-partial-parse` as some deprecations are only encountered during
[2025-12-13T18:33:09.940+0000] {subprocess.py:93} INFO - parsing.
[2025-12-13T18:33:12.244+0000] {subprocess.py:93} INFO - [0m18:33:12  Running with dbt=1.10.15
[2025-12-13T18:33:12.288+0000] {subprocess.py:93} INFO - [0m18:33:12  [[33mWARNING[0m]: Deprecated functionality
[2025-12-13T18:33:12.288+0000] {subprocess.py:93} INFO - The `log-path` config in `dbt_project.yml` has been deprecated, and will no
[2025-12-13T18:33:12.288+0000] {subprocess.py:93} INFO - longer be supported in a future version of dbt-core. If you wish to write dbt
[2025-12-13T18:33:12.289+0000] {subprocess.py:93} INFO - logs to a custom directory, please use the --log-path CLI flag or DBT_LOG_PATH
[2025-12-13T18:33:12.289+0000] {subprocess.py:93} INFO - env var instead.
[2025-12-13T18:33:12.289+0000] {subprocess.py:93} INFO - [0m18:33:12  [[33mWARNING[0m]: Deprecated functionality
[2025-12-13T18:33:12.289+0000] {subprocess.py:93} INFO - The `target-path` config in `dbt_project.yml` has been deprecated, and will no
[2025-12-13T18:33:12.289+0000] {subprocess.py:93} INFO - longer be supported in a future version of dbt-core. If you wish to write dbt
[2025-12-13T18:33:12.289+0000] {subprocess.py:93} INFO - artifacts to a custom directory, please use the --target-path CLI flag or
[2025-12-13T18:33:12.289+0000] {subprocess.py:93} INFO - DBT_TARGET_PATH env var instead.
[2025-12-13T18:33:12.463+0000] {subprocess.py:93} INFO - [0m18:33:12  Registered adapter: postgres=1.9.0
[2025-12-13T18:33:12.707+0000] {subprocess.py:93} INFO - [0m18:33:12  [[33mWARNING[0m]: Configuration paths exist in your dbt_project.yml file which do not apply to any resources.
[2025-12-13T18:33:12.707+0000] {subprocess.py:93} INFO - There are 1 unused configuration paths:
[2025-12-13T18:33:12.707+0000] {subprocess.py:93} INFO - - models.caspian_vault.example
[2025-12-13T18:33:12.884+0000] {subprocess.py:93} INFO - [0m18:33:12  Found 16 models, 1 snapshot, 19 data tests, 3 sources, 578 macros
[2025-12-13T18:33:12.888+0000] {subprocess.py:93} INFO - [0m18:33:12
[2025-12-13T18:33:12.888+0000] {subprocess.py:93} INFO - [0m18:33:12  Concurrency: 4 threads (target='dev')
[2025-12-13T18:33:12.888+0000] {subprocess.py:93} INFO - [0m18:33:12
[2025-12-13T18:33:13.003+0000] {subprocess.py:93} INFO - [0m18:33:13  1 of 36 START sql view model public.raw_recovered_1 ............................ [RUN]
[2025-12-13T18:33:13.003+0000] {subprocess.py:93} INFO - [0m18:33:13  2 of 36 START sql view model public.raw_recovered_2 ............................ [RUN]
[2025-12-13T18:33:13.004+0000] {subprocess.py:93} INFO - [0m18:33:13  3 of 36 START sql view model public.raw_sgx_all ................................ [RUN]
[2025-12-13T18:33:13.127+0000] {subprocess.py:93} INFO - [0m18:33:13  2 of 36 OK created sql view model public.raw_recovered_2 ....................... [[32mCREATE VIEW[0m in 0.12s]
[2025-12-13T18:33:13.128+0000] {subprocess.py:93} INFO - [0m18:33:13  3 of 36 OK created sql view model public.raw_sgx_all ........................... [[32mCREATE VIEW[0m in 0.12s]
[2025-12-13T18:33:13.128+0000] {subprocess.py:93} INFO - [0m18:33:13  1 of 36 OK created sql view model public.raw_recovered_1 ....................... [[32mCREATE VIEW[0m in 0.12s]
[2025-12-13T18:33:13.131+0000] {subprocess.py:93} INFO - [0m18:33:13  4 of 36 START sql table model public.stg_readings .............................. [RUN]
[2025-12-13T18:33:13.312+0000] {subprocess.py:93} INFO - [0m18:33:13  4 of 36 OK created sql table model public.stg_readings ......................... [[32mSELECT 9980[0m in 0.18s]
[2025-12-13T18:33:13.314+0000] {subprocess.py:93} INFO - [0m18:33:13  5 of 36 START test dbt_utils_expression_is_true_stg_readings_survey_type_id_is_not_null  [RUN]
[2025-12-13T18:33:13.315+0000] {subprocess.py:93} INFO - [0m18:33:13  6 of 36 START test dbt_utils_expression_is_true_stg_readings_well_id_is_not_null  [RUN]
[2025-12-13T18:33:13.360+0000] {subprocess.py:93} INFO - [0m18:33:13  6 of 36 PASS dbt_utils_expression_is_true_stg_readings_well_id_is_not_null ..... [[32mPASS[0m in 0.04s]
[2025-12-13T18:33:13.361+0000] {subprocess.py:93} INFO - [0m18:33:13  5 of 36 PASS dbt_utils_expression_is_true_stg_readings_survey_type_id_is_not_null  [[32mPASS[0m in 0.05s]
[2025-12-13T18:33:13.363+0000] {subprocess.py:93} INFO - [0m18:33:13  7 of 36 START sql table model public.dv_hub_survey_type ........................ [RUN]
[2025-12-13T18:33:13.364+0000] {subprocess.py:93} INFO - [0m18:33:13  8 of 36 START sql table model public.dv_hub_well ............................... [RUN]
[2025-12-13T18:33:13.364+0000] {subprocess.py:93} INFO - [0m18:33:13  9 of 36 START sql table model public.dv_link_well_survey ....................... [RUN]
[2025-12-13T18:33:13.365+0000] {subprocess.py:93} INFO - [0m18:33:13  10 of 36 START sql table model public.dv_sat_readings .......................... [RUN]
[2025-12-13T18:33:13.481+0000] {subprocess.py:93} INFO - [0m18:33:13  7 of 36 OK created sql table model public.dv_hub_survey_type ................... [[32mSELECT 3[0m in 0.12s]
[2025-12-13T18:33:13.482+0000] {subprocess.py:93} INFO - [0m18:33:13  11 of 36 START test not_null_dv_hub_survey_type_hk_survey_type ................. [RUN]
[2025-12-13T18:33:13.495+0000] {subprocess.py:93} INFO - [0m18:33:13  10 of 36 OK created sql table model public.dv_sat_readings ..................... [[32mSELECT 9980[0m in 0.13s]
[2025-12-13T18:33:13.496+0000] {subprocess.py:93} INFO - [0m18:33:13  9 of 36 OK created sql table model public.dv_link_well_survey .................. [[32mSELECT 50[0m in 0.13s]
[2025-12-13T18:33:13.496+0000] {subprocess.py:93} INFO - [0m18:33:13  8 of 36 OK created sql table model public.dv_hub_well .......................... [[32mSELECT 20[0m in 0.13s]
[2025-12-13T18:33:13.500+0000] {subprocess.py:93} INFO - [0m18:33:13  12 of 36 START test not_null_dv_hub_survey_type_survey_type_bk ................. [RUN]
[2025-12-13T18:33:13.501+0000] {subprocess.py:93} INFO - [0m18:33:13  13 of 36 START test unique_dv_hub_survey_type_hk_survey_type ................... [RUN]
[2025-12-13T18:33:13.501+0000] {subprocess.py:93} INFO - [0m18:33:13  14 of 36 START test not_null_dv_sat_readings_hk_well_survey .................... [RUN]
[2025-12-13T18:33:13.527+0000] {subprocess.py:93} INFO - [0m18:33:13  11 of 36 PASS not_null_dv_hub_survey_type_hk_survey_type ....................... [[32mPASS[0m in 0.04s]
[2025-12-13T18:33:13.529+0000] {subprocess.py:93} INFO - [0m18:33:13  15 of 36 START test not_null_dv_sat_readings_load_ts ........................... [RUN]
[2025-12-13T18:33:13.546+0000] {subprocess.py:93} INFO - [0m18:33:13  12 of 36 PASS not_null_dv_hub_survey_type_survey_type_bk ....................... [[32mPASS[0m in 0.04s]
[2025-12-13T18:33:13.546+0000] {subprocess.py:93} INFO - [0m18:33:13  13 of 36 PASS unique_dv_hub_survey_type_hk_survey_type ......................... [[32mPASS[0m in 0.04s]
[2025-12-13T18:33:13.547+0000] {subprocess.py:93} INFO - [0m18:33:13  14 of 36 PASS not_null_dv_sat_readings_hk_well_survey .......................... [[32mPASS[0m in 0.04s]
[2025-12-13T18:33:13.550+0000] {subprocess.py:93} INFO - [0m18:33:13  16 of 36 START test not_null_dv_sat_readings_row_checksum ...................... [RUN]
[2025-12-13T18:33:13.551+0000] {subprocess.py:93} INFO - [0m18:33:13  17 of 36 START test test_counts_match .......................................... [RUN]
[2025-12-13T18:33:13.552+0000] {subprocess.py:93} INFO - [0m18:33:13  18 of 36 START test not_null_dv_link_well_survey_hk_survey_type ................ [RUN]
[2025-12-13T18:33:13.567+0000] {subprocess.py:93} INFO - [0m18:33:13  15 of 36 PASS not_null_dv_sat_readings_load_ts ................................. [[32mPASS[0m in 0.04s]
[2025-12-13T18:33:13.574+0000] {subprocess.py:93} INFO - [0m18:33:13  19 of 36 START test not_null_dv_link_well_survey_hk_well ....................... [RUN]
[2025-12-13T18:33:13.593+0000] {subprocess.py:93} INFO - [0m18:33:13  18 of 36 PASS not_null_dv_link_well_survey_hk_survey_type ...................... [[32mPASS[0m in 0.04s]
[2025-12-13T18:33:13.593+0000] {subprocess.py:93} INFO - [0m18:33:13  17 of 36 PASS test_counts_match ................................................ [[32mPASS[0m in 0.04s]
[2025-12-13T18:33:13.594+0000] {subprocess.py:93} INFO - [0m18:33:13  16 of 36 PASS not_null_dv_sat_readings_row_checksum ............................ [[32mPASS[0m in 0.04s]
[2025-12-13T18:33:13.598+0000] {subprocess.py:93} INFO - [0m18:33:13  20 of 36 START test not_null_dv_link_well_survey_hk_well_survey ................ [RUN]
[2025-12-13T18:33:13.599+0000] {subprocess.py:93} INFO - [0m18:33:13  21 of 36 START test relationships_dv_link_well_survey_hk_survey_type__hk_survey_type__ref_dv_hub_survey_type_  [RUN]
[2025-12-13T18:33:13.599+0000] {subprocess.py:93} INFO - [0m18:33:13  22 of 36 START test relationships_dv_sat_readings_hk_well_survey__hk_well_survey__ref_dv_link_well_survey_  [RUN]
[2025-12-13T18:33:13.602+0000] {subprocess.py:93} INFO - [0m18:33:13  19 of 36 PASS not_null_dv_link_well_survey_hk_well ............................. [[32mPASS[0m in 0.03s]
[2025-12-13T18:33:13.622+0000] {subprocess.py:93} INFO - [0m18:33:13  23 of 36 START test unique_dv_link_well_survey_hk_well_survey .................. [RUN]
[2025-12-13T18:33:13.645+0000] {subprocess.py:93} INFO - [0m18:33:13  20 of 36 PASS not_null_dv_link_well_survey_hk_well_survey ...................... [[32mPASS[0m in 0.04s]
[2025-12-13T18:33:13.647+0000] {subprocess.py:93} INFO - [0m18:33:13  21 of 36 PASS relationships_dv_link_well_survey_hk_survey_type__hk_survey_type__ref_dv_hub_survey_type_  [[32mPASS[0m in 0.05s]
[2025-12-13T18:33:13.648+0000] {subprocess.py:93} INFO - [0m18:33:13  22 of 36 PASS relationships_dv_sat_readings_hk_well_survey__hk_well_survey__ref_dv_link_well_survey_  [[32mPASS[0m in 0.05s]
[2025-12-13T18:33:13.650+0000] {subprocess.py:93} INFO - [0m18:33:13  24 of 36 START test not_null_dv_hub_well_hk_well ............................... [RUN]
[2025-12-13T18:33:13.651+0000] {subprocess.py:93} INFO - [0m18:33:13  23 of 36 PASS unique_dv_link_well_survey_hk_well_survey ........................ [[32mPASS[0m in 0.03s]
[2025-12-13T18:33:13.652+0000] {subprocess.py:93} INFO - [0m18:33:13  25 of 36 START test not_null_dv_hub_well_well_id_bk ............................ [RUN]
[2025-12-13T18:33:13.652+0000] {subprocess.py:93} INFO - [0m18:33:13  26 of 36 START test relationships_dv_link_well_survey_hk_well__hk_well__ref_dv_hub_well_  [RUN]
[2025-12-13T18:33:13.659+0000] {subprocess.py:93} INFO - [0m18:33:13  27 of 36 START test unique_dv_hub_well_hk_well ................................. [RUN]
[2025-12-13T18:33:13.696+0000] {subprocess.py:93} INFO - [0m18:33:13  25 of 36 PASS not_null_dv_hub_well_well_id_bk .................................. [[32mPASS[0m in 0.04s]
[2025-12-13T18:33:13.697+0000] {subprocess.py:93} INFO - [0m18:33:13  24 of 36 PASS not_null_dv_hub_well_hk_well ..................................... [[32mPASS[0m in 0.05s]
[2025-12-13T18:33:13.698+0000] {subprocess.py:93} INFO - [0m18:33:13  26 of 36 PASS relationships_dv_link_well_survey_hk_well__hk_well__ref_dv_hub_well_  [[32mPASS[0m in 0.04s]
[2025-12-13T18:33:13.699+0000] {subprocess.py:93} INFO - [0m18:33:13  27 of 36 PASS unique_dv_hub_well_hk_well ....................................... [[32mPASS[0m in 0.03s]
[2025-12-13T18:33:13.701+0000] {subprocess.py:93} INFO - [0m18:33:13  28 of 36 START sql table model public.dim_survey_type .......................... [RUN]
[2025-12-13T18:33:13.702+0000] {subprocess.py:93} INFO - [0m18:33:13  29 of 36 START sql table model public.dim_source_format ........................ [RUN]
[2025-12-13T18:33:13.703+0000] {subprocess.py:93} INFO - [0m18:33:13  30 of 36 START sql table model public.dim_time ................................. [RUN]
[2025-12-13T18:33:13.704+0000] {subprocess.py:93} INFO - [0m18:33:13  31 of 36 START sql table model public.fct_readings ............................. [RUN]
[2025-12-13T18:33:13.792+0000] {subprocess.py:93} INFO - [0m18:33:13  28 of 36 OK created sql table model public.dim_survey_type ..................... [[32mSELECT 3[0m in 0.09s]
[2025-12-13T18:33:13.794+0000] {subprocess.py:93} INFO - [0m18:33:13  30 of 36 OK created sql table model public.dim_time ............................ [[32mSELECT 1[0m in 0.09s]
[2025-12-13T18:33:13.797+0000] {subprocess.py:93} INFO - [0m18:33:13  32 of 36 START sql table model public.dim_well ................................. [RUN]
[2025-12-13T18:33:13.799+0000] {subprocess.py:93} INFO - [0m18:33:13  29 of 36 OK created sql table model public.dim_source_format ................... [[32mSELECT 2[0m in 0.09s]
[2025-12-13T18:33:13.801+0000] {subprocess.py:93} INFO - [0m18:33:13  31 of 36 OK created sql table model public.fct_readings ........................ [[32mSELECT 9980[0m in 0.09s]
[2025-12-13T18:33:13.805+0000] {subprocess.py:93} INFO - [0m18:33:13  33 of 36 START sql table model public.mart_sensor_analysis ..................... [RUN]
[2025-12-13T18:33:13.806+0000] {subprocess.py:93} INFO - [0m18:33:13  34 of 36 START sql table model public.mart_survey_summary ...................... [RUN]
[2025-12-13T18:33:13.810+0000] {subprocess.py:93} INFO - [0m18:33:13  35 of 36 START sql table model public.mart_well_performance .................... [RUN]
[2025-12-13T18:33:13.882+0000] {subprocess.py:93} INFO - [0m18:33:13  32 of 36 OK created sql table model public.dim_well ............................ [[32mSELECT 20[0m in 0.08s]
[2025-12-13T18:33:13.897+0000] {subprocess.py:93} INFO - [0m18:33:13  33 of 36 OK created sql table model public.mart_sensor_analysis ................ [[32mSELECT 3[0m in 0.09s]
[2025-12-13T18:33:13.902+0000] {subprocess.py:93} INFO - [0m18:33:13  35 of 36 OK created sql table model public.mart_well_performance ............... [[32mSELECT 21[0m in 0.09s]
[2025-12-13T18:33:13.902+0000] {subprocess.py:93} INFO - [0m18:33:13  34 of 36 OK created sql table model public.mart_survey_summary ................. [[32mSELECT 6[0m in 0.09s]
[2025-12-13T18:33:13.904+0000] {subprocess.py:93} INFO - [0m18:33:13  36 of 36 START snapshot snapshots.snap_mart_well_performance ................... [RUN]
[2025-12-13T18:33:14.041+0000] {subprocess.py:93} INFO - [0m18:33:14  36 of 36 OK snapshotted snapshots.snap_mart_well_performance ................... [[32mINSERT 0 21[0m in 0.14s]
[2025-12-13T18:33:14.051+0000] {subprocess.py:93} INFO - [0m18:33:14
[2025-12-13T18:33:14.051+0000] {subprocess.py:93} INFO - [0m18:33:14  Finished running 1 snapshot, 13 table models, 19 data tests, 3 view models in 0 hours 0 minutes and 1.16 seconds (1.16s).
[2025-12-13T18:33:14.152+0000] {subprocess.py:93} INFO - [0m18:33:14
[2025-12-13T18:33:14.152+0000] {subprocess.py:93} INFO - [0m18:33:14  [32mCompleted successfully[0m
[2025-12-13T18:33:14.153+0000] {subprocess.py:93} INFO - [0m18:33:14
[2025-12-13T18:33:14.153+0000] {subprocess.py:93} INFO - [0m18:33:14  Done. PASS=36 WARN=0 ERROR=0 SKIP=0 NO-OP=0 TOTAL=36
[2025-12-13T18:33:14.154+0000] {subprocess.py:93} INFO - [0m18:33:14  [[33mWARNING[0m][DeprecationsSummary]: Deprecated functionality
[2025-12-13T18:33:14.154+0000] {subprocess.py:93} INFO - Summary of encountered deprecations:
[2025-12-13T18:33:14.154+0000] {subprocess.py:93} INFO - - ConfigLogPathDeprecation: 1 occurrence
[2025-12-13T18:33:14.154+0000] {subprocess.py:93} INFO - - ConfigTargetPathDeprecation: 1 occurrence
[2025-12-13T18:33:14.154+0000] {subprocess.py:93} INFO - To see all deprecation instances instead of just the first occurrence of each,
[2025-12-13T18:33:14.154+0000] {subprocess.py:93} INFO - run command again with the `--show-all-deprecations` flag. You may also need to
[2025-12-13T18:33:14.154+0000] {subprocess.py:93} INFO - run with `--no-partial-parse` as some deprecations are only encountered during
[2025-12-13T18:33:14.154+0000] {subprocess.py:93} INFO - parsing.
[2025-12-13T18:33:16.556+0000] {subprocess.py:93} INFO - [0m18:33:16  Running with dbt=1.10.15
[2025-12-13T18:33:16.601+0000] {subprocess.py:93} INFO - [0m18:33:16  [[33mWARNING[0m]: Deprecated functionality
[2025-12-13T18:33:16.601+0000] {subprocess.py:93} INFO - The `log-path` config in `dbt_project.yml` has been deprecated, and will no
[2025-12-13T18:33:16.602+0000] {subprocess.py:93} INFO - longer be supported in a future version of dbt-core. If you wish to write dbt
[2025-12-13T18:33:16.602+0000] {subprocess.py:93} INFO - logs to a custom directory, please use the --log-path CLI flag or DBT_LOG_PATH
[2025-12-13T18:33:16.602+0000] {subprocess.py:93} INFO - env var instead.
[2025-12-13T18:33:16.602+0000] {subprocess.py:93} INFO - [0m18:33:16  [[33mWARNING[0m]: Deprecated functionality
[2025-12-13T18:33:16.602+0000] {subprocess.py:93} INFO - The `target-path` config in `dbt_project.yml` has been deprecated, and will no
[2025-12-13T18:33:16.602+0000] {subprocess.py:93} INFO - longer be supported in a future version of dbt-core. If you wish to write dbt
[2025-12-13T18:33:16.602+0000] {subprocess.py:93} INFO - artifacts to a custom directory, please use the --target-path CLI flag or
[2025-12-13T18:33:16.602+0000] {subprocess.py:93} INFO - DBT_TARGET_PATH env var instead.
[2025-12-13T18:33:16.779+0000] {subprocess.py:93} INFO - [0m18:33:16  Registered adapter: postgres=1.9.0
[2025-12-13T18:33:17.023+0000] {subprocess.py:93} INFO - [0m18:33:17  [[33mWARNING[0m]: Configuration paths exist in your dbt_project.yml file which do not apply to any resources.
[2025-12-13T18:33:17.023+0000] {subprocess.py:93} INFO - There are 1 unused configuration paths:
[2025-12-13T18:33:17.024+0000] {subprocess.py:93} INFO - - models.caspian_vault.example
[2025-12-13T18:33:17.193+0000] {subprocess.py:93} INFO - [0m18:33:17  Found 16 models, 1 snapshot, 19 data tests, 3 sources, 578 macros
[2025-12-13T18:33:17.195+0000] {subprocess.py:93} INFO - [0m18:33:17
[2025-12-13T18:33:17.195+0000] {subprocess.py:93} INFO - [0m18:33:17  Concurrency: 4 threads (target='dev')
[2025-12-13T18:33:17.195+0000] {subprocess.py:93} INFO - [0m18:33:17
[2025-12-13T18:33:17.305+0000] {subprocess.py:93} INFO - [0m18:33:17  1 of 1 START snapshot snapshots.snap_mart_well_performance ..................... [RUN]
[2025-12-13T18:33:17.466+0000] {subprocess.py:93} INFO - [0m18:33:17  1 of 1 OK snapshotted snapshots.snap_mart_well_performance ..................... [[32mINSERT 0 21[0m in 0.16s]
[2025-12-13T18:33:17.474+0000] {subprocess.py:93} INFO - [0m18:33:17
[2025-12-13T18:33:17.475+0000] {subprocess.py:93} INFO - [0m18:33:17  Finished running 1 snapshot in 0 hours 0 minutes and 0.28 seconds (0.28s).
[2025-12-13T18:33:17.507+0000] {subprocess.py:93} INFO - [0m18:33:17
[2025-12-13T18:33:17.507+0000] {subprocess.py:93} INFO - [0m18:33:17  [32mCompleted successfully[0m
[2025-12-13T18:33:17.508+0000] {subprocess.py:93} INFO - [0m18:33:17
[2025-12-13T18:33:17.508+0000] {subprocess.py:93} INFO - [0m18:33:17  Done. PASS=1 WARN=0 ERROR=0 SKIP=0 NO-OP=0 TOTAL=1
[2025-12-13T18:33:17.509+0000] {subprocess.py:93} INFO - [0m18:33:17  [[33mWARNING[0m][DeprecationsSummary]: Deprecated functionality
[2025-12-13T18:33:17.509+0000] {subprocess.py:93} INFO - Summary of encountered deprecations:
[2025-12-13T18:33:17.509+0000] {subprocess.py:93} INFO - - ConfigLogPathDeprecation: 1 occurrence
[2025-12-13T18:33:17.509+0000] {subprocess.py:93} INFO - - ConfigTargetPathDeprecation: 1 occurrence
[2025-12-13T18:33:17.509+0000] {subprocess.py:93} INFO - To see all deprecation instances instead of just the first occurrence of each,
[2025-12-13T18:33:17.509+0000] {subprocess.py:93} INFO - run command again with the `--show-all-deprecations` flag. You may also need to
[2025-12-13T18:33:17.509+0000] {subprocess.py:93} INFO - run with `--no-partial-parse` as some deprecations are only encountered during
[2025-12-13T18:33:17.509+0000] {subprocess.py:93} INFO - parsing.
[2025-12-13T18:33:18.116+0000] {subprocess.py:97} INFO - Command exited with return code 0
[2025-12-13T18:33:18.116+0000] {taskinstance.py:441} INFO - ::group::Post task execution logs
[2025-12-13T18:33:18.140+0000] {taskinstance.py:1206} INFO - Marking task as SUCCESS. dag_id=caspian_full_pipeline, task_id=dbt_build_and_snapshot, run_id=manual__2025-12-13T18:33:06.862297+00:00, execution_date=20251213T183306, start_date=20251213T183307, end_date=20251213T183318
[2025-12-13T18:33:18.190+0000] {local_task_job_runner.py:243} INFO - Task exited with return code 0
[2025-12-13T18:33:18.202+0000] {taskinstance.py:3503} INFO - 0 downstream tasks scheduled from follow-on schedule check
[2025-12-13T18:33:18.204+0000] {local_task_job_runner.py:222} INFO - ::endgroup::
