[2025-12-13T20:57:25.305+0000] {local_task_job_runner.py:120} INFO - ::group::Pre task execution logs
[2025-12-13T20:57:25.322+0000] {taskinstance.py:2076} INFO - Dependencies all met for dep_context=non-requeueable deps ti=<TaskInstance: caspian_full_pipeline.dbt_build_and_snapshot manual__2025-12-13T20:57:24.151439+00:00 [queued]>
[2025-12-13T20:57:25.327+0000] {taskinstance.py:2076} INFO - Dependencies all met for dep_context=requeueable deps ti=<TaskInstance: caspian_full_pipeline.dbt_build_and_snapshot manual__2025-12-13T20:57:24.151439+00:00 [queued]>
[2025-12-13T20:57:25.327+0000] {taskinstance.py:2306} INFO - Starting attempt 1 of 1
[2025-12-13T20:57:25.337+0000] {taskinstance.py:2330} INFO - Executing <Task(BashOperator): dbt_build_and_snapshot> on 2025-12-13 20:57:24.151439+00:00
[2025-12-13T20:57:25.342+0000] {warnings.py:112} WARNING - /home/***/.local/lib/python3.12/site-packages/***/task/task_runner/standard_task_runner.py:62: DeprecationWarning: This process (pid=205) is multi-threaded, use of fork() may lead to deadlocks in the child.
  pid = os.fork()

[2025-12-13T20:57:25.343+0000] {standard_task_runner.py:64} INFO - Started process 206 to run task
[2025-12-13T20:57:25.343+0000] {standard_task_runner.py:90} INFO - Running: ['***', 'tasks', 'run', 'caspian_full_pipeline', 'dbt_build_and_snapshot', 'manual__2025-12-13T20:57:24.151439+00:00', '--job-id', '51', '--raw', '--subdir', 'DAGS_FOLDER/caspian_full_pipeline.py', '--cfg-path', '/tmp/tmp_vf2rj8k']
[2025-12-13T20:57:25.344+0000] {standard_task_runner.py:91} INFO - Job 51: Subtask dbt_build_and_snapshot
[2025-12-13T20:57:25.376+0000] {task_command.py:426} INFO - Running <TaskInstance: caspian_full_pipeline.dbt_build_and_snapshot manual__2025-12-13T20:57:24.151439+00:00 [running]> on host 3c0ddfc4fe5e
[2025-12-13T20:57:25.440+0000] {taskinstance.py:2648} INFO - Exporting env vars: AIRFLOW_CTX_DAG_OWNER='***' AIRFLOW_CTX_DAG_ID='caspian_full_pipeline' AIRFLOW_CTX_TASK_ID='dbt_build_and_snapshot' AIRFLOW_CTX_EXECUTION_DATE='2025-12-13T20:57:24.151439+00:00' AIRFLOW_CTX_TRY_NUMBER='1' AIRFLOW_CTX_DAG_RUN_ID='manual__2025-12-13T20:57:24.151439+00:00'
[2025-12-13T20:57:25.441+0000] {taskinstance.py:430} INFO - ::endgroup::
[2025-12-13T20:57:25.450+0000] {subprocess.py:63} INFO - Tmp dir root location: /tmp
[2025-12-13T20:57:25.451+0000] {subprocess.py:75} INFO - Running command: ['/usr/bin/bash', '-c', '\n        set -euo pipefail\n\n        export DBT_PROFILES_DIR=/opt/project/caspian_vault/dbt_profiles\n        export DBT_LOG_PATH=/opt/***/logs/dbt\n        export DBT_TARGET_PATH=/opt/***/dbt_target\n\n        mkdir -p "$DBT_LOG_PATH" "$DBT_TARGET_PATH"\n\n        cd /opt/project/caspian_vault\n\n        /home/***/.local/bin/dbt deps --profile caspian_vault --target dev\n        /home/***/.local/bin/dbt build --profile caspian_vault --target dev\n        /home/***/.local/bin/dbt snapshot --profile caspian_vault --target dev\n        ']
[2025-12-13T20:57:25.461+0000] {subprocess.py:86} INFO - Output:
[2025-12-13T20:57:26.805+0000] {subprocess.py:93} INFO - [0m20:57:26  Running with dbt=1.10.15
[2025-12-13T20:57:26.811+0000] {subprocess.py:93} INFO - [0m20:57:26  [[33mWARNING[0m]: Deprecated functionality
[2025-12-13T20:57:26.811+0000] {subprocess.py:93} INFO - The `log-path` config in `dbt_project.yml` has been deprecated, and will no
[2025-12-13T20:57:26.812+0000] {subprocess.py:93} INFO - longer be supported in a future version of dbt-core. If you wish to write dbt
[2025-12-13T20:57:26.812+0000] {subprocess.py:93} INFO - logs to a custom directory, please use the --log-path CLI flag or DBT_LOG_PATH
[2025-12-13T20:57:26.812+0000] {subprocess.py:93} INFO - env var instead.
[2025-12-13T20:57:26.812+0000] {subprocess.py:93} INFO - [0m20:57:26  [[33mWARNING[0m]: Deprecated functionality
[2025-12-13T20:57:26.812+0000] {subprocess.py:93} INFO - The `target-path` config in `dbt_project.yml` has been deprecated, and will no
[2025-12-13T20:57:26.812+0000] {subprocess.py:93} INFO - longer be supported in a future version of dbt-core. If you wish to write dbt
[2025-12-13T20:57:26.812+0000] {subprocess.py:93} INFO - artifacts to a custom directory, please use the --target-path CLI flag or
[2025-12-13T20:57:26.812+0000] {subprocess.py:93} INFO - DBT_TARGET_PATH env var instead.
[2025-12-13T20:57:27.106+0000] {subprocess.py:93} INFO - [0m20:57:27  Installing dbt-labs/dbt_utils
[2025-12-13T20:57:27.350+0000] {subprocess.py:93} INFO - [0m20:57:27  Installed from version 1.3.0
[2025-12-13T20:57:27.350+0000] {subprocess.py:93} INFO - [0m20:57:27  Updated version available: 1.3.3
[2025-12-13T20:57:27.351+0000] {subprocess.py:93} INFO - [0m20:57:27
[2025-12-13T20:57:27.351+0000] {subprocess.py:93} INFO - [0m20:57:27  Updates available for packages: ['dbt-labs/dbt_utils']
[2025-12-13T20:57:27.351+0000] {subprocess.py:93} INFO - Update your versions in packages.yml, then run dbt deps
[2025-12-13T20:57:27.352+0000] {subprocess.py:93} INFO - [0m20:57:27  [[33mWARNING[0m][DeprecationsSummary]: Deprecated functionality
[2025-12-13T20:57:27.352+0000] {subprocess.py:93} INFO - Summary of encountered deprecations:
[2025-12-13T20:57:27.352+0000] {subprocess.py:93} INFO - - ConfigLogPathDeprecation: 1 occurrence
[2025-12-13T20:57:27.352+0000] {subprocess.py:93} INFO - - ConfigTargetPathDeprecation: 1 occurrence
[2025-12-13T20:57:27.352+0000] {subprocess.py:93} INFO - To see all deprecation instances instead of just the first occurrence of each,
[2025-12-13T20:57:27.352+0000] {subprocess.py:93} INFO - run command again with the `--show-all-deprecations` flag. You may also need to
[2025-12-13T20:57:27.352+0000] {subprocess.py:93} INFO - run with `--no-partial-parse` as some deprecations are only encountered during
[2025-12-13T20:57:27.352+0000] {subprocess.py:93} INFO - parsing.
[2025-12-13T20:57:29.320+0000] {subprocess.py:93} INFO - [0m20:57:29  Running with dbt=1.10.15
[2025-12-13T20:57:29.365+0000] {subprocess.py:93} INFO - [0m20:57:29  [[33mWARNING[0m]: Deprecated functionality
[2025-12-13T20:57:29.365+0000] {subprocess.py:93} INFO - The `log-path` config in `dbt_project.yml` has been deprecated, and will no
[2025-12-13T20:57:29.365+0000] {subprocess.py:93} INFO - longer be supported in a future version of dbt-core. If you wish to write dbt
[2025-12-13T20:57:29.365+0000] {subprocess.py:93} INFO - logs to a custom directory, please use the --log-path CLI flag or DBT_LOG_PATH
[2025-12-13T20:57:29.365+0000] {subprocess.py:93} INFO - env var instead.
[2025-12-13T20:57:29.366+0000] {subprocess.py:93} INFO - [0m20:57:29  [[33mWARNING[0m]: Deprecated functionality
[2025-12-13T20:57:29.366+0000] {subprocess.py:93} INFO - The `target-path` config in `dbt_project.yml` has been deprecated, and will no
[2025-12-13T20:57:29.366+0000] {subprocess.py:93} INFO - longer be supported in a future version of dbt-core. If you wish to write dbt
[2025-12-13T20:57:29.366+0000] {subprocess.py:93} INFO - artifacts to a custom directory, please use the --target-path CLI flag or
[2025-12-13T20:57:29.366+0000] {subprocess.py:93} INFO - DBT_TARGET_PATH env var instead.
[2025-12-13T20:57:29.542+0000] {subprocess.py:93} INFO - [0m20:57:29  Registered adapter: postgres=1.9.0
[2025-12-13T20:57:29.782+0000] {subprocess.py:93} INFO - [0m20:57:29  Unable to do partial parsing because an error occurred. Switching to full reparse.
[2025-12-13T20:57:31.105+0000] {subprocess.py:93} INFO - [0m20:57:31  [[33mWARNING[0m][MissingArgumentsPropertyInGenericTestDeprecation]: Deprecated
[2025-12-13T20:57:31.106+0000] {subprocess.py:93} INFO - functionality
[2025-12-13T20:57:31.106+0000] {subprocess.py:93} INFO - Found top-level arguments to test `dbt_utils.expression_is_true`. Arguments to
[2025-12-13T20:57:31.106+0000] {subprocess.py:93} INFO - generic tests should be nested under the `arguments` property.`
[2025-12-13T20:57:31.304+0000] {subprocess.py:93} INFO - [0m20:57:31  [[33mWARNING[0m]: Configuration paths exist in your dbt_project.yml file which do not apply to any resources.
[2025-12-13T20:57:31.304+0000] {subprocess.py:93} INFO - There are 1 unused configuration paths:
[2025-12-13T20:57:31.305+0000] {subprocess.py:93} INFO - - models.caspian_vault.example
[2025-12-13T20:57:31.497+0000] {subprocess.py:93} INFO - [0m20:57:31  Found 13 models, 1 snapshot, 19 data tests, 3 sources, 578 macros
[2025-12-13T20:57:31.500+0000] {subprocess.py:93} INFO - [0m20:57:31
[2025-12-13T20:57:31.500+0000] {subprocess.py:93} INFO - [0m20:57:31  Concurrency: 4 threads (target='dev')
[2025-12-13T20:57:31.501+0000] {subprocess.py:93} INFO - [0m20:57:31
[2025-12-13T20:57:31.614+0000] {subprocess.py:93} INFO - [0m20:57:31  1 of 33 START sql table model public.stg_readings .............................. [RUN]
[2025-12-13T20:57:31.757+0000] {subprocess.py:93} INFO - [0m20:57:31  1 of 33 OK created sql table model public.stg_readings ......................... [[32mSELECT 9980[0m in 0.14s]
[2025-12-13T20:57:31.759+0000] {subprocess.py:93} INFO - [0m20:57:31  2 of 33 START test dbt_utils_expression_is_true_stg_readings_survey_type_id_is_not_null  [RUN]
[2025-12-13T20:57:31.760+0000] {subprocess.py:93} INFO - [0m20:57:31  3 of 33 START test dbt_utils_expression_is_true_stg_readings_well_id_is_not_null  [RUN]
[2025-12-13T20:57:31.798+0000] {subprocess.py:93} INFO - [0m20:57:31  3 of 33 PASS dbt_utils_expression_is_true_stg_readings_well_id_is_not_null ..... [[32mPASS[0m in 0.04s]
[2025-12-13T20:57:31.799+0000] {subprocess.py:93} INFO - [0m20:57:31  2 of 33 PASS dbt_utils_expression_is_true_stg_readings_survey_type_id_is_not_null  [[32mPASS[0m in 0.04s]
[2025-12-13T20:57:31.801+0000] {subprocess.py:93} INFO - [0m20:57:31  4 of 33 START sql table model public.dv_hub_survey_type ........................ [RUN]
[2025-12-13T20:57:31.802+0000] {subprocess.py:93} INFO - [0m20:57:31  5 of 33 START sql table model public.dv_hub_well ............................... [RUN]
[2025-12-13T20:57:31.803+0000] {subprocess.py:93} INFO - [0m20:57:31  6 of 33 START sql table model public.dv_link_well_survey ....................... [RUN]
[2025-12-13T20:57:31.803+0000] {subprocess.py:93} INFO - [0m20:57:31  7 of 33 START sql table model public.dv_sat_readings ........................... [RUN]
[2025-12-13T20:57:31.919+0000] {subprocess.py:93} INFO - [0m20:57:31  4 of 33 OK created sql table model public.dv_hub_survey_type ................... [[32mSELECT 3[0m in 0.12s]
[2025-12-13T20:57:31.920+0000] {subprocess.py:93} INFO - [0m20:57:31  8 of 33 START test not_null_dv_hub_survey_type_hk_survey_type .................. [RUN]
[2025-12-13T20:57:31.935+0000] {subprocess.py:93} INFO - [0m20:57:31  6 of 33 OK created sql table model public.dv_link_well_survey .................. [[32mSELECT 50[0m in 0.13s]
[2025-12-13T20:57:31.936+0000] {subprocess.py:93} INFO - [0m20:57:31  7 of 33 OK created sql table model public.dv_sat_readings ...................... [[32mSELECT 9980[0m in 0.13s]
[2025-12-13T20:57:31.937+0000] {subprocess.py:93} INFO - [0m20:57:31  5 of 33 OK created sql table model public.dv_hub_well .......................... [[32mSELECT 20[0m in 0.13s]
[2025-12-13T20:57:31.940+0000] {subprocess.py:93} INFO - [0m20:57:31  9 of 33 START test not_null_dv_hub_survey_type_survey_type_bk .................. [RUN]
[2025-12-13T20:57:31.941+0000] {subprocess.py:93} INFO - [0m20:57:31  10 of 33 START test unique_dv_hub_survey_type_hk_survey_type ................... [RUN]
[2025-12-13T20:57:31.942+0000] {subprocess.py:93} INFO - [0m20:57:31  11 of 33 START test not_null_dv_link_well_survey_hk_survey_type ................ [RUN]
[2025-12-13T20:57:31.966+0000] {subprocess.py:93} INFO - [0m20:57:31  8 of 33 PASS not_null_dv_hub_survey_type_hk_survey_type ........................ [[32mPASS[0m in 0.05s]
[2025-12-13T20:57:31.968+0000] {subprocess.py:93} INFO - [0m20:57:31  12 of 33 START test not_null_dv_link_well_survey_hk_well ....................... [RUN]
[2025-12-13T20:57:31.984+0000] {subprocess.py:93} INFO - [0m20:57:31  11 of 33 PASS not_null_dv_link_well_survey_hk_survey_type ...................... [[32mPASS[0m in 0.04s]
[2025-12-13T20:57:31.985+0000] {subprocess.py:93} INFO - [0m20:57:31  9 of 33 PASS not_null_dv_hub_survey_type_survey_type_bk ........................ [[32mPASS[0m in 0.04s]
[2025-12-13T20:57:31.986+0000] {subprocess.py:93} INFO - [0m20:57:31  10 of 33 PASS unique_dv_hub_survey_type_hk_survey_type ......................... [[32mPASS[0m in 0.04s]
[2025-12-13T20:57:31.988+0000] {subprocess.py:93} INFO - [0m20:57:31  13 of 33 START test not_null_dv_link_well_survey_hk_well_survey ................ [RUN]
[2025-12-13T20:57:31.989+0000] {subprocess.py:93} INFO - [0m20:57:31  14 of 33 START test relationships_dv_link_well_survey_hk_survey_type__hk_survey_type__ref_dv_hub_survey_type_  [RUN]
[2025-12-13T20:57:31.990+0000] {subprocess.py:93} INFO - [0m20:57:31  15 of 33 START test unique_dv_link_well_survey_hk_well_survey .................. [RUN]
[2025-12-13T20:57:32.009+0000] {subprocess.py:93} INFO - [0m20:57:32  12 of 33 PASS not_null_dv_link_well_survey_hk_well ............................. [[32mPASS[0m in 0.04s]
[2025-12-13T20:57:32.015+0000] {subprocess.py:93} INFO - [0m20:57:32  16 of 33 START test not_null_dv_sat_readings_hk_well_survey .................... [RUN]
[2025-12-13T20:57:32.032+0000] {subprocess.py:93} INFO - [0m20:57:32  13 of 33 PASS not_null_dv_link_well_survey_hk_well_survey ...................... [[32mPASS[0m in 0.04s]
[2025-12-13T20:57:32.033+0000] {subprocess.py:93} INFO - [0m20:57:32  15 of 33 PASS unique_dv_link_well_survey_hk_well_survey ........................ [[32mPASS[0m in 0.04s]
[2025-12-13T20:57:32.033+0000] {subprocess.py:93} INFO - [0m20:57:32  14 of 33 PASS relationships_dv_link_well_survey_hk_survey_type__hk_survey_type__ref_dv_hub_survey_type_  [[32mPASS[0m in 0.04s]
[2025-12-13T20:57:32.037+0000] {subprocess.py:93} INFO - [0m20:57:32  17 of 33 START test not_null_dv_sat_readings_load_ts ........................... [RUN]
[2025-12-13T20:57:32.037+0000] {subprocess.py:93} INFO - [0m20:57:32  18 of 33 START test not_null_dv_sat_readings_row_checksum ...................... [RUN]
[2025-12-13T20:57:32.038+0000] {subprocess.py:93} INFO - [0m20:57:32  19 of 33 START test relationships_dv_sat_readings_hk_well_survey__hk_well_survey__ref_dv_link_well_survey_  [RUN]
[2025-12-13T20:57:32.060+0000] {subprocess.py:93} INFO - [0m20:57:32  16 of 33 PASS not_null_dv_sat_readings_hk_well_survey .......................... [[32mPASS[0m in 0.04s]
[2025-12-13T20:57:32.064+0000] {subprocess.py:93} INFO - [0m20:57:32  20 of 33 START test test_counts_match .......................................... [RUN]
[2025-12-13T20:57:32.080+0000] {subprocess.py:93} INFO - [0m20:57:32  17 of 33 PASS not_null_dv_sat_readings_load_ts ................................. [[32mPASS[0m in 0.04s]
[2025-12-13T20:57:32.080+0000] {subprocess.py:93} INFO - [0m20:57:32  18 of 33 PASS not_null_dv_sat_readings_row_checksum ............................ [[32mPASS[0m in 0.04s]
[2025-12-13T20:57:32.081+0000] {subprocess.py:93} INFO - [0m20:57:32  19 of 33 PASS relationships_dv_sat_readings_hk_well_survey__hk_well_survey__ref_dv_link_well_survey_  [[32mPASS[0m in 0.04s]
[2025-12-13T20:57:32.084+0000] {subprocess.py:93} INFO - [0m20:57:32  21 of 33 START test not_null_dv_hub_well_hk_well ............................... [RUN]
[2025-12-13T20:57:32.085+0000] {subprocess.py:93} INFO - [0m20:57:32  22 of 33 START test not_null_dv_hub_well_well_id_bk ............................ [RUN]
[2025-12-13T20:57:32.086+0000] {subprocess.py:93} INFO - [0m20:57:32  23 of 33 START test relationships_dv_link_well_survey_hk_well__hk_well__ref_dv_hub_well_  [RUN]
[2025-12-13T20:57:32.103+0000] {subprocess.py:93} INFO - [0m20:57:32  20 of 33 PASS test_counts_match ................................................ [[32mPASS[0m in 0.04s]
[2025-12-13T20:57:32.110+0000] {subprocess.py:93} INFO - [0m20:57:32  24 of 33 START test unique_dv_hub_well_hk_well ................................. [RUN]
[2025-12-13T20:57:32.128+0000] {subprocess.py:93} INFO - [0m20:57:32  21 of 33 PASS not_null_dv_hub_well_hk_well ..................................... [[32mPASS[0m in 0.04s]
[2025-12-13T20:57:32.128+0000] {subprocess.py:93} INFO - [0m20:57:32  23 of 33 PASS relationships_dv_link_well_survey_hk_well__hk_well__ref_dv_hub_well_  [[32mPASS[0m in 0.04s]
[2025-12-13T20:57:32.129+0000] {subprocess.py:93} INFO - [0m20:57:32  22 of 33 PASS not_null_dv_hub_well_well_id_bk .................................. [[32mPASS[0m in 0.04s]
[2025-12-13T20:57:32.133+0000] {subprocess.py:93} INFO - [0m20:57:32  25 of 33 START sql table model public.dim_survey_type .......................... [RUN]
[2025-12-13T20:57:32.133+0000] {subprocess.py:93} INFO - [0m20:57:32  26 of 33 START sql table model public.dim_source_format ........................ [RUN]
[2025-12-13T20:57:32.134+0000] {subprocess.py:93} INFO - [0m20:57:32  27 of 33 START sql table model public.dim_time ................................. [RUN]
[2025-12-13T20:57:32.145+0000] {subprocess.py:93} INFO - [0m20:57:32  24 of 33 PASS unique_dv_hub_well_hk_well ....................................... [[32mPASS[0m in 0.03s]
[2025-12-13T20:57:32.157+0000] {subprocess.py:93} INFO - [0m20:57:32  28 of 33 START sql table model public.fct_readings ............................. [RUN]
[2025-12-13T20:57:32.241+0000] {subprocess.py:93} INFO - [0m20:57:32  25 of 33 OK created sql table model public.dim_survey_type ..................... [[32mSELECT 3[0m in 0.11s]
[2025-12-13T20:57:32.247+0000] {subprocess.py:93} INFO - [0m20:57:32  28 of 33 OK created sql table model public.fct_readings ........................ [[32mSELECT 9980[0m in 0.09s]
[2025-12-13T20:57:32.248+0000] {subprocess.py:93} INFO - [0m20:57:32  29 of 33 START sql table model public.dim_well ................................. [RUN]
[2025-12-13T20:57:32.249+0000] {subprocess.py:93} INFO - [0m20:57:32  26 of 33 OK created sql table model public.dim_source_format ................... [[32mSELECT 2[0m in 0.11s]
[2025-12-13T20:57:32.249+0000] {subprocess.py:93} INFO - [0m20:57:32  27 of 33 OK created sql table model public.dim_time ............................ [[32mSELECT 1[0m in 0.11s]
[2025-12-13T20:57:32.253+0000] {subprocess.py:93} INFO - [0m20:57:32  30 of 33 START sql table model public.mart_sensor_analysis ..................... [RUN]
[2025-12-13T20:57:32.256+0000] {subprocess.py:93} INFO - [0m20:57:32  31 of 33 START sql table model public.mart_survey_summary ...................... [RUN]
[2025-12-13T20:57:32.256+0000] {subprocess.py:93} INFO - [0m20:57:32  32 of 33 START sql table model public.mart_well_performance .................... [RUN]
[2025-12-13T20:57:32.394+0000] {subprocess.py:93} INFO - [0m20:57:32  29 of 33 OK created sql table model public.dim_well ............................ [[32mSELECT 20[0m in 0.14s]
[2025-12-13T20:57:32.403+0000] {subprocess.py:93} INFO - [0m20:57:32  30 of 33 OK created sql table model public.mart_sensor_analysis ................ [[32mSELECT 3[0m in 0.14s]
[2025-12-13T20:57:32.405+0000] {subprocess.py:93} INFO - [0m20:57:32  32 of 33 OK created sql table model public.mart_well_performance ............... [[32mSELECT 21[0m in 0.15s]
[2025-12-13T20:57:32.407+0000] {subprocess.py:93} INFO - [0m20:57:32  31 of 33 OK created sql table model public.mart_survey_summary ................. [[32mSELECT 6[0m in 0.15s]
[2025-12-13T20:57:32.408+0000] {subprocess.py:93} INFO - [0m20:57:32  33 of 33 START snapshot snapshots.snap_mart_well_performance ................... [RUN]
[2025-12-13T20:57:32.546+0000] {subprocess.py:93} INFO - [0m20:57:32  33 of 33 OK snapshotted snapshots.snap_mart_well_performance ................... [[32mINSERT 0 21[0m in 0.14s]
[2025-12-13T20:57:32.555+0000] {subprocess.py:93} INFO - [0m20:57:32
[2025-12-13T20:57:32.556+0000] {subprocess.py:93} INFO - [0m20:57:32  Finished running 1 snapshot, 13 table models, 19 data tests in 0 hours 0 minutes and 1.05 seconds (1.05s).
[2025-12-13T20:57:32.593+0000] {subprocess.py:93} INFO - [0m20:57:32
[2025-12-13T20:57:32.593+0000] {subprocess.py:93} INFO - [0m20:57:32  [32mCompleted successfully[0m
[2025-12-13T20:57:32.593+0000] {subprocess.py:93} INFO - [0m20:57:32
[2025-12-13T20:57:32.594+0000] {subprocess.py:93} INFO - [0m20:57:32  Done. PASS=33 WARN=0 ERROR=0 SKIP=0 NO-OP=0 TOTAL=33
[2025-12-13T20:57:32.594+0000] {subprocess.py:93} INFO - [0m20:57:32  [[33mWARNING[0m][DeprecationsSummary]: Deprecated functionality
[2025-12-13T20:57:32.594+0000] {subprocess.py:93} INFO - Summary of encountered deprecations:
[2025-12-13T20:57:32.595+0000] {subprocess.py:93} INFO - - ConfigLogPathDeprecation: 1 occurrence
[2025-12-13T20:57:32.595+0000] {subprocess.py:93} INFO - - ConfigTargetPathDeprecation: 1 occurrence
[2025-12-13T20:57:32.595+0000] {subprocess.py:93} INFO - - MissingArgumentsPropertyInGenericTestDeprecation: 5 occurrences
[2025-12-13T20:57:32.595+0000] {subprocess.py:93} INFO - To see all deprecation instances instead of just the first occurrence of each,
[2025-12-13T20:57:32.595+0000] {subprocess.py:93} INFO - run command again with the `--show-all-deprecations` flag. You may also need to
[2025-12-13T20:57:32.595+0000] {subprocess.py:93} INFO - run with `--no-partial-parse` as some deprecations are only encountered during
[2025-12-13T20:57:32.595+0000] {subprocess.py:93} INFO - parsing.
[2025-12-13T20:57:34.682+0000] {subprocess.py:93} INFO - [0m20:57:34  Running with dbt=1.10.15
[2025-12-13T20:57:34.727+0000] {subprocess.py:93} INFO - [0m20:57:34  [[33mWARNING[0m]: Deprecated functionality
[2025-12-13T20:57:34.727+0000] {subprocess.py:93} INFO - The `log-path` config in `dbt_project.yml` has been deprecated, and will no
[2025-12-13T20:57:34.727+0000] {subprocess.py:93} INFO - longer be supported in a future version of dbt-core. If you wish to write dbt
[2025-12-13T20:57:34.727+0000] {subprocess.py:93} INFO - logs to a custom directory, please use the --log-path CLI flag or DBT_LOG_PATH
[2025-12-13T20:57:34.727+0000] {subprocess.py:93} INFO - env var instead.
[2025-12-13T20:57:34.728+0000] {subprocess.py:93} INFO - [0m20:57:34  [[33mWARNING[0m]: Deprecated functionality
[2025-12-13T20:57:34.728+0000] {subprocess.py:93} INFO - The `target-path` config in `dbt_project.yml` has been deprecated, and will no
[2025-12-13T20:57:34.728+0000] {subprocess.py:93} INFO - longer be supported in a future version of dbt-core. If you wish to write dbt
[2025-12-13T20:57:34.728+0000] {subprocess.py:93} INFO - artifacts to a custom directory, please use the --target-path CLI flag or
[2025-12-13T20:57:34.728+0000] {subprocess.py:93} INFO - DBT_TARGET_PATH env var instead.
[2025-12-13T20:57:34.904+0000] {subprocess.py:93} INFO - [0m20:57:34  Registered adapter: postgres=1.9.0
[2025-12-13T20:57:35.146+0000] {subprocess.py:93} INFO - [0m20:57:35  [[33mWARNING[0m]: Configuration paths exist in your dbt_project.yml file which do not apply to any resources.
[2025-12-13T20:57:35.146+0000] {subprocess.py:93} INFO - There are 1 unused configuration paths:
[2025-12-13T20:57:35.147+0000] {subprocess.py:93} INFO - - models.caspian_vault.example
[2025-12-13T20:57:35.313+0000] {subprocess.py:93} INFO - [0m20:57:35  Found 13 models, 1 snapshot, 19 data tests, 3 sources, 578 macros
[2025-12-13T20:57:35.315+0000] {subprocess.py:93} INFO - [0m20:57:35
[2025-12-13T20:57:35.316+0000] {subprocess.py:93} INFO - [0m20:57:35  Concurrency: 4 threads (target='dev')
[2025-12-13T20:57:35.316+0000] {subprocess.py:93} INFO - [0m20:57:35
[2025-12-13T20:57:35.424+0000] {subprocess.py:93} INFO - [0m20:57:35  1 of 1 START snapshot snapshots.snap_mart_well_performance ..................... [RUN]
[2025-12-13T20:57:35.590+0000] {subprocess.py:93} INFO - [0m20:57:35  1 of 1 OK snapshotted snapshots.snap_mart_well_performance ..................... [[32mINSERT 0 21[0m in 0.16s]
[2025-12-13T20:57:35.599+0000] {subprocess.py:93} INFO - [0m20:57:35
[2025-12-13T20:57:35.599+0000] {subprocess.py:93} INFO - [0m20:57:35  Finished running 1 snapshot in 0 hours 0 minutes and 0.28 seconds (0.28s).
[2025-12-13T20:57:35.679+0000] {subprocess.py:93} INFO - [0m20:57:35
[2025-12-13T20:57:35.680+0000] {subprocess.py:93} INFO - [0m20:57:35  [32mCompleted successfully[0m
[2025-12-13T20:57:35.680+0000] {subprocess.py:93} INFO - [0m20:57:35
[2025-12-13T20:57:35.680+0000] {subprocess.py:93} INFO - [0m20:57:35  Done. PASS=1 WARN=0 ERROR=0 SKIP=0 NO-OP=0 TOTAL=1
[2025-12-13T20:57:35.681+0000] {subprocess.py:93} INFO - [0m20:57:35  [[33mWARNING[0m][DeprecationsSummary]: Deprecated functionality
[2025-12-13T20:57:35.681+0000] {subprocess.py:93} INFO - Summary of encountered deprecations:
[2025-12-13T20:57:35.681+0000] {subprocess.py:93} INFO - - ConfigLogPathDeprecation: 1 occurrence
[2025-12-13T20:57:35.681+0000] {subprocess.py:93} INFO - - ConfigTargetPathDeprecation: 1 occurrence
[2025-12-13T20:57:35.681+0000] {subprocess.py:93} INFO - To see all deprecation instances instead of just the first occurrence of each,
[2025-12-13T20:57:35.681+0000] {subprocess.py:93} INFO - run command again with the `--show-all-deprecations` flag. You may also need to
[2025-12-13T20:57:35.681+0000] {subprocess.py:93} INFO - run with `--no-partial-parse` as some deprecations are only encountered during
[2025-12-13T20:57:35.681+0000] {subprocess.py:93} INFO - parsing.
[2025-12-13T20:57:36.283+0000] {subprocess.py:97} INFO - Command exited with return code 0
[2025-12-13T20:57:36.284+0000] {taskinstance.py:441} INFO - ::group::Post task execution logs
[2025-12-13T20:57:36.305+0000] {taskinstance.py:1206} INFO - Marking task as SUCCESS. dag_id=caspian_full_pipeline, task_id=dbt_build_and_snapshot, run_id=manual__2025-12-13T20:57:24.151439+00:00, execution_date=20251213T205724, start_date=20251213T205725, end_date=20251213T205736
[2025-12-13T20:57:36.360+0000] {local_task_job_runner.py:243} INFO - Task exited with return code 0
[2025-12-13T20:57:36.372+0000] {taskinstance.py:3503} INFO - 0 downstream tasks scheduled from follow-on schedule check
[2025-12-13T20:57:36.374+0000] {local_task_job_runner.py:222} INFO - ::endgroup::
