[2025-12-13T20:19:26.243+0000] {local_task_job_runner.py:120} INFO - ::group::Pre task execution logs
[2025-12-13T20:19:26.261+0000] {taskinstance.py:2076} INFO - Dependencies all met for dep_context=non-requeueable deps ti=<TaskInstance: caspian_full_pipeline.dbt_build_and_snapshot manual__2025-12-13T20:19:25+00:00 [queued]>
[2025-12-13T20:19:26.266+0000] {taskinstance.py:2076} INFO - Dependencies all met for dep_context=requeueable deps ti=<TaskInstance: caspian_full_pipeline.dbt_build_and_snapshot manual__2025-12-13T20:19:25+00:00 [queued]>
[2025-12-13T20:19:26.266+0000] {taskinstance.py:2306} INFO - Starting attempt 1 of 1
[2025-12-13T20:19:26.276+0000] {taskinstance.py:2330} INFO - Executing <Task(BashOperator): dbt_build_and_snapshot> on 2025-12-13 20:19:25+00:00
[2025-12-13T20:19:26.282+0000] {warnings.py:112} WARNING - /home/***/.local/lib/python3.12/site-packages/***/task/task_runner/standard_task_runner.py:62: DeprecationWarning: This process (pid=81) is multi-threaded, use of fork() may lead to deadlocks in the child.
  pid = os.fork()

[2025-12-13T20:19:26.283+0000] {standard_task_runner.py:64} INFO - Started process 82 to run task
[2025-12-13T20:19:26.283+0000] {standard_task_runner.py:90} INFO - Running: ['***', 'tasks', 'run', 'caspian_full_pipeline', 'dbt_build_and_snapshot', 'manual__2025-12-13T20:19:25+00:00', '--job-id', '48', '--raw', '--subdir', 'DAGS_FOLDER/caspian_full_pipeline.py', '--cfg-path', '/tmp/tmptva96hmu']
[2025-12-13T20:19:26.284+0000] {standard_task_runner.py:91} INFO - Job 48: Subtask dbt_build_and_snapshot
[2025-12-13T20:19:26.316+0000] {task_command.py:426} INFO - Running <TaskInstance: caspian_full_pipeline.dbt_build_and_snapshot manual__2025-12-13T20:19:25+00:00 [running]> on host 3c0ddfc4fe5e
[2025-12-13T20:19:26.386+0000] {taskinstance.py:2648} INFO - Exporting env vars: AIRFLOW_CTX_DAG_OWNER='***' AIRFLOW_CTX_DAG_ID='caspian_full_pipeline' AIRFLOW_CTX_TASK_ID='dbt_build_and_snapshot' AIRFLOW_CTX_EXECUTION_DATE='2025-12-13T20:19:25+00:00' AIRFLOW_CTX_TRY_NUMBER='1' AIRFLOW_CTX_DAG_RUN_ID='manual__2025-12-13T20:19:25+00:00'
[2025-12-13T20:19:26.386+0000] {taskinstance.py:430} INFO - ::endgroup::
[2025-12-13T20:19:26.397+0000] {subprocess.py:63} INFO - Tmp dir root location: /tmp
[2025-12-13T20:19:26.397+0000] {subprocess.py:75} INFO - Running command: ['/usr/bin/bash', '-c', '\n        set -euo pipefail\n\n        export DBT_PROFILES_DIR=/opt/project/caspian_vault/dbt_profiles\n        export DBT_LOG_PATH=/opt/***/logs/dbt\n        export DBT_TARGET_PATH=/opt/***/dbt_target\n\n        mkdir -p "$DBT_LOG_PATH" "$DBT_TARGET_PATH"\n\n        cd /opt/project/caspian_vault\n\n        /home/***/.local/bin/dbt deps --profile caspian_vault --target dev\n        /home/***/.local/bin/dbt build --profile caspian_vault --target dev\n        /home/***/.local/bin/dbt snapshot --profile caspian_vault --target dev\n        ']
[2025-12-13T20:19:26.407+0000] {subprocess.py:86} INFO - Output:
[2025-12-13T20:19:27.756+0000] {subprocess.py:93} INFO - [0m20:19:27  Running with dbt=1.10.15
[2025-12-13T20:19:27.762+0000] {subprocess.py:93} INFO - [0m20:19:27  [[33mWARNING[0m]: Deprecated functionality
[2025-12-13T20:19:27.762+0000] {subprocess.py:93} INFO - The `log-path` config in `dbt_project.yml` has been deprecated, and will no
[2025-12-13T20:19:27.763+0000] {subprocess.py:93} INFO - longer be supported in a future version of dbt-core. If you wish to write dbt
[2025-12-13T20:19:27.763+0000] {subprocess.py:93} INFO - logs to a custom directory, please use the --log-path CLI flag or DBT_LOG_PATH
[2025-12-13T20:19:27.763+0000] {subprocess.py:93} INFO - env var instead.
[2025-12-13T20:19:27.763+0000] {subprocess.py:93} INFO - [0m20:19:27  [[33mWARNING[0m]: Deprecated functionality
[2025-12-13T20:19:27.763+0000] {subprocess.py:93} INFO - The `target-path` config in `dbt_project.yml` has been deprecated, and will no
[2025-12-13T20:19:27.763+0000] {subprocess.py:93} INFO - longer be supported in a future version of dbt-core. If you wish to write dbt
[2025-12-13T20:19:27.763+0000] {subprocess.py:93} INFO - artifacts to a custom directory, please use the --target-path CLI flag or
[2025-12-13T20:19:27.763+0000] {subprocess.py:93} INFO - DBT_TARGET_PATH env var instead.
[2025-12-13T20:19:27.910+0000] {subprocess.py:93} INFO - [0m20:19:27  Installing dbt-labs/dbt_utils
[2025-12-13T20:19:28.149+0000] {subprocess.py:93} INFO - [0m20:19:28  Installed from version 1.3.0
[2025-12-13T20:19:28.149+0000] {subprocess.py:93} INFO - [0m20:19:28  Updated version available: 1.3.3
[2025-12-13T20:19:28.149+0000] {subprocess.py:93} INFO - [0m20:19:28
[2025-12-13T20:19:28.150+0000] {subprocess.py:93} INFO - [0m20:19:28  Updates available for packages: ['dbt-labs/dbt_utils']
[2025-12-13T20:19:28.150+0000] {subprocess.py:93} INFO - Update your versions in packages.yml, then run dbt deps
[2025-12-13T20:19:28.150+0000] {subprocess.py:93} INFO - [0m20:19:28  [[33mWARNING[0m][DeprecationsSummary]: Deprecated functionality
[2025-12-13T20:19:28.151+0000] {subprocess.py:93} INFO - Summary of encountered deprecations:
[2025-12-13T20:19:28.151+0000] {subprocess.py:93} INFO - - ConfigLogPathDeprecation: 1 occurrence
[2025-12-13T20:19:28.151+0000] {subprocess.py:93} INFO - - ConfigTargetPathDeprecation: 1 occurrence
[2025-12-13T20:19:28.151+0000] {subprocess.py:93} INFO - To see all deprecation instances instead of just the first occurrence of each,
[2025-12-13T20:19:28.151+0000] {subprocess.py:93} INFO - run command again with the `--show-all-deprecations` flag. You may also need to
[2025-12-13T20:19:28.151+0000] {subprocess.py:93} INFO - run with `--no-partial-parse` as some deprecations are only encountered during
[2025-12-13T20:19:28.151+0000] {subprocess.py:93} INFO - parsing.
[2025-12-13T20:19:30.071+0000] {subprocess.py:93} INFO - [0m20:19:30  Running with dbt=1.10.15
[2025-12-13T20:19:30.115+0000] {subprocess.py:93} INFO - [0m20:19:30  [[33mWARNING[0m]: Deprecated functionality
[2025-12-13T20:19:30.115+0000] {subprocess.py:93} INFO - The `log-path` config in `dbt_project.yml` has been deprecated, and will no
[2025-12-13T20:19:30.115+0000] {subprocess.py:93} INFO - longer be supported in a future version of dbt-core. If you wish to write dbt
[2025-12-13T20:19:30.115+0000] {subprocess.py:93} INFO - logs to a custom directory, please use the --log-path CLI flag or DBT_LOG_PATH
[2025-12-13T20:19:30.115+0000] {subprocess.py:93} INFO - env var instead.
[2025-12-13T20:19:30.116+0000] {subprocess.py:93} INFO - [0m20:19:30  [[33mWARNING[0m]: Deprecated functionality
[2025-12-13T20:19:30.116+0000] {subprocess.py:93} INFO - The `target-path` config in `dbt_project.yml` has been deprecated, and will no
[2025-12-13T20:19:30.116+0000] {subprocess.py:93} INFO - longer be supported in a future version of dbt-core. If you wish to write dbt
[2025-12-13T20:19:30.116+0000] {subprocess.py:93} INFO - artifacts to a custom directory, please use the --target-path CLI flag or
[2025-12-13T20:19:30.116+0000] {subprocess.py:93} INFO - DBT_TARGET_PATH env var instead.
[2025-12-13T20:19:30.293+0000] {subprocess.py:93} INFO - [0m20:19:30  Registered adapter: postgres=1.9.0
[2025-12-13T20:19:30.533+0000] {subprocess.py:93} INFO - [0m20:19:30  [[33mWARNING[0m]: Configuration paths exist in your dbt_project.yml file which do not apply to any resources.
[2025-12-13T20:19:30.534+0000] {subprocess.py:93} INFO - There are 1 unused configuration paths:
[2025-12-13T20:19:30.534+0000] {subprocess.py:93} INFO - - models.caspian_vault.example
[2025-12-13T20:19:30.712+0000] {subprocess.py:93} INFO - [0m20:19:30  Found 16 models, 1 snapshot, 19 data tests, 3 sources, 578 macros
[2025-12-13T20:19:30.715+0000] {subprocess.py:93} INFO - [0m20:19:30
[2025-12-13T20:19:30.716+0000] {subprocess.py:93} INFO - [0m20:19:30  Concurrency: 4 threads (target='dev')
[2025-12-13T20:19:30.716+0000] {subprocess.py:93} INFO - [0m20:19:30
[2025-12-13T20:19:30.831+0000] {subprocess.py:93} INFO - [0m20:19:30  1 of 36 START sql view model public.raw_recovered_1 ............................ [RUN]
[2025-12-13T20:19:30.831+0000] {subprocess.py:93} INFO - [0m20:19:30  2 of 36 START sql view model public.raw_recovered_2 ............................ [RUN]
[2025-12-13T20:19:30.832+0000] {subprocess.py:93} INFO - [0m20:19:30  3 of 36 START sql view model public.raw_sgx_all ................................ [RUN]
[2025-12-13T20:19:31.014+0000] {subprocess.py:93} INFO - [0m20:19:31  1 of 36 OK created sql view model public.raw_recovered_1 ....................... [[32mCREATE VIEW[0m in 0.18s]
[2025-12-13T20:19:31.015+0000] {subprocess.py:93} INFO - [0m20:19:31  3 of 36 OK created sql view model public.raw_sgx_all ........................... [[32mCREATE VIEW[0m in 0.18s]
[2025-12-13T20:19:31.016+0000] {subprocess.py:93} INFO - [0m20:19:31  2 of 36 OK created sql view model public.raw_recovered_2 ....................... [[32mCREATE VIEW[0m in 0.18s]
[2025-12-13T20:19:31.018+0000] {subprocess.py:93} INFO - [0m20:19:31  4 of 36 START sql table model public.stg_readings .............................. [RUN]
[2025-12-13T20:19:31.077+0000] {subprocess.py:93} INFO - [0m20:19:31  4 of 36 OK created sql table model public.stg_readings ......................... [[32mSELECT 0[0m in 0.06s]
[2025-12-13T20:19:31.079+0000] {subprocess.py:93} INFO - [0m20:19:31  5 of 36 START test dbt_utils_expression_is_true_stg_readings_survey_type_id_is_not_null  [RUN]
[2025-12-13T20:19:31.080+0000] {subprocess.py:93} INFO - [0m20:19:31  6 of 36 START test dbt_utils_expression_is_true_stg_readings_well_id_is_not_null  [RUN]
[2025-12-13T20:19:31.124+0000] {subprocess.py:93} INFO - [0m20:19:31  5 of 36 PASS dbt_utils_expression_is_true_stg_readings_survey_type_id_is_not_null  [[32mPASS[0m in 0.04s]
[2025-12-13T20:19:31.124+0000] {subprocess.py:93} INFO - [0m20:19:31  6 of 36 PASS dbt_utils_expression_is_true_stg_readings_well_id_is_not_null ..... [[32mPASS[0m in 0.04s]
[2025-12-13T20:19:31.127+0000] {subprocess.py:93} INFO - [0m20:19:31  7 of 36 START sql table model public.dv_hub_survey_type ........................ [RUN]
[2025-12-13T20:19:31.128+0000] {subprocess.py:93} INFO - [0m20:19:31  8 of 36 START sql table model public.dv_hub_well ............................... [RUN]
[2025-12-13T20:19:31.128+0000] {subprocess.py:93} INFO - [0m20:19:31  9 of 36 START sql table model public.dv_link_well_survey ....................... [RUN]
[2025-12-13T20:19:31.129+0000] {subprocess.py:93} INFO - [0m20:19:31  10 of 36 START sql table model public.dv_sat_readings .......................... [RUN]
[2025-12-13T20:19:31.216+0000] {subprocess.py:93} INFO - [0m20:19:31  7 of 36 OK created sql table model public.dv_hub_survey_type ................... [[32mSELECT 0[0m in 0.09s]
[2025-12-13T20:19:31.219+0000] {subprocess.py:93} INFO - [0m20:19:31  11 of 36 START test not_null_dv_hub_survey_type_hk_survey_type ................. [RUN]
[2025-12-13T20:19:31.223+0000] {subprocess.py:93} INFO - [0m20:19:31  10 of 36 OK created sql table model public.dv_sat_readings ..................... [[32mSELECT 0[0m in 0.09s]
[2025-12-13T20:19:31.225+0000] {subprocess.py:93} INFO - [0m20:19:31  9 of 36 OK created sql table model public.dv_link_well_survey .................. [[32mSELECT 0[0m in 0.09s]
[2025-12-13T20:19:31.230+0000] {subprocess.py:93} INFO - [0m20:19:31  8 of 36 OK created sql table model public.dv_hub_well .......................... [[32mSELECT 0[0m in 0.09s]
[2025-12-13T20:19:31.232+0000] {subprocess.py:93} INFO - [0m20:19:31  12 of 36 START test not_null_dv_hub_survey_type_survey_type_bk ................. [RUN]
[2025-12-13T20:19:31.236+0000] {subprocess.py:93} INFO - [0m20:19:31  13 of 36 START test unique_dv_hub_survey_type_hk_survey_type ................... [RUN]
[2025-12-13T20:19:31.236+0000] {subprocess.py:93} INFO - [0m20:19:31  14 of 36 START test not_null_dv_sat_readings_hk_well_survey .................... [RUN]
[2025-12-13T20:19:31.264+0000] {subprocess.py:93} INFO - [0m20:19:31  11 of 36 PASS not_null_dv_hub_survey_type_hk_survey_type ....................... [[32mPASS[0m in 0.04s]
[2025-12-13T20:19:31.269+0000] {subprocess.py:93} INFO - [0m20:19:31  15 of 36 START test not_null_dv_sat_readings_load_ts ........................... [RUN]
[2025-12-13T20:19:31.271+0000] {subprocess.py:93} INFO - [0m20:19:31  12 of 36 PASS not_null_dv_hub_survey_type_survey_type_bk ....................... [[32mPASS[0m in 0.04s]
[2025-12-13T20:19:31.280+0000] {subprocess.py:93} INFO - [0m20:19:31  14 of 36 PASS not_null_dv_sat_readings_hk_well_survey .......................... [[32mPASS[0m in 0.04s]
[2025-12-13T20:19:31.281+0000] {subprocess.py:93} INFO - [0m20:19:31  16 of 36 START test not_null_dv_sat_readings_row_checksum ...................... [RUN]
[2025-12-13T20:19:31.281+0000] {subprocess.py:93} INFO - [0m20:19:31  13 of 36 PASS unique_dv_hub_survey_type_hk_survey_type ......................... [[32mPASS[0m in 0.04s]
[2025-12-13T20:19:31.286+0000] {subprocess.py:93} INFO - [0m20:19:31  17 of 36 START test test_counts_match .......................................... [RUN]
[2025-12-13T20:19:31.289+0000] {subprocess.py:93} INFO - [0m20:19:31  18 of 36 START test not_null_dv_link_well_survey_hk_survey_type ................ [RUN]
[2025-12-13T20:19:31.311+0000] {subprocess.py:93} INFO - [0m20:19:31  15 of 36 PASS not_null_dv_sat_readings_load_ts ................................. [[32mPASS[0m in 0.04s]
[2025-12-13T20:19:31.315+0000] {subprocess.py:93} INFO - [0m20:19:31  19 of 36 START test not_null_dv_link_well_survey_hk_well ....................... [RUN]
[2025-12-13T20:19:31.316+0000] {subprocess.py:93} INFO - [0m20:19:31  16 of 36 PASS not_null_dv_sat_readings_row_checksum ............................ [[32mPASS[0m in 0.03s]
[2025-12-13T20:19:31.323+0000] {subprocess.py:93} INFO - [0m20:19:31  20 of 36 START test not_null_dv_link_well_survey_hk_well_survey ................ [RUN]
[2025-12-13T20:19:31.333+0000] {subprocess.py:93} INFO - [0m20:19:31  17 of 36 PASS test_counts_match ................................................ [[32mPASS[0m in 0.04s]
[2025-12-13T20:19:31.334+0000] {subprocess.py:93} INFO - [0m20:19:31  18 of 36 PASS not_null_dv_link_well_survey_hk_survey_type ...................... [[32mPASS[0m in 0.04s]
[2025-12-13T20:19:31.339+0000] {subprocess.py:93} INFO - [0m20:19:31  21 of 36 START test relationships_dv_link_well_survey_hk_survey_type__hk_survey_type__ref_dv_hub_survey_type_  [RUN]
[2025-12-13T20:19:31.340+0000] {subprocess.py:93} INFO - [0m20:19:31  22 of 36 START test relationships_dv_sat_readings_hk_well_survey__hk_well_survey__ref_dv_link_well_survey_  [RUN]
[2025-12-13T20:19:31.365+0000] {subprocess.py:93} INFO - [0m20:19:31  19 of 36 PASS not_null_dv_link_well_survey_hk_well ............................. [[32mPASS[0m in 0.05s]
[2025-12-13T20:19:31.367+0000] {subprocess.py:93} INFO - [0m20:19:31  23 of 36 START test unique_dv_link_well_survey_hk_well_survey .................. [RUN]
[2025-12-13T20:19:31.368+0000] {subprocess.py:93} INFO - [0m20:19:31  20 of 36 PASS not_null_dv_link_well_survey_hk_well_survey ...................... [[32mPASS[0m in 0.04s]
[2025-12-13T20:19:31.375+0000] {subprocess.py:93} INFO - [0m20:19:31  24 of 36 START test not_null_dv_hub_well_hk_well ............................... [RUN]
[2025-12-13T20:19:31.384+0000] {subprocess.py:93} INFO - [0m20:19:31  21 of 36 PASS relationships_dv_link_well_survey_hk_survey_type__hk_survey_type__ref_dv_hub_survey_type_  [[32mPASS[0m in 0.04s]
[2025-12-13T20:19:31.386+0000] {subprocess.py:93} INFO - [0m20:19:31  22 of 36 PASS relationships_dv_sat_readings_hk_well_survey__hk_well_survey__ref_dv_link_well_survey_  [[32mPASS[0m in 0.05s]
[2025-12-13T20:19:31.391+0000] {subprocess.py:93} INFO - [0m20:19:31  25 of 36 START test not_null_dv_hub_well_well_id_bk ............................ [RUN]
[2025-12-13T20:19:31.393+0000] {subprocess.py:93} INFO - [0m20:19:31  26 of 36 START test relationships_dv_link_well_survey_hk_well__hk_well__ref_dv_hub_well_  [RUN]
[2025-12-13T20:19:31.414+0000] {subprocess.py:93} INFO - [0m20:19:31  23 of 36 PASS unique_dv_link_well_survey_hk_well_survey ........................ [[32mPASS[0m in 0.05s]
[2025-12-13T20:19:31.415+0000] {subprocess.py:93} INFO - [0m20:19:31  24 of 36 PASS not_null_dv_hub_well_hk_well ..................................... [[32mPASS[0m in 0.04s]
[2025-12-13T20:19:31.417+0000] {subprocess.py:93} INFO - [0m20:19:31  27 of 36 START test unique_dv_hub_well_hk_well ................................. [RUN]
[2025-12-13T20:19:31.419+0000] {subprocess.py:93} INFO - [0m20:19:31  28 of 36 START sql table model public.dim_survey_type .......................... [RUN]
[2025-12-13T20:19:31.436+0000] {subprocess.py:93} INFO - [0m20:19:31  25 of 36 PASS not_null_dv_hub_well_well_id_bk .................................. [[32mPASS[0m in 0.04s]
[2025-12-13T20:19:31.437+0000] {subprocess.py:93} INFO - [0m20:19:31  26 of 36 PASS relationships_dv_link_well_survey_hk_well__hk_well__ref_dv_hub_well_  [[32mPASS[0m in 0.04s]
[2025-12-13T20:19:31.440+0000] {subprocess.py:93} INFO - [0m20:19:31  29 of 36 START sql table model public.dim_source_format ........................ [RUN]
[2025-12-13T20:19:31.441+0000] {subprocess.py:93} INFO - [0m20:19:31  30 of 36 START sql table model public.dim_time ................................. [RUN]
[2025-12-13T20:19:31.461+0000] {subprocess.py:93} INFO - [0m20:19:31  27 of 36 PASS unique_dv_hub_well_hk_well ....................................... [[32mPASS[0m in 0.04s]
[2025-12-13T20:19:31.465+0000] {subprocess.py:93} INFO - [0m20:19:31  31 of 36 START sql table model public.fct_readings ............................. [RUN]
[2025-12-13T20:19:31.503+0000] {subprocess.py:93} INFO - [0m20:19:31  28 of 36 OK created sql table model public.dim_survey_type ..................... [[32mSELECT 0[0m in 0.08s]
[2025-12-13T20:19:31.504+0000] {subprocess.py:93} INFO - [0m20:19:31  32 of 36 START sql table model public.dim_well ................................. [RUN]
[2025-12-13T20:19:31.530+0000] {subprocess.py:93} INFO - [0m20:19:31  29 of 36 OK created sql table model public.dim_source_format ................... [[32mSELECT 0[0m in 0.09s]
[2025-12-13T20:19:31.531+0000] {subprocess.py:93} INFO - [0m20:19:31  30 of 36 OK created sql table model public.dim_time ............................ [[32mSELECT 0[0m in 0.09s]
[2025-12-13T20:19:31.540+0000] {subprocess.py:93} INFO - [0m20:19:31  31 of 36 OK created sql table model public.fct_readings ........................ [[32mSELECT 0[0m in 0.07s]
[2025-12-13T20:19:31.545+0000] {subprocess.py:93} INFO - [0m20:19:31  33 of 36 START sql table model public.mart_sensor_analysis ..................... [RUN]
[2025-12-13T20:19:31.546+0000] {subprocess.py:93} INFO - [0m20:19:31  34 of 36 START sql table model public.mart_survey_summary ...................... [RUN]
[2025-12-13T20:19:31.546+0000] {subprocess.py:93} INFO - [0m20:19:31  35 of 36 START sql table model public.mart_well_performance .................... [RUN]
[2025-12-13T20:19:31.583+0000] {subprocess.py:93} INFO - [0m20:19:31  32 of 36 OK created sql table model public.dim_well ............................ [[32mSELECT 0[0m in 0.07s]
[2025-12-13T20:19:31.630+0000] {subprocess.py:93} INFO - [0m20:19:31  34 of 36 OK created sql table model public.mart_survey_summary ................. [[32mSELECT 0[0m in 0.08s]
[2025-12-13T20:19:31.634+0000] {subprocess.py:93} INFO - [0m20:19:31  35 of 36 OK created sql table model public.mart_well_performance ............... [[32mSELECT 0[0m in 0.08s]
[2025-12-13T20:19:31.635+0000] {subprocess.py:93} INFO - [0m20:19:31  33 of 36 OK created sql table model public.mart_sensor_analysis ................ [[32mSELECT 0[0m in 0.09s]
[2025-12-13T20:19:31.637+0000] {subprocess.py:93} INFO - [0m20:19:31  36 of 36 START snapshot snapshots.snap_mart_well_performance ................... [RUN]
[2025-12-13T20:19:31.774+0000] {subprocess.py:93} INFO - [0m20:19:31  36 of 36 OK snapshotted snapshots.snap_mart_well_performance ................... [[32mINSERT 0 0[0m in 0.14s]
[2025-12-13T20:19:31.783+0000] {subprocess.py:93} INFO - [0m20:19:31
[2025-12-13T20:19:31.784+0000] {subprocess.py:93} INFO - [0m20:19:31  Finished running 1 snapshot, 13 table models, 19 data tests, 3 view models in 0 hours 0 minutes and 1.07 seconds (1.07s).
[2025-12-13T20:19:31.821+0000] {subprocess.py:93} INFO - [0m20:19:31
[2025-12-13T20:19:31.822+0000] {subprocess.py:93} INFO - [0m20:19:31  [32mCompleted successfully[0m
[2025-12-13T20:19:31.822+0000] {subprocess.py:93} INFO - [0m20:19:31
[2025-12-13T20:19:31.822+0000] {subprocess.py:93} INFO - [0m20:19:31  Done. PASS=36 WARN=0 ERROR=0 SKIP=0 NO-OP=0 TOTAL=36
[2025-12-13T20:19:31.823+0000] {subprocess.py:93} INFO - [0m20:19:31  [[33mWARNING[0m][DeprecationsSummary]: Deprecated functionality
[2025-12-13T20:19:31.823+0000] {subprocess.py:93} INFO - Summary of encountered deprecations:
[2025-12-13T20:19:31.823+0000] {subprocess.py:93} INFO - - ConfigLogPathDeprecation: 1 occurrence
[2025-12-13T20:19:31.823+0000] {subprocess.py:93} INFO - - ConfigTargetPathDeprecation: 1 occurrence
[2025-12-13T20:19:31.823+0000] {subprocess.py:93} INFO - To see all deprecation instances instead of just the first occurrence of each,
[2025-12-13T20:19:31.823+0000] {subprocess.py:93} INFO - run command again with the `--show-all-deprecations` flag. You may also need to
[2025-12-13T20:19:31.823+0000] {subprocess.py:93} INFO - run with `--no-partial-parse` as some deprecations are only encountered during
[2025-12-13T20:19:31.823+0000] {subprocess.py:93} INFO - parsing.
[2025-12-13T20:19:33.942+0000] {subprocess.py:93} INFO - [0m20:19:33  Running with dbt=1.10.15
[2025-12-13T20:19:33.987+0000] {subprocess.py:93} INFO - [0m20:19:33  [[33mWARNING[0m]: Deprecated functionality
[2025-12-13T20:19:33.987+0000] {subprocess.py:93} INFO - The `log-path` config in `dbt_project.yml` has been deprecated, and will no
[2025-12-13T20:19:33.987+0000] {subprocess.py:93} INFO - longer be supported in a future version of dbt-core. If you wish to write dbt
[2025-12-13T20:19:33.987+0000] {subprocess.py:93} INFO - logs to a custom directory, please use the --log-path CLI flag or DBT_LOG_PATH
[2025-12-13T20:19:33.987+0000] {subprocess.py:93} INFO - env var instead.
[2025-12-13T20:19:33.987+0000] {subprocess.py:93} INFO - [0m20:19:33  [[33mWARNING[0m]: Deprecated functionality
[2025-12-13T20:19:33.988+0000] {subprocess.py:93} INFO - The `target-path` config in `dbt_project.yml` has been deprecated, and will no
[2025-12-13T20:19:33.988+0000] {subprocess.py:93} INFO - longer be supported in a future version of dbt-core. If you wish to write dbt
[2025-12-13T20:19:33.988+0000] {subprocess.py:93} INFO - artifacts to a custom directory, please use the --target-path CLI flag or
[2025-12-13T20:19:33.988+0000] {subprocess.py:93} INFO - DBT_TARGET_PATH env var instead.
[2025-12-13T20:19:34.165+0000] {subprocess.py:93} INFO - [0m20:19:34  Registered adapter: postgres=1.9.0
[2025-12-13T20:19:34.412+0000] {subprocess.py:93} INFO - [0m20:19:34  [[33mWARNING[0m]: Configuration paths exist in your dbt_project.yml file which do not apply to any resources.
[2025-12-13T20:19:34.413+0000] {subprocess.py:93} INFO - There are 1 unused configuration paths:
[2025-12-13T20:19:34.413+0000] {subprocess.py:93} INFO - - models.caspian_vault.example
[2025-12-13T20:19:34.581+0000] {subprocess.py:93} INFO - [0m20:19:34  Found 16 models, 1 snapshot, 19 data tests, 3 sources, 578 macros
[2025-12-13T20:19:34.584+0000] {subprocess.py:93} INFO - [0m20:19:34
[2025-12-13T20:19:34.584+0000] {subprocess.py:93} INFO - [0m20:19:34  Concurrency: 4 threads (target='dev')
[2025-12-13T20:19:34.584+0000] {subprocess.py:93} INFO - [0m20:19:34
[2025-12-13T20:19:34.694+0000] {subprocess.py:93} INFO - [0m20:19:34  1 of 1 START snapshot snapshots.snap_mart_well_performance ..................... [RUN]
[2025-12-13T20:19:34.858+0000] {subprocess.py:93} INFO - [0m20:19:34  1 of 1 OK snapshotted snapshots.snap_mart_well_performance ..................... [[32mINSERT 0 0[0m in 0.16s]
[2025-12-13T20:19:34.867+0000] {subprocess.py:93} INFO - [0m20:19:34
[2025-12-13T20:19:34.867+0000] {subprocess.py:93} INFO - [0m20:19:34  Finished running 1 snapshot in 0 hours 0 minutes and 0.28 seconds (0.28s).
[2025-12-13T20:19:34.948+0000] {subprocess.py:93} INFO - [0m20:19:34
[2025-12-13T20:19:34.948+0000] {subprocess.py:93} INFO - [0m20:19:34  [32mCompleted successfully[0m
[2025-12-13T20:19:34.948+0000] {subprocess.py:93} INFO - [0m20:19:34
[2025-12-13T20:19:34.949+0000] {subprocess.py:93} INFO - [0m20:19:34  Done. PASS=1 WARN=0 ERROR=0 SKIP=0 NO-OP=0 TOTAL=1
[2025-12-13T20:19:34.949+0000] {subprocess.py:93} INFO - [0m20:19:34  [[33mWARNING[0m][DeprecationsSummary]: Deprecated functionality
[2025-12-13T20:19:34.949+0000] {subprocess.py:93} INFO - Summary of encountered deprecations:
[2025-12-13T20:19:34.949+0000] {subprocess.py:93} INFO - - ConfigLogPathDeprecation: 1 occurrence
[2025-12-13T20:19:34.949+0000] {subprocess.py:93} INFO - - ConfigTargetPathDeprecation: 1 occurrence
[2025-12-13T20:19:34.950+0000] {subprocess.py:93} INFO - To see all deprecation instances instead of just the first occurrence of each,
[2025-12-13T20:19:34.950+0000] {subprocess.py:93} INFO - run command again with the `--show-all-deprecations` flag. You may also need to
[2025-12-13T20:19:34.950+0000] {subprocess.py:93} INFO - run with `--no-partial-parse` as some deprecations are only encountered during
[2025-12-13T20:19:34.950+0000] {subprocess.py:93} INFO - parsing.
[2025-12-13T20:19:35.549+0000] {subprocess.py:97} INFO - Command exited with return code 0
[2025-12-13T20:19:35.550+0000] {taskinstance.py:441} INFO - ::group::Post task execution logs
[2025-12-13T20:19:35.572+0000] {taskinstance.py:1206} INFO - Marking task as SUCCESS. dag_id=caspian_full_pipeline, task_id=dbt_build_and_snapshot, run_id=manual__2025-12-13T20:19:25+00:00, execution_date=20251213T201925, start_date=20251213T201926, end_date=20251213T201935
[2025-12-13T20:19:35.589+0000] {local_task_job_runner.py:243} INFO - Task exited with return code 0
[2025-12-13T20:19:35.600+0000] {taskinstance.py:3503} INFO - 0 downstream tasks scheduled from follow-on schedule check
[2025-12-13T20:19:35.602+0000] {local_task_job_runner.py:222} INFO - ::endgroup::
