[2025-12-14T06:00:15.728+0000] {local_task_job_runner.py:120} INFO - ::group::Pre task execution logs
[2025-12-14T06:00:15.746+0000] {taskinstance.py:2076} INFO - Dependencies all met for dep_context=non-requeueable deps ti=<TaskInstance: caspian_full_pipeline.dbt_build_marts scheduled__2025-12-14T05:00:00+00:00 [queued]>
[2025-12-14T06:00:15.751+0000] {taskinstance.py:2076} INFO - Dependencies all met for dep_context=requeueable deps ti=<TaskInstance: caspian_full_pipeline.dbt_build_marts scheduled__2025-12-14T05:00:00+00:00 [queued]>
[2025-12-14T06:00:15.752+0000] {taskinstance.py:2306} INFO - Starting attempt 1 of 1
[2025-12-14T06:00:15.762+0000] {taskinstance.py:2330} INFO - Executing <Task(BashOperator): dbt_build_marts> on 2025-12-14 05:00:00+00:00
[2025-12-14T06:00:15.768+0000] {warnings.py:112} WARNING - /home/***/.local/lib/python3.12/site-packages/***/task/task_runner/standard_task_runner.py:62: DeprecationWarning: This process (pid=135) is multi-threaded, use of fork() may lead to deadlocks in the child.
  pid = os.fork()

[2025-12-14T06:00:15.769+0000] {standard_task_runner.py:64} INFO - Started process 136 to run task
[2025-12-14T06:00:15.769+0000] {standard_task_runner.py:90} INFO - Running: ['***', 'tasks', 'run', 'caspian_full_pipeline', 'dbt_build_marts', 'scheduled__2025-12-14T05:00:00+00:00', '--job-id', '107', '--raw', '--subdir', 'DAGS_FOLDER/caspian_full_pipeline.py', '--cfg-path', '/tmp/tmpvasi7vp2']
[2025-12-14T06:00:15.770+0000] {standard_task_runner.py:91} INFO - Job 107: Subtask dbt_build_marts
[2025-12-14T06:00:15.802+0000] {task_command.py:426} INFO - Running <TaskInstance: caspian_full_pipeline.dbt_build_marts scheduled__2025-12-14T05:00:00+00:00 [running]> on host 028ae9881a4e
[2025-12-14T06:00:15.866+0000] {taskinstance.py:2648} INFO - Exporting env vars: AIRFLOW_CTX_DAG_OWNER='***' AIRFLOW_CTX_DAG_ID='caspian_full_pipeline' AIRFLOW_CTX_TASK_ID='dbt_build_marts' AIRFLOW_CTX_EXECUTION_DATE='2025-12-14T05:00:00+00:00' AIRFLOW_CTX_TRY_NUMBER='1' AIRFLOW_CTX_DAG_RUN_ID='scheduled__2025-12-14T05:00:00+00:00'
[2025-12-14T06:00:15.867+0000] {taskinstance.py:430} INFO - ::endgroup::
[2025-12-14T06:00:15.877+0000] {subprocess.py:63} INFO - Tmp dir root location: /tmp
[2025-12-14T06:00:15.878+0000] {subprocess.py:75} INFO - Running command: ['/usr/bin/bash', '-c', '\nset -euo pipefail\nexport DBT_PROFILES_DIR=/opt/project/caspian_vault/dbt_profiles\nexport DBT_LOG_PATH=/opt/***/logs/dbt\nexport DBT_TARGET_PATH=/opt/***/dbt_target\nexport DBT_STATE_PATH=/opt/***/dbt_state\nexport DBT_PACKAGES_INSTALL_PATH=/opt/***/dbt_packages\n\nmkdir -p "$DBT_LOG_PATH" "$DBT_TARGET_PATH" "$DBT_PACKAGES_INSTALL_PATH"\ncd /opt/project/caspian_vault\n\n/home/***/.local/bin/dbt build --profile caspian_vault --target dev --no-partial-parse --select "marts"']
[2025-12-14T06:00:15.888+0000] {subprocess.py:86} INFO - Output:
[2025-12-14T06:00:17.230+0000] {subprocess.py:93} INFO - [0m06:00:17  Running with dbt=1.10.15
[2025-12-14T06:00:17.275+0000] {subprocess.py:93} INFO - [0m06:00:17  [[33mWARNING[0m]: Deprecated functionality
[2025-12-14T06:00:17.275+0000] {subprocess.py:93} INFO - The `log-path` config in `dbt_project.yml` has been deprecated, and will no
[2025-12-14T06:00:17.275+0000] {subprocess.py:93} INFO - longer be supported in a future version of dbt-core. If you wish to write dbt
[2025-12-14T06:00:17.275+0000] {subprocess.py:93} INFO - logs to a custom directory, please use the --log-path CLI flag or DBT_LOG_PATH
[2025-12-14T06:00:17.275+0000] {subprocess.py:93} INFO - env var instead.
[2025-12-14T06:00:17.275+0000] {subprocess.py:93} INFO - [0m06:00:17  [[33mWARNING[0m]: Deprecated functionality
[2025-12-14T06:00:17.276+0000] {subprocess.py:93} INFO - The `target-path` config in `dbt_project.yml` has been deprecated, and will no
[2025-12-14T06:00:17.276+0000] {subprocess.py:93} INFO - longer be supported in a future version of dbt-core. If you wish to write dbt
[2025-12-14T06:00:17.276+0000] {subprocess.py:93} INFO - artifacts to a custom directory, please use the --target-path CLI flag or
[2025-12-14T06:00:17.276+0000] {subprocess.py:93} INFO - DBT_TARGET_PATH env var instead.
[2025-12-14T06:00:17.452+0000] {subprocess.py:93} INFO - [0m06:00:17  Registered adapter: postgres=1.9.0
[2025-12-14T06:00:18.928+0000] {subprocess.py:93} INFO - [0m06:00:18  [[33mWARNING[0m][MissingArgumentsPropertyInGenericTestDeprecation]: Deprecated
[2025-12-14T06:00:18.928+0000] {subprocess.py:93} INFO - functionality
[2025-12-14T06:00:18.928+0000] {subprocess.py:93} INFO - Found top-level arguments to test `dbt_utils.expression_is_true`. Arguments to
[2025-12-14T06:00:18.928+0000] {subprocess.py:93} INFO - generic tests should be nested under the `arguments` property.`
[2025-12-14T06:00:19.133+0000] {subprocess.py:93} INFO - [0m06:00:19  [[33mWARNING[0m]: Configuration paths exist in your dbt_project.yml file which do not apply to any resources.
[2025-12-14T06:00:19.133+0000] {subprocess.py:93} INFO - There are 1 unused configuration paths:
[2025-12-14T06:00:19.133+0000] {subprocess.py:93} INFO - - models.caspian_vault.example
[2025-12-14T06:00:19.328+0000] {subprocess.py:93} INFO - [0m06:00:19  Found 13 models, 1 snapshot, 19 data tests, 3 sources, 578 macros
[2025-12-14T06:00:19.330+0000] {subprocess.py:93} INFO - [0m06:00:19
[2025-12-14T06:00:19.331+0000] {subprocess.py:93} INFO - [0m06:00:19  Concurrency: 4 threads (target='dev')
[2025-12-14T06:00:19.331+0000] {subprocess.py:93} INFO - [0m06:00:19
[2025-12-14T06:00:19.440+0000] {subprocess.py:93} INFO - [0m06:00:19  1 of 8 START sql table model public.dim_source_format .......................... [RUN]
[2025-12-14T06:00:19.441+0000] {subprocess.py:93} INFO - [0m06:00:19  2 of 8 START sql table model public.dim_survey_type ............................ [RUN]
[2025-12-14T06:00:19.441+0000] {subprocess.py:93} INFO - [0m06:00:19  3 of 8 START sql table model public.dim_time ................................... [RUN]
[2025-12-14T06:00:19.442+0000] {subprocess.py:93} INFO - [0m06:00:19  4 of 8 START sql table model public.dim_well ................................... [RUN]
[2025-12-14T06:00:19.609+0000] {subprocess.py:93} INFO - [0m06:00:19  2 of 8 OK created sql table model public.dim_survey_type ....................... [[32mSELECT 3[0m in 0.16s]
[2025-12-14T06:00:19.610+0000] {subprocess.py:93} INFO - [0m06:00:19  4 of 8 OK created sql table model public.dim_well .............................. [[32mSELECT 20[0m in 0.16s]
[2025-12-14T06:00:19.610+0000] {subprocess.py:93} INFO - [0m06:00:19  3 of 8 OK created sql table model public.dim_time .............................. [[32mSELECT 1[0m in 0.17s]
[2025-12-14T06:00:19.611+0000] {subprocess.py:93} INFO - [0m06:00:19  1 of 8 OK created sql table model public.dim_source_format ..................... [[32mSELECT 2[0m in 0.17s]
[2025-12-14T06:00:19.614+0000] {subprocess.py:93} INFO - [0m06:00:19  5 of 8 START sql table model public.fct_readings ............................... [RUN]
[2025-12-14T06:00:19.700+0000] {subprocess.py:93} INFO - [0m06:00:19  5 of 8 OK created sql table model public.fct_readings .......................... [[32mSELECT 9980[0m in 0.09s]
[2025-12-14T06:00:19.703+0000] {subprocess.py:93} INFO - [0m06:00:19  6 of 8 START sql table model public.mart_sensor_analysis ....................... [RUN]
[2025-12-14T06:00:19.703+0000] {subprocess.py:93} INFO - [0m06:00:19  7 of 8 START sql table model public.mart_survey_summary ........................ [RUN]
[2025-12-14T06:00:19.704+0000] {subprocess.py:93} INFO - [0m06:00:19  8 of 8 START sql table model public.mart_well_performance ...................... [RUN]
[2025-12-14T06:00:19.778+0000] {subprocess.py:93} INFO - [0m06:00:19  6 of 8 OK created sql table model public.mart_sensor_analysis .................. [[32mSELECT 3[0m in 0.07s]
[2025-12-14T06:00:19.782+0000] {subprocess.py:93} INFO - [0m06:00:19  7 of 8 OK created sql table model public.mart_survey_summary ................... [[32mSELECT 6[0m in 0.08s]
[2025-12-14T06:00:19.783+0000] {subprocess.py:93} INFO - [0m06:00:19  8 of 8 OK created sql table model public.mart_well_performance ................. [[32mSELECT 21[0m in 0.08s]
[2025-12-14T06:00:19.793+0000] {subprocess.py:93} INFO - [0m06:00:19
[2025-12-14T06:00:19.793+0000] {subprocess.py:93} INFO - [0m06:00:19  Finished running 8 table models in 0 hours 0 minutes and 0.46 seconds (0.46s).
[2025-12-14T06:00:19.826+0000] {subprocess.py:93} INFO - [0m06:00:19
[2025-12-14T06:00:19.826+0000] {subprocess.py:93} INFO - [0m06:00:19  [32mCompleted successfully[0m
[2025-12-14T06:00:19.827+0000] {subprocess.py:93} INFO - [0m06:00:19
[2025-12-14T06:00:19.827+0000] {subprocess.py:93} INFO - [0m06:00:19  Done. PASS=8 WARN=0 ERROR=0 SKIP=0 NO-OP=0 TOTAL=8
[2025-12-14T06:00:19.828+0000] {subprocess.py:93} INFO - [0m06:00:19  [[33mWARNING[0m][DeprecationsSummary]: Deprecated functionality
[2025-12-14T06:00:19.828+0000] {subprocess.py:93} INFO - Summary of encountered deprecations:
[2025-12-14T06:00:19.828+0000] {subprocess.py:93} INFO - - ConfigLogPathDeprecation: 1 occurrence
[2025-12-14T06:00:19.828+0000] {subprocess.py:93} INFO - - ConfigTargetPathDeprecation: 1 occurrence
[2025-12-14T06:00:19.828+0000] {subprocess.py:93} INFO - - MissingArgumentsPropertyInGenericTestDeprecation: 5 occurrences
[2025-12-14T06:00:19.828+0000] {subprocess.py:93} INFO - To see all deprecation instances instead of just the first occurrence of each,
[2025-12-14T06:00:19.828+0000] {subprocess.py:93} INFO - run command again with the `--show-all-deprecations` flag. You may also need to
[2025-12-14T06:00:19.828+0000] {subprocess.py:93} INFO - run with `--no-partial-parse` as some deprecations are only encountered during
[2025-12-14T06:00:19.828+0000] {subprocess.py:93} INFO - parsing.
[2025-12-14T06:00:20.556+0000] {subprocess.py:97} INFO - Command exited with return code 0
[2025-12-14T06:00:20.557+0000] {taskinstance.py:441} INFO - ::group::Post task execution logs
[2025-12-14T06:00:20.578+0000] {taskinstance.py:1206} INFO - Marking task as SUCCESS. dag_id=caspian_full_pipeline, task_id=dbt_build_marts, run_id=scheduled__2025-12-14T05:00:00+00:00, execution_date=20251214T050000, start_date=20251214T060015, end_date=20251214T060020
[2025-12-14T06:00:20.634+0000] {local_task_job_runner.py:243} INFO - Task exited with return code 0
[2025-12-14T06:00:20.654+0000] {taskinstance.py:3503} INFO - 1 downstream tasks scheduled from follow-on schedule check
[2025-12-14T06:00:20.656+0000] {local_task_job_runner.py:222} INFO - ::endgroup::
